###############################################################
#  Generated by:      Cadence Innovus 18.10-p002_1
#  OS:                Linux x86_64(Host ID ensc-esil-01)
#  Generated on:      Fri Apr  2 20:36:04 2021
#  Design:            aes128key
#  Command:           report_timing -net -format {instance arc cell slew net annotation load delay arrival} -max_paths 10 > results/timing/04-place.setup.rpt
###############################################################
Path 1: VIOLATED Setup Check with Pin sub_reg[31]/CK 
Endpoint:   sub_reg[31]/D  (v) checked with  leading edge of 'CLK'
Beginpoint: w_reg[3][26]/Q (^) triggered by  leading edge of 'CLK'
Path Groups: {CLK}
Analysis View: aes_av
Other End Arrival Time          0.000
- Setup                         0.189
+ Phase Shift                   5.000
= Required Time                 4.811
- Arrival Time                 19.650
= Slack Time                  -14.839
     Clock Rise Edge                 0.000
     + Clock Network Latency (Ideal) 0.000
     = Beginpoint Arrival Time       0.000
     +---------------------------------------------------------------------------------------------------------+ 
     |    Instance    |     Arc      |   Cell    |  Slew |    Net     |    Arc     |  Load   | Delay | Arrival | 
     |                |              |           |       |            | Annotation |         |       |  Time   | 
     |----------------+--------------+-----------+-------+------------+------------+---------+-------+---------| 
     | w_reg[3][26]   | CK ^         |           | 0.000 | clock      |            | 424.329 |       |   0.000 | 
     | w_reg[3][26]   | CK ^ -> Q ^  | DFF_X1    | 3.411 | w[3][26]   |            | 435.427 | 3.630 |   3.630 | 
     | C33496         |              | XOR2_X1   | 3.412 | w[3][26]   |       SPEF | 435.427 | 0.150 |   3.780 | 
     | C33496         | B ^ -> Z v   | XOR2_X1   | 0.463 | N10426     |            |   2.190 | 0.255 |   4.035 | 
     | U1335          |              | AOI22_X1  | 0.463 | N10426     |       SPEF |   2.190 | 0.000 |   4.035 | 
     | U1335          | B1 v -> ZN ^ | AOI22_X1  | 7.623 | n981       |            | 431.780 | 8.382 |  12.417 | 
     | FE_DBTC59_n981 |              | INV_X1    | 7.625 | n981       |       SPEF | 431.780 | 0.275 |  12.692 | 
     | FE_DBTC59_n981 | A ^ -> ZN v  | INV_X1    | 2.412 | cipher[26] |            | 381.341 | 4.464 |  17.156 | 
     | C14794         |              | AND2_X2   | 2.412 | cipher[26] |       SPEF | 381.341 | 0.099 |  17.256 | 
     | C14794         | A1 v -> ZN v | AND2_X2   | 0.114 | N22968     |            |   1.828 | 0.837 |  18.092 | 
     | C14795         |              | OR2_X2    | 0.114 | N22968     |       SPEF |   1.828 | 0.000 |  18.092 | 
     | C14795         | A2 v -> ZN v | OR2_X2    | 0.027 | N22969     |            |   1.593 | 0.215 |  18.308 | 
     | C14797         |              | AND2_X2   | 0.027 | N22969     |       SPEF |   1.593 | 0.000 |  18.308 | 
     | C14797         | A2 v -> ZN v | AND2_X2   | 0.077 | N22971     |            |   1.640 | 0.097 |  18.405 | 
     | C14798         |              | OR2_X2    | 0.077 | N22971     |       SPEF |   1.640 | 0.000 |  18.405 | 
     | C14798         | A2 v -> ZN v | OR2_X2    | 0.028 | N22972     |            |   2.289 | 0.201 |  18.605 | 
     | C14800         |              | AND2_X2   | 0.028 | N22972     |       SPEF |   2.289 | 0.000 |  18.605 | 
     | C14800         | A2 v -> ZN v | AND2_X2   | 0.050 | N22974     |            |   1.803 | 0.098 |  18.703 | 
     | C14801         |              | OR2_X2    | 0.050 | N22974     |       SPEF |   1.803 | 0.000 |  18.703 | 
     | C14801         | A2 v -> ZN v | OR2_X2    | 0.027 | N22975     |            |   1.587 | 0.184 |  18.887 | 
     | C14803         |              | AND2_X2   | 0.027 | N22975     |       SPEF |   1.587 | 0.000 |  18.887 | 
     | C14803         | A2 v -> ZN v | AND2_X2   | 0.031 | N22977     |            |   1.928 | 0.098 |  18.985 | 
     | C14804         |              | OR2_X2    | 0.031 | N22977     |       SPEF |   1.928 | 0.000 |  18.985 | 
     | C14804         | A2 v -> ZN v | OR2_X2    | 0.027 | N22978     |            |   1.747 | 0.174 |  19.158 | 
     | U325           |              | AOI222_X1 | 0.027 | N22978     |       SPEF |   1.747 | 0.000 |  19.158 | 
     | U325           | C1 v -> ZN ^ | AOI222_X1 | 0.253 | n264       |            |   4.257 | 0.410 |  19.568 | 
     | U324           |              | NAND2_X1  | 0.253 | n264       |       SPEF |   4.257 | 0.000 |  19.569 | 
     | U324           | A2 ^ -> ZN v | NAND2_X1  | 0.077 | n590       |            |   1.389 | 0.081 |  19.650 | 
     | sub_reg[31]    |              | DFF_X1    | 0.077 | n590       |       SPEF |   1.389 | 0.000 |  19.650 | 
     +---------------------------------------------------------------------------------------------------------+ 
Path 2: VIOLATED Setup Check with Pin sub_reg[27]/CK 
Endpoint:   sub_reg[27]/D  (v) checked with  leading edge of 'CLK'
Beginpoint: w_reg[3][26]/Q (^) triggered by  leading edge of 'CLK'
Path Groups: {CLK}
Analysis View: aes_av
Other End Arrival Time          0.000
- Setup                         0.189
+ Phase Shift                   5.000
= Required Time                 4.811
- Arrival Time                 19.611
= Slack Time                  -14.801
     Clock Rise Edge                 0.000
     + Clock Network Latency (Ideal) 0.000
     = Beginpoint Arrival Time       0.000
     +---------------------------------------------------------------------------------------------------------+ 
     |    Instance    |     Arc      |   Cell    |  Slew |    Net     |    Arc     |  Load   | Delay | Arrival | 
     |                |              |           |       |            | Annotation |         |       |  Time   | 
     |----------------+--------------+-----------+-------+------------+------------+---------+-------+---------| 
     | w_reg[3][26]   | CK ^         |           | 0.000 | clock      |            | 424.329 |       |   0.000 | 
     | w_reg[3][26]   | CK ^ -> Q ^  | DFF_X1    | 3.411 | w[3][26]   |            | 435.427 | 3.630 |   3.630 | 
     | C33496         |              | XOR2_X1   | 3.412 | w[3][26]   |       SPEF | 435.427 | 0.150 |   3.780 | 
     | C33496         | B ^ -> Z v   | XOR2_X1   | 0.463 | N10426     |            |   2.190 | 0.255 |   4.035 | 
     | U1335          |              | AOI22_X1  | 0.463 | N10426     |       SPEF |   2.190 | 0.000 |   4.035 | 
     | U1335          | B1 v -> ZN ^ | AOI22_X1  | 7.623 | n981       |            | 431.780 | 8.382 |  12.417 | 
     | FE_DBTC59_n981 |              | INV_X1    | 7.625 | n981       |       SPEF | 431.780 | 0.275 |  12.692 | 
     | FE_DBTC59_n981 | A ^ -> ZN v  | INV_X1    | 2.412 | cipher[26] |            | 381.341 | 4.464 |  17.156 | 
     | C14009         |              | OR2_X2    | 2.412 | cipher[26] |       SPEF | 381.341 | 0.104 |  17.260 | 
     | C14009         | A2 v -> ZN v | OR2_X2    | 0.089 | N22211     |            |   1.588 | 1.018 |  18.278 | 
     | C14011         |              | AND2_X2   | 0.089 | N22211     |       SPEF |   1.588 | 0.000 |  18.278 | 
     | C14011         | A2 v -> ZN v | AND2_X2   | 0.077 | N22213     |            |   1.705 | 0.135 |  18.413 | 
     | C14012         |              | OR2_X2    | 0.077 | N22213     |       SPEF |   1.705 | 0.000 |  18.413 | 
     | C14012         | A2 v -> ZN v | OR2_X2    | 0.028 | N22214     |            |   2.652 | 0.202 |  18.615 | 
     | C14014         |              | AND2_X2   | 0.028 | N22214     |       SPEF |   2.652 | 0.000 |  18.615 | 
     | C14014         | A2 v -> ZN v | AND2_X2   | 0.050 | N22216     |            |   1.831 | 0.098 |  18.714 | 
     | C14015         |              | OR2_X2    | 0.050 | N22216     |       SPEF |   1.831 | 0.000 |  18.714 | 
     | C14015         | A2 v -> ZN v | OR2_X2    | 0.027 | N22217     |            |   1.597 | 0.184 |  18.897 | 
     | C14038         |              | AND2_X2   | 0.027 | N22217     |       SPEF |   1.597 | 0.000 |  18.897 | 
     | C14038         | A2 v -> ZN v | AND2_X2   | 0.033 | N22240     |            |   1.550 | 0.097 |  18.994 | 
     | C14040         |              | OR2_X2    | 0.033 | N22240     |       SPEF |   1.550 | 0.000 |  18.994 | 
     | C14040         | A1 v -> ZN v | OR2_X2    | 0.029 | N22242     |            |   2.876 | 0.160 |  19.154 | 
     | U657           |              | AOI222_X1 | 0.029 | N22242     |       SPEF |   2.876 | 0.000 |  19.154 | 
     | U657           | C1 v -> ZN ^ | AOI222_X1 | 0.225 | n505       |            |   3.257 | 0.379 |  19.533 | 
     | U656           |              | NAND2_X1  | 0.225 | n505       |       SPEF |   3.257 | 0.000 |  19.533 | 
     | U656           | A2 ^ -> ZN v | NAND2_X1  | 0.078 | n689       |            |   1.351 | 0.078 |  19.611 | 
     | sub_reg[27]    |              | DFF_X1    | 0.078 | n689       |       SPEF |   1.351 | 0.000 |  19.611 | 
     +---------------------------------------------------------------------------------------------------------+ 
Path 3: VIOLATED Setup Check with Pin sub_reg[28]/CK 
Endpoint:   sub_reg[28]/D  (v) checked with  leading edge of 'CLK'
Beginpoint: w_reg[3][26]/Q (^) triggered by  leading edge of 'CLK'
Path Groups: {CLK}
Analysis View: aes_av
Other End Arrival Time          0.000
- Setup                         0.189
+ Phase Shift                   5.000
= Required Time                 4.811
- Arrival Time                 19.583
= Slack Time                  -14.772
     Clock Rise Edge                 0.000
     + Clock Network Latency (Ideal) 0.000
     = Beginpoint Arrival Time       0.000
     +---------------------------------------------------------------------------------------------------------+ 
     |    Instance    |     Arc      |   Cell    |  Slew |    Net     |    Arc     |  Load   | Delay | Arrival | 
     |                |              |           |       |            | Annotation |         |       |  Time   | 
     |----------------+--------------+-----------+-------+------------+------------+---------+-------+---------| 
     | w_reg[3][26]   | CK ^         |           | 0.000 | clock      |            | 424.329 |       |   0.000 | 
     | w_reg[3][26]   | CK ^ -> Q ^  | DFF_X1    | 3.411 | w[3][26]   |            | 435.427 | 3.630 |   3.630 | 
     | C33496         |              | XOR2_X1   | 3.412 | w[3][26]   |       SPEF | 435.427 | 0.150 |   3.780 | 
     | C33496         | B ^ -> Z v   | XOR2_X1   | 0.463 | N10426     |            |   2.190 | 0.255 |   4.035 | 
     | U1335          |              | AOI22_X1  | 0.463 | N10426     |       SPEF |   2.190 | 0.000 |   4.035 | 
     | U1335          | B1 v -> ZN ^ | AOI22_X1  | 7.623 | n981       |            | 431.780 | 8.382 |  12.417 | 
     | FE_DBTC59_n981 |              | INV_X1    | 7.625 | n981       |       SPEF | 431.780 | 0.275 |  12.692 | 
     | FE_DBTC59_n981 | A ^ -> ZN v  | INV_X1    | 2.412 | cipher[26] |            | 381.341 | 4.464 |  17.156 | 
     | C14225         |              | AND2_X2   | 2.412 | cipher[26] |       SPEF | 381.341 | 0.096 |  17.253 | 
     | C14225         | A1 v -> ZN v | AND2_X2   | 0.113 | N22421     |            |   1.613 | 0.834 |  18.086 | 
     | C14226         |              | OR2_X2    | 0.113 | N22421     |       SPEF |   1.613 | 0.000 |  18.086 | 
     | C14226         | A2 v -> ZN v | OR2_X2    | 0.027 | N22422     |            |   1.896 | 0.217 |  18.303 | 
     | C14228         |              | AND2_X2   | 0.027 | N22422     |       SPEF |   1.896 | 0.000 |  18.303 | 
     | C14228         | A2 v -> ZN v | AND2_X2   | 0.077 | N22424     |            |   1.619 | 0.097 |  18.400 | 
     | C14229         |              | OR2_X2    | 0.077 | N22424     |       SPEF |   1.619 | 0.000 |  18.400 | 
     | C14229         | A2 v -> ZN v | OR2_X2    | 0.028 | N22425     |            |   2.099 | 0.200 |  18.600 | 
     | C14231         |              | AND2_X2   | 0.028 | N22425     |       SPEF |   2.099 | 0.000 |  18.600 | 
     | C14231         | A2 v -> ZN v | AND2_X2   | 0.050 | N22427     |            |   1.736 | 0.098 |  18.697 | 
     | C14232         |              | OR2_X2    | 0.050 | N22427     |       SPEF |   1.736 | 0.000 |  18.697 | 
     | C14232         | A2 v -> ZN v | OR2_X2    | 0.027 | N22428     |            |   1.898 | 0.185 |  18.882 | 
     | C14234         |              | AND2_X2   | 0.027 | N22428     |       SPEF |   1.898 | 0.000 |  18.883 | 
     | C14234         | A2 v -> ZN v | AND2_X2   | 0.031 | N22430     |            |   1.736 | 0.097 |  18.980 | 
     | C14235         |              | OR2_X2    | 0.031 | N22430     |       SPEF |   1.736 | 0.000 |  18.980 | 
     | C14235         | A2 v -> ZN v | OR2_X2    | 0.028 | N22431     |            |   2.133 | 0.175 |  19.155 | 
     | U654           |              | AOI222_X1 | 0.028 | N22431     |       SPEF |   2.133 | 0.000 |  19.155 | 
     | U654           | C1 v -> ZN ^ | AOI222_X1 | 0.202 | n503       |            |   2.448 | 0.352 |  19.508 | 
     | U653           |              | NAND2_X1  | 0.202 | n503       |       SPEF |   2.448 | 0.000 |  19.508 | 
     | U653           | A2 ^ -> ZN v | NAND2_X1  | 0.077 | n688       |            |   1.311 | 0.075 |  19.583 | 
     | sub_reg[28]    |              | DFF_X1    | 0.077 | n688       |       SPEF |   1.311 | 0.000 |  19.583 | 
     +---------------------------------------------------------------------------------------------------------+ 
Path 4: VIOLATED Setup Check with Pin sub_reg[30]/CK 
Endpoint:   sub_reg[30]/D  (v) checked with  leading edge of 'CLK'
Beginpoint: w_reg[3][26]/Q (^) triggered by  leading edge of 'CLK'
Path Groups: {CLK}
Analysis View: aes_av
Other End Arrival Time          0.000
- Setup                         0.189
+ Phase Shift                   5.000
= Required Time                 4.811
- Arrival Time                 19.581
= Slack Time                  -14.770
     Clock Rise Edge                 0.000
     + Clock Network Latency (Ideal) 0.000
     = Beginpoint Arrival Time       0.000
     +---------------------------------------------------------------------------------------------------------+ 
     |    Instance    |     Arc      |   Cell    |  Slew |    Net     |    Arc     |  Load   | Delay | Arrival | 
     |                |              |           |       |            | Annotation |         |       |  Time   | 
     |----------------+--------------+-----------+-------+------------+------------+---------+-------+---------| 
     | w_reg[3][26]   | CK ^         |           | 0.000 | clock      |            | 424.329 |       |   0.000 | 
     | w_reg[3][26]   | CK ^ -> Q ^  | DFF_X1    | 3.411 | w[3][26]   |            | 435.427 | 3.630 |   3.630 | 
     | C33496         |              | XOR2_X1   | 3.412 | w[3][26]   |       SPEF | 435.427 | 0.150 |   3.780 | 
     | C33496         | B ^ -> Z v   | XOR2_X1   | 0.463 | N10426     |            |   2.190 | 0.255 |   4.035 | 
     | U1335          |              | AOI22_X1  | 0.463 | N10426     |       SPEF |   2.190 | 0.000 |   4.035 | 
     | U1335          | B1 v -> ZN ^ | AOI22_X1  | 7.623 | n981       |            | 431.780 | 8.382 |  12.417 | 
     | FE_DBTC59_n981 |              | INV_X1    | 7.625 | n981       |       SPEF | 431.780 | 0.275 |  12.692 | 
     | FE_DBTC59_n981 | A ^ -> ZN v  | INV_X1    | 2.412 | cipher[26] |            | 381.341 | 4.464 |  17.156 | 
     | C14607         |              | AND2_X2   | 2.412 | cipher[26] |       SPEF | 381.341 | 0.066 |  17.222 | 
     | C14607         | A1 v -> ZN v | AND2_X2   | 0.113 | N22789     |            |   1.646 | 0.834 |  18.056 | 
     | C14608         |              | OR2_X2    | 0.113 | N22789     |       SPEF |   1.646 | 0.000 |  18.056 | 
     | C14608         | A2 v -> ZN v | OR2_X2    | 0.109 | N22790     |            |   1.598 | 0.215 |  18.271 | 
     | C14610         |              | AND2_X2   | 0.109 | N22790     |       SPEF |   1.598 | 0.000 |  18.271 | 
     | C14610         | A2 v -> ZN v | AND2_X2   | 0.077 | N22792     |            |   1.829 | 0.147 |  18.419 | 
     | C14611         |              | OR2_X2    | 0.077 | N22792     |       SPEF |   1.829 | 0.000 |  18.419 | 
     | C14611         | A2 v -> ZN v | OR2_X2    | 0.027 | N22793     |            |   1.884 | 0.199 |  18.618 | 
     | C14613         |              | AND2_X2   | 0.027 | N22793     |       SPEF |   1.884 | 0.000 |  18.618 | 
     | C14613         | A2 v -> ZN v | AND2_X2   | 0.050 | N22795     |            |   1.932 | 0.098 |  18.715 | 
     | C14614         |              | OR2_X2    | 0.050 | N22795     |       SPEF |   1.932 | 0.000 |  18.715 | 
     | C14614         | A2 v -> ZN v | OR2_X2    | 0.027 | N22796     |            |   1.708 | 0.184 |  18.900 | 
     | C14616         |              | AND2_X2   | 0.027 | N22796     |       SPEF |   1.708 | 0.000 |  18.900 | 
     | C14616         | A2 v -> ZN v | AND2_X2   | 0.031 | N22798     |            |   1.817 | 0.097 |  18.997 | 
     | C14617         |              | OR2_X2    | 0.031 | N22798     |       SPEF |   1.817 | 0.000 |  18.997 | 
     | C14617         | A2 v -> ZN v | OR2_X2    | 0.027 | N22799     |            |   1.751 | 0.174 |  19.171 | 
     | U328           |              | AOI222_X1 | 0.027 | N22799     |       SPEF |   1.751 | 0.000 |  19.171 | 
     | U328           | C1 v -> ZN ^ | AOI222_X1 | 0.186 | n270       |            |   1.933 | 0.335 |  19.506 | 
     | U327           |              | NAND2_X1  | 0.186 | n270       |       SPEF |   1.933 | 0.000 |  19.506 | 
     | U327           | A2 ^ -> ZN v | NAND2_X1  | 0.078 | n591       |            |   1.430 | 0.075 |  19.581 | 
     | sub_reg[30]    |              | DFF_X1    | 0.078 | n591       |       SPEF |   1.430 | 0.000 |  19.581 | 
     +---------------------------------------------------------------------------------------------------------+ 
Path 5: VIOLATED Setup Check with Pin sub_reg[29]/CK 
Endpoint:   sub_reg[29]/D  (v) checked with  leading edge of 'CLK'
Beginpoint: w_reg[3][26]/Q (^) triggered by  leading edge of 'CLK'
Path Groups: {CLK}
Analysis View: aes_av
Other End Arrival Time          0.000
- Setup                         0.189
+ Phase Shift                   5.000
= Required Time                 4.811
- Arrival Time                 19.566
= Slack Time                  -14.754
     Clock Rise Edge                 0.000
     + Clock Network Latency (Ideal) 0.000
     = Beginpoint Arrival Time       0.000
     +---------------------------------------------------------------------------------------------------------+ 
     |    Instance    |     Arc      |   Cell    |  Slew |    Net     |    Arc     |  Load   | Delay | Arrival | 
     |                |              |           |       |            | Annotation |         |       |  Time   | 
     |----------------+--------------+-----------+-------+------------+------------+---------+-------+---------| 
     | w_reg[3][26]   | CK ^         |           | 0.000 | clock      |            | 424.329 |       |   0.000 | 
     | w_reg[3][26]   | CK ^ -> Q ^  | DFF_X1    | 3.411 | w[3][26]   |            | 435.427 | 3.630 |   3.630 | 
     | C33496         |              | XOR2_X1   | 3.412 | w[3][26]   |       SPEF | 435.427 | 0.150 |   3.780 | 
     | C33496         | B ^ -> Z v   | XOR2_X1   | 0.463 | N10426     |            |   2.190 | 0.255 |   4.035 | 
     | U1335          |              | AOI22_X1  | 0.463 | N10426     |       SPEF |   2.190 | 0.000 |   4.035 | 
     | U1335          | B1 v -> ZN ^ | AOI22_X1  | 7.623 | n981       |            | 431.780 | 8.382 |  12.417 | 
     | FE_DBTC59_n981 |              | INV_X1    | 7.625 | n981       |       SPEF | 431.780 | 0.275 |  12.692 | 
     | FE_DBTC59_n981 | A ^ -> ZN v  | INV_X1    | 2.412 | cipher[26] |            | 381.341 | 4.464 |  17.156 | 
     | C14415         |              | AND2_X2   | 2.412 | cipher[26] |       SPEF | 381.341 | 0.079 |  17.235 | 
     | C14415         | A1 v -> ZN v | AND2_X2   | 0.113 | N22604     |            |   1.638 | 0.834 |  18.069 | 
     | C14416         |              | OR2_X2    | 0.113 | N22604     |       SPEF |   1.638 | 0.000 |  18.069 | 
     | C14416         | A2 v -> ZN v | OR2_X2    | 0.028 | N22605     |            |   2.375 | 0.219 |  18.288 | 
     | C14418         |              | AND2_X2   | 0.028 | N22605     |       SPEF |   2.375 | 0.000 |  18.288 | 
     | C14418         | A2 v -> ZN v | AND2_X2   | 0.077 | N22607     |            |   1.667 | 0.098 |  18.385 | 
     | C14419         |              | OR2_X2    | 0.077 | N22607     |       SPEF |   1.667 | 0.000 |  18.385 | 
     | C14419         | A2 v -> ZN v | OR2_X2    | 0.027 | N22608     |            |   1.668 | 0.198 |  18.583 | 
     | C14421         |              | AND2_X2   | 0.027 | N22608     |       SPEF |   1.668 | 0.000 |  18.583 | 
     | C14421         | A2 v -> ZN v | AND2_X2   | 0.050 | N22610     |            |   1.856 | 0.098 |  18.681 | 
     | C14422         |              | OR2_X2    | 0.050 | N22610     |       SPEF |   1.856 | 0.000 |  18.681 | 
     | C14422         | A2 v -> ZN v | OR2_X2    | 0.027 | N22611     |            |   1.628 | 0.184 |  18.865 | 
     | C14424         |              | AND2_X2   | 0.027 | N22611     |       SPEF |   1.628 | 0.000 |  18.865 | 
     | C14424         | A2 v -> ZN v | AND2_X2   | 0.031 | N22613     |            |   1.885 | 0.098 |  18.962 | 
     | C14425         |              | OR2_X2    | 0.031 | N22613     |       SPEF |   1.885 | 0.000 |  18.962 | 
     | C14425         | A2 v -> ZN v | OR2_X2    | 0.027 | N22614     |            |   1.705 | 0.174 |  19.136 | 
     | U424           |              | AOI222_X1 | 0.027 | N22614     |       SPEF |   1.705 | 0.000 |  19.136 | 
     | U424           | C1 v -> ZN ^ | AOI222_X1 | 0.204 | n358       |            |   2.536 | 0.355 |  19.491 | 
     | U423           |              | NAND2_X1  | 0.204 | n358       |       SPEF |   2.536 | 0.000 |  19.491 | 
     | U423           | A2 ^ -> ZN v | NAND2_X1  | 0.077 | n623       |            |   1.291 | 0.075 |  19.566 | 
     | sub_reg[29]    |              | DFF_X1    | 0.077 | n623       |       SPEF |   1.291 | 0.000 |  19.566 | 
     +---------------------------------------------------------------------------------------------------------+ 
Path 6: VIOLATED Setup Check with Pin sub_reg[26]/CK 
Endpoint:   sub_reg[26]/D  (v) checked with  leading edge of 'CLK'
Beginpoint: w_reg[3][26]/Q (^) triggered by  leading edge of 'CLK'
Path Groups: {CLK}
Analysis View: aes_av
Other End Arrival Time          0.000
- Setup                         0.190
+ Phase Shift                   5.000
= Required Time                 4.810
- Arrival Time                 19.548
= Slack Time                  -14.738
     Clock Rise Edge                 0.000
     + Clock Network Latency (Ideal) 0.000
     = Beginpoint Arrival Time       0.000
     +---------------------------------------------------------------------------------------------------------+ 
     |    Instance    |     Arc      |   Cell    |  Slew |    Net     |    Arc     |  Load   | Delay | Arrival | 
     |                |              |           |       |            | Annotation |         |       |  Time   | 
     |----------------+--------------+-----------+-------+------------+------------+---------+-------+---------| 
     | w_reg[3][26]   | CK ^         |           | 0.000 | clock      |            | 424.329 |       |   0.000 | 
     | w_reg[3][26]   | CK ^ -> Q ^  | DFF_X1    | 3.411 | w[3][26]   |            | 435.427 | 3.630 |   3.630 | 
     | C33496         |              | XOR2_X1   | 3.412 | w[3][26]   |       SPEF | 435.427 | 0.150 |   3.780 | 
     | C33496         | B ^ -> Z v   | XOR2_X1   | 0.463 | N10426     |            |   2.190 | 0.255 |   4.035 | 
     | U1335          |              | AOI22_X1  | 0.463 | N10426     |       SPEF |   2.190 | 0.000 |   4.035 | 
     | U1335          | B1 v -> ZN ^ | AOI22_X1  | 7.623 | n981       |            | 431.780 | 8.382 |  12.417 | 
     | FE_DBTC59_n981 |              | INV_X1    | 7.625 | n981       |       SPEF | 431.780 | 0.275 |  12.692 | 
     | FE_DBTC59_n981 | A ^ -> ZN v  | INV_X1    | 2.412 | cipher[26] |            | 381.341 | 4.464 |  17.156 | 
     | C13806         |              | AND2_X2   | 2.412 | cipher[26] |       SPEF | 381.341 | 0.060 |  17.217 | 
     | C13806         | A1 v -> ZN v | AND2_X2   | 0.114 | N22013     |            |   1.778 | 0.836 |  18.053 | 
     | C13807         |              | OR2_X2    | 0.114 | N22013     |       SPEF |   1.778 | 0.000 |  18.053 | 
     | C13807         | A2 v -> ZN v | OR2_X2    | 0.109 | N22014     |            |   1.730 | 0.216 |  18.269 | 
     | C13809         |              | AND2_X2   | 0.109 | N22014     |       SPEF |   1.730 | 0.000 |  18.269 | 
     | C13809         | A2 v -> ZN v | AND2_X2   | 0.077 | N22016     |            |   1.648 | 0.147 |  18.416 | 
     | C13810         |              | OR2_X2    | 0.077 | N22016     |       SPEF |   1.648 | 0.000 |  18.416 | 
     | C13810         | A2 v -> ZN v | OR2_X2    | 0.027 | N22017     |            |   1.689 | 0.198 |  18.613 | 
     | C13815         |              | AND2_X2   | 0.027 | N22017     |       SPEF |   1.689 | 0.000 |  18.613 | 
     | C13815         | A2 v -> ZN v | AND2_X2   | 0.043 | N22022     |            |   1.518 | 0.097 |  18.710 | 
     | C13817         |              | OR2_X2    | 0.043 | N22022     |       SPEF |   1.518 | 0.000 |  18.710 | 
     | C13817         | A1 v -> ZN v | OR2_X2    | 0.027 | N22024     |            |   1.801 | 0.160 |  18.870 | 
     | C13841         |              | AND2_X2   | 0.027 | N22024     |       SPEF |   1.801 | 0.000 |  18.870 | 
     | C13841         | A2 v -> ZN v | AND2_X2   | 0.033 | N22048     |            |   1.497 | 0.097 |  18.967 | 
     | C13843         |              | OR2_X2    | 0.033 | N22048     |       SPEF |   1.497 | 0.000 |  18.967 | 
     | C13843         | A1 v -> ZN v | OR2_X2    | 0.027 | N22050     |            |   1.963 | 0.156 |  19.123 | 
     | U660           |              | AOI222_X1 | 0.027 | N22050     |       SPEF |   1.963 | 0.000 |  19.123 | 
     | U660           | C1 v -> ZN ^ | AOI222_X1 | 0.198 | n507       |            |   2.309 | 0.348 |  19.471 | 
     | U659           |              | NAND2_X1  | 0.198 | n507       |       SPEF |   2.309 | 0.000 |  19.471 | 
     | U659           | A2 ^ -> ZN v | NAND2_X1  | 0.079 | n690       |            |   1.509 | 0.077 |  19.548 | 
     | sub_reg[26]    |              | DFF_X1    | 0.079 | n690       |       SPEF |   1.509 | 0.000 |  19.548 | 
     +---------------------------------------------------------------------------------------------------------+ 
Path 7: VIOLATED Setup Check with Pin sub_reg[25]/CK 
Endpoint:   sub_reg[25]/D  (v) checked with  leading edge of 'CLK'
Beginpoint: w_reg[3][26]/Q (^) triggered by  leading edge of 'CLK'
Path Groups: {CLK}
Analysis View: aes_av
Other End Arrival Time          0.000
- Setup                         0.188
+ Phase Shift                   5.000
= Required Time                 4.812
- Arrival Time                 19.547
= Slack Time                  -14.736
     Clock Rise Edge                 0.000
     + Clock Network Latency (Ideal) 0.000
     = Beginpoint Arrival Time       0.000
     +---------------------------------------------------------------------------------------------------------+ 
     |    Instance    |     Arc      |   Cell    |  Slew |    Net     |    Arc     |  Load   | Delay | Arrival | 
     |                |              |           |       |            | Annotation |         |       |  Time   | 
     |----------------+--------------+-----------+-------+------------+------------+---------+-------+---------| 
     | w_reg[3][26]   | CK ^         |           | 0.000 | clock      |            | 424.329 |       |   0.000 | 
     | w_reg[3][26]   | CK ^ -> Q ^  | DFF_X1    | 3.411 | w[3][26]   |            | 435.427 | 3.630 |   3.630 | 
     | C33496         |              | XOR2_X1   | 3.412 | w[3][26]   |       SPEF | 435.427 | 0.150 |   3.780 | 
     | C33496         | B ^ -> Z v   | XOR2_X1   | 0.463 | N10426     |            |   2.190 | 0.255 |   4.035 | 
     | U1335          |              | AOI22_X1  | 0.463 | N10426     |       SPEF |   2.190 | 0.000 |   4.035 | 
     | U1335          | B1 v -> ZN ^ | AOI22_X1  | 7.623 | n981       |            | 431.780 | 8.382 |  12.417 | 
     | FE_DBTC59_n981 |              | INV_X1    | 7.625 | n981       |       SPEF | 431.780 | 0.275 |  12.692 | 
     | FE_DBTC59_n981 | A ^ -> ZN v  | INV_X1    | 2.412 | cipher[26] |            | 381.341 | 4.464 |  17.156 | 
     | C13621         |              | OR2_X2    | 2.412 | cipher[26] |       SPEF | 381.341 | 0.083 |  17.240 | 
     | C13621         | A2 v -> ZN v | OR2_X2    | 0.090 | N21834     |            |   1.962 | 1.022 |  18.262 | 
     | C13623         |              | AND2_X2   | 0.090 | N21834     |       SPEF |   1.962 | 0.000 |  18.262 | 
     | C13623         | A2 v -> ZN v | AND2_X2   | 0.077 | N21836     |            |   1.626 | 0.135 |  18.397 | 
     | C13624         |              | OR2_X2    | 0.077 | N21836     |       SPEF |   1.626 | 0.000 |  18.397 | 
     | C13624         | A2 v -> ZN v | OR2_X2    | 0.028 | N21837     |            |   2.089 | 0.200 |  18.596 | 
     | C13626         |              | AND2_X2   | 0.028 | N21837     |       SPEF |   2.089 | 0.000 |  18.596 | 
     | C13626         | A2 v -> ZN v | AND2_X2   | 0.050 | N21839     |            |   1.626 | 0.097 |  18.694 | 
     | C13627         |              | OR2_X2    | 0.050 | N21839     |       SPEF |   1.626 | 0.000 |  18.694 | 
     | C13627         | A2 v -> ZN v | OR2_X2    | 0.027 | N21840     |            |   1.605 | 0.184 |  18.877 | 
     | C13648         |              | AND2_X2   | 0.027 | N21840     |       SPEF |   1.605 | 0.000 |  18.877 | 
     | C13648         | A2 v -> ZN v | AND2_X2   | 0.033 | N21861     |            |   1.647 | 0.097 |  18.974 | 
     | C13650         |              | OR2_X2    | 0.033 | N21861     |       SPEF |   1.647 | 0.000 |  18.974 | 
     | C13650         | A1 v -> ZN v | OR2_X2    | 0.027 | N21863     |            |   1.754 | 0.155 |  19.129 | 
     | U663           |              | AOI222_X1 | 0.027 | N21863     |       SPEF |   1.754 | 0.000 |  19.129 | 
     | U663           | C1 v -> ZN ^ | AOI222_X1 | 0.195 | n509       |            |   2.217 | 0.345 |  19.474 | 
     | U662           |              | NAND2_X1  | 0.195 | n509       |       SPEF |   2.217 | 0.000 |  19.474 | 
     | U662           | A2 ^ -> ZN v | NAND2_X1  | 0.076 | n691       |            |   1.241 | 0.073 |  19.547 | 
     | sub_reg[25]    |              | DFF_X1    | 0.076 | n691       |       SPEF |   1.241 | 0.000 |  19.547 | 
     +---------------------------------------------------------------------------------------------------------+ 
Path 8: VIOLATED Setup Check with Pin sub_reg[24]/CK 
Endpoint:   sub_reg[24]/D  (v) checked with  leading edge of 'CLK'
Beginpoint: w_reg[3][26]/Q (^) triggered by  leading edge of 'CLK'
Path Groups: {CLK}
Analysis View: aes_av
Other End Arrival Time          0.000
- Setup                         0.189
+ Phase Shift                   5.000
= Required Time                 4.811
- Arrival Time                 19.535
= Slack Time                  -14.724
     Clock Rise Edge                 0.000
     + Clock Network Latency (Ideal) 0.000
     = Beginpoint Arrival Time       0.000
     +---------------------------------------------------------------------------------------------------------+ 
     |    Instance    |     Arc      |   Cell    |  Slew |    Net     |    Arc     |  Load   | Delay | Arrival | 
     |                |              |           |       |            | Annotation |         |       |  Time   | 
     |----------------+--------------+-----------+-------+------------+------------+---------+-------+---------| 
     | w_reg[3][26]   | CK ^         |           | 0.000 | clock      |            | 424.329 |       |   0.000 | 
     | w_reg[3][26]   | CK ^ -> Q ^  | DFF_X1    | 3.411 | w[3][26]   |            | 435.427 | 3.630 |   3.630 | 
     | C33496         |              | XOR2_X1   | 3.412 | w[3][26]   |       SPEF | 435.427 | 0.150 |   3.780 | 
     | C33496         | B ^ -> Z v   | XOR2_X1   | 0.463 | N10426     |            |   2.190 | 0.255 |   4.035 | 
     | U1335          |              | AOI22_X1  | 0.463 | N10426     |       SPEF |   2.190 | 0.000 |   4.035 | 
     | U1335          | B1 v -> ZN ^ | AOI22_X1  | 7.623 | n981       |            | 431.780 | 8.382 |  12.417 | 
     | FE_DBTC59_n981 |              | INV_X1    | 7.625 | n981       |       SPEF | 431.780 | 0.275 |  12.692 | 
     | FE_DBTC59_n981 | A ^ -> ZN v  | INV_X1    | 2.412 | cipher[26] |            | 381.341 | 4.464 |  17.156 | 
     | C13489         |              | AND2_X2   | 2.412 | cipher[26] |       SPEF | 381.341 | 0.031 |  17.187 | 
     | C13489         | A1 v -> ZN v | AND2_X2   | 0.113 | N21708     |            |   1.637 | 0.834 |  18.021 | 
     | C13490         |              | OR2_X2    | 0.113 | N21708     |       SPEF |   1.637 | 0.000 |  18.021 | 
     | C13490         | A2 v -> ZN v | OR2_X2    | 0.109 | N21709     |            |   1.624 | 0.215 |  18.237 | 
     | C13492         |              | AND2_X2   | 0.109 | N21709     |       SPEF |   1.624 | 0.000 |  18.237 | 
     | C13492         | A2 v -> ZN v | AND2_X2   | 0.077 | N21711     |            |   1.684 | 0.147 |  18.384 | 
     | C13493         |              | OR2_X2    | 0.077 | N21711     |       SPEF |   1.684 | 0.000 |  18.384 | 
     | C13493         | A2 v -> ZN v | OR2_X2    | 0.028 | N21712     |            |   2.140 | 0.200 |  18.583 | 
     | C13495         |              | AND2_X2   | 0.028 | N21712     |       SPEF |   2.140 | 0.000 |  18.583 | 
     | C13495         | A2 v -> ZN v | AND2_X2   | 0.050 | N21714     |            |   2.231 | 0.099 |  18.683 | 
     | C13496         |              | OR2_X2    | 0.050 | N21714     |       SPEF |   2.231 | 0.000 |  18.683 | 
     | C13496         | A2 v -> ZN v | OR2_X2    | 0.027 | N21715     |            |   1.759 | 0.185 |  18.867 | 
     | C13498         |              | AND2_X2   | 0.027 | N21715     |       SPEF |   1.759 | 0.000 |  18.867 | 
     | C13498         | A2 v -> ZN v | AND2_X2   | 0.031 | N21717     |            |   1.721 | 0.097 |  18.964 | 
     | C13499         |              | OR2_X2    | 0.031 | N21717     |       SPEF |   1.721 | 0.000 |  18.964 | 
     | C13499         | A2 v -> ZN v | OR2_X2    | 0.027 | N21718     |            |   1.724 | 0.174 |  19.138 | 
     | U666           |              | AOI222_X1 | 0.027 | N21718     |       SPEF |   1.724 | 0.000 |  19.138 | 
     | U666           | B1 v -> ZN ^ | AOI222_X1 | 0.203 | n511       |            |   2.508 | 0.321 |  19.459 | 
     | U665           |              | NAND2_X1  | 0.203 | n511       |       SPEF |   2.508 | 0.000 |  19.459 | 
     | U665           | A2 ^ -> ZN v | NAND2_X1  | 0.078 | n692       |            |   1.407 | 0.077 |  19.535 | 
     | sub_reg[24]    |              | DFF_X1    | 0.078 | n692       |       SPEF |   1.407 | 0.000 |  19.535 | 
     +---------------------------------------------------------------------------------------------------------+ 
Path 9: VIOLATED Setup Check with Pin sub_reg[19]/CK 
Endpoint:   sub_reg[19]/D  (v) checked with  leading edge of 'CLK'
Beginpoint: w_reg[3][18]/Q (^) triggered by  leading edge of 'CLK'
Path Groups: {CLK}
Analysis View: aes_av
Other End Arrival Time          0.000
- Setup                         0.189
+ Phase Shift                   5.000
= Required Time                 4.811
- Arrival Time                 19.472
= Slack Time                  -14.661
     Clock Rise Edge                 0.000
     + Clock Network Latency (Ideal) 0.000
     = Beginpoint Arrival Time       0.000
     +---------------------------------------------------------------------------------------------------------+ 
     |    Instance    |     Arc      |   Cell    |  Slew |    Net     |    Arc     |  Load   | Delay | Arrival | 
     |                |              |           |       |            | Annotation |         |       |  Time   | 
     |----------------+--------------+-----------+-------+------------+------------+---------+-------+---------| 
     | w_reg[3][18]   | CK ^         |           | 0.000 | clock      |            | 424.329 |       |   0.000 | 
     | w_reg[3][18]   | CK ^ -> Q ^  | DFF_X1    | 3.477 | w[3][18]   |            | 439.826 | 3.626 |   3.626 | 
     | C33504         |              | XOR2_X1   | 3.477 | w[3][18]   |       SPEF | 439.826 | 0.060 |   3.685 | 
     | C33504         | B ^ -> Z v   | XOR2_X1   | 0.479 | N10434     |            |   2.551 | 0.292 |   3.977 | 
     | U1352          |              | AOI22_X1  | 0.479 | N10434     |       SPEF |   2.551 | 0.000 |   3.977 | 
     | U1352          | B1 v -> ZN ^ | AOI22_X1  | 7.574 | n990       |            | 429.934 | 8.372 |  12.349 | 
     | FE_DBTC50_n990 |              | INV_X1    | 7.576 | n990       |       SPEF | 429.934 | 0.204 |  12.553 | 
     | FE_DBTC50_n990 | A ^ -> ZN v  | INV_X1    | 2.412 | cipher[18] |            | 393.399 | 4.473 |  17.026 | 
     | C12490         |              | AND2_X2   | 2.410 | cipher[18] |       SPEF | 393.399 | 0.066 |  17.092 | 
     | C12490         | A1 v -> ZN v | AND2_X2   | 0.114 | N20741     |            |   1.830 | 0.836 |  17.928 | 
     | C12491         |              | OR2_X2    | 0.114 | N20741     |       SPEF |   1.830 | 0.000 |  17.928 | 
     | C12491         | A2 v -> ZN v | OR2_X2    | 0.027 | N20742     |            |   1.704 | 0.216 |  18.144 | 
     | C12493         |              | AND2_X2   | 0.027 | N20742     |       SPEF |   1.704 | 0.000 |  18.144 | 
     | C12493         | A2 v -> ZN v | AND2_X2   | 0.077 | N20744     |            |   1.621 | 0.097 |  18.241 | 
     | C12494         |              | OR2_X2    | 0.077 | N20744     |       SPEF |   1.621 | 0.000 |  18.241 | 
     | C12494         | A2 v -> ZN v | OR2_X2    | 0.027 | N20745     |            |   1.840 | 0.198 |  18.440 | 
     | C12496         |              | AND2_X2   | 0.027 | N20745     |       SPEF |   1.840 | 0.000 |  18.440 | 
     | C12496         | A2 v -> ZN v | AND2_X2   | 0.049 | N20747     |            |   1.671 | 0.097 |  18.537 | 
     | C12497         |              | OR2_X2    | 0.049 | N20747     |       SPEF |   1.671 | 0.000 |  18.537 | 
     | C12497         | A2 v -> ZN v | OR2_X2    | 0.029 | N20748     |            |   2.851 | 0.189 |  18.725 | 
     | C12499         |              | AND2_X2   | 0.029 | N20748     |       SPEF |   2.851 | 0.000 |  18.726 | 
     | C12499         | A2 v -> ZN v | AND2_X2   | 0.030 | N20750     |            |   1.638 | 0.098 |  18.824 | 
     | C12500         |              | OR2_X2    | 0.030 | N20750     |       SPEF |   1.638 | 0.000 |  18.824 | 
     | C12500         | A2 v -> ZN v | OR2_X2    | 0.029 | N20751     |            |   3.183 | 0.180 |  19.003 | 
     | U566           |              | AOI222_X1 | 0.029 | N20751     |       SPEF |   3.183 | 0.000 |  19.003 | 
     | U566           | C1 v -> ZN ^ | AOI222_X1 | 0.234 | n451       |            |   3.561 | 0.389 |  19.392 | 
     | U565           |              | NAND2_X1  | 0.234 | n451       |       SPEF |   3.561 | 0.000 |  19.392 | 
     | U565           | A2 ^ -> ZN v | NAND2_X1  | 0.078 | n668       |            |   1.406 | 0.080 |  19.472 | 
     | sub_reg[19]    |              | DFF_X1    | 0.078 | n668       |       SPEF |   1.406 | 0.000 |  19.472 | 
     +---------------------------------------------------------------------------------------------------------+ 
Path 10: VIOLATED Setup Check with Pin sub_reg[20]/CK 
Endpoint:   sub_reg[20]/D  (v) checked with  leading edge of 'CLK'
Beginpoint: w_reg[3][18]/Q (^) triggered by  leading edge of 'CLK'
Path Groups: {CLK}
Analysis View: aes_av
Other End Arrival Time          0.000
- Setup                         0.188
+ Phase Shift                   5.000
= Required Time                 4.812
- Arrival Time                 19.469
= Slack Time                  -14.658
     Clock Rise Edge                 0.000
     + Clock Network Latency (Ideal) 0.000
     = Beginpoint Arrival Time       0.000
     +---------------------------------------------------------------------------------------------------------+ 
     |    Instance    |     Arc      |   Cell    |  Slew |    Net     |    Arc     |  Load   | Delay | Arrival | 
     |                |              |           |       |            | Annotation |         |       |  Time   | 
     |----------------+--------------+-----------+-------+------------+------------+---------+-------+---------| 
     | w_reg[3][18]   | CK ^         |           | 0.000 | clock      |            | 424.329 |       |   0.000 | 
     | w_reg[3][18]   | CK ^ -> Q ^  | DFF_X1    | 3.477 | w[3][18]   |            | 439.826 | 3.626 |   3.626 | 
     | C33504         |              | XOR2_X1   | 3.477 | w[3][18]   |       SPEF | 439.826 | 0.060 |   3.685 | 
     | C33504         | B ^ -> Z v   | XOR2_X1   | 0.479 | N10434     |            |   2.551 | 0.292 |   3.977 | 
     | U1352          |              | AOI22_X1  | 0.479 | N10434     |       SPEF |   2.551 | 0.000 |   3.977 | 
     | U1352          | B1 v -> ZN ^ | AOI22_X1  | 7.574 | n990       |            | 429.934 | 8.372 |  12.349 | 
     | FE_DBTC50_n990 |              | INV_X1    | 7.576 | n990       |       SPEF | 429.934 | 0.204 |  12.553 | 
     | FE_DBTC50_n990 | A ^ -> ZN v  | INV_X1    | 2.412 | cipher[18] |            | 393.399 | 4.473 |  17.026 | 
     | C12685         |              | AND2_X2   | 2.409 | cipher[18] |       SPEF | 393.399 | 0.074 |  17.099 | 
     | C12685         | A1 v -> ZN v | AND2_X2   | 0.113 | N20930     |            |   1.683 | 0.834 |  17.933 | 
     | C12686         |              | OR2_X2    | 0.113 | N20930     |       SPEF |   1.683 | 0.000 |  17.933 | 
     | C12686         | A2 v -> ZN v | OR2_X2    | 0.027 | N20931     |            |   1.771 | 0.216 |  18.149 | 
     | C12688         |              | AND2_X2   | 0.027 | N20931     |       SPEF |   1.771 | 0.000 |  18.150 | 
     | C12688         | A2 v -> ZN v | AND2_X2   | 0.077 | N20933     |            |   1.700 | 0.097 |  18.247 | 
     | C12689         |              | OR2_X2    | 0.077 | N20933     |       SPEF |   1.700 | 0.000 |  18.247 | 
     | C12689         | A2 v -> ZN v | OR2_X2    | 0.027 | N20934     |            |   1.936 | 0.199 |  18.446 | 
     | C12691         |              | AND2_X2   | 0.027 | N20934     |       SPEF |   1.936 | 0.000 |  18.446 | 
     | C12691         | A2 v -> ZN v | AND2_X2   | 0.049 | N20936     |            |   1.624 | 0.097 |  18.543 | 
     | C12692         |              | OR2_X2    | 0.049 | N20936     |       SPEF |   1.624 | 0.000 |  18.543 | 
     | C12692         | A2 v -> ZN v | OR2_X2    | 0.027 | N20937     |            |   1.625 | 0.183 |  18.726 | 
     | C12694         |              | AND2_X2   | 0.027 | N20937     |       SPEF |   1.625 | 0.000 |  18.726 | 
     | C12694         | A2 v -> ZN v | AND2_X2   | 0.031 | N20939     |            |   1.799 | 0.097 |  18.824 | 
     | C12695         |              | OR2_X2    | 0.031 | N20939     |       SPEF |   1.799 | 0.000 |  18.824 | 
     | C12695         | A2 v -> ZN v | OR2_X2    | 0.027 | N20940     |            |   1.770 | 0.174 |  18.997 | 
     | U448           |              | AOI222_X1 | 0.027 | N20940     |       SPEF |   1.770 | 0.000 |  18.997 | 
     | U448           | C1 v -> ZN ^ | AOI222_X1 | 0.239 | n374       |            |   3.754 | 0.394 |  19.391 | 
     | U447           |              | NAND2_X1  | 0.239 | n374       |       SPEF |   3.754 | 0.000 |  19.391 | 
     | U447           | A2 ^ -> ZN v | NAND2_X1  | 0.076 | n631       |            |   1.262 | 0.078 |  19.469 | 
     | sub_reg[20]    |              | DFF_X1    | 0.076 | n631       |       SPEF |   1.262 | 0.000 |  19.469 | 
     +---------------------------------------------------------------------------------------------------------+ 

