###############################################################
#  Generated by:      Cadence Innovus 18.10-p002_1
#  OS:                Linux x86_64(Host ID ensc-esil-01)
#  Generated on:      Fri Apr  2 20:38:10 2021
#  Design:            aes128key
#  Command:           report_timing -net -format {instance arc cell slew net annotation load delay arrival} -max_paths 10 > results/timing/05-postPlaceOpt.rpt
###############################################################
Path 1: MET Setup Check with Pin sub_reg[20]/CK 
Endpoint:   sub_reg[20]/D (v) checked with  leading edge of 'CLK'
Beginpoint: sub_reg[24]/Q (^) triggered by  leading edge of 'CLK'
Path Groups: {CLK}
Analysis View: aes_av
Other End Arrival Time          0.000
- Setup                         0.171
+ Phase Shift                   5.000
= Required Time                 4.829
- Arrival Time                  4.823
= Slack Time                    0.006
     Clock Rise Edge                 0.000
     + Clock Network Latency (Ideal) 0.000
     = Beginpoint Arrival Time       0.000
     +-------------------------------------------------------------------------------------------------------------+ 
     |    Instance    |     Arc      |   Cell    |  Slew |      Net       |    Arc     |  Load   | Delay | Arrival | 
     |                |              |           |       |                | Annotation |         |       |  Time   | 
     |----------------+--------------+-----------+-------+----------------+------------+---------+-------+---------| 
     | sub_reg[24]    | CK ^         |           | 0.000 | clock          |            | 426.030 |       |   0.000 | 
     | sub_reg[24]    | CK ^ -> Q ^  | DFF_X1    | 0.239 | sub[24]        |            |  28.287 | 0.506 |   0.506 | 
     | U1708          |              | XOR2_X1   | 0.239 | sub[24]        |       SPEF |  28.287 | 0.006 |   0.511 | 
     | U1708          | B ^ -> Z ^   | XOR2_X1   | 0.229 | n1408          |            |   9.968 | 0.373 |   0.884 | 
     | U222           |              | XOR2_X1   | 0.229 | n1408          |       SPEF |   9.968 | 0.001 |   0.885 | 
     | U222           | B ^ -> Z v   | XOR2_X1   | 0.056 | n164           |            |   2.480 | 0.098 |   0.983 | 
     | U221           |              | XOR2_X1   | 0.056 | n164           |       SPEF |   2.480 | 0.000 |   0.983 | 
     | U221           | B v -> Z v   | XOR2_X1   | 0.058 | s1o[0]         |            |   2.085 | 0.220 |   1.202 | 
     | U1110          |              | AOI22_X1  | 0.058 | s1o[0]         |       SPEF |   2.085 | 0.000 |   1.202 | 
     | U1110          | B2 v -> ZN ^ | AOI22_X1  | 0.131 | n863           |            |   3.929 | 0.233 |   1.435 | 
     | U1109          |              | INV_X1    | 0.131 | n863           |       SPEF |   3.929 | 0.000 |   1.436 | 
     | U1109          | A ^ -> ZN v  | INV_X1    | 0.043 | mix[16]        |            |   7.686 | 0.081 |   1.517 | 
     | C33634         |              | XOR2_X1   | 0.043 | mix[16]        |       SPEF |   7.686 | 0.001 |   1.517 | 
     | C33634         | A v -> Z v   | XOR2_X1   | 0.047 | N10564         |            |   1.698 | 0.190 |   1.707 | 
     | U1356          |              | AOI22_X1  | 0.047 | N10564         |       SPEF |   1.698 | 0.000 |   1.707 | 
     | U1356          | A1 v -> ZN ^ | AOI22_X1  | 0.335 | n992           |            |  15.292 | 0.393 |   2.100 | 
     | FE_OFC741_n992 |              | BUF_X1    | 0.336 | n992           |       SPEF |  15.292 | 0.003 |   2.103 | 
     | FE_OFC741_n992 | A ^ -> Z ^   | BUF_X1    | 0.350 | FE_OFN233_n992 |            |  43.513 | 0.478 |   2.581 | 
     | FE_OFC746_n992 |              | INV_X1    | 0.350 | FE_OFN233_n992 |       SPEF |  43.513 | 0.003 |   2.584 | 
     | FE_OFC746_n992 | A ^ -> ZN v  | INV_X1    | 0.125 | FE_OFN527_n992 |            |  27.430 | 0.240 |   2.825 | 
     | C12556         |              | AND2_X1   | 0.125 | FE_OFN527_n992 |       SPEF |  27.430 | 0.001 |   2.826 | 
     | C12556         | A2 v -> ZN v | AND2_X1   | 0.018 | N20804         |            |   0.972 | 0.162 |   2.988 | 
     | C12557         |              | OR2_X1    | 0.018 | N20804         |       SPEF |   0.972 | 0.000 |   2.988 | 
     | C12557         | A2 v -> ZN v | OR2_X1    | 0.045 | N20805         |            |   7.580 | 0.219 |   3.207 | 
     | C12661         |              | AND2_X1   | 0.045 | N20805         |       SPEF |   7.580 | 0.000 |   3.207 | 
     | C12661         | A2 v -> ZN v | AND2_X1   | 0.016 | N20906         |            |   0.956 | 0.113 |   3.320 | 
     | C12662         |              | OR2_X1    | 0.016 | N20906         |       SPEF |   0.956 | 0.000 |   3.320 | 
     | C12662         | A2 v -> ZN v | OR2_X1    | 0.030 | N20907         |            |   1.223 | 0.179 |   3.499 | 
     | C12664         |              | AND2_X1   | 0.030 | N20907         |       SPEF |   1.223 | 0.000 |   3.499 | 
     | C12664         | A2 v -> ZN v | AND2_X1   | 0.017 | N20909         |            |   0.996 | 0.104 |   3.604 | 
     | C12665         |              | OR2_X1    | 0.017 | N20909         |       SPEF |   0.996 | 0.000 |   3.604 | 
     | C12665         | A2 v -> ZN v | OR2_X1    | 0.030 | N20910         |            |   1.366 | 0.181 |   3.785 | 
     | C12667         |              | AND2_X1   | 0.030 | N20910         |       SPEF |   1.366 | 0.000 |   3.785 | 
     | C12667         | A2 v -> ZN v | AND2_X1   | 0.016 | N20912         |            |   0.969 | 0.104 |   3.889 | 
     | C12668         |              | OR2_X1    | 0.016 | N20912         |       SPEF |   0.969 | 0.000 |   3.889 | 
     | C12668         | A2 v -> ZN v | OR2_X1    | 0.029 | N20913         |            |   0.968 | 0.177 |   4.066 | 
     | C12693         |              | AND2_X1   | 0.029 | N20913         |       SPEF |   0.968 | 0.000 |   4.066 | 
     | C12693         | A2 v -> ZN v | AND2_X1   | 0.018 | N20938         |            |   1.104 | 0.105 |   4.171 | 
     | C12695         |              | OR2_X1    | 0.018 | N20938         |       SPEF |   1.104 | 0.000 |   4.171 | 
     | C12695         | A1 v -> ZN v | OR2_X1    | 0.031 | N20940         |            |   1.821 | 0.167 |   4.338 | 
     | U448           |              | AOI222_X1 | 0.031 | N20940         |       SPEF |   1.821 | 0.000 |   4.338 | 
     | U448           | C1 v -> ZN ^ | AOI222_X1 | 0.245 | n374           |            |   3.948 | 0.402 |   4.740 | 
     | U447           |              | NAND2_X1  | 0.245 | n374           |       SPEF |   3.948 | 0.000 |   4.740 | 
     | U447           | A2 ^ -> ZN v | NAND2_X1  | 0.043 | n631           |            |   1.548 | 0.083 |   4.823 | 
     | sub_reg[20]    |              | DFF_X1    | 0.043 | n631           |       SPEF |   1.548 | 0.000 |   4.823 | 
     +-------------------------------------------------------------------------------------------------------------+ 
Path 2: MET Setup Check with Pin sub_reg[19]/CK 
Endpoint:   sub_reg[19]/D (v) checked with  leading edge of 'CLK'
Beginpoint: sub_reg[24]/Q (^) triggered by  leading edge of 'CLK'
Path Groups: {CLK}
Analysis View: aes_av
Other End Arrival Time          0.000
- Setup                         0.171
+ Phase Shift                   5.000
= Required Time                 4.829
- Arrival Time                  4.808
= Slack Time                    0.021
     Clock Rise Edge                 0.000
     + Clock Network Latency (Ideal) 0.000
     = Beginpoint Arrival Time       0.000
     +-------------------------------------------------------------------------------------------------------------+ 
     |    Instance    |     Arc      |   Cell    |  Slew |      Net       |    Arc     |  Load   | Delay | Arrival | 
     |                |              |           |       |                | Annotation |         |       |  Time   | 
     |----------------+--------------+-----------+-------+----------------+------------+---------+-------+---------| 
     | sub_reg[24]    | CK ^         |           | 0.000 | clock          |            | 426.030 |       |   0.000 | 
     | sub_reg[24]    | CK ^ -> Q ^  | DFF_X1    | 0.239 | sub[24]        |            |  28.287 | 0.506 |   0.506 | 
     | U1708          |              | XOR2_X1   | 0.239 | sub[24]        |       SPEF |  28.287 | 0.006 |   0.511 | 
     | U1708          | B ^ -> Z ^   | XOR2_X1   | 0.229 | n1408          |            |   9.968 | 0.373 |   0.884 | 
     | U222           |              | XOR2_X1   | 0.229 | n1408          |       SPEF |   9.968 | 0.001 |   0.885 | 
     | U222           | B ^ -> Z v   | XOR2_X1   | 0.056 | n164           |            |   2.480 | 0.098 |   0.983 | 
     | U221           |              | XOR2_X1   | 0.056 | n164           |       SPEF |   2.480 | 0.000 |   0.983 | 
     | U221           | B v -> Z v   | XOR2_X1   | 0.058 | s1o[0]         |            |   2.085 | 0.220 |   1.202 | 
     | U1110          |              | AOI22_X1  | 0.058 | s1o[0]         |       SPEF |   2.085 | 0.000 |   1.202 | 
     | U1110          | B2 v -> ZN ^ | AOI22_X1  | 0.131 | n863           |            |   3.929 | 0.233 |   1.435 | 
     | U1109          |              | INV_X1    | 0.131 | n863           |       SPEF |   3.929 | 0.000 |   1.436 | 
     | U1109          | A ^ -> ZN v  | INV_X1    | 0.043 | mix[16]        |            |   7.686 | 0.081 |   1.517 | 
     | C33634         |              | XOR2_X1   | 0.043 | mix[16]        |       SPEF |   7.686 | 0.001 |   1.517 | 
     | C33634         | A v -> Z v   | XOR2_X1   | 0.047 | N10564         |            |   1.698 | 0.190 |   1.707 | 
     | U1356          |              | AOI22_X1  | 0.047 | N10564         |       SPEF |   1.698 | 0.000 |   1.707 | 
     | U1356          | A1 v -> ZN ^ | AOI22_X1  | 0.335 | n992           |            |  15.292 | 0.393 |   2.100 | 
     | FE_OFC741_n992 |              | BUF_X1    | 0.336 | n992           |       SPEF |  15.292 | 0.003 |   2.103 | 
     | FE_OFC741_n992 | A ^ -> Z ^   | BUF_X1    | 0.350 | FE_OFN233_n992 |            |  43.513 | 0.478 |   2.581 | 
     | FE_OFC747_n992 |              | INV_X2    | 0.350 | FE_OFN233_n992 |       SPEF |  43.513 | 0.003 |   2.584 | 
     | FE_OFC747_n992 | A ^ -> ZN v  | INV_X2    | 0.119 | FE_OFN528_n992 |            |  44.470 | 0.212 |   2.796 | 
     | C12373         |              | AND2_X1   | 0.119 | FE_OFN528_n992 |       SPEF |  44.470 | 0.007 |   2.803 | 
     | C12373         | A2 v -> ZN v | AND2_X1   | 0.018 | N20626         |            |   0.938 | 0.158 |   2.961 | 
     | C12374         |              | OR2_X1    | 0.018 | N20626         |       SPEF |   0.938 | 0.000 |   2.961 | 
     | C12374         | A2 v -> ZN v | OR2_X1    | 0.045 | N20627         |            |   7.532 | 0.218 |   3.180 | 
     | C12489         |              | AND2_X1   | 0.045 | N20627         |       SPEF |   7.532 | 0.000 |   3.180 | 
     | C12489         | A2 v -> ZN v | AND2_X1   | 0.016 | N20740         |            |   0.841 | 0.113 |   3.293 | 
     | C12491         |              | OR2_X1    | 0.016 | N20740         |       SPEF |   0.841 | 0.000 |   3.293 | 
     | C12491         | A1 v -> ZN v | OR2_X1    | 0.029 | N20742         |            |   0.988 | 0.159 |   3.452 | 
     | C12493         |              | AND2_X1   | 0.029 | N20742         |       SPEF |   0.988 | 0.000 |   3.452 | 
     | C12493         | A2 v -> ZN v | AND2_X1   | 0.018 | N20744         |            |   1.108 | 0.105 |   3.557 | 
     | C12494         |              | OR2_X1    | 0.018 | N20744         |       SPEF |   1.108 | 0.000 |   3.557 | 
     | C12494         | A2 v -> ZN v | OR2_X1    | 0.029 | N20745         |            |   0.984 | 0.178 |   3.734 | 
     | C12496         |              | AND2_X1   | 0.029 | N20745         |       SPEF |   0.984 | 0.000 |   3.734 | 
     | C12496         | A2 v -> ZN v | AND2_X1   | 0.017 | N20747         |            |   0.998 | 0.104 |   3.838 | 
     | C12497         |              | OR2_X1    | 0.017 | N20747         |       SPEF |   0.998 | 0.000 |   3.838 | 
     | C12497         | A2 v -> ZN v | OR2_X1    | 0.031 | N20748         |            |   1.547 | 0.182 |   4.020 | 
     | C12499         |              | AND2_X1   | 0.031 | N20748         |       SPEF |   1.547 | 0.000 |   4.021 | 
     | C12499         | A2 v -> ZN v | AND2_X1   | 0.017 | N20750         |            |   1.158 | 0.106 |   4.126 | 
     | C12500         |              | OR2_X1    | 0.017 | N20750         |       SPEF |   1.158 | 0.000 |   4.126 | 
     | C12500         | A2 v -> ZN v | OR2_X1    | 0.035 | N20751         |            |   3.140 | 0.194 |   4.320 | 
     | U566           |              | AOI222_X1 | 0.035 | N20751         |       SPEF |   3.140 | 0.000 |   4.321 | 
     | U566           | C1 v -> ZN ^ | AOI222_X1 | 0.247 | n451           |            |   4.026 | 0.406 |   4.727 | 
     | U565           |              | NAND2_X1  | 0.247 | n451           |       SPEF |   4.026 | 0.000 |   4.727 | 
     | U565           | A2 ^ -> ZN v | NAND2_X1  | 0.042 | n668           |            |   1.399 | 0.081 |   4.808 | 
     | sub_reg[19]    |              | DFF_X1    | 0.042 | n668           |       SPEF |   1.399 | 0.000 |   4.808 | 
     +-------------------------------------------------------------------------------------------------------------+ 
Path 3: MET Setup Check with Pin sub_reg[99]/CK 
Endpoint:   sub_reg[99]/D         (v) checked with  leading edge of 'CLK'
Beginpoint: roundCounter_reg[5]/Q (v) triggered by  leading edge of 'CLK'
Path Groups: {CLK}
Analysis View: aes_av
Other End Arrival Time          0.000
- Setup                         0.168
+ Phase Shift                   5.000
= Required Time                 4.832
- Arrival Time                  4.805
= Slack Time                    0.027
     Clock Rise Edge                 0.000
     + Clock Network Latency (Ideal) 0.000
     = Beginpoint Arrival Time       0.000
     +-----------------------------------------------------------------------------------------------------------------------+ 
     |      Instance       |     Arc      |   Cell    |  Slew |         Net         |    Arc     |  Load   | Delay | Arrival | 
     |                     |              |           |       |                     | Annotation |         |       |  Time   | 
     |---------------------+--------------+-----------+-------+---------------------+------------+---------+-------+---------| 
     | roundCounter_reg[5] | CK ^         |           | 0.000 | clock               |            | 426.030 |       |   0.000 | 
     | roundCounter_reg[5] | CK ^ -> Q v  | DFF_X1    | 0.042 | roundCounter[5]     |            |  13.607 | 0.280 |   0.280 | 
     | C768                |              | OR2_X1    | 0.042 | roundCounter[5]     |       SPEF |  13.607 | 0.000 |   0.281 | 
     | C768                | A2 v -> ZN v | OR2_X1    | 0.029 | N10319              |            |   0.998 | 0.191 |   0.472 | 
     | C769                |              | OR2_X1    | 0.029 | N10319              |       SPEF |   0.998 | 0.000 |   0.472 | 
     | C769                | A2 v -> ZN v | OR2_X1    | 0.031 | N10320              |            |   1.660 | 0.190 |   0.661 | 
     | C770                |              | OR2_X1    | 0.031 | N10320              |       SPEF |   1.660 | 0.000 |   0.662 | 
     | C770                | A2 v -> ZN v | OR2_X1    | 0.029 | N10321              |            |   1.155 | 0.186 |   0.848 | 
     | C771                |              | OR2_X1    | 0.029 | N10321              |       SPEF |   1.155 | 0.000 |   0.848 | 
     | C771                | A2 v -> ZN v | OR2_X1    | 0.032 | N10322              |            |   1.935 | 0.192 |   1.040 | 
     | C772                |              | OR2_X2    | 0.032 | N10322              |       SPEF |   1.935 | 0.000 |   1.040 | 
     | C772                | A2 v -> ZN v | OR2_X2    | 0.043 | N10323              |            |  15.644 | 0.214 |   1.254 | 
     | I_7                 |              | INV_X4    | 0.043 | N10323              |       SPEF |  15.644 | 0.000 |   1.255 | 
     | I_7                 | A v -> ZN ^  | INV_X4    | 0.273 | N10324              |            | 132.174 | 0.304 |   1.559 | 
     | FE_OFC82_N10324     |              | CLKBUF_X3 | 0.274 | N10324              |       SPEF | 132.174 | 0.018 |   1.576 | 
     | FE_OFC82_N10324     | A ^ -> Z ^   | CLKBUF_X3 | 0.312 | FE_OFN82_N10324     |            | 114.832 | 0.481 |   2.057 | 
     | U1189               |              | AOI22_X1  | 0.313 | FE_OFN82_N10324     |       SPEF | 114.832 | 0.013 |   2.070 | 
     | U1189               | B2 ^ -> ZN v | AOI22_X1  | 0.105 | n903                |            |  14.152 | 0.233 |   2.304 | 
     | FE_OFC514_n903      |              | BUF_X2    | 0.106 | n903                |       SPEF |  14.152 | 0.003 |   2.306 | 
     | FE_OFC514_n903      | A v -> Z v   | BUF_X2    | 0.047 | FE_OFN92_n903       |            |  33.299 | 0.181 |   2.488 | 
     | FE_OFC517_n903      |              | INV_X1    | 0.047 | FE_OFN92_n903       |       SPEF |  33.299 | 0.005 |   2.493 | 
     | FE_OFC517_n903      | A v -> ZN ^  | INV_X1    | 0.163 | FE_OFN305_cipher_97 |            |  19.715 | 0.204 |   2.697 | 
     | FE_OFC518_n903      |              | INV_X1    | 0.163 | FE_OFN305_cipher_97 |       SPEF |  19.715 | 0.000 |   2.697 | 
     | FE_OFC518_n903      | A ^ -> ZN v  | INV_X1    | 0.086 | FE_OFN431_n903      |            |  32.678 | 0.182 |   2.879 | 
     | C27772              |              | AND2_X1   | 0.086 | FE_OFN431_n903      |       SPEF |  32.678 | 0.004 |   2.883 | 
     | C27772              | A1 v -> ZN v | AND2_X1   | 0.016 | N35535              |            |   0.875 | 0.130 |   3.013 | 
     | C27774              |              | OR2_X1    | 0.016 | N35535              |       SPEF |   0.875 | 0.000 |   3.013 | 
     | C27774              | A1 v -> ZN v | OR2_X1    | 0.047 | N35537              |            |   8.815 | 0.206 |   3.218 | 
     | C27889              |              | AND2_X1   | 0.047 | N35537              |       SPEF |   8.815 | 0.000 |   3.219 | 
     | C27889              | A2 v -> ZN v | AND2_X1   | 0.017 | N35650              |            |   1.075 | 0.116 |   3.334 | 
     | C27891              |              | OR2_X1    | 0.017 | N35650              |       SPEF |   1.075 | 0.000 |   3.334 | 
     | C27891              | A1 v -> ZN v | OR2_X1    | 0.029 | N35652              |            |   0.963 | 0.159 |   3.494 | 
     | C27893              |              | AND2_X1   | 0.029 | N35652              |       SPEF |   0.963 | 0.000 |   3.494 | 
     | C27893              | A2 v -> ZN v | AND2_X1   | 0.017 | N35654              |            |   1.140 | 0.105 |   3.598 | 
     | C27894              |              | OR2_X1    | 0.017 | N35654              |       SPEF |   1.140 | 0.000 |   3.598 | 
     | C27894              | A2 v -> ZN v | OR2_X1    | 0.031 | N35655              |            |   1.686 | 0.184 |   3.782 | 
     | C27896              |              | AND2_X1   | 0.031 | N35655              |       SPEF |   1.686 | 0.000 |   3.782 | 
     | C27896              | A2 v -> ZN v | AND2_X1   | 0.018 | N35657              |            |   1.005 | 0.105 |   3.887 | 
     | C27897              |              | OR2_X1    | 0.018 | N35657              |       SPEF |   1.005 | 0.000 |   3.887 | 
     | C27897              | A2 v -> ZN v | OR2_X1    | 0.030 | N35658              |            |   1.193 | 0.180 |   4.067 | 
     | C27899              |              | AND2_X1   | 0.030 | N35658              |       SPEF |   1.193 | 0.000 |   4.067 | 
     | C27899              | A2 v -> ZN v | AND2_X1   | 0.018 | N35660              |            |   1.545 | 0.108 |   4.175 | 
     | C27900              |              | OR2_X1    | 0.018 | N35660              |       SPEF |   1.545 | 0.000 |   4.175 | 
     | C27900              | A2 v -> ZN v | OR2_X1    | 0.034 | N35661              |            |   2.821 | 0.193 |   4.367 | 
     | U499                |              | AOI222_X1 | 0.034 | N35661              |       SPEF |   2.821 | 0.000 |   4.367 | 
     | U499                | C1 v -> ZN ^ | AOI222_X1 | 0.205 | n408                |            |   2.565 | 0.359 |   4.727 | 
     | U498                |              | NAND2_X1  | 0.205 | n408                |       SPEF |   2.565 | 0.000 |   4.727 | 
     | U498                | A2 ^ -> ZN v | NAND2_X1  | 0.037 | n648                |            |   1.517 | 0.078 |   4.805 | 
     | sub_reg[99]         |              | DFF_X1    | 0.037 | n648                |       SPEF |   1.517 | 0.000 |   4.805 | 
     +-----------------------------------------------------------------------------------------------------------------------+ 
Path 4: MET Setup Check with Pin sub_reg[91]/CK 
Endpoint:   sub_reg[91]/D (v) checked with  leading edge of 'CLK'
Beginpoint: sub_reg[55]/Q (^) triggered by  leading edge of 'CLK'
Path Groups: {CLK}
Analysis View: aes_av
Other End Arrival Time          0.000
- Setup                         0.171
+ Phase Shift                   5.000
= Required Time                 4.829
- Arrival Time                  4.797
= Slack Time                    0.032
     Clock Rise Edge                 0.000
     + Clock Network Latency (Ideal) 0.000
     = Beginpoint Arrival Time       0.000
     +-----------------------------------------------------------------------------------------------------------------------+ 
     |      Instance       |     Arc      |   Cell    |  Slew |         Net         |    Arc     |  Load   | Delay | Arrival | 
     |                     |              |           |       |                     | Annotation |         |       |  Time   | 
     |---------------------+--------------+-----------+-------+---------------------+------------+---------+-------+---------| 
     | sub_reg[55]         | CK ^         |           | 0.000 | clock               |            | 426.030 |       |   0.000 | 
     | sub_reg[55]         | CK ^ -> Q ^  | DFF_X1    | 0.235 | s1x2[0]2            |            |  28.144 | 0.503 |   0.503 | 
     | U907                |              | XOR2_X1   | 0.236 | s1x2[0]2            |       SPEF |  28.144 | 0.004 |   0.507 | 
     | U907                | A ^ -> Z ^   | XOR2_X1   | 0.086 | s1x2[3]2            |            |   2.028 | 0.219 |   0.726 | 
     | U1808               |              | INV_X1    | 0.086 | s1x2[3]2            |       SPEF |   2.028 | 0.000 |   0.727 | 
     | U1808               | A ^ -> ZN v  | INV_X1    | 0.023 | n1311               |            |   2.410 | 0.041 |   0.768 | 
     | U1748               |              | XOR2_X1   | 0.023 | n1311               |       SPEF |   2.410 | 0.000 |   0.768 | 
     | U1748               | A v -> Z v   | XOR2_X1   | 0.052 | n1372               |            |   5.294 | 0.197 |   0.966 | 
     | U267                |              | XOR2_X1   | 0.052 | n1372               |       SPEF |   5.294 | 0.000 |   0.966 | 
     | U267                | B v -> Z v   | XOR2_X1   | 0.062 | n190                |            |   2.496 | 0.219 |   1.185 | 
     | U266                |              | XOR2_X1   | 0.062 | n190                |       SPEF |   2.496 | 0.000 |   1.185 | 
     | U266                | B v -> Z v   | XOR2_X1   | 0.041 | s0o[3]2             |            |   1.665 | 0.220 |   1.405 | 
     | U944                |              | AOI22_X1  | 0.041 | s0o[3]2             |       SPEF |   1.665 | 0.000 |   1.405 | 
     | U944                | B2 v -> ZN ^ | AOI22_X1  | 0.120 | n780                |            |   3.302 | 0.211 |   1.616 | 
     | U943                |              | INV_X1    | 0.120 | n780                |       SPEF |   3.302 | 0.000 |   1.616 | 
     | U943                | A ^ -> ZN v  | INV_X1    | 0.034 | mix[91]             |            |   4.328 | 0.060 |   1.676 | 
     | C33559              |              | XOR2_X1   | 0.034 | mix[91]             |       SPEF |   4.328 | 0.000 |   1.676 | 
     | C33559              | A v -> Z v   | XOR2_X1   | 0.033 | N10489              |            |   1.697 | 0.185 |   1.861 | 
     | U1200               |              | AOI22_X1  | 0.033 | N10489              |       SPEF |   1.697 | 0.000 |   1.861 | 
     | U1200               | A1 v -> ZN ^ | AOI22_X1  | 0.414 | n909                |            |  19.794 | 0.474 |   2.335 | 
     | FE_OFC99_n909       |              | CLKBUF_X2 | 0.415 | n909                |       SPEF |  19.794 | 0.004 |   2.339 | 
     | FE_OFC99_n909       | A ^ -> Z ^   | CLKBUF_X2 | 0.342 | FE_OFN99_n909       |            |  83.237 | 0.516 |   2.855 | 
     | FE_DBTC133_n909     |              | INV_X2    | 0.342 | FE_OFN99_n909       |       SPEF |  83.237 | 0.013 |   2.867 | 
     | FE_DBTC133_n909     | A ^ -> ZN v  | INV_X2    | 0.148 | FE_OFN307_cipher_91 |            |  85.471 | 0.293 |   3.161 | 
     | FE_OFC307_cipher_91 |              | BUF_X2    | 0.148 | FE_OFN307_cipher_91 |       SPEF |  85.471 | 0.001 |   3.162 | 
     | FE_OFC307_cipher_91 | A v -> Z v   | BUF_X2    | 0.085 | cipher[91]          |            |  70.861 | 0.251 |   3.413 | 
     | C26353              |              | AND2_X1   | 0.085 | cipher[91]          |       SPEF |  70.861 | 0.008 |   3.421 | 
     | C26353              | A1 v -> ZN v | AND2_X1   | 0.016 | N34163              |            |   0.959 | 0.129 |   3.550 | 
     | C26354              |              | OR2_X1    | 0.016 | N34163              |       SPEF |   0.959 | 0.000 |   3.550 | 
     | C26354              | A2 v -> ZN v | OR2_X1    | 0.029 | N34164              |            |   1.052 | 0.178 |   3.728 | 
     | C26356              |              | AND2_X1   | 0.029 | N34164              |       SPEF |   1.052 | 0.000 |   3.728 | 
     | C26356              | A2 v -> ZN v | AND2_X1   | 0.017 | N34166              |            |   1.110 | 0.105 |   3.832 | 
     | C26357              |              | OR2_X1    | 0.017 | N34166              |       SPEF |   1.110 | 0.000 |   3.832 | 
     | C26357              | A2 v -> ZN v | OR2_X1    | 0.029 | N34167              |            |   1.141 | 0.179 |   4.011 | 
     | C26359              |              | AND2_X1   | 0.029 | N34167              |       SPEF |   1.141 | 0.000 |   4.011 | 
     | C26359              | A2 v -> ZN v | AND2_X1   | 0.017 | N34169              |            |   1.006 | 0.104 |   4.115 | 
     | C26360              |              | OR2_X1    | 0.017 | N34169              |       SPEF |   1.006 | 0.000 |   4.115 | 
     | C26360              | A2 v -> ZN v | OR2_X1    | 0.032 | N34170              |            |   2.030 | 0.186 |   4.301 | 
     | U475                |              | AOI222_X1 | 0.032 | N34170              |       SPEF |   2.030 | 0.000 |   4.302 | 
     | U475                | C1 v -> ZN ^ | AOI222_X1 | 0.255 | n392                |            |   4.293 | 0.413 |   4.715 | 
     | U474                |              | NAND2_X1  | 0.255 | n392                |       SPEF |   4.293 | 0.000 |   4.715 | 
     | U474                | A2 ^ -> ZN v | NAND2_X1  | 0.043 | n640                |            |   1.385 | 0.081 |   4.797 | 
     | sub_reg[91]         |              | DFF_X1    | 0.043 | n640                |       SPEF |   1.385 | 0.000 |   4.797 | 
     +-----------------------------------------------------------------------------------------------------------------------+ 
Path 5: MET Setup Check with Pin sub_reg[92]/CK 
Endpoint:   sub_reg[92]/D (v) checked with  leading edge of 'CLK'
Beginpoint: sub_reg[55]/Q (^) triggered by  leading edge of 'CLK'
Path Groups: {CLK}
Analysis View: aes_av
Other End Arrival Time          0.000
- Setup                         0.170
+ Phase Shift                   5.000
= Required Time                 4.830
- Arrival Time                  4.797
= Slack Time                    0.032
     Clock Rise Edge                 0.000
     + Clock Network Latency (Ideal) 0.000
     = Beginpoint Arrival Time       0.000
     +-----------------------------------------------------------------------------------------------------------------------+ 
     |      Instance       |     Arc      |   Cell    |  Slew |         Net         |    Arc     |  Load   | Delay | Arrival | 
     |                     |              |           |       |                     | Annotation |         |       |  Time   | 
     |---------------------+--------------+-----------+-------+---------------------+------------+---------+-------+---------| 
     | sub_reg[55]         | CK ^         |           | 0.000 | clock               |            | 426.030 |       |   0.000 | 
     | sub_reg[55]         | CK ^ -> Q ^  | DFF_X1    | 0.235 | s1x2[0]2            |            |  28.144 | 0.503 |   0.503 | 
     | U907                |              | XOR2_X1   | 0.236 | s1x2[0]2            |       SPEF |  28.144 | 0.004 |   0.507 | 
     | U907                | A ^ -> Z ^   | XOR2_X1   | 0.086 | s1x2[3]2            |            |   2.028 | 0.219 |   0.726 | 
     | U1808               |              | INV_X1    | 0.086 | s1x2[3]2            |       SPEF |   2.028 | 0.000 |   0.727 | 
     | U1808               | A ^ -> ZN v  | INV_X1    | 0.023 | n1311               |            |   2.410 | 0.041 |   0.768 | 
     | U1748               |              | XOR2_X1   | 0.023 | n1311               |       SPEF |   2.410 | 0.000 |   0.768 | 
     | U1748               | A v -> Z v   | XOR2_X1   | 0.052 | n1372               |            |   5.294 | 0.197 |   0.966 | 
     | U267                |              | XOR2_X1   | 0.052 | n1372               |       SPEF |   5.294 | 0.000 |   0.966 | 
     | U267                | B v -> Z v   | XOR2_X1   | 0.062 | n190                |            |   2.496 | 0.219 |   1.185 | 
     | U266                |              | XOR2_X1   | 0.062 | n190                |       SPEF |   2.496 | 0.000 |   1.185 | 
     | U266                | B v -> Z v   | XOR2_X1   | 0.041 | s0o[3]2             |            |   1.665 | 0.220 |   1.405 | 
     | U944                |              | AOI22_X1  | 0.041 | s0o[3]2             |       SPEF |   1.665 | 0.000 |   1.405 | 
     | U944                | B2 v -> ZN ^ | AOI22_X1  | 0.120 | n780                |            |   3.302 | 0.211 |   1.616 | 
     | U943                |              | INV_X1    | 0.120 | n780                |       SPEF |   3.302 | 0.000 |   1.616 | 
     | U943                | A ^ -> ZN v  | INV_X1    | 0.034 | mix[91]             |            |   4.328 | 0.060 |   1.676 | 
     | C33559              |              | XOR2_X1   | 0.034 | mix[91]             |       SPEF |   4.328 | 0.000 |   1.676 | 
     | C33559              | A v -> Z v   | XOR2_X1   | 0.033 | N10489              |            |   1.697 | 0.185 |   1.861 | 
     | U1200               |              | AOI22_X1  | 0.033 | N10489              |       SPEF |   1.697 | 0.000 |   1.861 | 
     | U1200               | A1 v -> ZN ^ | AOI22_X1  | 0.414 | n909                |            |  19.794 | 0.474 |   2.335 | 
     | FE_OFC99_n909       |              | CLKBUF_X2 | 0.415 | n909                |       SPEF |  19.794 | 0.004 |   2.339 | 
     | FE_OFC99_n909       | A ^ -> Z ^   | CLKBUF_X2 | 0.342 | FE_OFN99_n909       |            |  83.237 | 0.516 |   2.855 | 
     | FE_DBTC133_n909     |              | INV_X2    | 0.342 | FE_OFN99_n909       |       SPEF |  83.237 | 0.013 |   2.867 | 
     | FE_DBTC133_n909     | A ^ -> ZN v  | INV_X2    | 0.148 | FE_OFN307_cipher_91 |            |  85.471 | 0.293 |   3.161 | 
     | FE_OFC307_cipher_91 |              | BUF_X2    | 0.148 | FE_OFN307_cipher_91 |       SPEF |  85.471 | 0.001 |   3.162 | 
     | FE_OFC307_cipher_91 | A v -> Z v   | BUF_X2    | 0.085 | cipher[91]          |            |  70.861 | 0.251 |   3.413 | 
     | C26548              |              | AND2_X1   | 0.085 | cipher[91]          |       SPEF |  70.861 | 0.007 |   3.420 | 
     | C26548              | A1 v -> ZN v | AND2_X1   | 0.016 | N34352              |            |   0.956 | 0.129 |   3.549 | 
     | C26549              |              | OR2_X1    | 0.016 | N34352              |       SPEF |   0.956 | 0.000 |   3.549 | 
     | C26549              | A2 v -> ZN v | OR2_X1    | 0.029 | N34353              |            |   1.063 | 0.178 |   3.727 | 
     | C26551              |              | AND2_X1   | 0.029 | N34353              |       SPEF |   1.063 | 0.000 |   3.727 | 
     | C26551              | A2 v -> ZN v | AND2_X1   | 0.017 | N34355              |            |   1.107 | 0.105 |   3.832 | 
     | C26552              |              | OR2_X1    | 0.017 | N34355              |       SPEF |   1.107 | 0.000 |   3.832 | 
     | C26552              | A2 v -> ZN v | OR2_X1    | 0.031 | N34356              |            |   1.544 | 0.182 |   4.014 | 
     | C26554              |              | AND2_X1   | 0.031 | N34356              |       SPEF |   1.544 | 0.000 |   4.014 | 
     | C26554              | A2 v -> ZN v | AND2_X1   | 0.017 | N34358              |            |   1.238 | 0.106 |   4.120 | 
     | C26555              |              | OR2_X1    | 0.017 | N34358              |       SPEF |   1.238 | 0.000 |   4.120 | 
     | C26555              | A2 v -> ZN v | OR2_X1    | 0.034 | N34359              |            |   2.892 | 0.193 |   4.313 | 
     | U472                |              | AOI222_X1 | 0.034 | N34359              |       SPEF |   2.892 | 0.000 |   4.313 | 
     | U472                | C1 v -> ZN ^ | AOI222_X1 | 0.247 | n390                |            |   4.020 | 0.406 |   4.719 | 
     | U471                |              | NAND2_X1  | 0.247 | n390                |       SPEF |   4.020 | 0.000 |   4.719 | 
     | U471                | A2 ^ -> ZN v | NAND2_X1  | 0.041 | n639                |            |   1.211 | 0.078 |   4.797 | 
     | sub_reg[92]         |              | DFF_X1    | 0.041 | n639                |       SPEF |   1.211 | 0.000 |   4.797 | 
     +-----------------------------------------------------------------------------------------------------------------------+ 
Path 6: MET Setup Check with Pin sub_reg[53]/CK 
Endpoint:   sub_reg[53]/D         (v) checked with  leading edge of 'CLK'
Beginpoint: roundCounter_reg[2]/Q (^) triggered by  leading edge of 'CLK'
Path Groups: {CLK}
Analysis View: aes_av
Other End Arrival Time          0.000
- Setup                         0.170
+ Phase Shift                   5.000
= Required Time                 4.830
- Arrival Time                  4.794
= Slack Time                    0.036
     Clock Rise Edge                 0.000
     + Clock Network Latency (Ideal) 0.000
     = Beginpoint Arrival Time       0.000
     +----------------------------------------------------------------------------------------------------------------------------+ 
     |      Instance       |     Arc      |   Cell    |  Slew |           Net            |    Arc     |  Load   | Delay | Arrival | 
     |                     |              |           |       |                          | Annotation |         |       |  Time   | 
     |---------------------+--------------+-----------+-------+--------------------------+------------+---------+-------+---------| 
     | roundCounter_reg[2] | CK ^         |           | 0.000 | clock                    |            | 426.030 |       |   0.000 | 
     | roundCounter_reg[2] | CK ^ -> Q ^  | DFF_X1    | 0.185 | roundCounter[2]          |            |  22.644 | 0.455 |   0.455 | 
     | FE_RC_1_0           |              | OR2_X2    | 0.185 | roundCounter[2]          |       SPEF |  22.644 | 0.001 |   0.456 | 
     | FE_RC_1_0           | A1 ^ -> ZN ^ | OR2_X2    | 0.030 | FE_RN_0_0                |            |   4.409 | 0.120 |   0.576 | 
     | FE_RC_0_0           |              | OR2_X4    | 0.030 | FE_RN_0_0                |       SPEF |   4.409 | 0.000 |   0.576 | 
     | FE_RC_0_0           | A1 ^ -> ZN ^ | OR2_X4    | 0.278 | N11079                   |            | 132.110 | 0.310 |   0.886 | 
     | FE_OFC389_N11079    |              | INV_X2    | 0.278 | N11079                   |       SPEF | 132.110 | 0.030 |   0.915 | 
     | FE_OFC389_N11079    | A ^ -> ZN v  | INV_X2    | 0.095 | FE_OFN78_FE_DBTN0_N11079 |            |  37.528 | 0.180 |   1.096 | 
     | FE_OFC390_N11079    |              | BUF_X8    | 0.095 | FE_OFN78_FE_DBTN0_N11079 |       SPEF |  37.528 | 0.000 |   1.096 | 
     | FE_OFC390_N11079    | A v -> Z v   | BUF_X8    | 0.042 | FE_OFN385_N11079         |            | 113.012 | 0.156 |   1.252 | 
     | U1038               |              | AOI22_X1  | 0.043 | FE_OFN385_N11079         |       SPEF | 113.012 | 0.004 |   1.257 | 
     | U1038               | B2 v -> ZN ^ | AOI22_X1  | 0.111 | n827                     |            |   2.796 | 0.202 |   1.459 | 
     | FE_OFC797_n827      |              | INV_X1    | 0.111 | n827                     |       SPEF |   2.796 | 0.000 |   1.459 | 
     | FE_OFC797_n827      | A ^ -> ZN v  | INV_X1    | 0.036 | mix[49]                  |            |   6.190 | 0.068 |   1.527 | 
     | C33601              |              | XOR2_X1   | 0.036 | mix[49]                  |       SPEF |   6.190 | 0.001 |   1.528 | 
     | C33601              | A v -> Z v   | XOR2_X1   | 0.034 | N10531                   |            |   2.074 | 0.188 |   1.716 | 
     | U1288               |              | AOI22_X1  | 0.034 | N10531                   |       SPEF |   2.074 | 0.000 |   1.716 | 
     | U1288               | A1 v -> ZN ^ | AOI22_X1  | 0.345 | n956                     |            |  16.067 | 0.397 |   2.113 | 
     | FE_OFC631_n956      |              | INV_X1    | 0.345 | n956                     |       SPEF |  16.067 | 0.002 |   2.115 | 
     | FE_OFC631_n956      | A ^ -> ZN v  | INV_X1    | 0.080 | FE_OFN171_n956           |            |   5.538 | 0.097 |   2.212 | 
     | FE_OFC633_n956      |              | INV_X2    | 0.080 | FE_OFN171_n956           |       SPEF |   5.538 | 0.000 |   2.212 | 
     | FE_OFC633_n956      | A v -> ZN ^  | INV_X2    | 0.252 | FE_OFN345_cipher_49      |            |  61.427 | 0.311 |   2.523 | 
     | FE_OFC635_n956      |              | INV_X2    | 0.252 | FE_OFN345_cipher_49      |       SPEF |  61.427 | 0.010 |   2.533 | 
     | FE_OFC635_n956      | A ^ -> ZN v  | INV_X2    | 0.116 | cipher[49]               |            |  73.352 | 0.231 |   2.764 | 
     | C18906              |              | AND2_X1   | 0.116 | cipher[49]               |       SPEF |  73.352 | 0.012 |   2.776 | 
     | C18906              | A1 v -> ZN v | AND2_X1   | 0.017 | N26952                   |            |   0.956 | 0.147 |   2.924 | 
     | C18907              |              | OR2_X1    | 0.017 | N26952                   |       SPEF |   0.956 | 0.000 |   2.924 | 
     | C18907              | A2 v -> ZN v | OR2_X1    | 0.049 | N26953                   |            |   9.362 | 0.226 |   3.150 | 
     | C19035              |              | AND2_X1   | 0.049 | N26953                   |       SPEF |   9.362 | 0.000 |   3.150 | 
     | C19035              | A2 v -> ZN v | AND2_X1   | 0.017 | N27077                   |            |   1.087 | 0.116 |   3.266 | 
     | C19036              |              | OR2_X1    | 0.017 | N27077                   |       SPEF |   1.087 | 0.000 |   3.266 | 
     | C19036              | A2 v -> ZN v | OR2_X1    | 0.029 | N27078                   |            |   1.176 | 0.179 |   3.445 | 
     | C19038              |              | AND2_X1   | 0.029 | N27078                   |       SPEF |   1.176 | 0.000 |   3.445 | 
     | C19038              | A2 v -> ZN v | AND2_X1   | 0.017 | N27080                   |            |   1.189 | 0.105 |   3.551 | 
     | C19039              |              | OR2_X1    | 0.017 | N27080                   |       SPEF |   1.189 | 0.000 |   3.551 | 
     | C19039              | A2 v -> ZN v | OR2_X1    | 0.031 | N27081                   |            |   1.763 | 0.184 |   3.735 | 
     | C19041              |              | AND2_X1   | 0.031 | N27081                   |       SPEF |   1.763 | 0.000 |   3.735 | 
     | C19041              | A2 v -> ZN v | AND2_X1   | 0.019 | N27083                   |            |   1.142 | 0.106 |   3.841 | 
     | C19042              |              | OR2_X1    | 0.019 | N27083                   |       SPEF |   1.142 | 0.000 |   3.841 | 
     | C19042              | A2 v -> ZN v | OR2_X1    | 0.029 | N27084                   |            |   1.130 | 0.180 |   4.021 | 
     | C19044              |              | AND2_X1   | 0.029 | N27084                   |       SPEF |   1.130 | 0.000 |   4.021 | 
     | C19044              | A2 v -> ZN v | AND2_X1   | 0.017 | N27086                   |            |   1.092 | 0.105 |   4.126 | 
     | C19045              |              | OR2_X1    | 0.017 | N27086                   |       SPEF |   1.092 | 0.000 |   4.126 | 
     | C19045              | A2 v -> ZN v | OR2_X1    | 0.032 | N27087                   |            |   2.279 | 0.188 |   4.314 | 
     | U445                |              | AOI222_X1 | 0.032 | N27087                   |       SPEF |   2.279 | 0.000 |   4.314 | 
     | U445                | C1 v -> ZN ^ | AOI222_X1 | 0.243 | n372                     |            |   3.903 | 0.401 |   4.715 | 
     | U444                |              | NAND2_X1  | 0.243 | n372                     |       SPEF |   3.903 | 0.000 |   4.716 | 
     | U444                | A2 ^ -> ZN v | NAND2_X1  | 0.041 | n630                     |            |   1.276 | 0.079 |   4.794 | 
     | sub_reg[53]         |              | DFF_X1    | 0.041 | n630                     |       SPEF |   1.276 | 0.000 |   4.794 | 
     +----------------------------------------------------------------------------------------------------------------------------+ 
Path 7: MET Setup Check with Pin w_reg[3][10]/CK 
Endpoint:   w_reg[3][10]/D (v) checked with  leading edge of 'CLK'
Beginpoint: w_reg[3][1]/Q  (^) triggered by  leading edge of 'CLK'
Path Groups: {CLK}
Analysis View: aes_av
Other End Arrival Time          0.000
- Setup                         0.167
+ Phase Shift                   5.000
= Required Time                 4.833
- Arrival Time                  4.798
= Slack Time                    0.036
     Clock Rise Edge                 0.000
     + Clock Network Latency (Ideal) 0.000
     = Beginpoint Arrival Time       0.000
     +-------------------------------------------------------------------------------------------------------------------------------+ 
     |        Instance         |     Arc      |   Cell    |  Slew |           Net           |    Arc     |  Load   | Delay | Arrival | 
     |                         |              |           |       |                         | Annotation |         |       |  Time   | 
     |-------------------------+--------------+-----------+-------+-------------------------+------------+---------+-------+---------| 
     | w_reg[3][1]             | CK ^         |           | 0.000 | clock                   |            | 426.030 |       |   0.000 | 
     | w_reg[3][1]             | CK ^ -> Q ^  | DFF_X1    | 0.192 | w[3][1]                 |            |  22.688 | 0.461 |   0.461 | 
     | FE_OFC47_w_3__1         |              | BUF_X2    | 0.192 | w[3][1]                 |       SPEF |  22.688 | 0.001 |   0.462 | 
     | FE_OFC47_w_3__1         | A ^ -> Z ^   | BUF_X2    | 0.344 | FE_OFN47_w_3__1         |            |  82.592 | 0.426 |   0.889 | 
     | FE_OFC48_w_3__1         |              | BUF_X1    | 0.345 | FE_OFN47_w_3__1         |       SPEF |  82.592 | 0.025 |   0.914 | 
     | FE_OFC48_w_3__1         | A ^ -> Z ^   | BUF_X1    | 0.324 | FE_OFN48_w_3__1         |            |  40.050 | 0.452 |   1.366 | 
     | FE_DBTC1_w_3_1          |              | INV_X1    | 0.325 | FE_OFN48_w_3__1         |       SPEF |  40.050 | 0.004 |   1.370 | 
     | FE_DBTC1_w_3_1          | A ^ -> ZN v  | INV_X1    | 0.142 | FE_DBTN1_w_3_1          |            |  41.774 | 0.285 |   1.654 | 
     | FE_OFC77_FE_DBTN1_w_3_1 |              | CLKBUF_X2 | 0.142 | FE_DBTN1_w_3_1          |       SPEF |  41.774 | 0.000 |   1.655 | 
     | FE_OFC77_FE_DBTN1_w_3_1 | A v -> Z v   | CLKBUF_X2 | 0.160 | FE_OFN77_FE_DBTN1_w_3_1 |            |  64.440 | 0.316 |   1.971 | 
     | C4456                   |              | AND2_X1   | 0.161 | FE_OFN77_FE_DBTN1_w_3_1 |       SPEF |  64.440 | 0.003 |   1.975 | 
     | C4456                   | A1 v -> ZN v | AND2_X1   | 0.020 | N12961                  |            |   0.855 | 0.170 |   2.144 | 
     | C4458                   |              | OR2_X1    | 0.020 | N12961                  |       SPEF |   0.855 | 0.000 |   2.144 | 
     | C4458                   | A1 v -> ZN v | OR2_X1    | 0.044 | N12963                  |            |   7.343 | 0.201 |   2.345 | 
     | C4582                   |              | AND2_X1   | 0.044 | N12963                  |       SPEF |   7.343 | 0.000 |   2.345 | 
     | C4582                   | A2 v -> ZN v | AND2_X1   | 0.019 | N13083                  |            |   1.225 | 0.115 |   2.459 | 
     | C4583                   |              | OR2_X1    | 0.019 | N13083                  |       SPEF |   1.225 | 0.000 |   2.459 | 
     | C4583                   | A2 v -> ZN v | OR2_X1    | 0.031 | N13084                  |            |   1.623 | 0.184 |   2.643 | 
     | C4585                   |              | AND2_X1   | 0.031 | N13084                  |       SPEF |   1.623 | 0.000 |   2.644 | 
     | C4585                   | A2 v -> ZN v | AND2_X1   | 0.017 | N13086                  |            |   1.121 | 0.106 |   2.749 | 
     | C4586                   |              | OR2_X1    | 0.017 | N13086                  |       SPEF |   1.121 | 0.000 |   2.749 | 
     | C4586                   | A2 v -> ZN v | OR2_X1    | 0.029 | N13087                  |            |   0.953 | 0.177 |   2.926 | 
     | C4598                   |              | AND2_X1   | 0.029 | N13087                  |       SPEF |   0.953 | 0.000 |   2.926 | 
     | C4598                   | A2 v -> ZN v | AND2_X1   | 0.018 | N13099                  |            |   0.851 | 0.103 |   3.029 | 
     | C4600                   |              | OR2_X1    | 0.018 | N13099                  |       SPEF |   0.851 | 0.000 |   3.029 | 
     | C4600                   | A1 v -> ZN v | OR2_X1    | 0.029 | N13101                  |            |   1.173 | 0.162 |   3.191 | 
     | C4602                   |              | AND2_X1   | 0.029 | N13101                  |       SPEF |   1.173 | 0.000 |   3.191 | 
     | C4602                   | A2 v -> ZN v | AND2_X1   | 0.022 | N13103                  |            |   2.152 | 0.111 |   3.302 | 
     | C4603                   |              | OR2_X1    | 0.022 | N13103                  |       SPEF |   2.152 | 0.000 |   3.302 | 
     | C4603                   | A2 v -> ZN v | OR2_X1    | 0.029 | N13104                  |            |   1.100 | 0.181 |   3.484 | 
     | C4646                   |              | AND2_X1   | 0.029 | N13104                  |       SPEF |   1.100 | 0.000 |   3.484 | 
     | C4646                   | A2 v -> ZN v | AND2_X1   | 0.016 | N13147                  |            |   0.853 | 0.103 |   3.587 | 
     | C4648                   |              | OR2_X1    | 0.016 | N13147                  |       SPEF |   0.853 | 0.000 |   3.587 | 
     | C4648                   | A1 v -> ZN v | OR2_X1    | 0.029 | N13149                  |            |   1.159 | 0.161 |   3.748 | 
     | C4650                   |              | AND2_X1   | 0.029 | N13149                  |       SPEF |   1.159 | 0.000 |   3.748 | 
     | C4650                   | A2 v -> ZN v | AND2_X1   | 0.016 | N13151                  |            |   0.965 | 0.104 |   3.852 | 
     | C4651                   |              | OR2_X1    | 0.016 | N13151                  |       SPEF |   0.965 | 0.000 |   3.852 | 
     | C4651                   | A2 v -> ZN v | OR2_X1    | 0.040 | subRotW[10]             |            |   5.465 | 0.207 |   4.059 | 
     | U874                    |              | NAND2_X1  | 0.040 | subRotW[10]             |       SPEF |   5.465 | 0.001 |   4.060 | 
     | U874                    | A1 v -> ZN ^ | NAND2_X1  | 0.049 | n767                    |            |   3.451 | 0.072 |   4.132 | 
     | U873                    |              | OAI21_X1  | 0.049 | n767                    |       SPEF |   3.451 | 0.000 |   4.133 | 
     | U873                    | A ^ -> ZN v  | OAI21_X1  | 0.070 | temp[10]                |            |   2.553 | 0.062 |   4.194 | 
     | C33372                  |              | XOR2_X1   | 0.070 | temp[10]                |       SPEF |   2.553 | 0.000 |   4.194 | 
     | C33372                  | B v -> Z v   | XOR2_X1   | 0.049 | N10148                  |            |   1.732 | 0.225 |   4.419 | 
     | U1666                   |              | AOI22_X1  | 0.049 | N10148                  |       SPEF |   1.732 | 0.000 |   4.419 | 
     | U1666                   | A1 v -> ZN ^ | AOI22_X1  | 0.094 | n1147                   |            |   1.856 | 0.128 |   4.547 | 
     | U1665                   |              | INV_X1    | 0.094 | n1147                   |       SPEF |   1.856 | 0.000 |   4.547 | 
     | U1665                   | A ^ -> ZN v  | INV_X1    | 0.022 | N10171                  |            |   1.401 | 0.034 |   4.582 | 
     | U1835                   |              | MUX2_X1   | 0.022 | N10171                  |       SPEF |   1.401 | 0.000 |   4.582 | 
     | U1835                   | B v -> Z v   | MUX2_X1   | 0.034 | n1281                   |            |   1.194 | 0.216 |   4.798 | 
     | w_reg[3][10]            |              | DFF_X1    | 0.034 | n1281                   |       SPEF |   1.194 | 0.000 |   4.798 | 
     +-------------------------------------------------------------------------------------------------------------------------------+ 
Path 8: MET Setup Check with Pin sub_reg[6]/CK 
Endpoint:   sub_reg[6]/D          (v) checked with  leading edge of 'CLK'
Beginpoint: roundCounter_reg[2]/Q (^) triggered by  leading edge of 'CLK'
Path Groups: {CLK}
Analysis View: aes_av
Other End Arrival Time          0.000
- Setup                         0.166
+ Phase Shift                   5.000
= Required Time                 4.834
- Arrival Time                  4.797
= Slack Time                    0.037
     Clock Rise Edge                 0.000
     + Clock Network Latency (Ideal) 0.000
     = Beginpoint Arrival Time       0.000
     +----------------------------------------------------------------------------------------------------------------------------+ 
     |      Instance       |     Arc      |   Cell    |  Slew |           Net            |    Arc     |  Load   | Delay | Arrival | 
     |                     |              |           |       |                          | Annotation |         |       |  Time   | 
     |---------------------+--------------+-----------+-------+--------------------------+------------+---------+-------+---------| 
     | roundCounter_reg[2] | CK ^         |           | 0.000 | clock                    |            | 426.030 |       |   0.000 | 
     | roundCounter_reg[2] | CK ^ -> Q ^  | DFF_X1    | 0.185 | roundCounter[2]          |            |  22.644 | 0.455 |   0.455 | 
     | FE_RC_1_0           |              | OR2_X2    | 0.185 | roundCounter[2]          |       SPEF |  22.644 | 0.001 |   0.456 | 
     | FE_RC_1_0           | A1 ^ -> ZN ^ | OR2_X2    | 0.030 | FE_RN_0_0                |            |   4.409 | 0.120 |   0.576 | 
     | FE_RC_0_0           |              | OR2_X4    | 0.030 | FE_RN_0_0                |       SPEF |   4.409 | 0.000 |   0.576 | 
     | FE_RC_0_0           | A1 ^ -> ZN ^ | OR2_X4    | 0.278 | N11079                   |            | 132.110 | 0.310 |   0.886 | 
     | FE_OFC388_N11079    |              | INV_X2    | 0.278 | N11079                   |       SPEF | 132.110 | 0.031 |   0.917 | 
     | FE_OFC388_N11079    | A ^ -> ZN v  | INV_X2    | 0.110 | FE_OFN79_FE_DBTN0_N11079 |            |  55.581 | 0.216 |   1.133 | 
     | U1180               |              | AOI22_X1  | 0.110 | FE_OFN79_FE_DBTN0_N11079 |       SPEF |  55.581 | 0.001 |   1.134 | 
     | U1180               | A2 v -> ZN ^ | AOI22_X1  | 0.115 | n898                     |            |   2.997 | 0.203 |   1.337 | 
     | U1179               |              | INV_X1    | 0.115 | n898                     |       SPEF |   2.997 | 0.000 |   1.337 | 
     | U1179               | A ^ -> ZN v  | INV_X1    | 0.040 | mix[0]                   |            |   8.428 | 0.080 |   1.416 | 
     | C33650              |              | XOR2_X1   | 0.040 | mix[0]                   |       SPEF |   8.428 | 0.001 |   1.417 | 
     | C33650              | A v -> Z v   | XOR2_X1   | 0.034 | N10580                   |            |   1.892 | 0.189 |   1.606 | 
     | U1421               |              | AOI22_X1  | 0.034 | N10580                   |       SPEF |   1.892 | 0.000 |   1.607 | 
     | U1421               | A1 v -> ZN ^ | AOI22_X1  | 0.232 | n1027                    |            |   9.573 | 0.274 |   1.881 | 
     | FE_OFC281_n1027     |              | CLKBUF_X3 | 0.233 | n1027                    |       SPEF |   9.573 | 0.002 |   1.883 | 
     | FE_OFC281_n1027     | A ^ -> Z ^   | CLKBUF_X3 | 0.259 | FE_OFN281_n1027          |            |  94.443 | 0.414 |   2.297 | 
     | U2130               |              | INV_X2    | 0.259 | FE_OFN281_n1027          |       SPEF |  94.443 | 0.010 |   2.307 | 
     | U2130               | A ^ -> ZN v  | INV_X2    | 0.112 | cipher[0]                |            |  63.016 | 0.215 |   2.522 | 
     | FE_OFC384_cipher_0  |              | CLKBUF_X2 | 0.112 | cipher[0]                |       SPEF |  63.016 | 0.002 |   2.524 | 
     | FE_OFC384_cipher_0  | A v -> Z v   | CLKBUF_X2 | 0.161 | FE_OFN384_cipher_0       |            |  65.210 | 0.306 |   2.829 | 
     | C9858               |              | AND2_X1   | 0.161 | FE_OFN384_cipher_0       |       SPEF |  65.210 | 0.004 |   2.833 | 
     | C9858               | A2 v -> ZN v | AND2_X1   | 0.020 | N18189                   |            |   1.079 | 0.182 |   3.015 | 
     | C9859               |              | OR2_X1    | 0.020 | N18189                   |       SPEF |   1.079 | 0.000 |   3.015 | 
     | C9859               | A2 v -> ZN v | OR2_X1    | 0.055 | N18190                   |            |  12.562 | 0.240 |   3.255 | 
     | C9966               |              | AND2_X1   | 0.055 | N18190                   |       SPEF |  12.562 | 0.000 |   3.256 | 
     | C9966               | A2 v -> ZN v | AND2_X1   | 0.016 | N18296                   |            |   0.970 | 0.120 |   3.375 | 
     | C9967               |              | OR2_X1    | 0.016 | N18296                   |       SPEF |   0.970 | 0.000 |   3.375 | 
     | C9967               | A2 v -> ZN v | OR2_X1    | 0.029 | N18297                   |            |   1.151 | 0.179 |   3.554 | 
     | C9969               |              | AND2_X1   | 0.029 | N18297                   |       SPEF |   1.151 | 0.000 |   3.554 | 
     | C9969               | A2 v -> ZN v | AND2_X1   | 0.017 | N18299                   |            |   0.970 | 0.104 |   3.658 | 
     | C9970               |              | OR2_X1    | 0.017 | N18299                   |       SPEF |   0.970 | 0.000 |   3.658 | 
     | C9970               | A2 v -> ZN v | OR2_X1    | 0.029 | N18300                   |            |   1.077 | 0.178 |   3.836 | 
     | C9972               |              | AND2_X1   | 0.029 | N18300                   |       SPEF |   1.077 | 0.000 |   3.836 | 
     | C9972               | A2 v -> ZN v | AND2_X1   | 0.019 | N18302                   |            |   1.314 | 0.106 |   3.942 | 
     | C9973               |              | OR2_X1    | 0.019 | N18302                   |       SPEF |   1.314 | 0.000 |   3.942 | 
     | C9973               | A2 v -> ZN v | OR2_X1    | 0.030 | N18303                   |            |   1.227 | 0.180 |   4.123 | 
     | C9995               |              | AND2_X1   | 0.030 | N18303                   |       SPEF |   1.227 | 0.000 |   4.123 | 
     | C9995               | A2 v -> ZN v | AND2_X1   | 0.017 | N18324                   |            |   0.858 | 0.104 |   4.227 | 
     | C9997               |              | OR2_X1    | 0.017 | N18324                   |       SPEF |   0.858 | 0.000 |   4.227 | 
     | C9997               | A1 v -> ZN v | OR2_X1    | 0.031 | N18326                   |            |   1.756 | 0.166 |   4.393 | 
     | U403                |              | AOI222_X1 | 0.031 | N18326                   |       SPEF |   1.756 | 0.000 |   4.393 | 
     | U403                | C1 v -> ZN ^ | AOI222_X1 | 0.183 | n344                     |            |   1.809 | 0.333 |   4.726 | 
     | U402                |              | NAND2_X1  | 0.183 | n344                     |       SPEF |   1.809 | 0.000 |   4.726 | 
     | U402                | A2 ^ -> ZN v | NAND2_X1  | 0.033 | n616                     |            |   1.181 | 0.071 |   4.797 | 
     | sub_reg[6]          |              | DFF_X1    | 0.033 | n616                     |       SPEF |   1.181 | 0.000 |   4.797 | 
     +----------------------------------------------------------------------------------------------------------------------------+ 
Path 9: MET Setup Check with Pin sub_reg[1]/CK 
Endpoint:   sub_reg[1]/D          (v) checked with  leading edge of 'CLK'
Beginpoint: roundCounter_reg[2]/Q (^) triggered by  leading edge of 'CLK'
Path Groups: {CLK}
Analysis View: aes_av
Other End Arrival Time          0.000
- Setup                         0.168
+ Phase Shift                   5.000
= Required Time                 4.832
- Arrival Time                  4.792
= Slack Time                    0.040
     Clock Rise Edge                 0.000
     + Clock Network Latency (Ideal) 0.000
     = Beginpoint Arrival Time       0.000
     +----------------------------------------------------------------------------------------------------------------------------+ 
     |      Instance       |     Arc      |   Cell    |  Slew |           Net            |    Arc     |  Load   | Delay | Arrival | 
     |                     |              |           |       |                          | Annotation |         |       |  Time   | 
     |---------------------+--------------+-----------+-------+--------------------------+------------+---------+-------+---------| 
     | roundCounter_reg[2] | CK ^         |           | 0.000 | clock                    |            | 426.030 |       |   0.000 | 
     | roundCounter_reg[2] | CK ^ -> Q ^  | DFF_X1    | 0.185 | roundCounter[2]          |            |  22.644 | 0.455 |   0.455 | 
     | FE_RC_1_0           |              | OR2_X2    | 0.185 | roundCounter[2]          |       SPEF |  22.644 | 0.001 |   0.456 | 
     | FE_RC_1_0           | A1 ^ -> ZN ^ | OR2_X2    | 0.030 | FE_RN_0_0                |            |   4.409 | 0.120 |   0.576 | 
     | FE_RC_0_0           |              | OR2_X4    | 0.030 | FE_RN_0_0                |       SPEF |   4.409 | 0.000 |   0.576 | 
     | FE_RC_0_0           | A1 ^ -> ZN ^ | OR2_X4    | 0.278 | N11079                   |            | 132.110 | 0.310 |   0.886 | 
     | FE_OFC388_N11079    |              | INV_X2    | 0.278 | N11079                   |       SPEF | 132.110 | 0.031 |   0.917 | 
     | FE_OFC388_N11079    | A ^ -> ZN v  | INV_X2    | 0.110 | FE_OFN79_FE_DBTN0_N11079 |            |  55.581 | 0.216 |   1.133 | 
     | U1180               |              | AOI22_X1  | 0.110 | FE_OFN79_FE_DBTN0_N11079 |       SPEF |  55.581 | 0.001 |   1.134 | 
     | U1180               | A2 v -> ZN ^ | AOI22_X1  | 0.115 | n898                     |            |   2.997 | 0.203 |   1.337 | 
     | U1179               |              | INV_X1    | 0.115 | n898                     |       SPEF |   2.997 | 0.000 |   1.337 | 
     | U1179               | A ^ -> ZN v  | INV_X1    | 0.040 | mix[0]                   |            |   8.428 | 0.080 |   1.416 | 
     | C33650              |              | XOR2_X1   | 0.040 | mix[0]                   |       SPEF |   8.428 | 0.001 |   1.417 | 
     | C33650              | A v -> Z v   | XOR2_X1   | 0.034 | N10580                   |            |   1.892 | 0.189 |   1.606 | 
     | U1421               |              | AOI22_X1  | 0.034 | N10580                   |       SPEF |   1.892 | 0.000 |   1.607 | 
     | U1421               | A1 v -> ZN ^ | AOI22_X1  | 0.232 | n1027                    |            |   9.573 | 0.274 |   1.881 | 
     | FE_OFC281_n1027     |              | CLKBUF_X3 | 0.233 | n1027                    |       SPEF |   9.573 | 0.002 |   1.883 | 
     | FE_OFC281_n1027     | A ^ -> Z ^   | CLKBUF_X3 | 0.259 | FE_OFN281_n1027          |            |  94.443 | 0.414 |   2.297 | 
     | U2130               |              | INV_X2    | 0.259 | FE_OFN281_n1027          |       SPEF |  94.443 | 0.010 |   2.307 | 
     | U2130               | A ^ -> ZN v  | INV_X2    | 0.112 | cipher[0]                |            |  63.016 | 0.215 |   2.522 | 
     | FE_OFC384_cipher_0  |              | CLKBUF_X2 | 0.112 | cipher[0]                |       SPEF |  63.016 | 0.002 |   2.524 | 
     | FE_OFC384_cipher_0  | A v -> Z v   | CLKBUF_X2 | 0.161 | FE_OFN384_cipher_0       |            |  65.210 | 0.306 |   2.829 | 
     | C8938               |              | AND2_X1   | 0.161 | FE_OFN384_cipher_0       |       SPEF |  65.210 | 0.003 |   2.832 | 
     | C8938               | A2 v -> ZN v | AND2_X1   | 0.020 | N17299                   |            |   1.065 | 0.182 |   3.014 | 
     | C8940               |              | OR2_X1    | 0.020 | N17299                   |       SPEF |   1.065 | 0.000 |   3.014 | 
     | C8940               | A1 v -> ZN v | OR2_X1    | 0.037 | N17301                   |            |   4.215 | 0.184 |   3.199 | 
     | C9020               |              | AND2_X1   | 0.038 | N17301                   |       SPEF |   4.215 | 0.000 |   3.199 | 
     | C9020               | A2 v -> ZN v | AND2_X1   | 0.017 | N17380                   |            |   1.018 | 0.109 |   3.308 | 
     | C9021               |              | OR2_X1    | 0.017 | N17380                   |       SPEF |   1.018 | 0.000 |   3.308 | 
     | C9021               | A2 v -> ZN v | OR2_X1    | 0.029 | N17381                   |            |   1.074 | 0.178 |   3.486 | 
     | C9023               |              | AND2_X1   | 0.029 | N17381                   |       SPEF |   1.074 | 0.000 |   3.486 | 
     | C9023               | A2 v -> ZN v | AND2_X1   | 0.018 | N17383                   |            |   1.375 | 0.106 |   3.592 | 
     | C9024               |              | OR2_X1    | 0.018 | N17383                   |       SPEF |   1.375 | 0.000 |   3.593 | 
     | C9024               | A2 v -> ZN v | OR2_X1    | 0.029 | N17384                   |            |   1.013 | 0.178 |   3.771 | 
     | C9026               |              | AND2_X1   | 0.029 | N17384                   |       SPEF |   1.013 | 0.000 |   3.771 | 
     | C9026               | A2 v -> ZN v | AND2_X1   | 0.018 | N17386                   |            |   1.107 | 0.105 |   3.875 | 
     | C9027               |              | OR2_X1    | 0.018 | N17386                   |       SPEF |   1.107 | 0.000 |   3.875 | 
     | C9027               | A2 v -> ZN v | OR2_X1    | 0.030 | N17387                   |            |   1.290 | 0.181 |   4.056 | 
     | C9029               |              | AND2_X1   | 0.030 | N17387                   |       SPEF |   1.290 | 0.000 |   4.056 | 
     | C9029               | A2 v -> ZN v | AND2_X1   | 0.016 | N17389                   |            |   0.951 | 0.104 |   4.160 | 
     | C9030               |              | OR2_X1    | 0.016 | N17389                   |       SPEF |   0.951 | 0.000 |   4.160 | 
     | C9030               | A2 v -> ZN v | OR2_X1    | 0.033 | N17390                   |            |   2.412 | 0.189 |   4.349 | 
     | U651                |              | AOI222_X1 | 0.033 | N17390                   |       SPEF |   2.412 | 0.000 |   4.349 | 
     | U651                | C1 v -> ZN ^ | AOI222_X1 | 0.212 | n501                     |            |   2.799 | 0.366 |   4.716 | 
     | U650                |              | NAND2_X1  | 0.212 | n501                     |       SPEF |   2.799 | 0.000 |   4.716 | 
     | U650                | A2 ^ -> ZN v | NAND2_X1  | 0.037 | n687                     |            |   1.328 | 0.076 |   4.792 | 
     | sub_reg[1]          |              | DFF_X1    | 0.037 | n687                     |       SPEF |   1.328 | 0.000 |   4.792 | 
     +----------------------------------------------------------------------------------------------------------------------------+ 
Path 10: MET Setup Check with Pin w_reg[3][15]/CK 
Endpoint:   w_reg[3][15]/D (v) checked with  leading edge of 'CLK'
Beginpoint: w_reg[3][1]/Q  (^) triggered by  leading edge of 'CLK'
Path Groups: {CLK}
Analysis View: aes_av
Other End Arrival Time          0.000
- Setup                         0.167
+ Phase Shift                   5.000
= Required Time                 4.833
- Arrival Time                  4.793
= Slack Time                    0.040
     Clock Rise Edge                 0.000
     + Clock Network Latency (Ideal) 0.000
     = Beginpoint Arrival Time       0.000
     +-------------------------------------------------------------------------------------------------------------------------------+ 
     |        Instance         |     Arc      |   Cell    |  Slew |           Net           |    Arc     |  Load   | Delay | Arrival | 
     |                         |              |           |       |                         | Annotation |         |       |  Time   | 
     |-------------------------+--------------+-----------+-------+-------------------------+------------+---------+-------+---------| 
     | w_reg[3][1]             | CK ^         |           | 0.000 | clock                   |            | 426.030 |       |   0.000 | 
     | w_reg[3][1]             | CK ^ -> Q ^  | DFF_X1    | 0.192 | w[3][1]                 |            |  22.688 | 0.461 |   0.462 | 
     | FE_OFC47_w_3__1         |              | BUF_X2    | 0.192 | w[3][1]                 |       SPEF |  22.688 | 0.001 |   0.462 | 
     | FE_OFC47_w_3__1         | A ^ -> Z ^   | BUF_X2    | 0.344 | FE_OFN47_w_3__1         |            |  82.592 | 0.426 |   0.889 | 
     | FE_OFC48_w_3__1         |              | BUF_X1    | 0.345 | FE_OFN47_w_3__1         |       SPEF |  82.592 | 0.025 |   0.914 | 
     | FE_OFC48_w_3__1         | A ^ -> Z ^   | BUF_X1    | 0.324 | FE_OFN48_w_3__1         |            |  40.050 | 0.452 |   1.366 | 
     | FE_DBTC1_w_3_1          |              | INV_X1    | 0.325 | FE_OFN48_w_3__1         |       SPEF |  40.050 | 0.004 |   1.370 | 
     | FE_DBTC1_w_3_1          | A ^ -> ZN v  | INV_X1    | 0.142 | FE_DBTN1_w_3_1          |            |  41.774 | 0.285 |   1.654 | 
     | FE_OFC77_FE_DBTN1_w_3_1 |              | CLKBUF_X2 | 0.142 | FE_DBTN1_w_3_1          |       SPEF |  41.774 | 0.000 |   1.655 | 
     | FE_OFC77_FE_DBTN1_w_3_1 | A v -> Z v   | CLKBUF_X2 | 0.160 | FE_OFN77_FE_DBTN1_w_3_1 |            |  64.440 | 0.316 |   1.971 | 
     | C5422                   |              | AND2_X1   | 0.161 | FE_OFN77_FE_DBTN1_w_3_1 |       SPEF |  64.440 | 0.015 |   1.986 | 
     | C5422                   | A1 v -> ZN v | AND2_X1   | 0.020 | N13895                  |            |   0.865 | 0.170 |   2.155 | 
     | C5424                   |              | OR2_X1    | 0.020 | N13895                  |       SPEF |   0.865 | 0.000 |   2.155 | 
     | C5424                   | A1 v -> ZN v | OR2_X1    | 0.042 | N13897                  |            |   6.148 | 0.195 |   2.350 | 
     | C5586                   |              | AND2_X1   | 0.042 | N13897                  |       SPEF |   6.148 | 0.000 |   2.350 | 
     | C5586                   | A2 v -> ZN v | AND2_X1   | 0.019 | N14054                  |            |   0.993 | 0.112 |   2.462 | 
     | C5587                   |              | OR2_X1    | 0.019 | N14054                  |       SPEF |   0.993 | 0.000 |   2.462 | 
     | C5587                   | A2 v -> ZN v | OR2_X1    | 0.029 | N14055                  |            |   1.085 | 0.179 |   2.641 | 
     | C5589                   |              | AND2_X1   | 0.029 | N14055                  |       SPEF |   1.085 | 0.000 |   2.641 | 
     | C5589                   | A2 v -> ZN v | AND2_X1   | 0.018 | N14057                  |            |   1.670 | 0.108 |   2.749 | 
     | C5590                   |              | OR2_X1    | 0.018 | N14057                  |       SPEF |   1.670 | 0.000 |   2.749 | 
     | C5590                   | A2 v -> ZN v | OR2_X1    | 0.029 | N14058                  |            |   0.946 | 0.178 |   2.927 | 
     | C5600                   |              | AND2_X1   | 0.029 | N14058                  |       SPEF |   0.946 | 0.000 |   2.927 | 
     | C5600                   | A2 v -> ZN v | AND2_X1   | 0.019 | N14068                  |            |   1.060 | 0.105 |   3.032 | 
     | C5602                   |              | OR2_X1    | 0.019 | N14068                  |       SPEF |   1.060 | 0.000 |   3.032 | 
     | C5602                   | A1 v -> ZN v | OR2_X1    | 0.030 | N14070                  |            |   1.361 | 0.164 |   3.195 | 
     | C5604                   |              | AND2_X1   | 0.030 | N14070                  |       SPEF |   1.361 | 0.000 |   3.195 | 
     | C5604                   | A2 v -> ZN v | AND2_X1   | 0.020 | N14072                  |            |   1.296 | 0.106 |   3.302 | 
     | C5605                   |              | OR2_X1    | 0.020 | N14072                  |       SPEF |   1.296 | 0.000 |   3.302 | 
     | C5605                   | A2 v -> ZN v | OR2_X1    | 0.029 | N14073                  |            |   0.975 | 0.179 |   3.481 | 
     | C5607                   |              | AND2_X1   | 0.029 | N14073                  |       SPEF |   0.975 | 0.000 |   3.481 | 
     | C5607                   | A2 v -> ZN v | AND2_X1   | 0.017 | N14075                  |            |   1.212 | 0.105 |   3.586 | 
     | C5608                   |              | OR2_X1    | 0.017 | N14075                  |       SPEF |   1.212 | 0.000 |   3.586 | 
     | C5608                   | A2 v -> ZN v | OR2_X1    | 0.030 | N14076                  |            |   1.225 | 0.180 |   3.766 | 
     | C5610                   |              | AND2_X1   | 0.030 | N14076                  |       SPEF |   1.225 | 0.000 |   3.766 | 
     | C5610                   | A2 v -> ZN v | AND2_X1   | 0.016 | N14078                  |            |   0.974 | 0.104 |   3.870 | 
     | C5611                   |              | OR2_X1    | 0.016 | N14078                  |       SPEF |   0.974 | 0.000 |   3.870 | 
     | C5611                   | A2 v -> ZN v | OR2_X1    | 0.031 | subRotW[15]             |            |   1.808 | 0.185 |   4.055 | 
     | U864                    |              | NAND2_X1  | 0.031 | subRotW[15]             |       SPEF |   1.808 | 0.000 |   4.055 | 
     | U864                    | A1 v -> ZN ^ | NAND2_X1  | 0.049 | n757                    |            |   3.543 | 0.068 |   4.123 | 
     | U863                    |              | OAI21_X1  | 0.049 | n757                    |       SPEF |   3.543 | 0.000 |   4.123 | 
     | U863                    | A ^ -> ZN v  | OAI21_X1  | 0.071 | temp[15]                |            |   2.860 | 0.063 |   4.186 | 
     | C33367                  |              | XOR2_X1   | 0.071 | temp[15]                |       SPEF |   2.860 | 0.000 |   4.187 | 
     | C33367                  | B v -> Z v   | XOR2_X1   | 0.044 | N10143                  |            |   1.680 | 0.225 |   4.412 | 
     | U1656                   |              | AOI22_X1  | 0.044 | N10143                  |       SPEF |   1.680 | 0.000 |   4.412 | 
     | U1656                   | A1 v -> ZN ^ | AOI22_X1  | 0.099 | n1142                   |            |   2.147 | 0.131 |   4.543 | 
     | U1655                   |              | INV_X1    | 0.099 | n1142                   |       SPEF |   2.147 | 0.000 |   4.543 | 
     | U1655                   | A ^ -> ZN v  | INV_X1    | 0.023 | N10176                  |            |   1.259 | 0.034 |   4.577 | 
     | U1840                   |              | MUX2_X1   | 0.023 | N10176                  |       SPEF |   1.259 | 0.000 |   4.577 | 
     | U1840                   | B v -> Z v   | MUX2_X1   | 0.034 | n1276                   |            |   1.155 | 0.216 |   4.793 | 
     | w_reg[3][15]            |              | DFF_X1    | 0.034 | n1276                   |       SPEF |   1.155 | 0.000 |   4.793 | 
     +-------------------------------------------------------------------------------------------------------------------------------+ 

