###############################################################
#  Generated by:      Cadence Innovus 18.10-p002_1
#  OS:                Linux x86_64(Host ID ensc-esil-01)
#  Generated on:      Fri Apr  2 20:38:24 2021
#  Design:            aes128key
#  Command:           report_timing -net -format {instance arc cell slew net annotation load delay arrival} -max_paths 10 >  results/timing/06-cts_setup.rpt
###############################################################
Path 1: VIOLATED Setup Check with Pin sub_reg[20]/CK 
Endpoint:   sub_reg[20]/D (v) checked with  leading edge of 'CLK'
Beginpoint: sub_reg[24]/Q (^) triggered by  leading edge of 'CLK'
Path Groups: {CLK}
Analysis View: aes_av
Other End Arrival Time          0.000
- Setup                         0.171
+ Phase Shift                   5.000
= Required Time                 4.829
- Arrival Time                  4.883
= Slack Time                   -0.054
     Clock Rise Edge                 0.000
     + Clock Network Latency (Ideal) 0.000
     = Beginpoint Arrival Time       0.000
     +-------------------------------------------------------------------------------------------------------------+ 
     |    Instance    |     Arc      |   Cell    |  Slew |      Net       |    Arc     |  Load   | Delay | Arrival | 
     |                |              |           |       |                | Annotation |         |       |  Time   | 
     |----------------+--------------+-----------+-------+----------------+------------+---------+-------+---------| 
     | sub_reg[24]    | CK ^         |           | 0.000 | clock          |            | 426.617 |       |   0.000 | 
     | sub_reg[24]    | CK ^ -> Q ^  | DFF_X1    | 0.247 | sub[24]        |            |  29.194 | 0.512 |   0.512 | 
     | U1708          |              | XOR2_X1   | 0.247 | sub[24]        |       SPEF |  29.194 | 0.007 |   0.519 | 
     | U1708          | B ^ -> Z ^   | XOR2_X1   | 0.234 | n1408          |            |  10.261 | 0.380 |   0.899 | 
     | U222           |              | XOR2_X1   | 0.234 | n1408          |       SPEF |  10.261 | 0.001 |   0.899 | 
     | U222           | B ^ -> Z v   | XOR2_X1   | 0.057 | n164           |            |   2.479 | 0.098 |   0.998 | 
     | U221           |              | XOR2_X1   | 0.057 | n164           |       SPEF |   2.479 | 0.000 |   0.998 | 
     | U221           | B v -> Z v   | XOR2_X1   | 0.058 | s1o[0]         |            |   2.073 | 0.220 |   1.217 | 
     | U1110          |              | AOI22_X1  | 0.058 | s1o[0]         |       SPEF |   2.073 | 0.000 |   1.217 | 
     | U1110          | B2 v -> ZN ^ | AOI22_X1  | 0.129 | n863           |            |   3.794 | 0.230 |   1.448 | 
     | U1109          |              | INV_X1    | 0.129 | n863           |       SPEF |   3.794 | 0.000 |   1.448 | 
     | U1109          | A ^ -> ZN v  | INV_X1    | 0.043 | mix[16]        |            |   8.490 | 0.084 |   1.532 | 
     | C33634         |              | XOR2_X1   | 0.043 | mix[16]        |       SPEF |   8.490 | 0.001 |   1.533 | 
     | C33634         | A v -> Z v   | XOR2_X1   | 0.047 | N10564         |            |   1.748 | 0.190 |   1.724 | 
     | U1356          |              | AOI22_X1  | 0.047 | N10564         |       SPEF |   1.748 | 0.000 |   1.724 | 
     | U1356          | A1 v -> ZN ^ | AOI22_X1  | 0.358 | n992           |            |  16.563 | 0.418 |   2.141 | 
     | FE_OFC741_n992 |              | BUF_X1    | 0.358 | n992           |       SPEF |  16.563 | 0.003 |   2.144 | 
     | FE_OFC741_n992 | A ^ -> Z ^   | BUF_X1    | 0.359 | FE_OFN233_n992 |            |  44.668 | 0.490 |   2.634 | 
     | FE_OFC746_n992 |              | INV_X1    | 0.360 | FE_OFN233_n992 |       SPEF |  44.668 | 0.003 |   2.638 | 
     | FE_OFC746_n992 | A ^ -> ZN v  | INV_X1    | 0.129 | FE_OFN527_n992 |            |  28.534 | 0.248 |   2.885 | 
     | C12556         |              | AND2_X1   | 0.129 | FE_OFN527_n992 |       SPEF |  28.534 | 0.002 |   2.887 | 
     | C12556         | A2 v -> ZN v | AND2_X1   | 0.018 | N20804         |            |   0.992 | 0.164 |   3.051 | 
     | C12557         |              | OR2_X1    | 0.018 | N20804         |       SPEF |   0.992 | 0.000 |   3.051 | 
     | C12557         | A2 v -> ZN v | OR2_X1    | 0.045 | N20805         |            |   7.831 | 0.220 |   3.271 | 
     | C12661         |              | AND2_X1   | 0.045 | N20805         |       SPEF |   7.831 | 0.000 |   3.271 | 
     | C12661         | A2 v -> ZN v | AND2_X1   | 0.017 | N20906         |            |   1.007 | 0.114 |   3.385 | 
     | C12662         |              | OR2_X1    | 0.017 | N20906         |       SPEF |   1.007 | 0.000 |   3.385 | 
     | C12662         | A2 v -> ZN v | OR2_X1    | 0.030 | N20907         |            |   1.241 | 0.180 |   3.565 | 
     | C12664         |              | AND2_X1   | 0.030 | N20907         |       SPEF |   1.241 | 0.000 |   3.565 | 
     | C12664         | A2 v -> ZN v | AND2_X1   | 0.017 | N20909         |            |   0.988 | 0.104 |   3.669 | 
     | C12665         |              | OR2_X1    | 0.017 | N20909         |       SPEF |   0.988 | 0.000 |   3.669 | 
     | C12665         | A2 v -> ZN v | OR2_X1    | 0.030 | N20910         |            |   1.357 | 0.181 |   3.850 | 
     | C12667         |              | AND2_X1   | 0.030 | N20910         |       SPEF |   1.357 | 0.000 |   3.850 | 
     | C12667         | A2 v -> ZN v | AND2_X1   | 0.016 | N20912         |            |   0.966 | 0.104 |   3.954 | 
     | C12668         |              | OR2_X1    | 0.016 | N20912         |       SPEF |   0.966 | 0.000 |   3.954 | 
     | C12668         | A2 v -> ZN v | OR2_X1    | 0.029 | N20913         |            |   0.966 | 0.177 |   4.131 | 
     | C12693         |              | AND2_X1   | 0.029 | N20913         |       SPEF |   0.966 | 0.000 |   4.131 | 
     | C12693         | A2 v -> ZN v | AND2_X1   | 0.018 | N20938         |            |   1.045 | 0.104 |   4.236 | 
     | C12695         |              | OR2_X1    | 0.018 | N20938         |       SPEF |   1.045 | 0.000 |   4.236 | 
     | C12695         | A1 v -> ZN v | OR2_X1    | 0.031 | N20940         |            |   1.837 | 0.167 |   4.403 | 
     | U448           |              | AOI222_X1 | 0.031 | N20940         |       SPEF |   1.837 | 0.000 |   4.403 | 
     | U448           | C1 v -> ZN ^ | AOI222_X1 | 0.241 | n374           |            |   3.815 | 0.398 |   4.801 | 
     | U447           |              | NAND2_X1  | 0.241 | n374           |       SPEF |   3.815 | 0.000 |   4.801 | 
     | U447           | A2 ^ -> ZN v | NAND2_X1  | 0.042 | n631           |            |   1.500 | 0.082 |   4.883 | 
     | sub_reg[20]    |              | DFF_X1    | 0.042 | n631           |       SPEF |   1.500 | 0.000 |   4.883 | 
     +-------------------------------------------------------------------------------------------------------------+ 
Path 2: VIOLATED Setup Check with Pin sub_reg[19]/CK 
Endpoint:   sub_reg[19]/D (v) checked with  leading edge of 'CLK'
Beginpoint: sub_reg[24]/Q (^) triggered by  leading edge of 'CLK'
Path Groups: {CLK}
Analysis View: aes_av
Other End Arrival Time          0.000
- Setup                         0.171
+ Phase Shift                   5.000
= Required Time                 4.829
- Arrival Time                  4.868
= Slack Time                   -0.039
     Clock Rise Edge                 0.000
     + Clock Network Latency (Ideal) 0.000
     = Beginpoint Arrival Time       0.000
     +-------------------------------------------------------------------------------------------------------------+ 
     |    Instance    |     Arc      |   Cell    |  Slew |      Net       |    Arc     |  Load   | Delay | Arrival | 
     |                |              |           |       |                | Annotation |         |       |  Time   | 
     |----------------+--------------+-----------+-------+----------------+------------+---------+-------+---------| 
     | sub_reg[24]    | CK ^         |           | 0.000 | clock          |            | 426.617 |       |   0.000 | 
     | sub_reg[24]    | CK ^ -> Q ^  | DFF_X1    | 0.247 | sub[24]        |            |  29.194 | 0.512 |   0.512 | 
     | U1708          |              | XOR2_X1   | 0.247 | sub[24]        |       SPEF |  29.194 | 0.007 |   0.519 | 
     | U1708          | B ^ -> Z ^   | XOR2_X1   | 0.234 | n1408          |            |  10.261 | 0.380 |   0.899 | 
     | U222           |              | XOR2_X1   | 0.234 | n1408          |       SPEF |  10.261 | 0.001 |   0.899 | 
     | U222           | B ^ -> Z v   | XOR2_X1   | 0.057 | n164           |            |   2.479 | 0.098 |   0.998 | 
     | U221           |              | XOR2_X1   | 0.057 | n164           |       SPEF |   2.479 | 0.000 |   0.998 | 
     | U221           | B v -> Z v   | XOR2_X1   | 0.058 | s1o[0]         |            |   2.073 | 0.220 |   1.217 | 
     | U1110          |              | AOI22_X1  | 0.058 | s1o[0]         |       SPEF |   2.073 | 0.000 |   1.217 | 
     | U1110          | B2 v -> ZN ^ | AOI22_X1  | 0.129 | n863           |            |   3.794 | 0.230 |   1.448 | 
     | U1109          |              | INV_X1    | 0.129 | n863           |       SPEF |   3.794 | 0.000 |   1.448 | 
     | U1109          | A ^ -> ZN v  | INV_X1    | 0.043 | mix[16]        |            |   8.490 | 0.084 |   1.532 | 
     | C33634         |              | XOR2_X1   | 0.043 | mix[16]        |       SPEF |   8.490 | 0.001 |   1.533 | 
     | C33634         | A v -> Z v   | XOR2_X1   | 0.047 | N10564         |            |   1.748 | 0.190 |   1.724 | 
     | U1356          |              | AOI22_X1  | 0.047 | N10564         |       SPEF |   1.748 | 0.000 |   1.724 | 
     | U1356          | A1 v -> ZN ^ | AOI22_X1  | 0.358 | n992           |            |  16.563 | 0.418 |   2.141 | 
     | FE_OFC741_n992 |              | BUF_X1    | 0.358 | n992           |       SPEF |  16.563 | 0.003 |   2.144 | 
     | FE_OFC741_n992 | A ^ -> Z ^   | BUF_X1    | 0.359 | FE_OFN233_n992 |            |  44.668 | 0.490 |   2.634 | 
     | FE_OFC747_n992 |              | INV_X2    | 0.360 | FE_OFN233_n992 |       SPEF |  44.668 | 0.003 |   2.638 | 
     | FE_OFC747_n992 | A ^ -> ZN v  | INV_X2    | 0.121 | FE_OFN528_n992 |            |  45.142 | 0.217 |   2.854 | 
     | C12373         |              | AND2_X1   | 0.121 | FE_OFN528_n992 |       SPEF |  45.142 | 0.006 |   2.860 | 
     | C12373         | A2 v -> ZN v | AND2_X1   | 0.018 | N20626         |            |   0.960 | 0.159 |   3.019 | 
     | C12374         |              | OR2_X1    | 0.018 | N20626         |       SPEF |   0.960 | 0.000 |   3.019 | 
     | C12374         | A2 v -> ZN v | OR2_X1    | 0.045 | N20627         |            |   7.499 | 0.218 |   3.238 | 
     | C12489         |              | AND2_X1   | 0.045 | N20627         |       SPEF |   7.499 | 0.000 |   3.238 | 
     | C12489         | A2 v -> ZN v | AND2_X1   | 0.016 | N20740         |            |   0.838 | 0.112 |   3.351 | 
     | C12491         |              | OR2_X1    | 0.016 | N20740         |       SPEF |   0.838 | 0.000 |   3.351 | 
     | C12491         | A1 v -> ZN v | OR2_X1    | 0.029 | N20742         |            |   0.968 | 0.159 |   3.510 | 
     | C12493         |              | AND2_X1   | 0.029 | N20742         |       SPEF |   0.968 | 0.000 |   3.510 | 
     | C12493         | A2 v -> ZN v | AND2_X1   | 0.018 | N20744         |            |   1.115 | 0.105 |   3.614 | 
     | C12494         |              | OR2_X1    | 0.018 | N20744         |       SPEF |   1.115 | 0.000 |   3.614 | 
     | C12494         | A2 v -> ZN v | OR2_X1    | 0.029 | N20745         |            |   0.993 | 0.178 |   3.792 | 
     | C12496         |              | AND2_X1   | 0.029 | N20745         |       SPEF |   0.993 | 0.000 |   3.792 | 
     | C12496         | A2 v -> ZN v | AND2_X1   | 0.017 | N20747         |            |   1.018 | 0.104 |   3.896 | 
     | C12497         |              | OR2_X1    | 0.017 | N20747         |       SPEF |   1.018 | 0.000 |   3.896 | 
     | C12497         | A2 v -> ZN v | OR2_X1    | 0.030 | N20748         |            |   1.487 | 0.182 |   4.078 | 
     | C12499         |              | AND2_X1   | 0.030 | N20748         |       SPEF |   1.487 | 0.000 |   4.078 | 
     | C12499         | A2 v -> ZN v | AND2_X1   | 0.017 | N20750         |            |   1.139 | 0.106 |   4.184 | 
     | C12500         |              | OR2_X1    | 0.017 | N20750         |       SPEF |   1.139 | 0.000 |   4.184 | 
     | C12500         | A2 v -> ZN v | OR2_X1    | 0.035 | N20751         |            |   3.318 | 0.195 |   4.379 | 
     | U566           |              | AOI222_X1 | 0.035 | N20751         |       SPEF |   3.318 | 0.000 |   4.379 | 
     | U566           | C1 v -> ZN ^ | AOI222_X1 | 0.248 | n451           |            |   4.068 | 0.408 |   4.787 | 
     | U565           |              | NAND2_X1  | 0.248 | n451           |       SPEF |   4.068 | 0.000 |   4.787 | 
     | U565           | A2 ^ -> ZN v | NAND2_X1  | 0.042 | n668           |            |   1.374 | 0.081 |   4.868 | 
     | sub_reg[19]    |              | DFF_X1    | 0.043 | n668           |       SPEF |   1.374 | 0.000 |   4.868 | 
     +-------------------------------------------------------------------------------------------------------------+ 
Path 3: VIOLATED Setup Check with Pin sub_reg[16]/CK 
Endpoint:   sub_reg[16]/D (v) checked with  leading edge of 'CLK'
Beginpoint: sub_reg[24]/Q (^) triggered by  leading edge of 'CLK'
Path Groups: {CLK}
Analysis View: aes_av
Other End Arrival Time          0.000
- Setup                         0.169
+ Phase Shift                   5.000
= Required Time                 4.831
- Arrival Time                  4.858
= Slack Time                   -0.026
     Clock Rise Edge                 0.000
     + Clock Network Latency (Ideal) 0.000
     = Beginpoint Arrival Time       0.000
     +-------------------------------------------------------------------------------------------------------------+ 
     |    Instance    |     Arc      |   Cell    |  Slew |      Net       |    Arc     |  Load   | Delay | Arrival | 
     |                |              |           |       |                | Annotation |         |       |  Time   | 
     |----------------+--------------+-----------+-------+----------------+------------+---------+-------+---------| 
     | sub_reg[24]    | CK ^         |           | 0.000 | clock          |            | 426.617 |       |   0.000 | 
     | sub_reg[24]    | CK ^ -> Q ^  | DFF_X1    | 0.247 | sub[24]        |            |  29.194 | 0.512 |   0.512 | 
     | U1708          |              | XOR2_X1   | 0.247 | sub[24]        |       SPEF |  29.194 | 0.007 |   0.519 | 
     | U1708          | B ^ -> Z ^   | XOR2_X1   | 0.234 | n1408          |            |  10.261 | 0.380 |   0.899 | 
     | U222           |              | XOR2_X1   | 0.234 | n1408          |       SPEF |  10.261 | 0.001 |   0.899 | 
     | U222           | B ^ -> Z v   | XOR2_X1   | 0.057 | n164           |            |   2.479 | 0.098 |   0.998 | 
     | U221           |              | XOR2_X1   | 0.057 | n164           |       SPEF |   2.479 | 0.000 |   0.998 | 
     | U221           | B v -> Z v   | XOR2_X1   | 0.058 | s1o[0]         |            |   2.073 | 0.220 |   1.217 | 
     | U1110          |              | AOI22_X1  | 0.058 | s1o[0]         |       SPEF |   2.073 | 0.000 |   1.217 | 
     | U1110          | B2 v -> ZN ^ | AOI22_X1  | 0.129 | n863           |            |   3.794 | 0.230 |   1.448 | 
     | U1109          |              | INV_X1    | 0.129 | n863           |       SPEF |   3.794 | 0.000 |   1.448 | 
     | U1109          | A ^ -> ZN v  | INV_X1    | 0.043 | mix[16]        |            |   8.490 | 0.084 |   1.532 | 
     | C33634         |              | XOR2_X1   | 0.043 | mix[16]        |       SPEF |   8.490 | 0.001 |   1.533 | 
     | C33634         | A v -> Z v   | XOR2_X1   | 0.047 | N10564         |            |   1.748 | 0.190 |   1.724 | 
     | U1356          |              | AOI22_X1  | 0.047 | N10564         |       SPEF |   1.748 | 0.000 |   1.724 | 
     | U1356          | A1 v -> ZN ^ | AOI22_X1  | 0.358 | n992           |            |  16.563 | 0.418 |   2.141 | 
     | FE_OFC741_n992 |              | BUF_X1    | 0.358 | n992           |       SPEF |  16.563 | 0.003 |   2.144 | 
     | FE_OFC741_n992 | A ^ -> Z ^   | BUF_X1    | 0.359 | FE_OFN233_n992 |            |  44.668 | 0.490 |   2.634 | 
     | FE_OFC746_n992 |              | INV_X1    | 0.360 | FE_OFN233_n992 |       SPEF |  44.668 | 0.003 |   2.638 | 
     | FE_OFC746_n992 | A ^ -> ZN v  | INV_X1    | 0.129 | FE_OFN527_n992 |            |  28.534 | 0.248 |   2.885 | 
     | C11820         |              | AND2_X1   | 0.129 | FE_OFN527_n992 |       SPEF |  28.534 | 0.002 |   2.887 | 
     | C11820         | A2 v -> ZN v | AND2_X1   | 0.018 | N20090         |            |   1.130 | 0.165 |   3.052 | 
     | C11821         |              | OR2_X1    | 0.018 | N20090         |       SPEF |   1.130 | 0.000 |   3.052 | 
     | C11821         | A2 v -> ZN v | OR2_X1    | 0.046 | N20091         |            |   7.995 | 0.221 |   3.274 | 
     | C11903         |              | AND2_X1   | 0.046 | N20091         |       SPEF |   7.995 | 0.000 |   3.274 | 
     | C11903         | A2 v -> ZN v | AND2_X1   | 0.017 | N20172         |            |   1.067 | 0.114 |   3.388 | 
     | C11904         |              | OR2_X1    | 0.017 | N20172         |       SPEF |   1.067 | 0.000 |   3.388 | 
     | C11904         | A2 v -> ZN v | OR2_X1    | 0.030 | N20173         |            |   1.345 | 0.181 |   3.569 | 
     | C11906         |              | AND2_X1   | 0.030 | N20173         |       SPEF |   1.345 | 0.000 |   3.569 | 
     | C11906         | A2 v -> ZN v | AND2_X1   | 0.018 | N20175         |            |   1.109 | 0.105 |   3.674 | 
     | C11907         |              | OR2_X1    | 0.018 | N20175         |       SPEF |   1.109 | 0.000 |   3.674 | 
     | C11907         | A2 v -> ZN v | OR2_X1    | 0.030 | N20176         |            |   1.216 | 0.180 |   3.854 | 
     | C11914         |              | AND2_X1   | 0.030 | N20176         |       SPEF |   1.216 | 0.000 |   3.854 | 
     | C11914         | A2 v -> ZN v | AND2_X1   | 0.019 | N20183         |            |   1.059 | 0.105 |   3.959 | 
     | C11916         |              | OR2_X1    | 0.019 | N20183         |       SPEF |   1.059 | 0.000 |   3.959 | 
     | C11916         | A1 v -> ZN v | OR2_X1    | 0.029 | N20185         |            |   0.989 | 0.160 |   4.119 | 
     | C11918         |              | AND2_X1   | 0.029 | N20185         |       SPEF |   0.989 | 0.000 |   4.119 | 
     | C11918         | A2 v -> ZN v | AND2_X1   | 0.017 | N20187         |            |   1.071 | 0.104 |   4.223 | 
     | C11919         |              | OR2_X1    | 0.017 | N20187         |       SPEF |   1.071 | 0.000 |   4.223 | 
     | C11919         | A2 v -> ZN v | OR2_X1    | 0.031 | N20188         |            |   1.625 | 0.183 |   4.406 | 
     | U709           |              | AOI222_X1 | 0.031 | N20188         |       SPEF |   1.625 | 0.000 |   4.406 | 
     | U709           | C1 v -> ZN ^ | AOI222_X1 | 0.221 | n533           |            |   3.108 | 0.375 |   4.781 | 
     | U708           |              | NAND2_X1  | 0.221 | n533           |       SPEF |   3.108 | 0.000 |   4.782 | 
     | U708           | A2 ^ -> ZN v | NAND2_X1  | 0.038 | n697           |            |   1.248 | 0.076 |   4.858 | 
     | sub_reg[16]    |              | DFF_X1    | 0.038 | n697           |       SPEF |   1.248 | 0.000 |   4.858 | 
     +-------------------------------------------------------------------------------------------------------------+ 
Path 4: VIOLATED Setup Check with Pin sub_reg[22]/CK 
Endpoint:   sub_reg[22]/D (v) checked with  leading edge of 'CLK'
Beginpoint: sub_reg[24]/Q (^) triggered by  leading edge of 'CLK'
Path Groups: {CLK}
Analysis View: aes_av
Other End Arrival Time          0.000
- Setup                         0.167
+ Phase Shift                   5.000
= Required Time                 4.833
- Arrival Time                  4.850
= Slack Time                   -0.017
     Clock Rise Edge                 0.000
     + Clock Network Latency (Ideal) 0.000
     = Beginpoint Arrival Time       0.000
     +-------------------------------------------------------------------------------------------------------------+ 
     |    Instance    |     Arc      |   Cell    |  Slew |      Net       |    Arc     |  Load   | Delay | Arrival | 
     |                |              |           |       |                | Annotation |         |       |  Time   | 
     |----------------+--------------+-----------+-------+----------------+------------+---------+-------+---------| 
     | sub_reg[24]    | CK ^         |           | 0.000 | clock          |            | 426.617 |       |   0.000 | 
     | sub_reg[24]    | CK ^ -> Q ^  | DFF_X1    | 0.247 | sub[24]        |            |  29.194 | 0.512 |   0.512 | 
     | U1708          |              | XOR2_X1   | 0.247 | sub[24]        |       SPEF |  29.194 | 0.007 |   0.519 | 
     | U1708          | B ^ -> Z ^   | XOR2_X1   | 0.234 | n1408          |            |  10.261 | 0.380 |   0.899 | 
     | U222           |              | XOR2_X1   | 0.234 | n1408          |       SPEF |  10.261 | 0.001 |   0.899 | 
     | U222           | B ^ -> Z v   | XOR2_X1   | 0.057 | n164           |            |   2.479 | 0.098 |   0.998 | 
     | U221           |              | XOR2_X1   | 0.057 | n164           |       SPEF |   2.479 | 0.000 |   0.998 | 
     | U221           | B v -> Z v   | XOR2_X1   | 0.058 | s1o[0]         |            |   2.073 | 0.220 |   1.217 | 
     | U1110          |              | AOI22_X1  | 0.058 | s1o[0]         |       SPEF |   2.073 | 0.000 |   1.217 | 
     | U1110          | B2 v -> ZN ^ | AOI22_X1  | 0.129 | n863           |            |   3.794 | 0.230 |   1.448 | 
     | U1109          |              | INV_X1    | 0.129 | n863           |       SPEF |   3.794 | 0.000 |   1.448 | 
     | U1109          | A ^ -> ZN v  | INV_X1    | 0.043 | mix[16]        |            |   8.490 | 0.084 |   1.532 | 
     | C33634         |              | XOR2_X1   | 0.043 | mix[16]        |       SPEF |   8.490 | 0.001 |   1.533 | 
     | C33634         | A v -> Z v   | XOR2_X1   | 0.047 | N10564         |            |   1.748 | 0.190 |   1.724 | 
     | U1356          |              | AOI22_X1  | 0.047 | N10564         |       SPEF |   1.748 | 0.000 |   1.724 | 
     | U1356          | A1 v -> ZN ^ | AOI22_X1  | 0.358 | n992           |            |  16.563 | 0.418 |   2.141 | 
     | FE_OFC741_n992 |              | BUF_X1    | 0.358 | n992           |       SPEF |  16.563 | 0.003 |   2.144 | 
     | FE_OFC741_n992 | A ^ -> Z ^   | BUF_X1    | 0.359 | FE_OFN233_n992 |            |  44.668 | 0.490 |   2.634 | 
     | FE_OFC746_n992 |              | INV_X1    | 0.360 | FE_OFN233_n992 |       SPEF |  44.668 | 0.003 |   2.638 | 
     | FE_OFC746_n992 | A ^ -> ZN v  | INV_X1    | 0.129 | FE_OFN527_n992 |            |  28.534 | 0.248 |   2.885 | 
     | C12938         |              | AND2_X1   | 0.129 | FE_OFN527_n992 |       SPEF |  28.534 | 0.001 |   2.886 | 
     | C12938         | A2 v -> ZN v | AND2_X1   | 0.018 | N21171         |            |   0.989 | 0.164 |   3.050 | 
     | C12939         |              | OR2_X1    | 0.018 | N21171         |       SPEF |   0.989 | 0.000 |   3.050 | 
     | C12939         | A2 v -> ZN v | OR2_X1    | 0.052 | N21172         |            |  11.230 | 0.234 |   3.285 | 
     | C13046         |              | AND2_X1   | 0.052 | N21172         |       SPEF |  11.230 | 0.000 |   3.285 | 
     | C13046         | A2 v -> ZN v | AND2_X1   | 0.016 | N21278         |            |   0.961 | 0.118 |   3.403 | 
     | C13047         |              | OR2_X1    | 0.016 | N21278         |       SPEF |   0.961 | 0.000 |   3.403 | 
     | C13047         | A2 v -> ZN v | OR2_X1    | 0.031 | N21279         |            |   1.780 | 0.184 |   3.587 | 
     | C13049         |              | AND2_X1   | 0.031 | N21279         |       SPEF |   1.780 | 0.000 |   3.587 | 
     | C13049         | A2 v -> ZN v | AND2_X1   | 0.018 | N21281         |            |   1.232 | 0.107 |   3.694 | 
     | C13050         |              | OR2_X1    | 0.018 | N21281         |       SPEF |   1.232 | 0.000 |   3.694 | 
     | C13050         | A2 v -> ZN v | OR2_X1    | 0.029 | N21282         |            |   1.031 | 0.178 |   3.872 | 
     | C13052         |              | AND2_X1   | 0.029 | N21282         |       SPEF |   1.031 | 0.000 |   3.872 | 
     | C13052         | A2 v -> ZN v | AND2_X1   | 0.017 | N21284         |            |   1.180 | 0.105 |   3.978 | 
     | C13053         |              | OR2_X1    | 0.017 | N21284         |       SPEF |   1.180 | 0.000 |   3.978 | 
     | C13053         | A2 v -> ZN v | OR2_X1    | 0.029 | N21285         |            |   0.980 | 0.177 |   4.155 | 
     | C13075         |              | AND2_X1   | 0.029 | N21285         |       SPEF |   0.980 | 0.000 |   4.155 | 
     | C13075         | A2 v -> ZN v | AND2_X1   | 0.018 | N21306         |            |   1.054 | 0.104 |   4.259 | 
     | C13077         |              | OR2_X1    | 0.018 | N21306         |       SPEF |   1.054 | 0.000 |   4.259 | 
     | C13077         | A1 v -> ZN v | OR2_X1    | 0.031 | N21308         |            |   1.835 | 0.167 |   4.427 | 
     | U319           |              | AOI222_X1 | 0.031 | N21308         |       SPEF |   1.835 | 0.000 |   4.427 | 
     | U319           | C1 v -> ZN ^ | AOI222_X1 | 0.197 | n256           |            |   2.304 | 0.350 |   4.776 | 
     | U318           |              | NAND2_X1  | 0.197 | n256           |       SPEF |   2.304 | 0.000 |   4.776 | 
     | U318           | A2 ^ -> ZN v | NAND2_X1  | 0.035 | n588           |            |   1.204 | 0.073 |   4.850 | 
     | sub_reg[22]    |              | DFF_X1    | 0.035 | n588           |       SPEF |   1.204 | 0.000 |   4.850 | 
     +-------------------------------------------------------------------------------------------------------------+ 
Path 5: MET Setup Check with Pin sub_reg[91]/CK 
Endpoint:   sub_reg[91]/D (v) checked with  leading edge of 'CLK'
Beginpoint: sub_reg[55]/Q (^) triggered by  leading edge of 'CLK'
Path Groups: {CLK}
Analysis View: aes_av
Other End Arrival Time          0.000
- Setup                         0.172
+ Phase Shift                   5.000
= Required Time                 4.828
- Arrival Time                  4.828
= Slack Time                    0.001
     Clock Rise Edge                 0.000
     + Clock Network Latency (Ideal) 0.000
     = Beginpoint Arrival Time       0.000
     +-----------------------------------------------------------------------------------------------------------------------+ 
     |      Instance       |     Arc      |   Cell    |  Slew |         Net         |    Arc     |  Load   | Delay | Arrival | 
     |                     |              |           |       |                     | Annotation |         |       |  Time   | 
     |---------------------+--------------+-----------+-------+---------------------+------------+---------+-------+---------| 
     | sub_reg[55]         | CK ^         |           | 0.000 | clock               |            | 426.617 |       |   0.000 | 
     | sub_reg[55]         | CK ^ -> Q ^  | DFF_X1    | 0.241 | s1x2[0]2            |            |  28.775 | 0.508 |   0.508 | 
     | U907                |              | XOR2_X1   | 0.241 | s1x2[0]2            |       SPEF |  28.775 | 0.004 |   0.512 | 
     | U907                | A ^ -> Z ^   | XOR2_X1   | 0.088 | s1x2[3]2            |            |   2.145 | 0.222 |   0.735 | 
     | U1808               |              | INV_X1    | 0.088 | s1x2[3]2            |       SPEF |   2.145 | 0.000 |   0.735 | 
     | U1808               | A ^ -> ZN v  | INV_X1    | 0.024 | n1311               |            |   2.479 | 0.042 |   0.777 | 
     | U1748               |              | XOR2_X1   | 0.024 | n1311               |       SPEF |   2.479 | 0.000 |   0.777 | 
     | U1748               | A v -> Z v   | XOR2_X1   | 0.052 | n1372               |            |   5.353 | 0.198 |   0.975 | 
     | U267                |              | XOR2_X1   | 0.052 | n1372               |       SPEF |   5.353 | 0.000 |   0.975 | 
     | U267                | B v -> Z v   | XOR2_X1   | 0.062 | n190                |            |   2.492 | 0.219 |   1.195 | 
     | U266                |              | XOR2_X1   | 0.062 | n190                |       SPEF |   2.492 | 0.000 |   1.195 | 
     | U266                | B v -> Z v   | XOR2_X1   | 0.041 | s0o[3]2             |            |   1.718 | 0.220 |   1.415 | 
     | U944                |              | AOI22_X1  | 0.041 | s0o[3]2             |       SPEF |   1.718 | 0.000 |   1.415 | 
     | U944                | B2 v -> ZN ^ | AOI22_X1  | 0.120 | n780                |            |   3.297 | 0.211 |   1.626 | 
     | U943                |              | INV_X1    | 0.120 | n780                |       SPEF |   3.297 | 0.000 |   1.626 | 
     | U943                | A ^ -> ZN v  | INV_X1    | 0.035 | mix[91]             |            |   4.666 | 0.062 |   1.688 | 
     | C33559              |              | XOR2_X1   | 0.035 | mix[91]             |       SPEF |   4.666 | 0.000 |   1.688 | 
     | C33559              | A v -> Z v   | XOR2_X1   | 0.033 | N10489              |            |   1.695 | 0.185 |   1.873 | 
     | U1200               |              | AOI22_X1  | 0.033 | N10489              |       SPEF |   1.695 | 0.000 |   1.873 | 
     | U1200               | A1 v -> ZN ^ | AOI22_X1  | 0.417 | n909                |            |  19.943 | 0.477 |   2.350 | 
     | FE_OFC99_n909       |              | CLKBUF_X2 | 0.417 | n909                |       SPEF |  19.943 | 0.003 |   2.354 | 
     | FE_OFC99_n909       | A ^ -> Z ^   | CLKBUF_X2 | 0.349 | FE_OFN99_n909       |            |  85.013 | 0.524 |   2.878 | 
     | FE_DBTC133_n909     |              | INV_X2    | 0.349 | FE_OFN99_n909       |       SPEF |  85.013 | 0.011 |   2.889 | 
     | FE_DBTC133_n909     | A ^ -> ZN v  | INV_X2    | 0.150 | FE_OFN307_cipher_91 |            |  84.754 | 0.294 |   3.183 | 
     | FE_OFC307_cipher_91 |              | BUF_X2    | 0.150 | FE_OFN307_cipher_91 |       SPEF |  84.754 | 0.001 |   3.184 | 
     | FE_OFC307_cipher_91 | A v -> Z v   | BUF_X2    | 0.086 | cipher[91]          |            |  71.604 | 0.252 |   3.436 | 
     | C26353              |              | AND2_X1   | 0.086 | cipher[91]          |       SPEF |  71.604 | 0.010 |   3.445 | 
     | C26353              | A1 v -> ZN v | AND2_X1   | 0.016 | N34163              |            |   0.978 | 0.130 |   3.575 | 
     | C26354              |              | OR2_X1    | 0.016 | N34163              |       SPEF |   0.978 | 0.000 |   3.575 | 
     | C26354              | A2 v -> ZN v | OR2_X1    | 0.029 | N34164              |            |   1.107 | 0.178 |   3.753 | 
     | C26356              |              | AND2_X1   | 0.029 | N34164              |       SPEF |   1.107 | 0.000 |   3.753 | 
     | C26356              | A2 v -> ZN v | AND2_X1   | 0.017 | N34166              |            |   1.150 | 0.105 |   3.859 | 
     | C26357              |              | OR2_X1    | 0.017 | N34166              |       SPEF |   1.150 | 0.000 |   3.859 | 
     | C26357              | A2 v -> ZN v | OR2_X1    | 0.029 | N34167              |            |   1.035 | 0.178 |   4.036 | 
     | C26359              |              | AND2_X1   | 0.029 | N34167              |       SPEF |   1.035 | 0.000 |   4.036 | 
     | C26359              | A2 v -> ZN v | AND2_X1   | 0.017 | N34169              |            |   1.034 | 0.104 |   4.141 | 
     | C26360              |              | OR2_X1    | 0.017 | N34169              |       SPEF |   1.034 | 0.000 |   4.141 | 
     | C26360              | A2 v -> ZN v | OR2_X1    | 0.032 | N34170              |            |   2.056 | 0.186 |   4.327 | 
     | U475                |              | AOI222_X1 | 0.032 | N34170              |       SPEF |   2.056 | 0.000 |   4.327 | 
     | U475                | C1 v -> ZN ^ | AOI222_X1 | 0.259 | n392                |            |   4.439 | 0.418 |   4.745 | 
     | U474                |              | NAND2_X1  | 0.259 | n392                |       SPEF |   4.439 | 0.000 |   4.745 | 
     | U474                | A2 ^ -> ZN v | NAND2_X1  | 0.044 | n640                |            |   1.436 | 0.082 |   4.828 | 
     | sub_reg[91]         |              | DFF_X1    | 0.044 | n640                |       SPEF |   1.436 | 0.000 |   4.828 | 
     +-----------------------------------------------------------------------------------------------------------------------+ 
Path 6: MET Setup Check with Pin sub_reg[92]/CK 
Endpoint:   sub_reg[92]/D (v) checked with  leading edge of 'CLK'
Beginpoint: sub_reg[55]/Q (^) triggered by  leading edge of 'CLK'
Path Groups: {CLK}
Analysis View: aes_av
Other End Arrival Time          0.000
- Setup                         0.170
+ Phase Shift                   5.000
= Required Time                 4.830
- Arrival Time                  4.814
= Slack Time                    0.016
     Clock Rise Edge                 0.000
     + Clock Network Latency (Ideal) 0.000
     = Beginpoint Arrival Time       0.000
     +-----------------------------------------------------------------------------------------------------------------------+ 
     |      Instance       |     Arc      |   Cell    |  Slew |         Net         |    Arc     |  Load   | Delay | Arrival | 
     |                     |              |           |       |                     | Annotation |         |       |  Time   | 
     |---------------------+--------------+-----------+-------+---------------------+------------+---------+-------+---------| 
     | sub_reg[55]         | CK ^         |           | 0.000 | clock               |            | 426.617 |       |   0.000 | 
     | sub_reg[55]         | CK ^ -> Q ^  | DFF_X1    | 0.241 | s1x2[0]2            |            |  28.775 | 0.508 |   0.508 | 
     | U907                |              | XOR2_X1   | 0.241 | s1x2[0]2            |       SPEF |  28.775 | 0.004 |   0.512 | 
     | U907                | A ^ -> Z ^   | XOR2_X1   | 0.088 | s1x2[3]2            |            |   2.145 | 0.222 |   0.735 | 
     | U1808               |              | INV_X1    | 0.088 | s1x2[3]2            |       SPEF |   2.145 | 0.000 |   0.735 | 
     | U1808               | A ^ -> ZN v  | INV_X1    | 0.024 | n1311               |            |   2.479 | 0.042 |   0.777 | 
     | U1748               |              | XOR2_X1   | 0.024 | n1311               |       SPEF |   2.479 | 0.000 |   0.777 | 
     | U1748               | A v -> Z v   | XOR2_X1   | 0.052 | n1372               |            |   5.353 | 0.198 |   0.975 | 
     | U267                |              | XOR2_X1   | 0.052 | n1372               |       SPEF |   5.353 | 0.000 |   0.975 | 
     | U267                | B v -> Z v   | XOR2_X1   | 0.062 | n190                |            |   2.492 | 0.219 |   1.195 | 
     | U266                |              | XOR2_X1   | 0.062 | n190                |       SPEF |   2.492 | 0.000 |   1.195 | 
     | U266                | B v -> Z v   | XOR2_X1   | 0.041 | s0o[3]2             |            |   1.718 | 0.220 |   1.415 | 
     | U944                |              | AOI22_X1  | 0.041 | s0o[3]2             |       SPEF |   1.718 | 0.000 |   1.415 | 
     | U944                | B2 v -> ZN ^ | AOI22_X1  | 0.120 | n780                |            |   3.297 | 0.211 |   1.626 | 
     | U943                |              | INV_X1    | 0.120 | n780                |       SPEF |   3.297 | 0.000 |   1.626 | 
     | U943                | A ^ -> ZN v  | INV_X1    | 0.035 | mix[91]             |            |   4.666 | 0.062 |   1.688 | 
     | C33559              |              | XOR2_X1   | 0.035 | mix[91]             |       SPEF |   4.666 | 0.000 |   1.688 | 
     | C33559              | A v -> Z v   | XOR2_X1   | 0.033 | N10489              |            |   1.695 | 0.185 |   1.873 | 
     | U1200               |              | AOI22_X1  | 0.033 | N10489              |       SPEF |   1.695 | 0.000 |   1.873 | 
     | U1200               | A1 v -> ZN ^ | AOI22_X1  | 0.417 | n909                |            |  19.943 | 0.477 |   2.350 | 
     | FE_OFC99_n909       |              | CLKBUF_X2 | 0.417 | n909                |       SPEF |  19.943 | 0.003 |   2.354 | 
     | FE_OFC99_n909       | A ^ -> Z ^   | CLKBUF_X2 | 0.349 | FE_OFN99_n909       |            |  85.013 | 0.524 |   2.878 | 
     | FE_DBTC133_n909     |              | INV_X2    | 0.349 | FE_OFN99_n909       |       SPEF |  85.013 | 0.011 |   2.889 | 
     | FE_DBTC133_n909     | A ^ -> ZN v  | INV_X2    | 0.150 | FE_OFN307_cipher_91 |            |  84.754 | 0.294 |   3.183 | 
     | FE_OFC307_cipher_91 |              | BUF_X2    | 0.150 | FE_OFN307_cipher_91 |       SPEF |  84.754 | 0.001 |   3.184 | 
     | FE_OFC307_cipher_91 | A v -> Z v   | BUF_X2    | 0.086 | cipher[91]          |            |  71.604 | 0.252 |   3.436 | 
     | C26548              |              | AND2_X1   | 0.086 | cipher[91]          |       SPEF |  71.604 | 0.009 |   3.445 | 
     | C26548              | A1 v -> ZN v | AND2_X1   | 0.017 | N34352              |            |   1.009 | 0.130 |   3.575 | 
     | C26549              |              | OR2_X1    | 0.017 | N34352              |       SPEF |   1.009 | 0.000 |   3.575 | 
     | C26549              | A2 v -> ZN v | OR2_X1    | 0.029 | N34353              |            |   1.088 | 0.178 |   3.753 | 
     | C26551              |              | AND2_X1   | 0.029 | N34353              |       SPEF |   1.088 | 0.000 |   3.753 | 
     | C26551              | A2 v -> ZN v | AND2_X1   | 0.017 | N34355              |            |   1.111 | 0.105 |   3.858 | 
     | C26552              |              | OR2_X1    | 0.017 | N34355              |       SPEF |   1.111 | 0.000 |   3.858 | 
     | C26552              | A2 v -> ZN v | OR2_X1    | 0.030 | N34356              |            |   1.464 | 0.182 |   4.039 | 
     | C26554              |              | AND2_X1   | 0.030 | N34356              |       SPEF |   1.464 | 0.000 |   4.039 | 
     | C26554              | A2 v -> ZN v | AND2_X1   | 0.017 | N34358              |            |   1.156 | 0.106 |   4.145 | 
     | C26555              |              | OR2_X1    | 0.017 | N34358              |       SPEF |   1.156 | 0.000 |   4.145 | 
     | C26555              | A2 v -> ZN v | OR2_X1    | 0.034 | N34359              |            |   2.731 | 0.191 |   4.336 | 
     | U472                |              | AOI222_X1 | 0.034 | N34359              |       SPEF |   2.731 | 0.000 |   4.337 | 
     | U472                | C1 v -> ZN ^ | AOI222_X1 | 0.242 | n390                |            |   3.846 | 0.400 |   4.737 | 
     | U471                |              | NAND2_X1  | 0.242 | n390                |       SPEF |   3.846 | 0.000 |   4.737 | 
     | U471                | A2 ^ -> ZN v | NAND2_X1  | 0.041 | n639                |            |   1.210 | 0.077 |   4.814 | 
     | sub_reg[92]         |              | DFF_X1    | 0.041 | n639                |       SPEF |   1.210 | 0.000 |   4.814 | 
     +-----------------------------------------------------------------------------------------------------------------------+ 
Path 7: MET Setup Check with Pin sub_reg[61]/CK 
Endpoint:   sub_reg[61]/D         (v) checked with  leading edge of 'CLK'
Beginpoint: roundCounter_reg[2]/Q (^) triggered by  leading edge of 'CLK'
Path Groups: {CLK}
Analysis View: aes_av
Other End Arrival Time          0.000
- Setup                         0.170
+ Phase Shift                   5.000
= Required Time                 4.830
- Arrival Time                  4.812
= Slack Time                    0.017
     Clock Rise Edge                 0.000
     + Clock Network Latency (Ideal) 0.000
     = Beginpoint Arrival Time       0.000
     +----------------------------------------------------------------------------------------------------------------------------+ 
     |      Instance       |     Arc      |   Cell    |  Slew |           Net            |    Arc     |  Load   | Delay | Arrival | 
     |                     |              |           |       |                          | Annotation |         |       |  Time   | 
     |---------------------+--------------+-----------+-------+--------------------------+------------+---------+-------+---------| 
     | roundCounter_reg[2] | CK ^         |           | 0.000 | clock                    |            | 426.617 |       |   0.000 | 
     | roundCounter_reg[2] | CK ^ -> Q ^  | DFF_X1    | 0.187 | roundCounter[2]          |            |  22.889 | 0.457 |   0.457 | 
     | FE_RC_1_0           |              | OR2_X2    | 0.188 | roundCounter[2]          |       SPEF |  22.889 | 0.001 |   0.458 | 
     | FE_RC_1_0           | A1 ^ -> ZN ^ | OR2_X2    | 0.031 | FE_RN_0_0                |            |   4.652 | 0.121 |   0.579 | 
     | FE_RC_0_0           |              | OR2_X4    | 0.031 | FE_RN_0_0                |       SPEF |   4.652 | 0.000 |   0.579 | 
     | FE_RC_0_0           | A1 ^ -> ZN ^ | OR2_X4    | 0.281 | N11079                   |            | 134.015 | 0.316 |   0.895 | 
     | FE_OFC389_N11079    |              | INV_X2    | 0.282 | N11079                   |       SPEF | 134.015 | 0.026 |   0.921 | 
     | FE_OFC389_N11079    | A ^ -> ZN v  | INV_X2    | 0.096 | FE_OFN78_FE_DBTN0_N11079 |            |  38.121 | 0.182 |   1.103 | 
     | FE_OFC390_N11079    |              | BUF_X8    | 0.096 | FE_OFN78_FE_DBTN0_N11079 |       SPEF |  38.121 | 0.000 |   1.103 | 
     | FE_OFC390_N11079    | A v -> Z v   | BUF_X8    | 0.043 | FE_OFN385_N11079         |            | 116.056 | 0.159 |   1.262 | 
     | U1018               |              | AOI22_X1  | 0.045 | FE_OFN385_N11079         |       SPEF | 116.056 | 0.007 |   1.269 | 
     | U1018               | A2 v -> ZN ^ | AOI22_X1  | 0.146 | n817                     |            |   4.755 | 0.203 |   1.473 | 
     | U1017               |              | INV_X1    | 0.146 | n817                     |       SPEF |   4.755 | 0.000 |   1.473 | 
     | U1017               | A ^ -> ZN v  | INV_X1    | 0.036 | mix[58]                  |            |   2.870 | 0.053 |   1.526 | 
     | C33592              |              | XOR2_X1   | 0.036 | mix[58]                  |       SPEF |   2.870 | 0.000 |   1.526 | 
     | C33592              | A v -> Z v   | XOR2_X1   | 0.034 | N10522                   |            |   1.830 | 0.187 |   1.713 | 
     | U1269               |              | AOI22_X1  | 0.034 | N10522                   |       SPEF |   1.830 | 0.000 |   1.713 | 
     | U1269               | A1 v -> ZN ^ | AOI22_X1  | 0.237 | n946                     |            |   9.870 | 0.279 |   1.992 | 
     | FE_OFC504_n946      |              | BUF_X2    | 0.237 | n946                     |       SPEF |   9.870 | 0.001 |   1.993 | 
     | FE_OFC504_n946      | A ^ -> Z ^   | BUF_X2    | 0.346 | FE_OFN153_n946           |            |  84.553 | 0.448 |   2.441 | 
     | FE_OFC509_n946      |              | INV_X1    | 0.346 | FE_OFN153_n946           |       SPEF |  84.553 | 0.012 |   2.453 | 
     | FE_OFC509_n946      | A ^ -> ZN v  | INV_X1    | 0.133 | FE_OFN335_cipher_58      |            |  33.839 | 0.267 |   2.720 | 
     | FE_OFC513_n946      |              | CLKBUF_X2 | 0.134 | FE_OFN335_cipher_58      |       SPEF |  33.839 | 0.002 |   2.722 | 
     | FE_OFC513_n946      | A v -> Z v   | CLKBUF_X2 | 0.204 | FE_OFN429_n946           |            |  83.422 | 0.361 |   3.083 | 
     | C20575              |              | AND2_X1   | 0.204 | FE_OFN429_n946           |       SPEF |  83.422 | 0.014 |   3.097 | 
     | C20575              | A1 v -> ZN v | AND2_X1   | 0.023 | N28568                   |            |   1.216 | 0.192 |   3.288 | 
     | C20576              |              | OR2_X1    | 0.023 | N28568                   |       SPEF |   1.216 | 0.000 |   3.288 | 
     | C20576              | A2 v -> ZN v | OR2_X1    | 0.029 | N28569                   |            |   1.173 | 0.182 |   3.470 | 
     | C20578              |              | AND2_X1   | 0.029 | N28569                   |       SPEF |   1.173 | 0.000 |   3.470 | 
     | C20578              | A2 v -> ZN v | AND2_X1   | 0.020 | N28571                   |            |   1.318 | 0.106 |   3.577 | 
     | C20579              |              | OR2_X1    | 0.020 | N28571                   |       SPEF |   1.318 | 0.000 |   3.577 | 
     | C20579              | A2 v -> ZN v | OR2_X1    | 0.029 | N28572                   |            |   0.974 | 0.179 |   3.755 | 
     | C20581              |              | AND2_X1   | 0.029 | N28572                   |       SPEF |   0.974 | 0.000 |   3.755 | 
     | C20581              | A2 v -> ZN v | AND2_X1   | 0.020 | N28574                   |            |   1.999 | 0.110 |   3.865 | 
     | C20582              |              | OR2_X1    | 0.020 | N28574                   |       SPEF |   1.999 | 0.000 |   3.865 | 
     | C20582              | A2 v -> ZN v | OR2_X1    | 0.029 | N28575                   |            |   0.973 | 0.179 |   4.044 | 
     | C20584              |              | AND2_X1   | 0.029 | N28575                   |       SPEF |   0.973 | 0.000 |   4.044 | 
     | C20584              | A2 v -> ZN v | AND2_X1   | 0.017 | N28577                   |            |   1.049 | 0.104 |   4.148 | 
     | C20585              |              | OR2_X1    | 0.017 | N28577                   |       SPEF |   1.049 | 0.000 |   4.148 | 
     | C20585              | A2 v -> ZN v | OR2_X1    | 0.031 | N28578                   |            |   1.822 | 0.185 |   4.333 | 
     | U412                |              | AOI222_X1 | 0.031 | N28578                   |       SPEF |   1.822 | 0.000 |   4.333 | 
     | U412                | C1 v -> ZN ^ | AOI222_X1 | 0.242 | n350                     |            |   3.861 | 0.399 |   4.732 | 
     | U411                |              | NAND2_X1  | 0.242 | n350                     |       SPEF |   3.861 | 0.000 |   4.732 | 
     | U411                | A2 ^ -> ZN v | NAND2_X1  | 0.042 | n619                     |            |   1.378 | 0.080 |   4.812 | 
     | sub_reg[61]         |              | DFF_X1    | 0.042 | n619                     |       SPEF |   1.378 | 0.000 |   4.812 | 
     +----------------------------------------------------------------------------------------------------------------------------+ 
Path 8: MET Setup Check with Pin sub_reg[62]/CK 
Endpoint:   sub_reg[62]/D         (v) checked with  leading edge of 'CLK'
Beginpoint: roundCounter_reg[2]/Q (^) triggered by  leading edge of 'CLK'
Path Groups: {CLK}
Analysis View: aes_av
Other End Arrival Time          0.000
- Setup                         0.173
+ Phase Shift                   5.000
= Required Time                 4.827
- Arrival Time                  4.810
= Slack Time                    0.017
     Clock Rise Edge                 0.000
     + Clock Network Latency (Ideal) 0.000
     = Beginpoint Arrival Time       0.000
     +----------------------------------------------------------------------------------------------------------------------------+ 
     |      Instance       |     Arc      |   Cell    |  Slew |           Net            |    Arc     |  Load   | Delay | Arrival | 
     |                     |              |           |       |                          | Annotation |         |       |  Time   | 
     |---------------------+--------------+-----------+-------+--------------------------+------------+---------+-------+---------| 
     | roundCounter_reg[2] | CK ^         |           | 0.000 | clock                    |            | 426.617 |       |   0.000 | 
     | roundCounter_reg[2] | CK ^ -> Q ^  | DFF_X1    | 0.187 | roundCounter[2]          |            |  22.889 | 0.457 |   0.457 | 
     | FE_RC_1_0           |              | OR2_X2    | 0.188 | roundCounter[2]          |       SPEF |  22.889 | 0.001 |   0.458 | 
     | FE_RC_1_0           | A1 ^ -> ZN ^ | OR2_X2    | 0.031 | FE_RN_0_0                |            |   4.652 | 0.121 |   0.579 | 
     | FE_RC_0_0           |              | OR2_X4    | 0.031 | FE_RN_0_0                |       SPEF |   4.652 | 0.000 |   0.579 | 
     | FE_RC_0_0           | A1 ^ -> ZN ^ | OR2_X4    | 0.281 | N11079                   |            | 134.015 | 0.316 |   0.895 | 
     | FE_OFC389_N11079    |              | INV_X2    | 0.282 | N11079                   |       SPEF | 134.015 | 0.026 |   0.921 | 
     | FE_OFC389_N11079    | A ^ -> ZN v  | INV_X2    | 0.096 | FE_OFN78_FE_DBTN0_N11079 |            |  38.121 | 0.182 |   1.103 | 
     | FE_OFC390_N11079    |              | BUF_X8    | 0.096 | FE_OFN78_FE_DBTN0_N11079 |       SPEF |  38.121 | 0.000 |   1.103 | 
     | FE_OFC390_N11079    | A v -> Z v   | BUF_X8    | 0.043 | FE_OFN385_N11079         |            | 116.056 | 0.159 |   1.262 | 
     | U1018               |              | AOI22_X1  | 0.045 | FE_OFN385_N11079         |       SPEF | 116.056 | 0.007 |   1.269 | 
     | U1018               | A2 v -> ZN ^ | AOI22_X1  | 0.146 | n817                     |            |   4.755 | 0.203 |   1.473 | 
     | U1017               |              | INV_X1    | 0.146 | n817                     |       SPEF |   4.755 | 0.000 |   1.473 | 
     | U1017               | A ^ -> ZN v  | INV_X1    | 0.036 | mix[58]                  |            |   2.870 | 0.053 |   1.526 | 
     | C33592              |              | XOR2_X1   | 0.036 | mix[58]                  |       SPEF |   2.870 | 0.000 |   1.526 | 
     | C33592              | A v -> Z v   | XOR2_X1   | 0.034 | N10522                   |            |   1.830 | 0.187 |   1.713 | 
     | U1269               |              | AOI22_X1  | 0.034 | N10522                   |       SPEF |   1.830 | 0.000 |   1.713 | 
     | U1269               | A1 v -> ZN ^ | AOI22_X1  | 0.237 | n946                     |            |   9.870 | 0.279 |   1.992 | 
     | FE_OFC504_n946      |              | BUF_X2    | 0.237 | n946                     |       SPEF |   9.870 | 0.001 |   1.993 | 
     | FE_OFC504_n946      | A ^ -> Z ^   | BUF_X2    | 0.346 | FE_OFN153_n946           |            |  84.553 | 0.448 |   2.441 | 
     | FE_OFC509_n946      |              | INV_X1    | 0.346 | FE_OFN153_n946           |       SPEF |  84.553 | 0.012 |   2.453 | 
     | FE_OFC509_n946      | A ^ -> ZN v  | INV_X1    | 0.133 | FE_OFN335_cipher_58      |            |  33.839 | 0.267 |   2.720 | 
     | FE_OFC513_n946      |              | CLKBUF_X2 | 0.134 | FE_OFN335_cipher_58      |       SPEF |  33.839 | 0.002 |   2.722 | 
     | FE_OFC513_n946      | A v -> Z v   | CLKBUF_X2 | 0.204 | FE_OFN429_n946           |            |  83.422 | 0.361 |   3.083 | 
     | C20797              |              | AND2_X1   | 0.204 | FE_OFN429_n946           |       SPEF |  83.422 | 0.013 |   3.096 | 
     | C20797              | A1 v -> ZN v | AND2_X1   | 0.022 | N28782                   |            |   0.986 | 0.190 |   3.286 | 
     | C20798              |              | OR2_X1    | 0.022 | N28782                   |       SPEF |   0.986 | 0.000 |   3.286 | 
     | C20798              | A2 v -> ZN v | OR2_X1    | 0.030 | N28783                   |            |   1.329 | 0.183 |   3.469 | 
     | C20800              |              | AND2_X1   | 0.030 | N28783                   |       SPEF |   1.329 | 0.000 |   3.469 | 
     | C20800              | A2 v -> ZN v | AND2_X1   | 0.019 | N28785                   |            |   1.138 | 0.105 |   3.575 | 
     | C20801              |              | OR2_X1    | 0.019 | N28785                   |       SPEF |   1.138 | 0.000 |   3.575 | 
     | C20801              | A2 v -> ZN v | OR2_X1    | 0.030 | N28786                   |            |   1.199 | 0.181 |   3.755 | 
     | C20809              |              | AND2_X1   | 0.030 | N28786                   |       SPEF |   1.199 | 0.000 |   3.755 | 
     | C20809              | A2 v -> ZN v | AND2_X1   | 0.017 | N28794                   |            |   1.132 | 0.105 |   3.860 | 
     | C20811              |              | OR2_X1    | 0.017 | N28794                   |       SPEF |   1.132 | 0.000 |   3.860 | 
     | C20811              | A1 v -> ZN v | OR2_X1    | 0.029 | N28796                   |            |   1.052 | 0.160 |   4.021 | 
     | C20813              |              | AND2_X1   | 0.029 | N28796                   |       SPEF |   1.052 | 0.000 |   4.021 | 
     | C20813              | A2 v -> ZN v | AND2_X1   | 0.017 | N28798                   |            |   1.123 | 0.105 |   4.125 | 
     | C20814              |              | OR2_X1    | 0.017 | N28798                   |       SPEF |   1.123 | 0.000 |   4.125 | 
     | C20814              | A2 v -> ZN v | OR2_X1    | 0.031 | N28799                   |            |   1.809 | 0.185 |   4.310 | 
     | U409                |              | AOI222_X1 | 0.031 | N28799                   |       SPEF |   1.809 | 0.000 |   4.310 | 
     | U409                | B1 v -> ZN ^ | AOI222_X1 | 0.288 | n348                     |            |   5.466 | 0.417 |   4.727 | 
     | U408                |              | NAND2_X1  | 0.288 | n348                     |       SPEF |   5.466 | 0.001 |   4.727 | 
     | U408                | A2 ^ -> ZN v | NAND2_X1  | 0.047 | n618                     |            |   1.313 | 0.082 |   4.810 | 
     | sub_reg[62]         |              | DFF_X1    | 0.047 | n618                     |       SPEF |   1.313 | 0.000 |   4.810 | 
     +----------------------------------------------------------------------------------------------------------------------------+ 
Path 9: MET Setup Check with Pin w_reg[3][10]/CK 
Endpoint:   w_reg[3][10]/D (v) checked with  leading edge of 'CLK'
Beginpoint: w_reg[3][1]/Q  (^) triggered by  leading edge of 'CLK'
Path Groups: {CLK}
Analysis View: aes_av
Other End Arrival Time          0.000
- Setup                         0.167
+ Phase Shift                   5.000
= Required Time                 4.833
- Arrival Time                  4.810
= Slack Time                    0.023
     Clock Rise Edge                 0.000
     + Clock Network Latency (Ideal) 0.000
     = Beginpoint Arrival Time       0.000
     +-------------------------------------------------------------------------------------------------------------------------------+ 
     |        Instance         |     Arc      |   Cell    |  Slew |           Net           |    Arc     |  Load   | Delay | Arrival | 
     |                         |              |           |       |                         | Annotation |         |       |  Time   | 
     |-------------------------+--------------+-----------+-------+-------------------------+------------+---------+-------+---------| 
     | w_reg[3][1]             | CK ^         |           | 0.000 | clock                   |            | 426.617 |       |   0.000 | 
     | w_reg[3][1]             | CK ^ -> Q ^  | DFF_X1    | 0.198 | w[3][1]                 |            |  23.444 | 0.468 |   0.468 | 
     | FE_OFC47_w_3__1         |              | BUF_X2    | 0.198 | w[3][1]                 |       SPEF |  23.444 | 0.001 |   0.469 | 
     | FE_OFC47_w_3__1         | A ^ -> Z ^   | BUF_X2    | 0.345 | FE_OFN47_w_3__1         |            |  83.645 | 0.438 |   0.906 | 
     | FE_OFC48_w_3__1         |              | BUF_X1    | 0.345 | FE_OFN47_w_3__1         |       SPEF |  83.645 | 0.015 |   0.921 | 
     | FE_OFC48_w_3__1         | A ^ -> Z ^   | BUF_X1    | 0.326 | FE_OFN48_w_3__1         |            |  40.278 | 0.454 |   1.375 | 
     | FE_DBTC1_w_3_1          |              | INV_X1    | 0.326 | FE_OFN48_w_3__1         |       SPEF |  40.278 | 0.003 |   1.378 | 
     | FE_DBTC1_w_3_1          | A ^ -> ZN v  | INV_X1    | 0.143 | FE_DBTN1_w_3_1          |            |  42.222 | 0.287 |   1.665 | 
     | FE_OFC77_FE_DBTN1_w_3_1 |              | CLKBUF_X2 | 0.143 | FE_DBTN1_w_3_1          |       SPEF |  42.222 | 0.000 |   1.665 | 
     | FE_OFC77_FE_DBTN1_w_3_1 | A v -> Z v   | CLKBUF_X2 | 0.160 | FE_OFN77_FE_DBTN1_w_3_1 |            |  64.472 | 0.319 |   1.984 | 
     | C4456                   |              | AND2_X1   | 0.160 | FE_OFN77_FE_DBTN1_w_3_1 |       SPEF |  64.472 | 0.005 |   1.989 | 
     | C4456                   | A1 v -> ZN v | AND2_X1   | 0.020 | N12961                  |            |   0.867 | 0.169 |   2.158 | 
     | C4458                   |              | OR2_X1    | 0.020 | N12961                  |       SPEF |   0.867 | 0.000 |   2.158 | 
     | C4458                   | A1 v -> ZN v | OR2_X1    | 0.044 | N12963                  |            |   7.179 | 0.200 |   2.358 | 
     | C4582                   |              | AND2_X1   | 0.044 | N12963                  |       SPEF |   7.179 | 0.000 |   2.358 | 
     | C4582                   | A2 v -> ZN v | AND2_X1   | 0.019 | N13083                  |            |   1.159 | 0.114 |   2.472 | 
     | C4583                   |              | OR2_X1    | 0.019 | N13083                  |       SPEF |   1.159 | 0.000 |   2.472 | 
     | C4583                   | A2 v -> ZN v | OR2_X1    | 0.031 | N13084                  |            |   1.635 | 0.184 |   2.656 | 
     | C4585                   |              | AND2_X1   | 0.031 | N13084                  |       SPEF |   1.635 | 0.000 |   2.656 | 
     | C4585                   | A2 v -> ZN v | AND2_X1   | 0.017 | N13086                  |            |   1.117 | 0.106 |   2.762 | 
     | C4586                   |              | OR2_X1    | 0.017 | N13086                  |       SPEF |   1.117 | 0.000 |   2.762 | 
     | C4586                   | A2 v -> ZN v | OR2_X1    | 0.029 | N13087                  |            |   0.948 | 0.177 |   2.939 | 
     | C4598                   |              | AND2_X1   | 0.029 | N13087                  |       SPEF |   0.948 | 0.000 |   2.939 | 
     | C4598                   | A2 v -> ZN v | AND2_X1   | 0.018 | N13099                  |            |   0.849 | 0.103 |   3.042 | 
     | C4600                   |              | OR2_X1    | 0.018 | N13099                  |       SPEF |   0.849 | 0.000 |   3.042 | 
     | C4600                   | A1 v -> ZN v | OR2_X1    | 0.029 | N13101                  |            |   1.121 | 0.161 |   3.203 | 
     | C4602                   |              | AND2_X1   | 0.029 | N13101                  |       SPEF |   1.121 | 0.000 |   3.203 | 
     | C4602                   | A2 v -> ZN v | AND2_X1   | 0.022 | N13103                  |            |   2.093 | 0.111 |   3.314 | 
     | C4603                   |              | OR2_X1    | 0.022 | N13103                  |       SPEF |   2.093 | 0.000 |   3.314 | 
     | C4603                   | A2 v -> ZN v | OR2_X1    | 0.029 | N13104                  |            |   1.087 | 0.181 |   3.495 | 
     | C4646                   |              | AND2_X1   | 0.029 | N13104                  |       SPEF |   1.087 | 0.000 |   3.495 | 
     | C4646                   | A2 v -> ZN v | AND2_X1   | 0.016 | N13147                  |            |   0.867 | 0.103 |   3.599 | 
     | C4648                   |              | OR2_X1    | 0.016 | N13147                  |       SPEF |   0.867 | 0.000 |   3.599 | 
     | C4648                   | A1 v -> ZN v | OR2_X1    | 0.029 | N13149                  |            |   1.150 | 0.161 |   3.760 | 
     | C4650                   |              | AND2_X1   | 0.029 | N13149                  |       SPEF |   1.150 | 0.000 |   3.760 | 
     | C4650                   | A2 v -> ZN v | AND2_X1   | 0.016 | N13151                  |            |   0.978 | 0.104 |   3.864 | 
     | C4651                   |              | OR2_X1    | 0.016 | N13151                  |       SPEF |   0.978 | 0.000 |   3.864 | 
     | C4651                   | A2 v -> ZN v | OR2_X1    | 0.040 | subRotW[10]             |            |   5.310 | 0.206 |   4.070 | 
     | U874                    |              | NAND2_X1  | 0.040 | subRotW[10]             |       SPEF |   5.310 | 0.001 |   4.071 | 
     | U874                    | A1 v -> ZN ^ | NAND2_X1  | 0.047 | n767                    |            |   3.281 | 0.071 |   4.141 | 
     | U873                    |              | OAI21_X1  | 0.047 | n767                    |       SPEF |   3.281 | 0.000 |   4.142 | 
     | U873                    | A ^ -> ZN v  | OAI21_X1  | 0.070 | temp[10]                |            |   2.579 | 0.061 |   4.203 | 
     | C33372                  |              | XOR2_X1   | 0.070 | temp[10]                |       SPEF |   2.579 | 0.000 |   4.203 | 
     | C33372                  | B v -> Z v   | XOR2_X1   | 0.051 | N10148                  |            |   1.741 | 0.225 |   4.428 | 
     | U1666                   |              | AOI22_X1  | 0.051 | N10148                  |       SPEF |   1.741 | 0.000 |   4.428 | 
     | U1666                   | A1 v -> ZN ^ | AOI22_X1  | 0.095 | n1147                   |            |   1.923 | 0.130 |   4.558 | 
     | U1665                   |              | INV_X1    | 0.095 | n1147                   |       SPEF |   1.923 | 0.000 |   4.558 | 
     | U1665                   | A ^ -> ZN v  | INV_X1    | 0.023 | N10171                  |            |   1.411 | 0.035 |   4.593 | 
     | U1835                   |              | MUX2_X1   | 0.023 | N10171                  |       SPEF |   1.411 | 0.000 |   4.593 | 
     | U1835                   | B v -> Z v   | MUX2_X1   | 0.035 | n1281                   |            |   1.259 | 0.217 |   4.810 | 
     | w_reg[3][10]            |              | DFF_X1    | 0.035 | n1281                   |       SPEF |   1.259 | 0.000 |   4.810 | 
     +-------------------------------------------------------------------------------------------------------------------------------+ 
Path 10: MET Setup Check with Pin sub_reg[53]/CK 
Endpoint:   sub_reg[53]/D         (v) checked with  leading edge of 'CLK'
Beginpoint: roundCounter_reg[2]/Q (^) triggered by  leading edge of 'CLK'
Path Groups: {CLK}
Analysis View: aes_av
Other End Arrival Time          0.000
- Setup                         0.171
+ Phase Shift                   5.000
= Required Time                 4.829
- Arrival Time                  4.806
= Slack Time                    0.024
     Clock Rise Edge                 0.000
     + Clock Network Latency (Ideal) 0.000
     = Beginpoint Arrival Time       0.000
     +----------------------------------------------------------------------------------------------------------------------------+ 
     |      Instance       |     Arc      |   Cell    |  Slew |           Net            |    Arc     |  Load   | Delay | Arrival | 
     |                     |              |           |       |                          | Annotation |         |       |  Time   | 
     |---------------------+--------------+-----------+-------+--------------------------+------------+---------+-------+---------| 
     | roundCounter_reg[2] | CK ^         |           | 0.000 | clock                    |            | 426.617 |       |   0.000 | 
     | roundCounter_reg[2] | CK ^ -> Q ^  | DFF_X1    | 0.187 | roundCounter[2]          |            |  22.889 | 0.457 |   0.457 | 
     | FE_RC_1_0           |              | OR2_X2    | 0.188 | roundCounter[2]          |       SPEF |  22.889 | 0.001 |   0.458 | 
     | FE_RC_1_0           | A1 ^ -> ZN ^ | OR2_X2    | 0.031 | FE_RN_0_0                |            |   4.652 | 0.121 |   0.579 | 
     | FE_RC_0_0           |              | OR2_X4    | 0.031 | FE_RN_0_0                |       SPEF |   4.652 | 0.000 |   0.579 | 
     | FE_RC_0_0           | A1 ^ -> ZN ^ | OR2_X4    | 0.281 | N11079                   |            | 134.015 | 0.316 |   0.895 | 
     | FE_OFC389_N11079    |              | INV_X2    | 0.282 | N11079                   |       SPEF | 134.015 | 0.026 |   0.921 | 
     | FE_OFC389_N11079    | A ^ -> ZN v  | INV_X2    | 0.096 | FE_OFN78_FE_DBTN0_N11079 |            |  38.121 | 0.182 |   1.103 | 
     | FE_OFC390_N11079    |              | BUF_X8    | 0.096 | FE_OFN78_FE_DBTN0_N11079 |       SPEF |  38.121 | 0.000 |   1.103 | 
     | FE_OFC390_N11079    | A v -> Z v   | BUF_X8    | 0.043 | FE_OFN385_N11079         |            | 116.056 | 0.159 |   1.262 | 
     | U1038               |              | AOI22_X1  | 0.045 | FE_OFN385_N11079         |       SPEF | 116.056 | 0.008 |   1.270 | 
     | U1038               | B2 v -> ZN ^ | AOI22_X1  | 0.112 | n827                     |            |   2.870 | 0.205 |   1.475 | 
     | FE_OFC797_n827      |              | INV_X1    | 0.112 | n827                     |       SPEF |   2.870 | 0.000 |   1.475 | 
     | FE_OFC797_n827      | A ^ -> ZN v  | INV_X1    | 0.036 | mix[49]                  |            |   6.182 | 0.069 |   1.543 | 
     | C33601              |              | XOR2_X1   | 0.036 | mix[49]                  |       SPEF |   6.182 | 0.000 |   1.544 | 
     | C33601              | A v -> Z v   | XOR2_X1   | 0.034 | N10531                   |            |   2.109 | 0.188 |   1.732 | 
     | U1288               |              | AOI22_X1  | 0.034 | N10531                   |       SPEF |   2.109 | 0.000 |   1.732 | 
     | U1288               | A1 v -> ZN ^ | AOI22_X1  | 0.338 | n956                     |            |  15.688 | 0.390 |   2.122 | 
     | FE_OFC631_n956      |              | INV_X1    | 0.338 | n956                     |       SPEF |  15.688 | 0.002 |   2.124 | 
     | FE_OFC631_n956      | A ^ -> ZN v  | INV_X1    | 0.079 | FE_OFN171_n956           |            |   5.585 | 0.097 |   2.221 | 
     | FE_OFC633_n956      |              | INV_X2    | 0.079 | FE_OFN171_n956           |       SPEF |   5.585 | 0.000 |   2.221 | 
     | FE_OFC633_n956      | A v -> ZN ^  | INV_X2    | 0.252 | FE_OFN345_cipher_49      |            |  61.765 | 0.312 |   2.533 | 
     | FE_OFC635_n956      |              | INV_X2    | 0.252 | FE_OFN345_cipher_49      |       SPEF |  61.765 | 0.007 |   2.540 | 
     | FE_OFC635_n956      | A ^ -> ZN v  | INV_X2    | 0.116 | cipher[49]               |            |  74.013 | 0.233 |   2.774 | 
     | C18906              |              | AND2_X1   | 0.117 | cipher[49]               |       SPEF |  74.013 | 0.011 |   2.784 | 
     | C18906              | A1 v -> ZN v | AND2_X1   | 0.017 | N26952                   |            |   0.988 | 0.148 |   2.932 | 
     | C18907              |              | OR2_X1    | 0.017 | N26952                   |       SPEF |   0.988 | 0.000 |   2.932 | 
     | C18907              | A2 v -> ZN v | OR2_X1    | 0.048 | N26953                   |            |   9.321 | 0.226 |   3.158 | 
     | C19035              |              | AND2_X1   | 0.048 | N26953                   |       SPEF |   9.321 | 0.000 |   3.158 | 
     | C19035              | A2 v -> ZN v | AND2_X1   | 0.017 | N27077                   |            |   1.063 | 0.116 |   3.274 | 
     | C19036              |              | OR2_X1    | 0.017 | N27077                   |       SPEF |   1.063 | 0.000 |   3.274 | 
     | C19036              | A2 v -> ZN v | OR2_X1    | 0.029 | N27078                   |            |   1.162 | 0.179 |   3.453 | 
     | C19038              |              | AND2_X1   | 0.029 | N27078                   |       SPEF |   1.162 | 0.000 |   3.453 | 
     | C19038              | A2 v -> ZN v | AND2_X1   | 0.017 | N27080                   |            |   1.257 | 0.106 |   3.559 | 
     | C19039              |              | OR2_X1    | 0.017 | N27080                   |       SPEF |   1.257 | 0.000 |   3.559 | 
     | C19039              | A2 v -> ZN v | OR2_X1    | 0.032 | N27081                   |            |   1.973 | 0.186 |   3.745 | 
     | C19041              |              | AND2_X1   | 0.032 | N27081                   |       SPEF |   1.973 | 0.000 |   3.745 | 
     | C19041              | A2 v -> ZN v | AND2_X1   | 0.018 | N27083                   |            |   1.102 | 0.106 |   3.852 | 
     | C19042              |              | OR2_X1    | 0.018 | N27083                   |       SPEF |   1.102 | 0.000 |   3.852 | 
     | C19042              | A2 v -> ZN v | OR2_X1    | 0.030 | N27084                   |            |   1.196 | 0.180 |   4.032 | 
     | C19044              |              | AND2_X1   | 0.030 | N27084                   |       SPEF |   1.196 | 0.000 |   4.032 | 
     | C19044              | A2 v -> ZN v | AND2_X1   | 0.017 | N27086                   |            |   1.021 | 0.104 |   4.136 | 
     | C19045              |              | OR2_X1    | 0.017 | N27086                   |       SPEF |   1.021 | 0.000 |   4.136 | 
     | C19045              | A2 v -> ZN v | OR2_X1    | 0.032 | N27087                   |            |   1.973 | 0.186 |   4.322 | 
     | U445                |              | AOI222_X1 | 0.032 | N27087                   |       SPEF |   1.973 | 0.000 |   4.322 | 
     | U445                | C1 v -> ZN ^ | AOI222_X1 | 0.247 | n372                     |            |   4.028 | 0.405 |   4.727 | 
     | U444                |              | NAND2_X1  | 0.247 | n372                     |       SPEF |   4.028 | 0.000 |   4.727 | 
     | U444                | A2 ^ -> ZN v | NAND2_X1  | 0.042 | n630                     |            |   1.271 | 0.079 |   4.806 | 
     | sub_reg[53]         |              | DFF_X1    | 0.042 | n630                     |       SPEF |   1.271 | 0.000 |   4.806 | 
     +----------------------------------------------------------------------------------------------------------------------------+ 

