###############################################################
#  Generated by:      Cadence Innovus 18.10-p002_1
#  OS:                Linux x86_64(Host ID ensc-esil-01)
#  Generated on:      Fri Apr  2 20:38:18 2021
#  Design:            aes128key
#  Command:           report_timing -net -format {instance arc cell slew net annotation load delay arrival} -max_paths 10 >  results/timing/06-cts_hold.rpt
###############################################################
Path 1: MET Hold Check with Pin w_reg[3][24]/CK 
Endpoint:   w_reg[3][24]/D (^) checked with  leading edge of 'CLK'
Beginpoint: w_reg[3][24]/Q (^) triggered by  leading edge of 'CLK'
Path Groups: {CLK}
Analysis View: aes_av
Other End Arrival Time          0.000
+ Hold                          0.021
+ Phase Shift                   0.000
= Required Time                 0.021
  Arrival Time                  0.432
  Slack Time                    0.411
     Clock Rise Edge                 0.000
     + Clock Network Latency (Ideal) 0.000
     = Beginpoint Arrival Time       0.000
     +--------------------------------------------------------------------------------------------------+ 
     |   Instance   |     Arc     |  Cell   |  Slew |   Net    |    Arc     |  Load   | Delay | Arrival | 
     |              |             |         |       |          | Annotation |         |       |  Time   | 
     |--------------+-------------+---------+-------+----------+------------+---------+-------+---------| 
     | w_reg[3][24] | CK ^        |         | 0.000 | clock    |            | 426.617 |       |   0.000 | 
     | w_reg[3][24] | CK ^ -> Q ^ | DFF_X1  | 0.049 | w[3][24] |            |   4.665 | 0.320 |   0.320 | 
     | U1849        |             | MUX2_X1 | 0.049 | w[3][24] |       SPEF |   4.665 | 0.000 |   0.320 | 
     | U1849        | A ^ -> Z ^  | MUX2_X1 | 0.026 | n1267    |            |   1.494 | 0.112 |   0.432 | 
     | w_reg[3][24] |             | DFF_X1  | 0.026 | n1267    |       SPEF |   1.494 | 0.000 |   0.432 | 
     +--------------------------------------------------------------------------------------------------+ 
Path 2: MET Hold Check with Pin w_reg[3][26]/CK 
Endpoint:   w_reg[3][26]/D (^) checked with  leading edge of 'CLK'
Beginpoint: w_reg[3][26]/Q (^) triggered by  leading edge of 'CLK'
Path Groups: {CLK}
Analysis View: aes_av
Other End Arrival Time          0.000
+ Hold                          0.022
+ Phase Shift                   0.000
= Required Time                 0.022
  Arrival Time                  0.456
  Slack Time                    0.435
     Clock Rise Edge                 0.000
     + Clock Network Latency (Ideal) 0.000
     = Beginpoint Arrival Time       0.000
     +--------------------------------------------------------------------------------------------------+ 
     |   Instance   |     Arc     |  Cell   |  Slew |   Net    |    Arc     |  Load   | Delay | Arrival | 
     |              |             |         |       |          | Annotation |         |       |  Time   | 
     |--------------+-------------+---------+-------+----------+------------+---------+-------+---------| 
     | w_reg[3][26] | CK ^        |         | 0.000 | clock    |            | 426.617 |       |   0.000 | 
     | w_reg[3][26] | CK ^ -> Q ^ | DFF_X1  | 0.066 | w[3][26] |            |   6.920 | 0.336 |   0.336 | 
     | U1851        |             | MUX2_X1 | 0.066 | w[3][26] |       SPEF |   6.920 | 0.000 |   0.336 | 
     | U1851        | A ^ -> Z ^  | MUX2_X1 | 0.027 | n1265    |            |   1.553 | 0.121 |   0.456 | 
     | w_reg[3][26] |             | DFF_X1  | 0.027 | n1265    |       SPEF |   1.553 | 0.000 |   0.456 | 
     +--------------------------------------------------------------------------------------------------+ 
Path 3: MET Hold Check with Pin w_reg[2][3]/CK 
Endpoint:   w_reg[2][3]/D  (^) checked with  leading edge of 'CLK'
Beginpoint: w_reg[3][3]/QN (v) triggered by  leading edge of 'CLK'
Path Groups: {CLK}
Analysis View: aes_av
Other End Arrival Time          0.000
+ Hold                          0.021
+ Phase Shift                   0.000
= Required Time                 0.021
  Arrival Time                  0.460
  Slack Time                    0.439
     Clock Rise Edge                 0.000
     + Clock Network Latency (Ideal) 0.000
     = Beginpoint Arrival Time       0.000
     +-------------------------------------------------------------------------------------------------+ 
     |  Instance   |     Arc      |   Cell   |  Slew |  Net   |    Arc     |  Load   | Delay | Arrival | 
     |             |              |          |       |        | Annotation |         |       |  Time   | 
     |-------------+--------------+----------+-------+--------+------------+---------+-------+---------| 
     | w_reg[3][3] | CK ^         |          | 0.000 | clock  |            | 426.617 |       |   0.000 | 
     | w_reg[3][3] | CK ^ -> QN v | DFF_X1   | 0.047 | n718   |            |   3.976 | 0.241 |   0.241 | 
     | U1615       |              | OAI21_X1 | 0.047 | n718   |       SPEF |   3.976 | 0.000 |   0.241 | 
     | U1615       | B2 v -> ZN ^ | OAI21_X1 | 0.032 | N10196 |            |   1.123 | 0.118 |   0.359 | 
     | U1860       |              | MUX2_X1  | 0.032 | N10196 |       SPEF |   1.123 | 0.000 |   0.359 | 
     | U1860       | B ^ -> Z ^   | MUX2_X1  | 0.025 | n1256  |            |   1.336 | 0.101 |   0.460 | 
     | w_reg[2][3] |              | DFF_X1   | 0.025 | n1256  |       SPEF |   1.336 | 0.000 |   0.460 | 
     +-------------------------------------------------------------------------------------------------+ 
Path 4: MET Hold Check with Pin w_reg[2][29]/CK 
Endpoint:   w_reg[2][29]/D  (^) checked with  leading edge of 'CLK'
Beginpoint: w_reg[3][29]/QN (v) triggered by  leading edge of 'CLK'
Path Groups: {CLK}
Analysis View: aes_av
Other End Arrival Time          0.000
+ Hold                          0.021
+ Phase Shift                   0.000
= Required Time                 0.021
  Arrival Time                  0.461
  Slack Time                    0.440
     Clock Rise Edge                 0.000
     + Clock Network Latency (Ideal) 0.000
     = Beginpoint Arrival Time       0.000
     +--------------------------------------------------------------------------------------------------+ 
     |   Instance   |     Arc      |   Cell   |  Slew |  Net   |    Arc     |  Load   | Delay | Arrival | 
     |              |              |          |       |        | Annotation |         |       |  Time   | 
     |--------------+--------------+----------+-------+--------+------------+---------+-------+---------| 
     | w_reg[3][29] | CK ^         |          | 0.000 | clock  |            | 426.617 |       |   0.000 | 
     | w_reg[3][29] | CK ^ -> QN v | DFF_X1   | 0.047 | n726   |            |   3.840 | 0.240 |   0.240 | 
     | U1563        |              | OAI21_X1 | 0.047 | n726   |       SPEF |   3.840 | 0.000 |   0.240 | 
     | U1563        | B2 v -> ZN ^ | OAI21_X1 | 0.033 | N10222 |            |   1.169 | 0.119 |   0.359 | 
     | U1886        |              | MUX2_X1  | 0.033 | N10222 |       SPEF |   1.169 | 0.000 |   0.359 | 
     | U1886        | B ^ -> Z ^   | MUX2_X1  | 0.026 | n1230  |            |   1.424 | 0.102 |   0.461 | 
     | w_reg[2][29] |              | DFF_X1   | 0.026 | n1230  |       SPEF |   1.424 | 0.000 |   0.461 | 
     +--------------------------------------------------------------------------------------------------+ 
Path 5: MET Hold Check with Pin w_reg[2][30]/CK 
Endpoint:   w_reg[2][30]/D  (^) checked with  leading edge of 'CLK'
Beginpoint: w_reg[3][30]/QN (v) triggered by  leading edge of 'CLK'
Path Groups: {CLK}
Analysis View: aes_av
Other End Arrival Time          0.000
+ Hold                          0.021
+ Phase Shift                   0.000
= Required Time                 0.021
  Arrival Time                  0.462
  Slack Time                    0.441
     Clock Rise Edge                 0.000
     + Clock Network Latency (Ideal) 0.000
     = Beginpoint Arrival Time       0.000
     +--------------------------------------------------------------------------------------------------+ 
     |   Instance   |     Arc      |   Cell   |  Slew |  Net   |    Arc     |  Load   | Delay | Arrival | 
     |              |              |          |       |        | Annotation |         |       |  Time   | 
     |--------------+--------------+----------+-------+--------+------------+---------+-------+---------| 
     | w_reg[3][30] | CK ^         |          | 0.000 | clock  |            | 426.617 |       |   0.000 | 
     | w_reg[3][30] | CK ^ -> QN v | DFF_X1   | 0.047 | n722   |            |   3.829 | 0.240 |   0.240 | 
     | U1561        |              | OAI21_X1 | 0.047 | n722   |       SPEF |   3.829 | 0.000 |   0.240 | 
     | U1561        | B2 v -> ZN ^ | OAI21_X1 | 0.034 | N10223 |            |   1.229 | 0.120 |   0.360 | 
     | U1887        |              | MUX2_X1  | 0.034 | N10223 |       SPEF |   1.229 | 0.000 |   0.360 | 
     | U1887        | B ^ -> Z ^   | MUX2_X1  | 0.026 | n1229  |            |   1.410 | 0.102 |   0.462 | 
     | w_reg[2][30] |              | DFF_X1   | 0.026 | n1229  |       SPEF |   1.410 | 0.000 |   0.462 | 
     +--------------------------------------------------------------------------------------------------+ 
Path 6: MET Hold Check with Pin w_reg[2][18]/CK 
Endpoint:   w_reg[2][18]/D  (^) checked with  leading edge of 'CLK'
Beginpoint: w_reg[3][18]/QN (v) triggered by  leading edge of 'CLK'
Path Groups: {CLK}
Analysis View: aes_av
Other End Arrival Time          0.000
+ Hold                          0.021
+ Phase Shift                   0.000
= Required Time                 0.021
  Arrival Time                  0.462
  Slack Time                    0.441
     Clock Rise Edge                 0.000
     + Clock Network Latency (Ideal) 0.000
     = Beginpoint Arrival Time       0.000
     +--------------------------------------------------------------------------------------------------+ 
     |   Instance   |     Arc      |   Cell   |  Slew |  Net   |    Arc     |  Load   | Delay | Arrival | 
     |              |              |          |       |        | Annotation |         |       |  Time   | 
     |--------------+--------------+----------+-------+--------+------------+---------+-------+---------| 
     | w_reg[3][18] | CK ^         |          | 0.000 | clock  |            | 426.617 |       |   0.000 | 
     | w_reg[3][18] | CK ^ -> QN v | DFF_X1   | 0.047 | n750   |            |   3.820 | 0.240 |   0.240 | 
     | U1585        |              | OAI21_X1 | 0.047 | n750   |       SPEF |   3.820 | 0.000 |   0.240 | 
     | U1585        | B2 v -> ZN ^ | OAI21_X1 | 0.034 | N10211 |            |   1.240 | 0.120 |   0.360 | 
     | U1875        |              | MUX2_X1  | 0.034 | N10211 |       SPEF |   1.240 | 0.000 |   0.360 | 
     | U1875        | B ^ -> Z ^   | MUX2_X1  | 0.026 | n1241  |            |   1.417 | 0.102 |   0.462 | 
     | w_reg[2][18] |              | DFF_X1   | 0.026 | n1241  |       SPEF |   1.417 | 0.000 |   0.462 | 
     +--------------------------------------------------------------------------------------------------+ 
Path 7: MET Hold Check with Pin w_reg[2][7]/CK 
Endpoint:   w_reg[2][7]/D  (^) checked with  leading edge of 'CLK'
Beginpoint: w_reg[3][7]/QN (v) triggered by  leading edge of 'CLK'
Path Groups: {CLK}
Analysis View: aes_av
Other End Arrival Time          0.000
+ Hold                          0.021
+ Phase Shift                   0.000
= Required Time                 0.021
  Arrival Time                  0.463
  Slack Time                    0.441
     Clock Rise Edge                 0.000
     + Clock Network Latency (Ideal) 0.000
     = Beginpoint Arrival Time       0.000
     +-------------------------------------------------------------------------------------------------+ 
     |  Instance   |     Arc      |   Cell   |  Slew |  Net   |    Arc     |  Load   | Delay | Arrival | 
     |             |              |          |       |        | Annotation |         |       |  Time   | 
     |-------------+--------------+----------+-------+--------+------------+---------+-------+---------| 
     | w_reg[3][7] | CK ^         |          | 0.000 | clock  |            | 426.617 |       |   0.000 | 
     | w_reg[3][7] | CK ^ -> QN v | DFF_X1   | 0.047 | n710   |            |   3.960 | 0.241 |   0.241 | 
     | U1607       |              | OAI21_X1 | 0.047 | n710   |       SPEF |   3.960 | 0.000 |   0.241 | 
     | U1607       | B2 v -> ZN ^ | OAI21_X1 | 0.033 | N10200 |            |   1.176 | 0.119 |   0.360 | 
     | U1864       |              | MUX2_X1  | 0.033 | N10200 |       SPEF |   1.176 | 0.000 |   0.360 | 
     | U1864       | B ^ -> Z ^   | MUX2_X1  | 0.026 | n1252  |            |   1.490 | 0.103 |   0.463 | 
     | w_reg[2][7] |              | DFF_X1   | 0.026 | n1252  |       SPEF |   1.490 | 0.000 |   0.463 | 
     +-------------------------------------------------------------------------------------------------+ 
Path 8: MET Hold Check with Pin w_reg[2][31]/CK 
Endpoint:   w_reg[2][31]/D  (^) checked with  leading edge of 'CLK'
Beginpoint: w_reg[3][31]/QN (v) triggered by  leading edge of 'CLK'
Path Groups: {CLK}
Analysis View: aes_av
Other End Arrival Time          0.000
+ Hold                          0.021
+ Phase Shift                   0.000
= Required Time                 0.021
  Arrival Time                  0.463
  Slack Time                    0.442
     Clock Rise Edge                 0.000
     + Clock Network Latency (Ideal) 0.000
     = Beginpoint Arrival Time       0.000
     +--------------------------------------------------------------------------------------------------+ 
     |   Instance   |     Arc      |   Cell   |  Slew |  Net   |    Arc     |  Load   | Delay | Arrival | 
     |              |              |          |       |        | Annotation |         |       |  Time   | 
     |--------------+--------------+----------+-------+--------+------------+---------+-------+---------| 
     | w_reg[3][31] | CK ^         |          | 0.000 | clock  |            | 426.617 |       |   0.000 | 
     | w_reg[3][31] | CK ^ -> QN v | DFF_X1   | 0.049 | n720   |            |   4.444 | 0.244 |   0.244 | 
     | U1559        |              | OAI21_X1 | 0.049 | n720   |       SPEF |   4.444 | 0.000 |   0.244 | 
     | U1559        | B2 v -> ZN ^ | OAI21_X1 | 0.032 | N10224 |            |   1.030 | 0.117 |   0.361 | 
     | U1888        |              | MUX2_X1  | 0.032 | N10224 |       SPEF |   1.030 | 0.000 |   0.361 | 
     | U1888        | B ^ -> Z ^   | MUX2_X1  | 0.026 | n1228  |            |   1.442 | 0.102 |   0.463 | 
     | w_reg[2][31] |              | DFF_X1   | 0.026 | n1228  |       SPEF |   1.442 | 0.000 |   0.463 | 
     +--------------------------------------------------------------------------------------------------+ 
Path 9: MET Hold Check with Pin w_reg[2][5]/CK 
Endpoint:   w_reg[2][5]/D  (^) checked with  leading edge of 'CLK'
Beginpoint: w_reg[3][5]/QN (v) triggered by  leading edge of 'CLK'
Path Groups: {CLK}
Analysis View: aes_av
Other End Arrival Time          0.000
+ Hold                          0.021
+ Phase Shift                   0.000
= Required Time                 0.021
  Arrival Time                  0.463
  Slack Time                    0.442
     Clock Rise Edge                 0.000
     + Clock Network Latency (Ideal) 0.000
     = Beginpoint Arrival Time       0.000
     +-------------------------------------------------------------------------------------------------+ 
     |  Instance   |     Arc      |   Cell   |  Slew |  Net   |    Arc     |  Load   | Delay | Arrival | 
     |             |              |          |       |        | Annotation |         |       |  Time   | 
     |-------------+--------------+----------+-------+--------+------------+---------+-------+---------| 
     | w_reg[3][5] | CK ^         |          | 0.000 | clock  |            | 426.617 |       |   0.000 | 
     | w_reg[3][5] | CK ^ -> QN v | DFF_X1   | 0.046 | n714   |            |   3.550 | 0.238 |   0.238 | 
     | U1611       |              | OAI21_X1 | 0.046 | n714   |       SPEF |   3.550 | 0.000 |   0.238 | 
     | U1611       | B2 v -> ZN ^ | OAI21_X1 | 0.034 | N10198 |            |   1.353 | 0.122 |   0.360 | 
     | U1862       |              | MUX2_X1  | 0.034 | N10198 |       SPEF |   1.353 | 0.000 |   0.360 | 
     | U1862       | B ^ -> Z ^   | MUX2_X1  | 0.026 | n1254  |            |   1.463 | 0.103 |   0.463 | 
     | w_reg[2][5] |              | DFF_X1   | 0.026 | n1254  |       SPEF |   1.463 | 0.000 |   0.463 | 
     +-------------------------------------------------------------------------------------------------+ 
Path 10: MET Hold Check with Pin w_reg[2][27]/CK 
Endpoint:   w_reg[2][27]/D  (^) checked with  leading edge of 'CLK'
Beginpoint: w_reg[3][27]/QN (v) triggered by  leading edge of 'CLK'
Path Groups: {CLK}
Analysis View: aes_av
Other End Arrival Time          0.000
+ Hold                          0.022
+ Phase Shift                   0.000
= Required Time                 0.022
  Arrival Time                  0.464
  Slack Time                    0.443
     Clock Rise Edge                 0.000
     + Clock Network Latency (Ideal) 0.000
     = Beginpoint Arrival Time       0.000
     +--------------------------------------------------------------------------------------------------+ 
     |   Instance   |     Arc      |   Cell   |  Slew |  Net   |    Arc     |  Load   | Delay | Arrival | 
     |              |              |          |       |        | Annotation |         |       |  Time   | 
     |--------------+--------------+----------+-------+--------+------------+---------+-------+---------| 
     | w_reg[3][27] | CK ^         |          | 0.000 | clock  |            | 426.617 |       |   0.000 | 
     | w_reg[3][27] | CK ^ -> QN v | DFF_X1   | 0.048 | n730   |            |   4.239 | 0.243 |   0.243 | 
     | U1567        |              | OAI21_X1 | 0.048 | n730   |       SPEF |   4.239 | 0.000 |   0.243 | 
     | U1567        | B2 v -> ZN ^ | OAI21_X1 | 0.032 | N10220 |            |   1.103 | 0.118 |   0.361 | 
     | U1884        |              | MUX2_X1  | 0.032 | N10220 |       SPEF |   1.103 | 0.000 |   0.361 | 
     | U1884        | B ^ -> Z ^   | MUX2_X1  | 0.027 | n1232  |            |   1.589 | 0.103 |   0.464 | 
     | w_reg[2][27] |              | DFF_X1   | 0.027 | n1232  |       SPEF |   1.589 | 0.000 |   0.464 | 
     +--------------------------------------------------------------------------------------------------+ 

