###############################################################
#  Generated by:      Cadence Innovus 18.10-p002_1
#  OS:                Linux x86_64(Host ID ensc-esil-01)
#  Generated on:      Fri Apr  2 20:39:36 2021
#  Design:            aes128key
#  Command:           report_timing -net -format {instance arc cell slew net annotation load delay arrival} -max_paths 10 >  results/timing/07-postCtsOpt_setup.rpt
###############################################################
Path 1: MET Setup Check with Pin w_reg[3][15]/CK 
Endpoint:   w_reg[3][15]/D (v) checked with  leading edge of 'CLK'
Beginpoint: w_reg[3][1]/Q  (^) triggered by  leading edge of 'CLK'
Path Groups: {CLK}
Analysis View: aes_av
Other End Arrival Time          0.000
- Setup                         0.166
+ Phase Shift                   5.000
= Required Time                 4.834
- Arrival Time                  4.828
= Slack Time                    0.006
     Clock Rise Edge                 0.000
     + Clock Network Latency (Ideal) 0.000
     = Beginpoint Arrival Time       0.000
     +-------------------------------------------------------------------------------------------------------------------------------+ 
     |        Instance         |     Arc      |   Cell    |  Slew |           Net           |    Arc     |  Load   | Delay | Arrival | 
     |                         |              |           |       |                         | Annotation |         |       |  Time   | 
     |-------------------------+--------------+-----------+-------+-------------------------+------------+---------+-------+---------| 
     | w_reg[3][1]             | CK ^         |           | 0.000 | clock                   |            | 415.144 |       |   0.000 | 
     | w_reg[3][1]             | CK ^ -> Q ^  | DFF_X1    | 0.207 | w[3][1]                 |            |  24.602 | 0.477 |   0.477 | 
     | FE_OFC47_w_3__1         |              | BUF_X2    | 0.207 | w[3][1]                 |       SPEF |  24.602 | 0.001 |   0.478 | 
     | FE_OFC47_w_3__1         | A ^ -> Z ^   | BUF_X2    | 0.356 | FE_OFN47_w_3__1         |            |  82.934 | 0.438 |   0.916 | 
     | FE_OFC48_w_3__1         |              | BUF_X1    | 0.357 | FE_OFN47_w_3__1         |       SPEF |  82.934 | 0.030 |   0.946 | 
     | FE_OFC48_w_3__1         | A ^ -> Z ^   | BUF_X1    | 0.334 | FE_OFN48_w_3__1         |            |  39.859 | 0.463 |   1.408 | 
     | FE_DBTC1_w_3_1          |              | INV_X1    | 0.334 | FE_OFN48_w_3__1         |       SPEF |  39.859 | 0.004 |   1.413 | 
     | FE_DBTC1_w_3_1          | A ^ -> ZN v  | INV_X1    | 0.144 | FE_DBTN1_w_3_1          |            |  42.668 | 0.285 |   1.698 | 
     | FE_OFC77_FE_DBTN1_w_3_1 |              | CLKBUF_X2 | 0.144 | FE_DBTN1_w_3_1          |       SPEF |  42.668 | 0.000 |   1.698 | 
     | FE_OFC77_FE_DBTN1_w_3_1 | A v -> Z v   | CLKBUF_X2 | 0.153 | FE_OFN77_FE_DBTN1_w_3_1 |            |  63.178 | 0.308 |   2.007 | 
     | C5422                   |              | AND2_X1   | 0.153 | FE_OFN77_FE_DBTN1_w_3_1 |       SPEF |  63.178 | 0.016 |   2.022 | 
     | C5422                   | A1 v -> ZN v | AND2_X1   | 0.019 | N13895                  |            |   0.867 | 0.165 |   2.187 | 
     | C5424                   |              | OR2_X1    | 0.019 | N13895                  |       SPEF |   0.867 | 0.000 |   2.187 | 
     | C5424                   | A1 v -> ZN v | OR2_X1    | 0.041 | N13897                  |            |   6.018 | 0.193 |   2.380 | 
     | C5586                   |              | AND2_X1   | 0.041 | N13897                  |       SPEF |   6.018 | 0.000 |   2.381 | 
     | C5586                   | A2 v -> ZN v | AND2_X1   | 0.018 | N14054                  |            |   1.059 | 0.111 |   2.492 | 
     | C5587                   |              | OR2_X1    | 0.018 | N14054                  |       SPEF |   1.059 | 0.000 |   2.492 | 
     | C5587                   | A2 v -> ZN v | OR2_X1    | 0.029 | N14055                  |            |   1.101 | 0.179 |   2.671 | 
     | C5589                   |              | AND2_X1   | 0.029 | N14055                  |       SPEF |   1.101 | 0.000 |   2.671 | 
     | C5589                   | A2 v -> ZN v | AND2_X1   | 0.018 | N14057                  |            |   1.690 | 0.108 |   2.779 | 
     | C5590                   |              | OR2_X1    | 0.018 | N14057                  |       SPEF |   1.690 | 0.000 |   2.779 | 
     | C5590                   | A2 v -> ZN v | OR2_X1    | 0.029 | N14058                  |            |   0.944 | 0.177 |   2.956 | 
     | C5600                   |              | AND2_X1   | 0.029 | N14058                  |       SPEF |   0.944 | 0.000 |   2.956 | 
     | C5600                   | A2 v -> ZN v | AND2_X1   | 0.019 | N14068                  |            |   1.034 | 0.104 |   3.060 | 
     | C5602                   |              | OR2_X1    | 0.019 | N14068                  |       SPEF |   1.034 | 0.000 |   3.060 | 
     | C5602                   | A1 v -> ZN v | OR2_X1    | 0.030 | N14070                  |            |   1.328 | 0.163 |   3.223 | 
     | C5604                   |              | AND2_X1   | 0.030 | N14070                  |       SPEF |   1.328 | 0.000 |   3.223 | 
     | C5604                   | A2 v -> ZN v | AND2_X1   | 0.020 | N14072                  |            |   1.356 | 0.107 |   3.330 | 
     | C5605                   |              | OR2_X1    | 0.020 | N14072                  |       SPEF |   1.356 | 0.000 |   3.330 | 
     | C5605                   | A2 v -> ZN v | OR2_X1    | 0.029 | N14073                  |            |   1.009 | 0.179 |   3.509 | 
     | C5607                   |              | AND2_X1   | 0.029 | N14073                  |       SPEF |   1.009 | 0.000 |   3.509 | 
     | C5607                   | A2 v -> ZN v | AND2_X1   | 0.017 | N14075                  |            |   1.245 | 0.105 |   3.614 | 
     | C5608                   |              | OR2_X1    | 0.017 | N14075                  |       SPEF |   1.245 | 0.000 |   3.614 | 
     | C5608                   | A2 v -> ZN v | OR2_X1    | 0.029 | N14076                  |            |   1.217 | 0.179 |   3.793 | 
     | C5610                   |              | AND2_X1   | 0.029 | N14076                  |       SPEF |   1.217 | 0.000 |   3.793 | 
     | C5610                   | A2 v -> ZN v | AND2_X1   | 0.017 | N14078                  |            |   1.075 | 0.105 |   3.898 | 
     | C5611                   |              | OR2_X1    | 0.017 | N14078                  |       SPEF |   1.075 | 0.000 |   3.898 | 
     | C5611                   | A2 v -> ZN v | OR2_X1    | 0.031 | subRotW[15]             |            |   1.872 | 0.185 |   4.082 | 
     | U864                    |              | NAND2_X1  | 0.031 | subRotW[15]             |       SPEF |   1.872 | 0.000 |   4.082 | 
     | U864                    | A1 v -> ZN ^ | NAND2_X1  | 0.051 | n757                    |            |   3.808 | 0.071 |   4.153 | 
     | U863                    |              | OAI21_X1  | 0.051 | n757                    |       SPEF |   3.808 | 0.000 |   4.154 | 
     | U863                    | A ^ -> ZN v  | OAI21_X1  | 0.074 | temp[15]                |            |   2.831 | 0.064 |   4.218 | 
     | C33367                  |              | XOR2_X1   | 0.074 | temp[15]                |       SPEF |   2.831 | 0.000 |   4.218 | 
     | C33367                  | B v -> Z v   | XOR2_X1   | 0.042 | N10143                  |            |   1.666 | 0.226 |   4.444 | 
     | U1656                   |              | AOI22_X1  | 0.042 | N10143                  |       SPEF |   1.666 | 0.000 |   4.444 | 
     | U1656                   | A1 v -> ZN ^ | AOI22_X1  | 0.102 | n1142                   |            |   2.251 | 0.135 |   4.578 | 
     | U1655                   |              | INV_X1    | 0.102 | n1142                   |       SPEF |   2.251 | 0.000 |   4.579 | 
     | U1655                   | A ^ -> ZN v  | INV_X1    | 0.023 | N10176                  |            |   1.223 | 0.033 |   4.612 | 
     | U1840                   |              | MUX2_X1   | 0.023 | N10176                  |       SPEF |   1.223 | 0.000 |   4.612 | 
     | U1840                   | B v -> Z v   | MUX2_X1   | 0.034 | n1276                   |            |   1.199 | 0.216 |   4.828 | 
     | w_reg[3][15]            |              | DFF_X1    | 0.034 | n1276                   |       SPEF |   1.199 | 0.000 |   4.828 | 
     +-------------------------------------------------------------------------------------------------------------------------------+ 
Path 2: MET Setup Check with Pin w_reg[3][10]/CK 
Endpoint:   w_reg[3][10]/D (v) checked with  leading edge of 'CLK'
Beginpoint: w_reg[3][1]/Q  (^) triggered by  leading edge of 'CLK'
Path Groups: {CLK}
Analysis View: aes_av
Other End Arrival Time          0.000
- Setup                         0.167
+ Phase Shift                   5.000
= Required Time                 4.833
- Arrival Time                  4.826
= Slack Time                    0.007
     Clock Rise Edge                 0.000
     + Clock Network Latency (Ideal) 0.000
     = Beginpoint Arrival Time       0.000
     +-------------------------------------------------------------------------------------------------------------------------------+ 
     |        Instance         |     Arc      |   Cell    |  Slew |           Net           |    Arc     |  Load   | Delay | Arrival | 
     |                         |              |           |       |                         | Annotation |         |       |  Time   | 
     |-------------------------+--------------+-----------+-------+-------------------------+------------+---------+-------+---------| 
     | w_reg[3][1]             | CK ^         |           | 0.000 | clock                   |            | 415.144 |       |   0.000 | 
     | w_reg[3][1]             | CK ^ -> Q ^  | DFF_X1    | 0.207 | w[3][1]                 |            |  24.602 | 0.477 |   0.477 | 
     | FE_OFC47_w_3__1         |              | BUF_X2    | 0.207 | w[3][1]                 |       SPEF |  24.602 | 0.001 |   0.478 | 
     | FE_OFC47_w_3__1         | A ^ -> Z ^   | BUF_X2    | 0.356 | FE_OFN47_w_3__1         |            |  82.934 | 0.438 |   0.916 | 
     | FE_OFC48_w_3__1         |              | BUF_X1    | 0.357 | FE_OFN47_w_3__1         |       SPEF |  82.934 | 0.030 |   0.946 | 
     | FE_OFC48_w_3__1         | A ^ -> Z ^   | BUF_X1    | 0.334 | FE_OFN48_w_3__1         |            |  39.859 | 0.463 |   1.408 | 
     | FE_DBTC1_w_3_1          |              | INV_X1    | 0.334 | FE_OFN48_w_3__1         |       SPEF |  39.859 | 0.004 |   1.413 | 
     | FE_DBTC1_w_3_1          | A ^ -> ZN v  | INV_X1    | 0.144 | FE_DBTN1_w_3_1          |            |  42.668 | 0.285 |   1.698 | 
     | FE_OFC77_FE_DBTN1_w_3_1 |              | CLKBUF_X2 | 0.144 | FE_DBTN1_w_3_1          |       SPEF |  42.668 | 0.000 |   1.698 | 
     | FE_OFC77_FE_DBTN1_w_3_1 | A v -> Z v   | CLKBUF_X2 | 0.153 | FE_OFN77_FE_DBTN1_w_3_1 |            |  63.178 | 0.308 |   2.007 | 
     | C4456                   |              | AND2_X1   | 0.153 | FE_OFN77_FE_DBTN1_w_3_1 |       SPEF |  63.178 | 0.003 |   2.010 | 
     | C4456                   | A1 v -> ZN v | AND2_X1   | 0.019 | N12961                  |            |   0.947 | 0.166 |   2.176 | 
     | C4458                   |              | OR2_X1    | 0.019 | N12961                  |       SPEF |   0.947 | 0.000 |   2.176 | 
     | C4458                   | A1 v -> ZN v | OR2_X1    | 0.043 | N12963                  |            |   7.064 | 0.198 |   2.374 | 
     | C4582                   |              | AND2_X1   | 0.043 | N12963                  |       SPEF |   7.064 | 0.000 |   2.374 | 
     | C4582                   | A2 v -> ZN v | AND2_X1   | 0.019 | N13083                  |            |   1.280 | 0.114 |   2.488 | 
     | C4583                   |              | OR2_X1    | 0.019 | N13083                  |       SPEF |   1.280 | 0.000 |   2.488 | 
     | C4583                   | A2 v -> ZN v | OR2_X1    | 0.031 | N13084                  |            |   1.833 | 0.185 |   2.674 | 
     | C4585                   |              | AND2_X1   | 0.031 | N13084                  |       SPEF |   1.833 | 0.000 |   2.674 | 
     | C4585                   | A2 v -> ZN v | AND2_X1   | 0.017 | N13086                  |            |   1.080 | 0.106 |   2.779 | 
     | C4586                   |              | OR2_X1    | 0.017 | N13086                  |       SPEF |   1.080 | 0.000 |   2.779 | 
     | C4586                   | A2 v -> ZN v | OR2_X1    | 0.029 | N13087                  |            |   1.038 | 0.177 |   2.957 | 
     | C4598                   |              | AND2_X1   | 0.029 | N13087                  |       SPEF |   1.038 | 0.000 |   2.957 | 
     | C4598                   | A2 v -> ZN v | AND2_X1   | 0.018 | N13099                  |            |   0.918 | 0.103 |   3.060 | 
     | C4600                   |              | OR2_X1    | 0.018 | N13099                  |       SPEF |   0.918 | 0.000 |   3.060 | 
     | C4600                   | A1 v -> ZN v | OR2_X1    | 0.030 | N13101                  |            |   1.227 | 0.162 |   3.222 | 
     | C4602                   |              | AND2_X1   | 0.030 | N13101                  |       SPEF |   1.227 | 0.000 |   3.222 | 
     | C4602                   | A2 v -> ZN v | AND2_X1   | 0.021 | N13103                  |            |   1.896 | 0.110 |   3.332 | 
     | C4603                   |              | OR2_X1    | 0.021 | N13103                  |       SPEF |   1.896 | 0.000 |   3.332 | 
     | C4603                   | A2 v -> ZN v | OR2_X1    | 0.030 | N13104                  |            |   1.269 | 0.182 |   3.513 | 
     | C4646                   |              | AND2_X1   | 0.030 | N13104                  |       SPEF |   1.269 | 0.000 |   3.513 | 
     | C4646                   | A2 v -> ZN v | AND2_X1   | 0.016 | N13147                  |            |   0.937 | 0.104 |   3.617 | 
     | C4648                   |              | OR2_X1    | 0.016 | N13147                  |       SPEF |   0.937 | 0.000 |   3.617 | 
     | C4648                   | A1 v -> ZN v | OR2_X1    | 0.030 | N13149                  |            |   1.283 | 0.162 |   3.779 | 
     | C4650                   |              | AND2_X1   | 0.030 | N13149                  |       SPEF |   1.283 | 0.000 |   3.779 | 
     | C4650                   | A2 v -> ZN v | AND2_X1   | 0.017 | N13151                  |            |   1.029 | 0.104 |   3.883 | 
     | C4651                   |              | OR2_X1    | 0.017 | N13151                  |       SPEF |   1.029 | 0.000 |   3.883 | 
     | C4651                   | A2 v -> ZN v | OR2_X1    | 0.038 | subRotW[10]             |            |   4.783 | 0.204 |   4.087 | 
     | U874                    |              | NAND2_X1  | 0.038 | subRotW[10]             |       SPEF |   4.783 | 0.001 |   4.087 | 
     | U874                    | A1 v -> ZN ^ | NAND2_X1  | 0.047 | n767                    |            |   3.137 | 0.069 |   4.157 | 
     | U873                    |              | OAI21_X1  | 0.047 | n767                    |       SPEF |   3.137 | 0.000 |   4.157 | 
     | U873                    | A ^ -> ZN v  | OAI21_X1  | 0.072 | temp[10]                |            |   2.490 | 0.060 |   4.217 | 
     | C33372                  |              | XOR2_X1   | 0.072 | temp[10]                |       SPEF |   2.490 | 0.000 |   4.217 | 
     | C33372                  | B v -> Z v   | XOR2_X1   | 0.050 | N10148                  |            |   1.724 | 0.225 |   4.443 | 
     | U1666                   |              | AOI22_X1  | 0.050 | N10148                  |       SPEF |   1.724 | 0.000 |   4.443 | 
     | U1666                   | A1 v -> ZN ^ | AOI22_X1  | 0.097 | n1147                   |            |   1.940 | 0.132 |   4.575 | 
     | U1665                   |              | INV_X1    | 0.097 | n1147                   |       SPEF |   1.940 | 0.000 |   4.575 | 
     | U1665                   | A ^ -> ZN v  | INV_X1    | 0.023 | N10171                  |            |   1.435 | 0.035 |   4.610 | 
     | U1835                   |              | MUX2_X1   | 0.023 | N10171                  |       SPEF |   1.435 | 0.000 |   4.610 | 
     | U1835                   | B v -> Z v   | MUX2_X1   | 0.034 | n1281                   |            |   1.264 | 0.217 |   4.826 | 
     | w_reg[3][10]            |              | DFF_X1    | 0.034 | n1281                   |       SPEF |   1.264 | 0.000 |   4.826 | 
     +-------------------------------------------------------------------------------------------------------------------------------+ 
Path 3: MET Setup Check with Pin w_reg[3][9]/CK 
Endpoint:   w_reg[3][9]/D (v) checked with  leading edge of 'CLK'
Beginpoint: w_reg[3][1]/Q (^) triggered by  leading edge of 'CLK'
Path Groups: {CLK}
Analysis View: aes_av
Other End Arrival Time          0.000
- Setup                         0.167
+ Phase Shift                   5.000
= Required Time                 4.833
- Arrival Time                  4.820
= Slack Time                    0.012
     Clock Rise Edge                 0.000
     + Clock Network Latency (Ideal) 0.000
     = Beginpoint Arrival Time       0.000
     +-------------------------------------------------------------------------------------------------------------------------------+ 
     |        Instance         |     Arc      |   Cell    |  Slew |           Net           |    Arc     |  Load   | Delay | Arrival | 
     |                         |              |           |       |                         | Annotation |         |       |  Time   | 
     |-------------------------+--------------+-----------+-------+-------------------------+------------+---------+-------+---------| 
     | w_reg[3][1]             | CK ^         |           | 0.000 | clock                   |            | 415.144 |       |   0.000 | 
     | w_reg[3][1]             | CK ^ -> Q ^  | DFF_X1    | 0.207 | w[3][1]                 |            |  24.602 | 0.477 |   0.477 | 
     | FE_OFC47_w_3__1         |              | BUF_X2    | 0.207 | w[3][1]                 |       SPEF |  24.602 | 0.001 |   0.478 | 
     | FE_OFC47_w_3__1         | A ^ -> Z ^   | BUF_X2    | 0.356 | FE_OFN47_w_3__1         |            |  82.934 | 0.438 |   0.916 | 
     | FE_OFC48_w_3__1         |              | BUF_X1    | 0.357 | FE_OFN47_w_3__1         |       SPEF |  82.934 | 0.030 |   0.946 | 
     | FE_OFC48_w_3__1         | A ^ -> Z ^   | BUF_X1    | 0.334 | FE_OFN48_w_3__1         |            |  39.859 | 0.463 |   1.408 | 
     | FE_DBTC1_w_3_1          |              | INV_X1    | 0.334 | FE_OFN48_w_3__1         |       SPEF |  39.859 | 0.004 |   1.413 | 
     | FE_DBTC1_w_3_1          | A ^ -> ZN v  | INV_X1    | 0.144 | FE_DBTN1_w_3_1          |            |  42.668 | 0.285 |   1.698 | 
     | FE_OFC77_FE_DBTN1_w_3_1 |              | CLKBUF_X2 | 0.144 | FE_DBTN1_w_3_1          |       SPEF |  42.668 | 0.000 |   1.698 | 
     | FE_OFC77_FE_DBTN1_w_3_1 | A v -> Z v   | CLKBUF_X2 | 0.153 | FE_OFN77_FE_DBTN1_w_3_1 |            |  63.178 | 0.308 |   2.007 | 
     | C4318                   |              | AND2_X1   | 0.153 | FE_OFN77_FE_DBTN1_w_3_1 |       SPEF |  63.178 | 0.013 |   2.020 | 
     | C4318                   | A1 v -> ZN v | AND2_X1   | 0.019 | N12826                  |            |   1.012 | 0.167 |   2.187 | 
     | C4320                   |              | OR2_X1    | 0.019 | N12826                  |       SPEF |   1.012 | 0.000 |   2.187 | 
     | C4320                   | A1 v -> ZN v | OR2_X1    | 0.040 | N12828                  |            |   5.523 | 0.190 |   2.377 | 
     | C4400                   |              | AND2_X1   | 0.040 | N12828                  |       SPEF |   5.523 | 0.000 |   2.377 | 
     | C4400                   | A2 v -> ZN v | AND2_X1   | 0.018 | N12907                  |            |   1.223 | 0.112 |   2.489 | 
     | C4401                   |              | OR2_X1    | 0.018 | N12907                  |       SPEF |   1.223 | 0.000 |   2.489 | 
     | C4401                   | A2 v -> ZN v | OR2_X1    | 0.030 | N12908                  |            |   1.416 | 0.182 |   2.670 | 
     | C4403                   |              | AND2_X1   | 0.030 | N12908                  |       SPEF |   1.416 | 0.000 |   2.670 | 
     | C4403                   | A2 v -> ZN v | AND2_X1   | 0.017 | N12910                  |            |   1.232 | 0.106 |   2.776 | 
     | C4404                   |              | OR2_X1    | 0.017 | N12910                  |       SPEF |   1.232 | 0.000 |   2.776 | 
     | C4404                   | A2 v -> ZN v | OR2_X1    | 0.030 | N12911                  |            |   1.546 | 0.182 |   2.959 | 
     | C4406                   |              | AND2_X1   | 0.030 | N12911                  |       SPEF |   1.546 | 0.000 |   2.959 | 
     | C4406                   | A2 v -> ZN v | AND2_X1   | 0.017 | N12913                  |            |   1.090 | 0.105 |   3.064 | 
     | C4407                   |              | OR2_X1    | 0.017 | N12913                  |       SPEF |   1.090 | 0.000 |   3.064 | 
     | C4407                   | A2 v -> ZN v | OR2_X1    | 0.030 | N12914                  |            |   1.240 | 0.179 |   3.243 | 
     | C4409                   |              | AND2_X1   | 0.030 | N12914                  |       SPEF |   1.240 | 0.000 |   3.243 | 
     | C4409                   | A2 v -> ZN v | AND2_X1   | 0.019 | N12916                  |            |   1.078 | 0.105 |   3.348 | 
     | C4410                   |              | OR2_X1    | 0.019 | N12916                  |       SPEF |   1.078 | 0.000 |   3.348 | 
     | C4410                   | A2 v -> ZN v | OR2_X1    | 0.029 | N12917                  |            |   1.059 | 0.179 |   3.527 | 
     | C4449                   |              | AND2_X1   | 0.029 | N12917                  |       SPEF |   1.059 | 0.000 |   3.527 | 
     | C4449                   | A2 v -> ZN v | AND2_X1   | 0.017 | N12956                  |            |   1.218 | 0.105 |   3.632 | 
     | C4451                   |              | OR2_X1    | 0.017 | N12956                  |       SPEF |   1.218 | 0.000 |   3.632 | 
     | C4451                   | A1 v -> ZN v | OR2_X1    | 0.031 | N12958                  |            |   1.605 | 0.165 |   3.797 | 
     | C4453                   |              | AND2_X1   | 0.031 | N12958                  |       SPEF |   1.605 | 0.000 |   3.797 | 
     | C4453                   | A2 v -> ZN v | AND2_X1   | 0.017 | N12960                  |            |   1.303 | 0.107 |   3.904 | 
     | C4454                   |              | OR2_X1    | 0.017 | N12960                  |       SPEF |   1.303 | 0.000 |   3.904 | 
     | C4454                   | A2 v -> ZN v | OR2_X1    | 0.031 | subRotW[9]              |            |   1.824 | 0.185 |   4.088 | 
     | U814                    |              | NAND2_X1  | 0.031 | subRotW[9]              |       SPEF |   1.824 | 0.000 |   4.088 | 
     | U814                    | A1 v -> ZN ^ | NAND2_X1  | 0.043 | n707                    |            |   2.543 | 0.060 |   4.148 | 
     | U813                    |              | OAI21_X1  | 0.043 | n707                    |       SPEF |   2.543 | 0.000 |   4.149 | 
     | U813                    | A ^ -> ZN v  | OAI21_X1  | 0.072 | temp[9]                 |            |   2.453 | 0.058 |   4.207 | 
     | C33373                  |              | XOR2_X1   | 0.072 | temp[9]                 |       SPEF |   2.453 | 0.000 |   4.207 | 
     | C33373                  | B v -> Z v   | XOR2_X1   | 0.047 | N10149                  |            |   1.674 | 0.225 |   4.432 | 
     | U1668                   |              | AOI22_X1  | 0.047 | N10149                  |       SPEF |   1.674 | 0.000 |   4.432 | 
     | U1668                   | A1 v -> ZN ^ | AOI22_X1  | 0.100 | n1148                   |            |   2.100 | 0.134 |   4.566 | 
     | U1667                   |              | INV_X1    | 0.100 | n1148                   |       SPEF |   2.100 | 0.000 |   4.566 | 
     | U1667                   | A ^ -> ZN v  | INV_X1    | 0.023 | N10170                  |            |   1.323 | 0.034 |   4.600 | 
     | U1834                   |              | MUX2_X1   | 0.023 | N10170                  |       SPEF |   1.323 | 0.000 |   4.600 | 
     | U1834                   | B v -> Z v   | MUX2_X1   | 0.035 | n1282                   |            |   1.654 | 0.221 |   4.820 | 
     | w_reg[3][9]             |              | DFF_X1    | 0.035 | n1282                   |       SPEF |   1.654 | 0.000 |   4.820 | 
     +-------------------------------------------------------------------------------------------------------------------------------+ 
Path 4: MET Setup Check with Pin w_reg[3][14]/CK 
Endpoint:   w_reg[3][14]/D (v) checked with  leading edge of 'CLK'
Beginpoint: w_reg[3][1]/Q  (^) triggered by  leading edge of 'CLK'
Path Groups: {CLK}
Analysis View: aes_av
Other End Arrival Time          0.000
- Setup                         0.167
+ Phase Shift                   5.000
= Required Time                 4.833
- Arrival Time                  4.810
= Slack Time                    0.024
     Clock Rise Edge                 0.000
     + Clock Network Latency (Ideal) 0.000
     = Beginpoint Arrival Time       0.000
     +-------------------------------------------------------------------------------------------------------------------------------+ 
     |        Instance         |     Arc      |   Cell    |  Slew |           Net           |    Arc     |  Load   | Delay | Arrival | 
     |                         |              |           |       |                         | Annotation |         |       |  Time   | 
     |-------------------------+--------------+-----------+-------+-------------------------+------------+---------+-------+---------| 
     | w_reg[3][1]             | CK ^         |           | 0.000 | clock                   |            | 415.144 |       |   0.000 | 
     | w_reg[3][1]             | CK ^ -> Q ^  | DFF_X1    | 0.207 | w[3][1]                 |            |  24.602 | 0.477 |   0.477 | 
     | FE_OFC47_w_3__1         |              | BUF_X2    | 0.207 | w[3][1]                 |       SPEF |  24.602 | 0.001 |   0.478 | 
     | FE_OFC47_w_3__1         | A ^ -> Z ^   | BUF_X2    | 0.356 | FE_OFN47_w_3__1         |            |  82.934 | 0.438 |   0.916 | 
     | FE_OFC48_w_3__1         |              | BUF_X1    | 0.357 | FE_OFN47_w_3__1         |       SPEF |  82.934 | 0.030 |   0.946 | 
     | FE_OFC48_w_3__1         | A ^ -> Z ^   | BUF_X1    | 0.334 | FE_OFN48_w_3__1         |            |  39.859 | 0.463 |   1.408 | 
     | FE_DBTC1_w_3_1          |              | INV_X1    | 0.334 | FE_OFN48_w_3__1         |       SPEF |  39.859 | 0.004 |   1.413 | 
     | FE_DBTC1_w_3_1          | A ^ -> ZN v  | INV_X1    | 0.144 | FE_DBTN1_w_3_1          |            |  42.668 | 0.285 |   1.698 | 
     | FE_OFC77_FE_DBTN1_w_3_1 |              | CLKBUF_X2 | 0.144 | FE_DBTN1_w_3_1          |       SPEF |  42.668 | 0.000 |   1.698 | 
     | FE_OFC77_FE_DBTN1_w_3_1 | A v -> Z v   | CLKBUF_X2 | 0.153 | FE_OFN77_FE_DBTN1_w_3_1 |            |  63.178 | 0.308 |   2.007 | 
     | C5318                   |              | AND2_X1   | 0.153 | FE_OFN77_FE_DBTN1_w_3_1 |       SPEF |  63.178 | 0.011 |   2.017 | 
     | C5318                   | A1 v -> ZN v | AND2_X1   | 0.020 | N13795                  |            |   1.138 | 0.167 |   2.185 | 
     | C5319                   |              | OR2_X1    | 0.020 | N13795                  |       SPEF |   1.138 | 0.000 |   2.185 | 
     | C5319                   | A1 v -> ZN v | OR2_X1    | 0.032 | N13796                  |            |   2.010 | 0.169 |   2.354 | 
     | C5321                   |              | AND2_X1   | 0.032 | N13796                  |       SPEF |   2.010 | 0.000 |   2.354 | 
     | C5321                   | A2 v -> ZN v | AND2_X1   | 0.018 | N13798                  |            |   1.015 | 0.105 |   2.459 | 
     | C5322                   |              | OR2_X1    | 0.018 | N13798                  |       SPEF |   1.015 | 0.000 |   2.459 | 
     | C5322                   | A2 v -> ZN v | OR2_X1    | 0.029 | N13799                  |            |   1.193 | 0.179 |   2.639 | 
     | C5324                   |              | AND2_X1   | 0.029 | N13799                  |       SPEF |   1.193 | 0.000 |   2.639 | 
     | C5324                   | A2 v -> ZN v | AND2_X1   | 0.017 | N13801                  |            |   1.011 | 0.104 |   2.743 | 
     | C5325                   |              | OR2_X1    | 0.017 | N13801                  |       SPEF |   1.011 | 0.000 |   2.743 | 
     | C5325                   | A2 v -> ZN v | OR2_X1    | 0.030 | N13802                  |            |   1.446 | 0.181 |   2.924 | 
     | C5327                   |              | AND2_X1   | 0.030 | N13802                  |       SPEF |   1.446 | 0.000 |   2.924 | 
     | C5327                   | A2 v -> ZN v | AND2_X1   | 0.018 | N13804                  |            |   1.406 | 0.107 |   3.031 | 
     | C5328                   |              | OR2_X1    | 0.018 | N13804                  |       SPEF |   1.406 | 0.000 |   3.031 | 
     | C5328                   | A2 v -> ZN v | OR2_X1    | 0.029 | N13805                  |            |   1.006 | 0.178 |   3.209 | 
     | C5330                   |              | AND2_X1   | 0.029 | N13805                  |       SPEF |   1.006 | 0.000 |   3.209 | 
     | C5330                   | A2 v -> ZN v | AND2_X1   | 0.020 | N13807                  |            |   1.403 | 0.106 |   3.315 | 
     | C5331                   |              | OR2_X1    | 0.020 | N13807                  |       SPEF |   1.403 | 0.000 |   3.315 | 
     | C5331                   | A2 v -> ZN v | OR2_X1    | 0.030 | N13808                  |            |   1.372 | 0.182 |   3.497 | 
     | C5333                   |              | AND2_X1   | 0.030 | N13808                  |       SPEF |   1.372 | 0.000 |   3.497 | 
     | C5333                   | A2 v -> ZN v | AND2_X1   | 0.017 | N13810                  |            |   1.022 | 0.105 |   3.602 | 
     | C5334                   |              | OR2_X1    | 0.017 | N13810                  |       SPEF |   1.022 | 0.000 |   3.602 | 
     | C5334                   | A2 v -> ZN v | OR2_X1    | 0.030 | N13811                  |            |   1.227 | 0.179 |   3.781 | 
     | C5418                   |              | AND2_X1   | 0.030 | N13811                  |       SPEF |   1.227 | 0.000 |   3.781 | 
     | C5418                   | A2 v -> ZN v | AND2_X1   | 0.016 | N13893                  |            |   0.995 | 0.104 |   3.885 | 
     | C5420                   |              | OR2_X1    | 0.016 | N13893                  |       SPEF |   0.995 | 0.000 |   3.885 | 
     | C5420                   | A1 v -> ZN v | OR2_X1    | 0.034 | subRotW[14]             |            |   3.059 | 0.175 |   4.060 | 
     | U866                    |              | NAND2_X1  | 0.034 | subRotW[14]             |       SPEF |   3.059 | 0.000 |   4.060 | 
     | U866                    | A1 v -> ZN ^ | NAND2_X1  | 0.052 | n759                    |            |   3.919 | 0.074 |   4.134 | 
     | U865                    |              | OAI21_X1  | 0.052 | n759                    |       SPEF |   3.919 | 0.000 |   4.135 | 
     | U865                    | A ^ -> ZN v  | OAI21_X1  | 0.073 | temp[14]                |            |   2.674 | 0.064 |   4.198 | 
     | C33368                  |              | XOR2_X1   | 0.073 | temp[14]                |       SPEF |   2.674 | 0.000 |   4.198 | 
     | C33368                  | B v -> Z v   | XOR2_X1   | 0.045 | N10144                  |            |   1.707 | 0.226 |   4.424 | 
     | U1658                   |              | AOI22_X1  | 0.045 | N10144                  |       SPEF |   1.707 | 0.000 |   4.424 | 
     | U1658                   | A1 v -> ZN ^ | AOI22_X1  | 0.101 | n1143                   |            |   2.152 | 0.134 |   4.558 | 
     | U1657                   |              | INV_X1    | 0.101 | n1143                   |       SPEF |   2.152 | 0.000 |   4.558 | 
     | U1657                   | A ^ -> ZN v  | INV_X1    | 0.023 | N10175                  |            |   1.238 | 0.033 |   4.591 | 
     | U1839                   |              | MUX2_X1   | 0.023 | N10175                  |       SPEF |   1.238 | 0.000 |   4.591 | 
     | U1839                   | B v -> Z v   | MUX2_X1   | 0.035 | n1277                   |            |   1.430 | 0.218 |   4.810 | 
     | w_reg[3][14]            |              | DFF_X1    | 0.035 | n1277                   |       SPEF |   1.430 | 0.000 |   4.810 | 
     +-------------------------------------------------------------------------------------------------------------------------------+ 
Path 5: MET Setup Check with Pin w_reg[3][11]/CK 
Endpoint:   w_reg[3][11]/D (v) checked with  leading edge of 'CLK'
Beginpoint: w_reg[3][1]/Q  (^) triggered by  leading edge of 'CLK'
Path Groups: {CLK}
Analysis View: aes_av
Other End Arrival Time          0.000
- Setup                         0.167
+ Phase Shift                   5.000
= Required Time                 4.833
- Arrival Time                  4.807
= Slack Time                    0.026
     Clock Rise Edge                 0.000
     + Clock Network Latency (Ideal) 0.000
     = Beginpoint Arrival Time       0.000
     +-------------------------------------------------------------------------------------------------------------------------------+ 
     |        Instance         |     Arc      |   Cell    |  Slew |           Net           |    Arc     |  Load   | Delay | Arrival | 
     |                         |              |           |       |                         | Annotation |         |       |  Time   | 
     |-------------------------+--------------+-----------+-------+-------------------------+------------+---------+-------+---------| 
     | w_reg[3][1]             | CK ^         |           | 0.000 | clock                   |            | 415.144 |       |   0.000 | 
     | w_reg[3][1]             | CK ^ -> Q ^  | DFF_X1    | 0.207 | w[3][1]                 |            |  24.602 | 0.477 |   0.477 | 
     | FE_OFC47_w_3__1         |              | BUF_X2    | 0.207 | w[3][1]                 |       SPEF |  24.602 | 0.001 |   0.478 | 
     | FE_OFC47_w_3__1         | A ^ -> Z ^   | BUF_X2    | 0.356 | FE_OFN47_w_3__1         |            |  82.934 | 0.438 |   0.916 | 
     | FE_OFC48_w_3__1         |              | BUF_X1    | 0.357 | FE_OFN47_w_3__1         |       SPEF |  82.934 | 0.030 |   0.946 | 
     | FE_OFC48_w_3__1         | A ^ -> Z ^   | BUF_X1    | 0.334 | FE_OFN48_w_3__1         |            |  39.859 | 0.463 |   1.408 | 
     | FE_DBTC1_w_3_1          |              | INV_X1    | 0.334 | FE_OFN48_w_3__1         |       SPEF |  39.859 | 0.004 |   1.413 | 
     | FE_DBTC1_w_3_1          | A ^ -> ZN v  | INV_X1    | 0.144 | FE_DBTN1_w_3_1          |            |  42.668 | 0.285 |   1.698 | 
     | FE_OFC77_FE_DBTN1_w_3_1 |              | CLKBUF_X2 | 0.144 | FE_DBTN1_w_3_1          |       SPEF |  42.668 | 0.000 |   1.698 | 
     | FE_OFC77_FE_DBTN1_w_3_1 | A v -> Z v   | CLKBUF_X2 | 0.153 | FE_OFN77_FE_DBTN1_w_3_1 |            |  63.178 | 0.308 |   2.007 | 
     | C4653                   |              | AND2_X1   | 0.153 | FE_OFN77_FE_DBTN1_w_3_1 |       SPEF |  63.178 | 0.013 |   2.020 | 
     | C4653                   | A1 v -> ZN v | AND2_X1   | 0.019 | N13152                  |            |   0.940 | 0.166 |   2.186 | 
     | C4655                   |              | OR2_X1    | 0.019 | N13152                  |       SPEF |   0.940 | 0.000 |   2.186 | 
     | C4655                   | A1 v -> ZN v | OR2_X1    | 0.042 | N13154                  |            |   6.445 | 0.195 |   2.381 | 
     | C4736                   |              | AND2_X1   | 0.042 | N13154                  |       SPEF |   6.445 | 0.000 |   2.381 | 
     | C4736                   | A2 v -> ZN v | AND2_X1   | 0.018 | N13233                  |            |   0.953 | 0.111 |   2.492 | 
     | C4737                   |              | OR2_X1    | 0.018 | N13233                  |       SPEF |   0.953 | 0.000 |   2.492 | 
     | C4737                   | A2 v -> ZN v | OR2_X1    | 0.030 | N13234                  |            |   1.404 | 0.181 |   2.674 | 
     | C4741                   |              | AND2_X1   | 0.030 | N13234                  |       SPEF |   1.404 | 0.000 |   2.674 | 
     | C4741                   | A2 v -> ZN v | AND2_X1   | 0.018 | N13238                  |            |   0.904 | 0.104 |   2.777 | 
     | C4743                   |              | OR2_X1    | 0.018 | N13238                  |       SPEF |   0.904 | 0.000 |   2.777 | 
     | C4743                   | A1 v -> ZN v | OR2_X1    | 0.029 | N13240                  |            |   1.005 | 0.160 |   2.937 | 
     | C4745                   |              | AND2_X1   | 0.029 | N13240                  |       SPEF |   1.005 | 0.000 |   2.937 | 
     | C4745                   | A2 v -> ZN v | AND2_X1   | 0.017 | N13242                  |            |   1.133 | 0.105 |   3.042 | 
     | C4746                   |              | OR2_X1    | 0.017 | N13242                  |       SPEF |   1.133 | 0.000 |   3.042 | 
     | C4746                   | A2 v -> ZN v | OR2_X1    | 0.029 | N13243                  |            |   1.099 | 0.178 |   3.220 | 
     | C4748                   |              | AND2_X1   | 0.029 | N13243                  |       SPEF |   1.099 | 0.000 |   3.220 | 
     | C4748                   | A2 v -> ZN v | AND2_X1   | 0.020 | N13245                  |            |   1.380 | 0.106 |   3.326 | 
     | C4749                   |              | OR2_X1    | 0.020 | N13245                  |       SPEF |   1.380 | 0.000 |   3.326 | 
     | C4749                   | A2 v -> ZN v | OR2_X1    | 0.030 | N13246                  |            |   1.345 | 0.182 |   3.508 | 
     | C4751                   |              | AND2_X1   | 0.030 | N13246                  |       SPEF |   1.345 | 0.000 |   3.508 | 
     | C4751                   | A2 v -> ZN v | AND2_X1   | 0.017 | N13248                  |            |   1.050 | 0.105 |   3.613 | 
     | C4752                   |              | OR2_X1    | 0.017 | N13248                  |       SPEF |   1.050 | 0.000 |   3.613 | 
     | C4752                   | A2 v -> ZN v | OR2_X1    | 0.029 | N13249                  |            |   1.048 | 0.177 |   3.790 | 
     | C4845                   |              | AND2_X1   | 0.029 | N13249                  |       SPEF |   1.048 | 0.000 |   3.790 | 
     | C4845                   | A2 v -> ZN v | AND2_X1   | 0.016 | N13341                  |            |   0.968 | 0.103 |   3.894 | 
     | C4847                   |              | OR2_X1    | 0.016 | N13341                  |       SPEF |   0.968 | 0.000 |   3.894 | 
     | C4847                   | A1 v -> ZN v | OR2_X1    | 0.036 | subRotW[11]             |            |   3.520 | 0.178 |   4.072 | 
     | U872                    |              | NAND2_X1  | 0.036 | subRotW[11]             |       SPEF |   3.520 | 0.000 |   4.072 | 
     | U872                    | A1 v -> ZN ^ | NAND2_X1  | 0.044 | n765                    |            |   2.745 | 0.064 |   4.137 | 
     | U871                    |              | OAI21_X1  | 0.044 | n765                    |       SPEF |   2.745 | 0.000 |   4.137 | 
     | U871                    | A ^ -> ZN v  | OAI21_X1  | 0.072 | temp[11]                |            |   2.528 | 0.059 |   4.196 | 
     | C33371                  |              | XOR2_X1   | 0.072 | temp[11]                |       SPEF |   2.528 | 0.000 |   4.196 | 
     | C33371                  | B v -> Z v   | XOR2_X1   | 0.043 | N10147                  |            |   1.570 | 0.225 |   4.421 | 
     | U1664                   |              | AOI22_X1  | 0.043 | N10147                  |       SPEF |   1.570 | 0.000 |   4.421 | 
     | U1664                   | A1 v -> ZN ^ | AOI22_X1  | 0.100 | n1146                   |            |   2.120 | 0.132 |   4.553 | 
     | U1663                   |              | INV_X1    | 0.100 | n1146                   |       SPEF |   2.120 | 0.000 |   4.553 | 
     | U1663                   | A ^ -> ZN v  | INV_X1    | 0.024 | N10172                  |            |   1.528 | 0.036 |   4.589 | 
     | U1836                   |              | MUX2_X1   | 0.024 | N10172                  |       SPEF |   1.528 | 0.000 |   4.589 | 
     | U1836                   | B v -> Z v   | MUX2_X1   | 0.034 | n1280                   |            |   1.300 | 0.218 |   4.807 | 
     | w_reg[3][11]            |              | DFF_X1    | 0.034 | n1280                   |       SPEF |   1.300 | 0.000 |   4.807 | 
     +-------------------------------------------------------------------------------------------------------------------------------+ 
Path 6: MET Setup Check with Pin sub_reg[31]/CK 
Endpoint:   sub_reg[31]/D         (v) checked with  leading edge of 'CLK'
Beginpoint: roundCounter_reg[2]/Q (^) triggered by  leading edge of 'CLK'
Path Groups: {CLK}
Analysis View: aes_av
Other End Arrival Time          0.000
- Setup                         0.171
+ Phase Shift                   5.000
= Required Time                 4.829
- Arrival Time                  4.801
= Slack Time                    0.029
     Clock Rise Edge                 0.000
     + Clock Network Latency (Ideal) 0.000
     = Beginpoint Arrival Time       0.000
     +----------------------------------------------------------------------------------------------------------------------------+ 
     |      Instance       |     Arc      |   Cell    |  Slew |           Net            |    Arc     |  Load   | Delay | Arrival | 
     |                     |              |           |       |                          | Annotation |         |       |  Time   | 
     |---------------------+--------------+-----------+-------+--------------------------+------------+---------+-------+---------| 
     | roundCounter_reg[2] | CK ^         |           | 0.000 | clock                    |            | 415.144 |       |   0.000 | 
     | roundCounter_reg[2] | CK ^ -> Q ^  | DFF_X1    | 0.189 | roundCounter[2]          |            |  22.230 | 0.459 |   0.459 | 
     | FE_RC_1_0           |              | OR2_X2    | 0.189 | roundCounter[2]          |       SPEF |  22.230 | 0.001 |   0.460 | 
     | FE_RC_1_0           | A1 ^ -> ZN ^ | OR2_X2    | 0.032 | FE_RN_0_0                |            |   4.603 | 0.122 |   0.582 | 
     | FE_RC_0_0           |              | OR2_X4    | 0.032 | FE_RN_0_0                |       SPEF |   4.603 | 0.000 |   0.583 | 
     | FE_RC_0_0           | A1 ^ -> ZN ^ | OR2_X4    | 0.289 | N11079                   |            | 134.825 | 0.332 |   0.915 | 
     | FE_OFC388_N11079    |              | INV_X2    | 0.290 | N11079                   |       SPEF | 134.825 | 0.019 |   0.934 | 
     | FE_OFC388_N11079    | A ^ -> ZN v  | INV_X2    | 0.111 | FE_OFN79_FE_DBTN0_N11079 |            |  56.260 | 0.217 |   1.150 | 
     | U1092               |              | AOI22_X1  | 0.111 | FE_OFN79_FE_DBTN0_N11079 |       SPEF |  56.260 | 0.006 |   1.156 | 
     | U1092               | A2 v -> ZN ^ | AOI22_X1  | 0.128 | n854                     |            |   3.654 | 0.218 |   1.374 | 
     | U1091               |              | INV_X1    | 0.128 | n854                     |       SPEF |   3.654 | 0.000 |   1.374 | 
     | U1091               | A ^ -> ZN v  | INV_X1    | 0.044 | mix[24]                  |            |   9.090 | 0.087 |   1.461 | 
     | C33626              |              | XOR2_X1   | 0.044 | mix[24]                  |       SPEF |   9.090 | 0.001 |   1.462 | 
     | C33626              | A v -> Z v   | XOR2_X1   | 0.058 | N10556                   |            |   3.372 | 0.198 |   1.660 | 
     | U1339               |              | AOI22_X2  | 0.058 | N10556                   |       SPEF |   3.372 | 0.000 |   1.660 | 
     | U1339               | A1 v -> ZN ^ | AOI22_X2  | 0.307 | n983                     |            |  27.306 | 0.366 |   2.026 | 
     | FE_OFC218_n983      |              | CLKBUF_X3 | 0.307 | n983                     |       SPEF |  27.306 | 0.004 |   2.031 | 
     | FE_OFC218_n983      | A ^ -> Z ^   | CLKBUF_X3 | 0.270 | FE_OFN218_n983           |            |  94.891 | 0.443 |   2.474 | 
     | U2124               |              | INV_X1    | 0.270 | FE_OFN218_n983           |       SPEF |  94.891 | 0.011 |   2.486 | 
     | U2124               | A ^ -> ZN v  | INV_X1    | 0.081 | cipher[24]               |            |  12.709 | 0.141 |   2.626 | 
     | FE_OFC834_cipher_24 |              | BUF_X2    | 0.081 | cipher[24]               |       SPEF |  12.709 | 0.000 |   2.627 | 
     | FE_OFC834_cipher_24 | A v -> Z v   | BUF_X2    | 0.076 | FE_OFN365_cipher_24      |            |  63.497 | 0.199 |   2.826 | 
     | C14663              |              | AND2_X1   | 0.076 | FE_OFN365_cipher_24      |       SPEF |  63.497 | 0.012 |   2.838 | 
     | C14663              | A2 v -> ZN v | AND2_X1   | 0.017 | N22842                   |            |   1.112 | 0.134 |   2.971 | 
     | C14664              |              | OR2_X1    | 0.017 | N22842                   |       SPEF |   1.112 | 0.000 |   2.971 | 
     | C14664              | A2 v -> ZN v | OR2_X1    | 0.040 | N22843                   |            |   5.633 | 0.208 |   3.179 | 
     | C14776              |              | AND2_X1   | 0.040 | N22843                   |       SPEF |   5.633 | 0.000 |   3.179 | 
     | C14776              | A2 v -> ZN v | AND2_X1   | 0.018 | N22950                   |            |   1.381 | 0.113 |   3.292 | 
     | C14777              |              | OR2_X1    | 0.018 | N22950                   |       SPEF |   1.381 | 0.000 |   3.293 | 
     | C14777              | A2 v -> ZN v | OR2_X1    | 0.030 | N22951                   |            |   1.260 | 0.180 |   3.472 | 
     | C14779              |              | AND2_X1   | 0.030 | N22951                   |       SPEF |   1.260 | 0.000 |   3.472 | 
     | C14779              | A2 v -> ZN v | AND2_X1   | 0.017 | N22953                   |            |   1.027 | 0.104 |   3.577 | 
     | C14780              |              | OR2_X1    | 0.017 | N22953                   |       SPEF |   1.027 | 0.000 |   3.577 | 
     | C14780              | A2 v -> ZN v | OR2_X1    | 0.030 | N22954                   |            |   1.383 | 0.181 |   3.757 | 
     | C14782              |              | AND2_X1   | 0.030 | N22954                   |       SPEF |   1.383 | 0.000 |   3.757 | 
     | C14782              | A2 v -> ZN v | AND2_X1   | 0.019 | N22956                   |            |   1.221 | 0.106 |   3.863 | 
     | C14783              |              | OR2_X1    | 0.019 | N22956                   |       SPEF |   1.221 | 0.000 |   3.863 | 
     | C14783              | A2 v -> ZN v | OR2_X1    | 0.029 | N22957                   |            |   1.005 | 0.178 |   4.042 | 
     | C14802              |              | AND2_X1   | 0.029 | N22957                   |       SPEF |   1.005 | 0.000 |   4.042 | 
     | C14802              | A2 v -> ZN v | AND2_X1   | 0.017 | N22976                   |            |   0.927 | 0.103 |   4.145 | 
     | C14804              |              | OR2_X1    | 0.017 | N22976                   |       SPEF |   0.927 | 0.000 |   4.145 | 
     | C14804              | A1 v -> ZN v | OR2_X1    | 0.031 | N22978                   |            |   1.756 | 0.166 |   4.311 | 
     | U325                |              | AOI222_X1 | 0.031 | N22978                   |       SPEF |   1.756 | 0.000 |   4.311 | 
     | U325                | C1 v -> ZN ^ | AOI222_X1 | 0.252 | n264                     |            |   4.124 | 0.411 |   4.722 | 
     | U324                |              | NAND2_X1  | 0.252 | n264                     |       SPEF |   4.124 | 0.000 |   4.722 | 
     | U324                | A2 ^ -> ZN v | NAND2_X1  | 0.042 | n590                     |            |   1.265 | 0.078 |   4.801 | 
     | sub_reg[31]         |              | DFF_X1    | 0.042 | n590                     |       SPEF |   1.265 | 0.000 |   4.801 | 
     +----------------------------------------------------------------------------------------------------------------------------+ 
Path 7: MET Setup Check with Pin sub_reg[99]/CK 
Endpoint:   sub_reg[99]/D         (v) checked with  leading edge of 'CLK'
Beginpoint: roundCounter_reg[5]/Q (v) triggered by  leading edge of 'CLK'
Path Groups: {CLK}
Analysis View: aes_av
Other End Arrival Time          0.000
- Setup                         0.168
+ Phase Shift                   5.000
= Required Time                 4.832
- Arrival Time                  4.800
= Slack Time                    0.031
     Clock Rise Edge                 0.000
     + Clock Network Latency (Ideal) 0.000
     = Beginpoint Arrival Time       0.000
     +-----------------------------------------------------------------------------------------------------------------------+ 
     |      Instance       |     Arc      |   Cell    |  Slew |         Net         |    Arc     |  Load   | Delay | Arrival | 
     |                     |              |           |       |                     | Annotation |         |       |  Time   | 
     |---------------------+--------------+-----------+-------+---------------------+------------+---------+-------+---------| 
     | roundCounter_reg[5] | CK ^         |           | 0.000 | clock               |            | 415.144 |       |   0.000 | 
     | roundCounter_reg[5] | CK ^ -> Q v  | DFF_X1    | 0.042 | roundCounter[5]     |            |  13.939 | 0.280 |   0.280 | 
     | C768                |              | OR2_X1    | 0.042 | roundCounter[5]     |       SPEF |  13.939 | 0.000 |   0.281 | 
     | C768                | A2 v -> ZN v | OR2_X1    | 0.029 | N10319              |            |   1.045 | 0.191 |   0.472 | 
     | C769                |              | OR2_X1    | 0.029 | N10319              |       SPEF |   1.045 | 0.000 |   0.472 | 
     | C769                | A2 v -> ZN v | OR2_X1    | 0.031 | N10320              |            |   1.646 | 0.190 |   0.662 | 
     | C770                |              | OR2_X1    | 0.031 | N10320              |       SPEF |   1.646 | 0.000 |   0.662 | 
     | C770                | A2 v -> ZN v | OR2_X1    | 0.030 | N10321              |            |   1.243 | 0.187 |   0.849 | 
     | C771                |              | OR2_X1    | 0.030 | N10321              |       SPEF |   1.243 | 0.000 |   0.849 | 
     | C771                | A2 v -> ZN v | OR2_X1    | 0.031 | N10322              |            |   1.754 | 0.191 |   1.039 | 
     | C772                |              | OR2_X2    | 0.031 | N10322              |       SPEF |   1.754 | 0.000 |   1.039 | 
     | C772                | A2 v -> ZN v | OR2_X2    | 0.043 | N10323              |            |  15.373 | 0.213 |   1.252 | 
     | I_7                 |              | INV_X4    | 0.043 | N10323              |       SPEF |  15.373 | 0.001 |   1.253 | 
     | I_7                 | A v -> ZN ^  | INV_X4    | 0.280 | N10324              |            | 130.682 | 0.308 |   1.561 | 
     | FE_OFC82_N10324     |              | CLKBUF_X3 | 0.281 | N10324              |       SPEF | 130.682 | 0.022 |   1.583 | 
     | FE_OFC82_N10324     | A ^ -> Z ^   | CLKBUF_X3 | 0.322 | FE_OFN82_N10324     |            | 114.413 | 0.492 |   2.075 | 
     | U1189               |              | AOI22_X1  | 0.322 | FE_OFN82_N10324     |       SPEF | 114.413 | 0.016 |   2.092 | 
     | U1189               | B2 ^ -> ZN v | AOI22_X1  | 0.096 | n903                |            |  10.881 | 0.214 |   2.305 | 
     | FE_OFC514_n903      |              | BUF_X2    | 0.096 | n903                |       SPEF |  10.881 | 0.003 |   2.308 | 
     | FE_OFC514_n903      | A v -> Z v   | BUF_X2    | 0.047 | FE_OFN92_n903       |            |  34.657 | 0.175 |   2.483 | 
     | FE_OFC517_n903      |              | INV_X1    | 0.047 | FE_OFN92_n903       |       SPEF |  34.657 | 0.005 |   2.488 | 
     | FE_OFC517_n903      | A v -> ZN ^  | INV_X1    | 0.164 | FE_OFN305_cipher_97 |            |  19.121 | 0.204 |   2.693 | 
     | FE_OFC518_n903      |              | INV_X1    | 0.164 | FE_OFN305_cipher_97 |       SPEF |  19.121 | 0.001 |   2.693 | 
     | FE_OFC518_n903      | A ^ -> ZN v  | INV_X1    | 0.087 | FE_OFN431_n903      |            |  33.270 | 0.178 |   2.871 | 
     | C27772              |              | AND2_X1   | 0.087 | FE_OFN431_n903      |       SPEF |  33.270 | 0.005 |   2.876 | 
     | C27772              | A1 v -> ZN v | AND2_X1   | 0.016 | N35535              |            |   0.977 | 0.130 |   3.006 | 
     | C27774              |              | OR2_X1    | 0.016 | N35535              |       SPEF |   0.977 | 0.000 |   3.006 | 
     | C27774              | A1 v -> ZN v | OR2_X1    | 0.048 | N35537              |            |   9.347 | 0.207 |   3.213 | 
     | C27889              |              | AND2_X1   | 0.048 | N35537              |       SPEF |   9.347 | 0.000 |   3.213 | 
     | C27889              | A2 v -> ZN v | AND2_X1   | 0.017 | N35650              |            |   1.078 | 0.116 |   3.329 | 
     | C27891              |              | OR2_X1    | 0.017 | N35650              |       SPEF |   1.078 | 0.000 |   3.329 | 
     | C27891              | A1 v -> ZN v | OR2_X1    | 0.029 | N35652              |            |   0.992 | 0.159 |   3.488 | 
     | C27893              |              | AND2_X1   | 0.029 | N35652              |       SPEF |   0.992 | 0.000 |   3.488 | 
     | C27893              | A2 v -> ZN v | AND2_X1   | 0.017 | N35654              |            |   1.109 | 0.104 |   3.592 | 
     | C27894              |              | OR2_X1    | 0.017 | N35654              |       SPEF |   1.109 | 0.000 |   3.592 | 
     | C27894              | A2 v -> ZN v | OR2_X1    | 0.030 | N35655              |            |   1.277 | 0.180 |   3.772 | 
     | C27896              |              | AND2_X1   | 0.030 | N35655              |       SPEF |   1.277 | 0.000 |   3.772 | 
     | C27896              | A2 v -> ZN v | AND2_X1   | 0.018 | N35657              |            |   1.049 | 0.105 |   3.877 | 
     | C27897              |              | OR2_X1    | 0.018 | N35657              |       SPEF |   1.049 | 0.000 |   3.877 | 
     | C27897              | A2 v -> ZN v | OR2_X1    | 0.029 | N35658              |            |   1.173 | 0.179 |   4.056 | 
     | C27899              |              | AND2_X1   | 0.029 | N35658              |       SPEF |   1.173 | 0.000 |   4.056 | 
     | C27899              | A2 v -> ZN v | AND2_X1   | 0.018 | N35660              |            |   1.693 | 0.109 |   4.164 | 
     | C27900              |              | OR2_X1    | 0.018 | N35660              |       SPEF |   1.693 | 0.000 |   4.165 | 
     | C27900              | A2 v -> ZN v | OR2_X1    | 0.034 | N35661              |            |   2.739 | 0.192 |   4.357 | 
     | U499                |              | AOI222_X1 | 0.034 | N35661              |       SPEF |   2.739 | 0.000 |   4.357 | 
     | U499                | C1 v -> ZN ^ | AOI222_X1 | 0.211 | n408                |            |   2.667 | 0.365 |   4.722 | 
     | U498                |              | NAND2_X1  | 0.211 | n408                |       SPEF |   2.667 | 0.000 |   4.722 | 
     | U498                | A2 ^ -> ZN v | NAND2_X1  | 0.038 | n648                |            |   1.511 | 0.078 |   4.800 | 
     | sub_reg[99]         |              | DFF_X1    | 0.038 | n648                |       SPEF |   1.511 | 0.000 |   4.800 | 
     +-----------------------------------------------------------------------------------------------------------------------+ 
Path 8: MET Setup Check with Pin sub_reg[53]/CK 
Endpoint:   sub_reg[53]/D         (v) checked with  leading edge of 'CLK'
Beginpoint: roundCounter_reg[2]/Q (^) triggered by  leading edge of 'CLK'
Path Groups: {CLK}
Analysis View: aes_av
Other End Arrival Time          0.000
- Setup                         0.170
+ Phase Shift                   5.000
= Required Time                 4.830
- Arrival Time                  4.784
= Slack Time                    0.046
     Clock Rise Edge                 0.000
     + Clock Network Latency (Ideal) 0.000
     = Beginpoint Arrival Time       0.000
     +----------------------------------------------------------------------------------------------------------------------------+ 
     |      Instance       |     Arc      |   Cell    |  Slew |           Net            |    Arc     |  Load   | Delay | Arrival | 
     |                     |              |           |       |                          | Annotation |         |       |  Time   | 
     |---------------------+--------------+-----------+-------+--------------------------+------------+---------+-------+---------| 
     | roundCounter_reg[2] | CK ^         |           | 0.000 | clock                    |            | 415.144 |       |   0.000 | 
     | roundCounter_reg[2] | CK ^ -> Q ^  | DFF_X1    | 0.189 | roundCounter[2]          |            |  22.230 | 0.459 |   0.459 | 
     | FE_RC_1_0           |              | OR2_X2    | 0.189 | roundCounter[2]          |       SPEF |  22.230 | 0.001 |   0.460 | 
     | FE_RC_1_0           | A1 ^ -> ZN ^ | OR2_X2    | 0.032 | FE_RN_0_0                |            |   4.603 | 0.122 |   0.582 | 
     | FE_RC_0_0           |              | OR2_X4    | 0.032 | FE_RN_0_0                |       SPEF |   4.603 | 0.000 |   0.583 | 
     | FE_RC_0_0           | A1 ^ -> ZN ^ | OR2_X4    | 0.289 | N11079                   |            | 134.825 | 0.332 |   0.915 | 
     | FE_OFC389_N11079    |              | INV_X2    | 0.290 | N11079                   |       SPEF | 134.825 | 0.018 |   0.933 | 
     | FE_OFC389_N11079    | A ^ -> ZN v  | INV_X2    | 0.095 | FE_OFN78_FE_DBTN0_N11079 |            |  37.271 | 0.178 |   1.111 | 
     | FE_OFC390_N11079    |              | BUF_X8    | 0.095 | FE_OFN78_FE_DBTN0_N11079 |       SPEF |  37.271 | 0.000 |   1.111 | 
     | FE_OFC390_N11079    | A v -> Z v   | BUF_X8    | 0.041 | FE_OFN385_N11079         |            | 114.153 | 0.155 |   1.266 | 
     | U1038               |              | AOI22_X1  | 0.043 | FE_OFN385_N11079         |       SPEF | 114.153 | 0.006 |   1.272 | 
     | U1038               | B2 v -> ZN ^ | AOI22_X1  | 0.116 | n827                     |            |   2.991 | 0.207 |   1.480 | 
     | FE_OFC797_n827      |              | INV_X1    | 0.116 | n827                     |       SPEF |   2.991 | 0.000 |   1.480 | 
     | FE_OFC797_n827      | A ^ -> ZN v  | INV_X1    | 0.037 | mix[49]                  |            |   6.249 | 0.070 |   1.550 | 
     | C33601              |              | XOR2_X1   | 0.037 | mix[49]                  |       SPEF |   6.249 | 0.001 |   1.550 | 
     | C33601              | A v -> Z v   | XOR2_X1   | 0.034 | N10531                   |            |   1.929 | 0.187 |   1.737 | 
     | U1288               |              | AOI22_X1  | 0.034 | N10531                   |       SPEF |   1.929 | 0.000 |   1.737 | 
     | U1288               | A1 v -> ZN ^ | AOI22_X1  | 0.322 | n956                     |            |  14.478 | 0.372 |   2.110 | 
     | FE_OFC631_n956      |              | INV_X1    | 0.322 | n956                     |       SPEF |  14.478 | 0.002 |   2.111 | 
     | FE_OFC631_n956      | A ^ -> ZN v  | INV_X1    | 0.075 | FE_OFN171_n956           |            |   5.699 | 0.094 |   2.206 | 
     | FE_OFC633_n956      |              | INV_X2    | 0.075 | FE_OFN171_n956           |       SPEF |   5.699 | 0.000 |   2.206 | 
     | FE_OFC633_n956      | A v -> ZN ^  | INV_X2    | 0.256 | FE_OFN345_cipher_49      |            |  59.949 | 0.311 |   2.516 | 
     | FE_OFC635_n956      |              | INV_X2    | 0.256 | FE_OFN345_cipher_49      |       SPEF |  59.949 | 0.014 |   2.530 | 
     | FE_OFC635_n956      | A ^ -> ZN v  | INV_X2    | 0.113 | cipher[49]               |            |  68.565 | 0.223 |   2.753 | 
     | C18906              |              | AND2_X1   | 0.113 | cipher[49]               |       SPEF |  68.565 | 0.012 |   2.765 | 
     | C18906              | A1 v -> ZN v | AND2_X1   | 0.017 | N26952                   |            |   0.954 | 0.145 |   2.910 | 
     | C18907              |              | OR2_X1    | 0.017 | N26952                   |       SPEF |   0.954 | 0.000 |   2.910 | 
     | C18907              | A2 v -> ZN v | OR2_X1    | 0.049 | N26953                   |            |   9.827 | 0.227 |   3.137 | 
     | C19035              |              | AND2_X1   | 0.049 | N26953                   |       SPEF |   9.827 | 0.000 |   3.137 | 
     | C19035              | A2 v -> ZN v | AND2_X1   | 0.017 | N27077                   |            |   1.183 | 0.117 |   3.254 | 
     | C19036              |              | OR2_X1    | 0.017 | N27077                   |       SPEF |   1.183 | 0.000 |   3.254 | 
     | C19036              | A2 v -> ZN v | OR2_X1    | 0.030 | N27078                   |            |   1.336 | 0.180 |   3.434 | 
     | C19038              |              | AND2_X1   | 0.030 | N27078                   |       SPEF |   1.336 | 0.000 |   3.434 | 
     | C19038              | A2 v -> ZN v | AND2_X1   | 0.017 | N27080                   |            |   1.170 | 0.105 |   3.540 | 
     | C19039              |              | OR2_X1    | 0.017 | N27080                   |       SPEF |   1.170 | 0.000 |   3.540 | 
     | C19039              | A2 v -> ZN v | OR2_X1    | 0.030 | N27081                   |            |   1.325 | 0.180 |   3.720 | 
     | C19041              |              | AND2_X1   | 0.030 | N27081                   |       SPEF |   1.325 | 0.000 |   3.720 | 
     | C19041              | A2 v -> ZN v | AND2_X1   | 0.019 | N27083                   |            |   1.241 | 0.106 |   3.826 | 
     | C19042              |              | OR2_X1    | 0.019 | N27083                   |       SPEF |   1.241 | 0.000 |   3.826 | 
     | C19042              | A2 v -> ZN v | OR2_X1    | 0.029 | N27084                   |            |   1.143 | 0.180 |   4.005 | 
     | C19044              |              | AND2_X1   | 0.029 | N27084                   |       SPEF |   1.143 | 0.000 |   4.005 | 
     | C19044              | A2 v -> ZN v | AND2_X1   | 0.017 | N27086                   |            |   1.083 | 0.104 |   4.110 | 
     | C19045              |              | OR2_X1    | 0.017 | N27086                   |       SPEF |   1.083 | 0.000 |   4.110 | 
     | C19045              | A2 v -> ZN v | OR2_X1    | 0.033 | N27087                   |            |   2.500 | 0.190 |   4.299 | 
     | U445                |              | AOI222_X1 | 0.033 | N27087                   |       SPEF |   2.500 | 0.000 |   4.299 | 
     | U445                | C1 v -> ZN ^ | AOI222_X1 | 0.247 | n372                     |            |   3.948 | 0.406 |   4.705 | 
     | U444                |              | NAND2_X1  | 0.247 | n372                     |       SPEF |   3.948 | 0.000 |   4.706 | 
     | U444                | A2 ^ -> ZN v | NAND2_X1  | 0.042 | n630                     |            |   1.261 | 0.078 |   4.784 | 
     | sub_reg[53]         |              | DFF_X1    | 0.042 | n630                     |       SPEF |   1.261 | 0.000 |   4.784 | 
     +----------------------------------------------------------------------------------------------------------------------------+ 
Path 9: MET Setup Check with Pin sub_reg[27]/CK 
Endpoint:   sub_reg[27]/D         (v) checked with  leading edge of 'CLK'
Beginpoint: roundCounter_reg[2]/Q (^) triggered by  leading edge of 'CLK'
Path Groups: {CLK}
Analysis View: aes_av
Other End Arrival Time          0.000
- Setup                         0.169
+ Phase Shift                   5.000
= Required Time                 4.831
- Arrival Time                  4.776
= Slack Time                    0.055
     Clock Rise Edge                 0.000
     + Clock Network Latency (Ideal) 0.000
     = Beginpoint Arrival Time       0.000
     +----------------------------------------------------------------------------------------------------------------------------+ 
     |      Instance       |     Arc      |   Cell    |  Slew |           Net            |    Arc     |  Load   | Delay | Arrival | 
     |                     |              |           |       |                          | Annotation |         |       |  Time   | 
     |---------------------+--------------+-----------+-------+--------------------------+------------+---------+-------+---------| 
     | roundCounter_reg[2] | CK ^         |           | 0.000 | clock                    |            | 415.144 |       |   0.000 | 
     | roundCounter_reg[2] | CK ^ -> Q ^  | DFF_X1    | 0.189 | roundCounter[2]          |            |  22.230 | 0.459 |   0.459 | 
     | FE_RC_1_0           |              | OR2_X2    | 0.189 | roundCounter[2]          |       SPEF |  22.230 | 0.001 |   0.460 | 
     | FE_RC_1_0           | A1 ^ -> ZN ^ | OR2_X2    | 0.032 | FE_RN_0_0                |            |   4.603 | 0.122 |   0.582 | 
     | FE_RC_0_0           |              | OR2_X4    | 0.032 | FE_RN_0_0                |       SPEF |   4.603 | 0.000 |   0.583 | 
     | FE_RC_0_0           | A1 ^ -> ZN ^ | OR2_X4    | 0.289 | N11079                   |            | 134.825 | 0.332 |   0.915 | 
     | FE_OFC388_N11079    |              | INV_X2    | 0.290 | N11079                   |       SPEF | 134.825 | 0.019 |   0.934 | 
     | FE_OFC388_N11079    | A ^ -> ZN v  | INV_X2    | 0.111 | FE_OFN79_FE_DBTN0_N11079 |            |  56.260 | 0.217 |   1.150 | 
     | U1092               |              | AOI22_X1  | 0.111 | FE_OFN79_FE_DBTN0_N11079 |       SPEF |  56.260 | 0.006 |   1.156 | 
     | U1092               | A2 v -> ZN ^ | AOI22_X1  | 0.128 | n854                     |            |   3.654 | 0.218 |   1.374 | 
     | U1091               |              | INV_X1    | 0.128 | n854                     |       SPEF |   3.654 | 0.000 |   1.374 | 
     | U1091               | A ^ -> ZN v  | INV_X1    | 0.044 | mix[24]                  |            |   9.090 | 0.087 |   1.461 | 
     | C33626              |              | XOR2_X1   | 0.044 | mix[24]                  |       SPEF |   9.090 | 0.001 |   1.462 | 
     | C33626              | A v -> Z v   | XOR2_X1   | 0.058 | N10556                   |            |   3.372 | 0.198 |   1.660 | 
     | U1339               |              | AOI22_X2  | 0.058 | N10556                   |       SPEF |   3.372 | 0.000 |   1.660 | 
     | U1339               | A1 v -> ZN ^ | AOI22_X2  | 0.307 | n983                     |            |  27.306 | 0.366 |   2.026 | 
     | FE_OFC218_n983      |              | CLKBUF_X3 | 0.307 | n983                     |       SPEF |  27.306 | 0.004 |   2.031 | 
     | FE_OFC218_n983      | A ^ -> Z ^   | CLKBUF_X3 | 0.270 | FE_OFN218_n983           |            |  94.891 | 0.443 |   2.474 | 
     | U2124               |              | INV_X1    | 0.270 | FE_OFN218_n983           |       SPEF |  94.891 | 0.011 |   2.486 | 
     | U2124               | A ^ -> ZN v  | INV_X1    | 0.081 | cipher[24]               |            |  12.709 | 0.141 |   2.626 | 
     | FE_OFC834_cipher_24 |              | BUF_X2    | 0.081 | cipher[24]               |       SPEF |  12.709 | 0.000 |   2.627 | 
     | FE_OFC834_cipher_24 | A v -> Z v   | BUF_X2    | 0.076 | FE_OFN365_cipher_24      |            |  63.497 | 0.199 |   2.826 | 
     | C13913              |              | AND2_X1   | 0.076 | FE_OFN365_cipher_24      |       SPEF |  63.497 | 0.011 |   2.836 | 
     | C13913              | A2 v -> ZN v | AND2_X1   | 0.017 | N22117                   |            |   1.018 | 0.133 |   2.969 | 
     | C13914              |              | OR2_X1    | 0.017 | N22117                   |       SPEF |   1.018 | 0.000 |   2.969 | 
     | C13914              | A2 v -> ZN v | OR2_X1    | 0.045 | N22118                   |            |   7.839 | 0.218 |   3.187 | 
     | C14029              |              | AND2_X1   | 0.045 | N22118                   |       SPEF |   7.839 | 0.000 |   3.188 | 
     | C14029              | A2 v -> ZN v | AND2_X1   | 0.017 | N22231                   |            |   0.897 | 0.112 |   3.300 | 
     | C14031              |              | OR2_X1    | 0.017 | N22231                   |       SPEF |   0.897 | 0.000 |   3.300 | 
     | C14031              | A1 v -> ZN v | OR2_X1    | 0.029 | N22233                   |            |   1.006 | 0.159 |   3.459 | 
     | C14033              |              | AND2_X1   | 0.029 | N22233                   |       SPEF |   1.006 | 0.000 |   3.459 | 
     | C14033              | A2 v -> ZN v | AND2_X1   | 0.017 | N22235                   |            |   1.067 | 0.104 |   3.564 | 
     | C14034              |              | OR2_X1    | 0.017 | N22235                   |       SPEF |   1.067 | 0.000 |   3.564 | 
     | C14034              | A2 v -> ZN v | OR2_X1    | 0.029 | N22236                   |            |   1.025 | 0.177 |   3.741 | 
     | C14036              |              | AND2_X1   | 0.029 | N22236                   |       SPEF |   1.025 | 0.000 |   3.741 | 
     | C14036              | A2 v -> ZN v | AND2_X1   | 0.019 | N22238                   |            |   1.053 | 0.104 |   3.845 | 
     | C14037              |              | OR2_X1    | 0.019 | N22238                   |       SPEF |   1.053 | 0.000 |   3.845 | 
     | C14037              | A2 v -> ZN v | OR2_X1    | 0.029 | N22239                   |            |   1.221 | 0.180 |   4.025 | 
     | C14039              |              | AND2_X1   | 0.029 | N22239                   |       SPEF |   1.221 | 0.000 |   4.025 | 
     | C14039              | A2 v -> ZN v | AND2_X1   | 0.017 | N22241                   |            |   1.077 | 0.104 |   4.130 | 
     | C14040              |              | OR2_X1    | 0.017 | N22241                   |       SPEF |   1.077 | 0.000 |   4.130 | 
     | C14040              | A2 v -> ZN v | OR2_X1    | 0.034 | N22242                   |            |   2.779 | 0.192 |   4.321 | 
     | U657                |              | AOI222_X1 | 0.034 | N22242                   |       SPEF |   2.779 | 0.000 |   4.321 | 
     | U657                | C1 v -> ZN ^ | AOI222_X1 | 0.222 | n505                     |            |   3.083 | 0.379 |   4.700 | 
     | U656                |              | NAND2_X1  | 0.222 | n505                     |       SPEF |   3.083 | 0.000 |   4.700 | 
     | U656                | A2 ^ -> ZN v | NAND2_X1  | 0.038 | n689                     |            |   1.273 | 0.076 |   4.776 | 
     | sub_reg[27]         |              | DFF_X1    | 0.038 | n689                     |       SPEF |   1.273 | 0.000 |   4.776 | 
     +----------------------------------------------------------------------------------------------------------------------------+ 
Path 10: MET Setup Check with Pin sub_reg[30]/CK 
Endpoint:   sub_reg[30]/D         (v) checked with  leading edge of 'CLK'
Beginpoint: roundCounter_reg[2]/Q (^) triggered by  leading edge of 'CLK'
Path Groups: {CLK}
Analysis View: aes_av
Other End Arrival Time          0.000
- Setup                         0.166
+ Phase Shift                   5.000
= Required Time                 4.834
- Arrival Time                  4.776
= Slack Time                    0.058
     Clock Rise Edge                 0.000
     + Clock Network Latency (Ideal) 0.000
     = Beginpoint Arrival Time       0.000
     +----------------------------------------------------------------------------------------------------------------------------+ 
     |      Instance       |     Arc      |   Cell    |  Slew |           Net            |    Arc     |  Load   | Delay | Arrival | 
     |                     |              |           |       |                          | Annotation |         |       |  Time   | 
     |---------------------+--------------+-----------+-------+--------------------------+------------+---------+-------+---------| 
     | roundCounter_reg[2] | CK ^         |           | 0.000 | clock                    |            | 415.144 |       |   0.000 | 
     | roundCounter_reg[2] | CK ^ -> Q ^  | DFF_X1    | 0.189 | roundCounter[2]          |            |  22.230 | 0.459 |   0.459 | 
     | FE_RC_1_0           |              | OR2_X2    | 0.189 | roundCounter[2]          |       SPEF |  22.230 | 0.001 |   0.460 | 
     | FE_RC_1_0           | A1 ^ -> ZN ^ | OR2_X2    | 0.032 | FE_RN_0_0                |            |   4.603 | 0.122 |   0.582 | 
     | FE_RC_0_0           |              | OR2_X4    | 0.032 | FE_RN_0_0                |       SPEF |   4.603 | 0.000 |   0.583 | 
     | FE_RC_0_0           | A1 ^ -> ZN ^ | OR2_X4    | 0.289 | N11079                   |            | 134.825 | 0.332 |   0.915 | 
     | FE_OFC388_N11079    |              | INV_X2    | 0.290 | N11079                   |       SPEF | 134.825 | 0.019 |   0.934 | 
     | FE_OFC388_N11079    | A ^ -> ZN v  | INV_X2    | 0.111 | FE_OFN79_FE_DBTN0_N11079 |            |  56.260 | 0.217 |   1.150 | 
     | U1092               |              | AOI22_X1  | 0.111 | FE_OFN79_FE_DBTN0_N11079 |       SPEF |  56.260 | 0.006 |   1.156 | 
     | U1092               | A2 v -> ZN ^ | AOI22_X1  | 0.128 | n854                     |            |   3.654 | 0.218 |   1.374 | 
     | U1091               |              | INV_X1    | 0.128 | n854                     |       SPEF |   3.654 | 0.000 |   1.374 | 
     | U1091               | A ^ -> ZN v  | INV_X1    | 0.044 | mix[24]                  |            |   9.090 | 0.087 |   1.461 | 
     | C33626              |              | XOR2_X1   | 0.044 | mix[24]                  |       SPEF |   9.090 | 0.001 |   1.462 | 
     | C33626              | A v -> Z v   | XOR2_X1   | 0.058 | N10556                   |            |   3.372 | 0.198 |   1.660 | 
     | U1339               |              | AOI22_X2  | 0.058 | N10556                   |       SPEF |   3.372 | 0.000 |   1.660 | 
     | U1339               | A1 v -> ZN ^ | AOI22_X2  | 0.307 | n983                     |            |  27.306 | 0.366 |   2.026 | 
     | FE_OFC218_n983      |              | CLKBUF_X3 | 0.307 | n983                     |       SPEF |  27.306 | 0.004 |   2.031 | 
     | FE_OFC218_n983      | A ^ -> Z ^   | CLKBUF_X3 | 0.270 | FE_OFN218_n983           |            |  94.891 | 0.443 |   2.474 | 
     | U2124               |              | INV_X1    | 0.270 | FE_OFN218_n983           |       SPEF |  94.891 | 0.011 |   2.486 | 
     | U2124               | A ^ -> ZN v  | INV_X1    | 0.081 | cipher[24]               |            |  12.709 | 0.141 |   2.626 | 
     | FE_OFC835_cipher_24 |              | BUF_X1    | 0.081 | cipher[24]               |       SPEF |  12.709 | 0.000 |   2.627 | 
     | FE_OFC835_cipher_24 | A v -> Z v   | BUF_X1    | 0.079 | FE_OFN564_cipher_24      |            |  33.605 | 0.214 |   2.841 | 
     | C14478              |              | AND2_X1   | 0.079 | FE_OFN564_cipher_24      |       SPEF |  33.605 | 0.004 |   2.845 | 
     | C14478              | A2 v -> ZN v | AND2_X1   | 0.017 | N22662                   |            |   1.122 | 0.135 |   2.980 | 
     | C14479              |              | OR2_X1    | 0.017 | N22662                   |       SPEF |   1.122 | 0.000 |   2.980 | 
     | C14479              | A2 v -> ZN v | OR2_X1    | 0.054 | N22663                   |            |  12.553 | 0.237 |   3.218 | 
     | C14586              |              | AND2_X1   | 0.054 | N22663                   |       SPEF |  12.553 | 0.001 |   3.218 | 
     | C14586              | A2 v -> ZN v | AND2_X1   | 0.018 | N22769                   |            |   1.035 | 0.119 |   3.338 | 
     | C14587              |              | OR2_X1    | 0.018 | N22769                   |       SPEF |   1.035 | 0.000 |   3.338 | 
     | C14587              | A2 v -> ZN v | OR2_X1    | 0.030 | N22770                   |            |   1.415 | 0.182 |   3.519 | 
     | C14589              |              | AND2_X1   | 0.030 | N22770                   |       SPEF |   1.415 | 0.000 |   3.519 | 
     | C14589              | A2 v -> ZN v | AND2_X1   | 0.019 | N22772                   |            |   1.342 | 0.107 |   3.626 | 
     | C14590              |              | OR2_X1    | 0.019 | N22772                   |       SPEF |   1.342 | 0.000 |   3.626 | 
     | C14590              | A2 v -> ZN v | OR2_X1    | 0.030 | N22773                   |            |   1.342 | 0.181 |   3.807 | 
     | C14592              |              | AND2_X1   | 0.030 | N22773                   |       SPEF |   1.342 | 0.000 |   3.807 | 
     | C14592              | A2 v -> ZN v | AND2_X1   | 0.019 | N22775                   |            |   1.027 | 0.104 |   3.912 | 
     | C14593              |              | OR2_X1    | 0.019 | N22775                   |       SPEF |   1.027 | 0.000 |   3.912 | 
     | C14593              | A2 v -> ZN v | OR2_X1    | 0.030 | N22776                   |            |   1.500 | 0.183 |   4.095 | 
     | C14615              |              | AND2_X1   | 0.030 | N22776                   |       SPEF |   1.500 | 0.000 |   4.095 | 
     | C14615              | A2 v -> ZN v | AND2_X1   | 0.018 | N22797                   |            |   1.318 | 0.107 |   4.201 | 
     | C14617              |              | OR2_X1    | 0.018 | N22797                   |       SPEF |   1.318 | 0.000 |   4.201 | 
     | C14617              | A1 v -> ZN v | OR2_X1    | 0.031 | N22799                   |            |   1.646 | 0.166 |   4.367 | 
     | U328                |              | AOI222_X1 | 0.031 | N22799                   |       SPEF |   1.646 | 0.000 |   4.367 | 
     | U328                | C1 v -> ZN ^ | AOI222_X1 | 0.186 | n270                     |            |   1.827 | 0.337 |   4.703 | 
     | U327                |              | NAND2_X1  | 0.186 | n270                     |       SPEF |   1.827 | 0.000 |   4.703 | 
     | U327                | A2 ^ -> ZN v | NAND2_X1  | 0.033 | n591                     |            |   1.255 | 0.072 |   4.776 | 
     | sub_reg[30]         |              | DFF_X1    | 0.033 | n591                     |       SPEF |   1.255 | 0.000 |   4.776 | 
     +----------------------------------------------------------------------------------------------------------------------------+ 

