###############################################################
#  Generated by:      Cadence Innovus 18.10-p002_1
#  OS:                Linux x86_64(Host ID ensc-esil-01)
#  Generated on:      Fri Apr  2 20:41:06 2021
#  Design:            aes128key
#  Command:           report_timing -net -format {instance arc cell slew net annotation load delay arrival} -max_paths 10 > results/timing/08-route.setup.rpt
###############################################################
Path 1: MET Setup Check with Pin sub_reg[35]/CK 
Endpoint:   sub_reg[35]/D         (v) checked with  leading edge of 'CLK'
Beginpoint: roundCounter_reg[2]/Q (^) triggered by  leading edge of 'CLK'
Path Groups: {CLK}
Analysis View: aes_av
Other End Arrival Time          0.000
- Setup                         0.170
+ Phase Shift                   5.000
= Required Time                 4.830
- Arrival Time                  4.778
= Slack Time                    0.051
     Clock Rise Edge                 0.000
     + Clock Network Latency (Ideal) 0.000
     = Beginpoint Arrival Time       0.000
     +----------------------------------------------------------------------------------------------------------------------------+ 
     |      Instance       |     Arc      |   Cell    |  Slew |           Net            |    Arc     |  Load   | Delay | Arrival | 
     |                     |              |           |       |                          | Annotation |         |       |  Time   | 
     |---------------------+--------------+-----------+-------+--------------------------+------------+---------+-------+---------| 
     | roundCounter_reg[2] | CK ^         |           | 0.000 | clock                    |            | 403.885 |       |   0.000 | 
     | roundCounter_reg[2] | CK ^ -> Q ^  | DFF_X1    | 0.182 | roundCounter[2]          |            |  21.290 | 0.451 |   0.451 | 
     | FE_RC_1_0           |              | OR2_X2    | 0.182 | roundCounter[2]          |       SPEF |  21.290 | 0.001 |   0.452 | 
     | FE_RC_1_0           | A1 ^ -> ZN ^ | OR2_X2    | 0.029 | FE_RN_0_0                |            |   3.924 | 0.118 |   0.570 | 
     | FE_RC_0_0           |              | OR2_X4    | 0.029 | FE_RN_0_0                |       SPEF |   3.924 | 0.000 |   0.570 | 
     | FE_RC_0_0           | A1 ^ -> ZN ^ | OR2_X4    | 0.286 | N11079                   |            | 131.112 | 0.316 |   0.886 | 
     | FE_OFC389_N11079    |              | INV_X2    | 0.287 | N11079                   |       SPEF | 131.112 | 0.031 |   0.917 | 
     | FE_OFC389_N11079    | A ^ -> ZN v  | INV_X2    | 0.095 | FE_OFN78_FE_DBTN0_N11079 |            |  36.253 | 0.173 |   1.090 | 
     | FE_OFC390_N11079    |              | BUF_X8    | 0.095 | FE_OFN78_FE_DBTN0_N11079 |       SPEF |  36.253 | 0.003 |   1.093 | 
     | FE_OFC390_N11079    | A v -> Z v   | BUF_X8    | 0.040 | FE_OFN385_N11079         |            | 111.929 | 0.151 |   1.243 | 
     | U1074               |              | AOI22_X1  | 0.042 | FE_OFN385_N11079         |       SPEF | 111.929 | 0.004 |   1.247 | 
     | U1074               | A2 v -> ZN ^ | AOI22_X1  | 0.150 | n845                     |            |   4.881 | 0.206 |   1.453 | 
     | U1073               |              | INV_X1    | 0.150 | n845                     |       SPEF |   4.881 | 0.000 |   1.454 | 
     | U1073               | A ^ -> ZN v  | INV_X1    | 0.040 | mix[32]                  |            |   4.063 | 0.063 |   1.517 | 
     | C33618              |              | XOR2_X1   | 0.040 | mix[32]                  |       SPEF |   4.063 | 0.000 |   1.517 | 
     | C33618              | A v -> Z v   | XOR2_X1   | 0.035 | N10548                   |            |   1.947 | 0.189 |   1.706 | 
     | U1322               |              | AOI22_X1  | 0.035 | N10548                   |       SPEF |   1.947 | 0.000 |   1.706 | 
     | U1322               | A1 v -> ZN ^ | AOI22_X1  | 0.411 | n974                     |            |  19.553 | 0.469 |   2.175 | 
     | FE_OFC704_n974      |              | BUF_X2    | 0.411 | n974                     |       SPEF |  19.553 | 0.004 |   2.179 | 
     | FE_OFC704_n974      | A ^ -> Z ^   | BUF_X2    | 0.278 | FE_OFN200_n974           |            |  65.030 | 0.395 |   2.574 | 
     | FE_OFC707_n974      |              | INV_X2    | 0.278 | FE_OFN200_n974           |       SPEF |  65.030 | 0.015 |   2.589 | 
     | FE_OFC707_n974      | A ^ -> ZN v  | INV_X2    | 0.105 | cipher[32]               |            |  52.297 | 0.205 |   2.794 | 
     | C15453              |              | AND2_X1   | 0.105 | cipher[32]               |       SPEF |  52.297 | 0.002 |   2.797 | 
     | C15453              | A2 v -> ZN v | AND2_X1   | 0.017 | N23608                   |            |   0.970 | 0.150 |   2.947 | 
     | C15454              |              | OR2_X1    | 0.017 | N23608                   |       SPEF |   0.970 | 0.000 |   2.947 | 
     | C15454              | A2 v -> ZN v | OR2_X1    | 0.043 | N23609                   |            |   6.856 | 0.214 |   3.161 | 
     | C15569              |              | AND2_X1   | 0.043 | N23609                   |       SPEF |   6.856 | 0.000 |   3.161 | 
     | C15569              | A2 v -> ZN v | AND2_X1   | 0.016 | N23722                   |            |   0.880 | 0.111 |   3.272 | 
     | C15571              |              | OR2_X1    | 0.016 | N23722                   |       SPEF |   0.880 | 0.000 |   3.272 | 
     | C15571              | A1 v -> ZN v | OR2_X1    | 0.029 | N23724                   |            |   1.089 | 0.160 |   3.432 | 
     | C15573              |              | AND2_X1   | 0.029 | N23724                   |       SPEF |   1.089 | 0.000 |   3.432 | 
     | C15573              | A2 v -> ZN v | AND2_X1   | 0.017 | N23726                   |            |   0.988 | 0.104 |   3.536 | 
     | C15574              |              | OR2_X1    | 0.017 | N23726                   |       SPEF |   0.988 | 0.000 |   3.536 | 
     | C15574              | A2 v -> ZN v | OR2_X1    | 0.029 | N23727                   |            |   1.128 | 0.178 |   3.715 | 
     | C15576              |              | AND2_X1   | 0.029 | N23727                   |       SPEF |   1.128 | 0.000 |   3.715 | 
     | C15576              | A2 v -> ZN v | AND2_X1   | 0.019 | N23729                   |            |   1.185 | 0.105 |   3.820 | 
     | C15577              |              | OR2_X1    | 0.019 | N23729                   |       SPEF |   1.185 | 0.000 |   3.820 | 
     | C15577              | A2 v -> ZN v | OR2_X1    | 0.031 | N23730                   |            |   1.609 | 0.184 |   4.003 | 
     | C15579              |              | AND2_X1   | 0.031 | N23730                   |       SPEF |   1.609 | 0.000 |   4.004 | 
     | C15579              | A2 v -> ZN v | AND2_X1   | 0.016 | N23732                   |            |   0.998 | 0.105 |   4.108 | 
     | C15580              |              | OR2_X1    | 0.016 | N23732                   |       SPEF |   0.998 | 0.000 |   4.108 | 
     | C15580              | A2 v -> ZN v | OR2_X1    | 0.031 | N23733                   |            |   1.700 | 0.183 |   4.292 | 
     | U292                |              | AOI222_X1 | 0.031 | N23733                   |       SPEF |   1.700 | 0.000 |   4.292 | 
     | U292                | C1 v -> ZN ^ | AOI222_X1 | 0.251 | n210                     |            |   4.074 | 0.409 |   4.701 | 
     | U291                |              | NAND2_X1  | 0.251 | n210                     |       SPEF |   4.074 | 0.000 |   4.701 | 
     | U291                | A2 ^ -> ZN v | NAND2_X1  | 0.042 | n579                     |            |   1.199 | 0.077 |   4.778 | 
     | sub_reg[35]         |              | DFF_X1    | 0.042 | n579                     |       SPEF |   1.199 | 0.000 |   4.778 | 
     +----------------------------------------------------------------------------------------------------------------------------+ 
Path 2: MET Setup Check with Pin sub_reg[54]/CK 
Endpoint:   sub_reg[54]/D         (v) checked with  leading edge of 'CLK'
Beginpoint: roundCounter_reg[2]/Q (^) triggered by  leading edge of 'CLK'
Path Groups: {CLK}
Analysis View: aes_av
Other End Arrival Time          0.000
- Setup                         0.171
+ Phase Shift                   5.000
= Required Time                 4.829
- Arrival Time                  4.745
= Slack Time                    0.084
     Clock Rise Edge                 0.000
     + Clock Network Latency (Ideal) 0.000
     = Beginpoint Arrival Time       0.000
     +----------------------------------------------------------------------------------------------------------------------------+ 
     |      Instance       |     Arc      |   Cell    |  Slew |           Net            |    Arc     |  Load   | Delay | Arrival | 
     |                     |              |           |       |                          | Annotation |         |       |  Time   | 
     |---------------------+--------------+-----------+-------+--------------------------+------------+---------+-------+---------| 
     | roundCounter_reg[2] | CK ^         |           | 0.000 | clock                    |            | 403.885 |       |   0.000 | 
     | roundCounter_reg[2] | CK ^ -> Q ^  | DFF_X1    | 0.182 | roundCounter[2]          |            |  21.290 | 0.451 |   0.451 | 
     | FE_RC_1_0           |              | OR2_X2    | 0.182 | roundCounter[2]          |       SPEF |  21.290 | 0.001 |   0.452 | 
     | FE_RC_1_0           | A1 ^ -> ZN ^ | OR2_X2    | 0.029 | FE_RN_0_0                |            |   3.924 | 0.118 |   0.570 | 
     | FE_RC_0_0           |              | OR2_X4    | 0.029 | FE_RN_0_0                |       SPEF |   3.924 | 0.000 |   0.570 | 
     | FE_RC_0_0           | A1 ^ -> ZN ^ | OR2_X4    | 0.286 | N11079                   |            | 131.112 | 0.316 |   0.886 | 
     | FE_OFC389_N11079    |              | INV_X2    | 0.287 | N11079                   |       SPEF | 131.112 | 0.031 |   0.917 | 
     | FE_OFC389_N11079    | A ^ -> ZN v  | INV_X2    | 0.095 | FE_OFN78_FE_DBTN0_N11079 |            |  36.253 | 0.173 |   1.090 | 
     | FE_OFC390_N11079    |              | BUF_X8    | 0.095 | FE_OFN78_FE_DBTN0_N11079 |       SPEF |  36.253 | 0.003 |   1.093 | 
     | FE_OFC390_N11079    | A v -> Z v   | BUF_X8    | 0.040 | FE_OFN385_N11079         |            | 111.929 | 0.151 |   1.243 | 
     | U1038               |              | AOI22_X1  | 0.044 | FE_OFN385_N11079         |       SPEF | 111.929 | 0.009 |   1.252 | 
     | U1038               | B2 v -> ZN ^ | AOI22_X1  | 0.105 | n827                     |            |   2.378 | 0.196 |   1.448 | 
     | FE_OFC797_n827      |              | INV_X1    | 0.105 | n827                     |       SPEF |   2.378 | 0.000 |   1.448 | 
     | FE_OFC797_n827      | A ^ -> ZN v  | INV_X1    | 0.031 | mix[49]                  |            |   4.310 | 0.057 |   1.505 | 
     | C33601              |              | XOR2_X1   | 0.031 | mix[49]                  |       SPEF |   4.310 | 0.001 |   1.506 | 
     | C33601              | A v -> Z v   | XOR2_X1   | 0.034 | N10531                   |            |   1.902 | 0.184 |   1.690 | 
     | U1288               |              | AOI22_X1  | 0.034 | N10531                   |       SPEF |   1.902 | 0.000 |   1.690 | 
     | U1288               | A1 v -> ZN ^ | AOI22_X1  | 0.377 | n956                     |            |  17.591 | 0.433 |   2.123 | 
     | FE_OFC631_n956      |              | INV_X1    | 0.377 | n956                     |       SPEF |  17.591 | 0.002 |   2.125 | 
     | FE_OFC631_n956      | A ^ -> ZN v  | INV_X1    | 0.083 | FE_OFN171_n956           |            |   5.117 | 0.091 |   2.216 | 
     | FE_OFC633_n956      |              | INV_X2    | 0.083 | FE_OFN171_n956           |       SPEF |   5.117 | 0.000 |   2.216 | 
     | FE_OFC633_n956      | A v -> ZN ^  | INV_X2    | 0.244 | FE_OFN345_cipher_49      |            |  57.340 | 0.305 |   2.521 | 
     | FE_OFC636_n956      |              | INV_X2    | 0.245 | FE_OFN345_cipher_49      |       SPEF |  57.340 | 0.012 |   2.533 | 
     | FE_OFC636_n956      | A ^ -> ZN v  | INV_X2    | 0.100 | FE_OFN477_n956           |            |  54.222 | 0.194 |   2.727 | 
     | C19098              |              | AND2_X1   | 0.100 | FE_OFN477_n956           |       SPEF |  54.222 | 0.009 |   2.736 | 
     | C19098              | A1 v -> ZN v | AND2_X1   | 0.017 | N27135                   |            |   0.993 | 0.138 |   2.875 | 
     | C19099              |              | OR2_X1    | 0.017 | N27135                   |       SPEF |   0.993 | 0.000 |   2.875 | 
     | C19099              | A2 v -> ZN v | OR2_X1    | 0.053 | N27136                   |            |  11.976 | 0.236 |   3.110 | 
     | C19206              |              | AND2_X1   | 0.053 | N27136                   |       SPEF |  11.976 | 0.001 |   3.111 | 
     | C19206              | A2 v -> ZN v | AND2_X1   | 0.016 | N27242                   |            |   0.986 | 0.118 |   3.229 | 
     | C19207              |              | OR2_X1    | 0.016 | N27242                   |       SPEF |   0.986 | 0.000 |   3.229 | 
     | C19207              | A2 v -> ZN v | OR2_X1    | 0.030 | N27243                   |            |   1.237 | 0.179 |   3.408 | 
     | C19209              |              | AND2_X1   | 0.030 | N27243                   |       SPEF |   1.237 | 0.000 |   3.408 | 
     | C19209              | A2 v -> ZN v | AND2_X1   | 0.017 | N27245                   |            |   1.107 | 0.105 |   3.513 | 
     | C19210              |              | OR2_X1    | 0.017 | N27245                   |       SPEF |   1.107 | 0.000 |   3.513 | 
     | C19210              | A2 v -> ZN v | OR2_X1    | 0.030 | N27246                   |            |   1.320 | 0.180 |   3.693 | 
     | C19212              |              | AND2_X1   | 0.030 | N27246                   |       SPEF |   1.320 | 0.000 |   3.693 | 
     | C19212              | A2 v -> ZN v | AND2_X1   | 0.020 | N27248                   |            |   1.773 | 0.109 |   3.802 | 
     | C19213              |              | OR2_X1    | 0.020 | N27248                   |       SPEF |   1.773 | 0.000 |   3.802 | 
     | C19213              | A2 v -> ZN v | OR2_X1    | 0.029 | N27249                   |            |   1.011 | 0.179 |   3.981 | 
     | C19235              |              | AND2_X1   | 0.029 | N27249                   |       SPEF |   1.011 | 0.000 |   3.981 | 
     | C19235              | A2 v -> ZN v | AND2_X1   | 0.018 | N27270                   |            |   1.381 | 0.106 |   4.087 | 
     | C19237              |              | OR2_X1    | 0.018 | N27270                   |       SPEF |   1.381 | 0.000 |   4.087 | 
     | C19237              | A1 v -> ZN v | OR2_X1    | 0.031 | N27272                   |            |   1.663 | 0.166 |   4.253 | 
     | U349                |              | AOI222_X1 | 0.031 | N27272                   |       SPEF |   1.663 | 0.000 |   4.253 | 
     | U349                | C1 v -> ZN ^ | AOI222_X1 | 0.252 | n296                     |            |   4.108 | 0.410 |   4.663 | 
     | U348                |              | NAND2_X1  | 0.252 | n296                     |       SPEF |   4.108 | 0.000 |   4.663 | 
     | U348                | A2 ^ -> ZN v | NAND2_X1  | 0.043 | n598                     |            |   1.446 | 0.081 |   4.745 | 
     | sub_reg[54]         |              | DFF_X1    | 0.043 | n598                     |       SPEF |   1.446 | 0.000 |   4.745 | 
     +----------------------------------------------------------------------------------------------------------------------------+ 
Path 3: MET Setup Check with Pin sub_reg[53]/CK 
Endpoint:   sub_reg[53]/D         (v) checked with  leading edge of 'CLK'
Beginpoint: roundCounter_reg[2]/Q (^) triggered by  leading edge of 'CLK'
Path Groups: {CLK}
Analysis View: aes_av
Other End Arrival Time          0.000
- Setup                         0.170
+ Phase Shift                   5.000
= Required Time                 4.830
- Arrival Time                  4.743
= Slack Time                    0.088
     Clock Rise Edge                 0.000
     + Clock Network Latency (Ideal) 0.000
     = Beginpoint Arrival Time       0.000
     +----------------------------------------------------------------------------------------------------------------------------+ 
     |      Instance       |     Arc      |   Cell    |  Slew |           Net            |    Arc     |  Load   | Delay | Arrival | 
     |                     |              |           |       |                          | Annotation |         |       |  Time   | 
     |---------------------+--------------+-----------+-------+--------------------------+------------+---------+-------+---------| 
     | roundCounter_reg[2] | CK ^         |           | 0.000 | clock                    |            | 403.885 |       |   0.000 | 
     | roundCounter_reg[2] | CK ^ -> Q ^  | DFF_X1    | 0.182 | roundCounter[2]          |            |  21.290 | 0.451 |   0.451 | 
     | FE_RC_1_0           |              | OR2_X2    | 0.182 | roundCounter[2]          |       SPEF |  21.290 | 0.001 |   0.452 | 
     | FE_RC_1_0           | A1 ^ -> ZN ^ | OR2_X2    | 0.029 | FE_RN_0_0                |            |   3.924 | 0.118 |   0.570 | 
     | FE_RC_0_0           |              | OR2_X4    | 0.029 | FE_RN_0_0                |       SPEF |   3.924 | 0.000 |   0.570 | 
     | FE_RC_0_0           | A1 ^ -> ZN ^ | OR2_X4    | 0.286 | N11079                   |            | 131.112 | 0.316 |   0.886 | 
     | FE_OFC389_N11079    |              | INV_X2    | 0.287 | N11079                   |       SPEF | 131.112 | 0.031 |   0.917 | 
     | FE_OFC389_N11079    | A ^ -> ZN v  | INV_X2    | 0.095 | FE_OFN78_FE_DBTN0_N11079 |            |  36.253 | 0.173 |   1.090 | 
     | FE_OFC390_N11079    |              | BUF_X8    | 0.095 | FE_OFN78_FE_DBTN0_N11079 |       SPEF |  36.253 | 0.003 |   1.093 | 
     | FE_OFC390_N11079    | A v -> Z v   | BUF_X8    | 0.040 | FE_OFN385_N11079         |            | 111.929 | 0.151 |   1.243 | 
     | U1038               |              | AOI22_X1  | 0.044 | FE_OFN385_N11079         |       SPEF | 111.929 | 0.009 |   1.252 | 
     | U1038               | B2 v -> ZN ^ | AOI22_X1  | 0.105 | n827                     |            |   2.378 | 0.196 |   1.448 | 
     | FE_OFC797_n827      |              | INV_X1    | 0.105 | n827                     |       SPEF |   2.378 | 0.000 |   1.448 | 
     | FE_OFC797_n827      | A ^ -> ZN v  | INV_X1    | 0.031 | mix[49]                  |            |   4.310 | 0.057 |   1.505 | 
     | C33601              |              | XOR2_X1   | 0.031 | mix[49]                  |       SPEF |   4.310 | 0.001 |   1.506 | 
     | C33601              | A v -> Z v   | XOR2_X1   | 0.034 | N10531                   |            |   1.902 | 0.184 |   1.690 | 
     | U1288               |              | AOI22_X1  | 0.034 | N10531                   |       SPEF |   1.902 | 0.000 |   1.690 | 
     | U1288               | A1 v -> ZN ^ | AOI22_X1  | 0.377 | n956                     |            |  17.591 | 0.433 |   2.123 | 
     | FE_OFC631_n956      |              | INV_X1    | 0.377 | n956                     |       SPEF |  17.591 | 0.002 |   2.125 | 
     | FE_OFC631_n956      | A ^ -> ZN v  | INV_X1    | 0.083 | FE_OFN171_n956           |            |   5.117 | 0.091 |   2.216 | 
     | FE_OFC633_n956      |              | INV_X2    | 0.083 | FE_OFN171_n956           |       SPEF |   5.117 | 0.000 |   2.216 | 
     | FE_OFC633_n956      | A v -> ZN ^  | INV_X2    | 0.244 | FE_OFN345_cipher_49      |            |  57.340 | 0.305 |   2.521 | 
     | FE_OFC635_n956      |              | INV_X2    | 0.245 | FE_OFN345_cipher_49      |       SPEF |  57.340 | 0.012 |   2.533 | 
     | FE_OFC635_n956      | A ^ -> ZN v  | INV_X2    | 0.109 | cipher[49]               |            |  66.277 | 0.212 |   2.745 | 
     | C18906              |              | AND2_X1   | 0.110 | cipher[49]               |       SPEF |  66.277 | 0.015 |   2.760 | 
     | C18906              | A1 v -> ZN v | AND2_X1   | 0.017 | N26952                   |            |   1.008 | 0.144 |   2.904 | 
     | C18907              |              | OR2_X1    | 0.017 | N26952                   |       SPEF |   1.008 | 0.000 |   2.904 | 
     | C18907              | A2 v -> ZN v | OR2_X1    | 0.045 | N26953                   |            |   8.182 | 0.220 |   3.123 | 
     | C19035              |              | AND2_X1   | 0.045 | N26953                   |       SPEF |   8.182 | 0.001 |   3.124 | 
     | C19035              | A2 v -> ZN v | AND2_X1   | 0.017 | N27077                   |            |   1.020 | 0.114 |   3.238 | 
     | C19036              |              | OR2_X1    | 0.017 | N27077                   |       SPEF |   1.020 | 0.000 |   3.238 | 
     | C19036              | A2 v -> ZN v | OR2_X1    | 0.029 | N27078                   |            |   1.059 | 0.178 |   3.415 | 
     | C19038              |              | AND2_X1   | 0.029 | N27078                   |       SPEF |   1.059 | 0.000 |   3.415 | 
     | C19038              | A2 v -> ZN v | AND2_X1   | 0.017 | N27080                   |            |   1.098 | 0.104 |   3.520 | 
     | C19039              |              | OR2_X1    | 0.017 | N27080                   |       SPEF |   1.098 | 0.000 |   3.520 | 
     | C19039              | A2 v -> ZN v | OR2_X1    | 0.030 | N27081                   |            |   1.345 | 0.180 |   3.700 | 
     | C19041              |              | AND2_X1   | 0.030 | N27081                   |       SPEF |   1.345 | 0.000 |   3.700 | 
     | C19041              | A2 v -> ZN v | AND2_X1   | 0.018 | N27083                   |            |   1.046 | 0.105 |   3.805 | 
     | C19042              |              | OR2_X1    | 0.018 | N27083                   |       SPEF |   1.046 | 0.000 |   3.805 | 
     | C19042              | A2 v -> ZN v | OR2_X1    | 0.029 | N27084                   |            |   1.153 | 0.179 |   3.984 | 
     | C19044              |              | AND2_X1   | 0.029 | N27084                   |       SPEF |   1.153 | 0.000 |   3.984 | 
     | C19044              | A2 v -> ZN v | AND2_X1   | 0.017 | N27086                   |            |   1.008 | 0.104 |   4.088 | 
     | C19045              |              | OR2_X1    | 0.017 | N27086                   |       SPEF |   1.008 | 0.000 |   4.088 | 
     | C19045              | A2 v -> ZN v | OR2_X1    | 0.031 | N27087                   |            |   1.800 | 0.184 |   4.272 | 
     | U445                |              | AOI222_X1 | 0.031 | N27087                   |       SPEF |   1.800 | 0.000 |   4.272 | 
     | U445                | C1 v -> ZN ^ | AOI222_X1 | 0.237 | n372                     |            |   3.591 | 0.393 |   4.666 | 
     | U444                |              | NAND2_X1  | 0.237 | n372                     |       SPEF |   3.591 | 0.000 |   4.666 | 
     | U444                | A2 ^ -> ZN v | NAND2_X1  | 0.040 | n630                     |            |   1.234 | 0.077 |   4.743 | 
     | sub_reg[53]         |              | DFF_X1    | 0.040 | n630                     |       SPEF |   1.234 | 0.000 |   4.743 | 
     +----------------------------------------------------------------------------------------------------------------------------+ 
Path 4: MET Setup Check with Pin sub_reg[36]/CK 
Endpoint:   sub_reg[36]/D         (v) checked with  leading edge of 'CLK'
Beginpoint: roundCounter_reg[2]/Q (^) triggered by  leading edge of 'CLK'
Path Groups: {CLK}
Analysis View: aes_av
Other End Arrival Time          0.000
- Setup                         0.167
+ Phase Shift                   5.000
= Required Time                 4.833
- Arrival Time                  4.729
= Slack Time                    0.104
     Clock Rise Edge                 0.000
     + Clock Network Latency (Ideal) 0.000
     = Beginpoint Arrival Time       0.000
     +----------------------------------------------------------------------------------------------------------------------------+ 
     |      Instance       |     Arc      |   Cell    |  Slew |           Net            |    Arc     |  Load   | Delay | Arrival | 
     |                     |              |           |       |                          | Annotation |         |       |  Time   | 
     |---------------------+--------------+-----------+-------+--------------------------+------------+---------+-------+---------| 
     | roundCounter_reg[2] | CK ^         |           | 0.000 | clock                    |            | 403.885 |       |   0.000 | 
     | roundCounter_reg[2] | CK ^ -> Q ^  | DFF_X1    | 0.182 | roundCounter[2]          |            |  21.290 | 0.451 |   0.451 | 
     | FE_RC_1_0           |              | OR2_X2    | 0.182 | roundCounter[2]          |       SPEF |  21.290 | 0.001 |   0.452 | 
     | FE_RC_1_0           | A1 ^ -> ZN ^ | OR2_X2    | 0.029 | FE_RN_0_0                |            |   3.924 | 0.118 |   0.570 | 
     | FE_RC_0_0           |              | OR2_X4    | 0.029 | FE_RN_0_0                |       SPEF |   3.924 | 0.000 |   0.570 | 
     | FE_RC_0_0           | A1 ^ -> ZN ^ | OR2_X4    | 0.286 | N11079                   |            | 131.112 | 0.316 |   0.886 | 
     | FE_OFC389_N11079    |              | INV_X2    | 0.287 | N11079                   |       SPEF | 131.112 | 0.031 |   0.917 | 
     | FE_OFC389_N11079    | A ^ -> ZN v  | INV_X2    | 0.095 | FE_OFN78_FE_DBTN0_N11079 |            |  36.253 | 0.173 |   1.090 | 
     | FE_OFC390_N11079    |              | BUF_X8    | 0.095 | FE_OFN78_FE_DBTN0_N11079 |       SPEF |  36.253 | 0.003 |   1.093 | 
     | FE_OFC390_N11079    | A v -> Z v   | BUF_X8    | 0.040 | FE_OFN385_N11079         |            | 111.929 | 0.151 |   1.243 | 
     | U1074               |              | AOI22_X1  | 0.042 | FE_OFN385_N11079         |       SPEF | 111.929 | 0.004 |   1.247 | 
     | U1074               | A2 v -> ZN ^ | AOI22_X1  | 0.150 | n845                     |            |   4.881 | 0.206 |   1.453 | 
     | U1073               |              | INV_X1    | 0.150 | n845                     |       SPEF |   4.881 | 0.000 |   1.454 | 
     | U1073               | A ^ -> ZN v  | INV_X1    | 0.040 | mix[32]                  |            |   4.063 | 0.063 |   1.517 | 
     | C33618              |              | XOR2_X1   | 0.040 | mix[32]                  |       SPEF |   4.063 | 0.000 |   1.517 | 
     | C33618              | A v -> Z v   | XOR2_X1   | 0.035 | N10548                   |            |   1.947 | 0.189 |   1.706 | 
     | U1322               |              | AOI22_X1  | 0.035 | N10548                   |       SPEF |   1.947 | 0.000 |   1.706 | 
     | U1322               | A1 v -> ZN ^ | AOI22_X1  | 0.411 | n974                     |            |  19.553 | 0.469 |   2.175 | 
     | FE_OFC704_n974      |              | BUF_X2    | 0.411 | n974                     |       SPEF |  19.553 | 0.004 |   2.179 | 
     | FE_OFC704_n974      | A ^ -> Z ^   | BUF_X2    | 0.278 | FE_OFN200_n974           |            |  65.030 | 0.395 |   2.574 | 
     | FE_OFC707_n974      |              | INV_X2    | 0.278 | FE_OFN200_n974           |       SPEF |  65.030 | 0.015 |   2.589 | 
     | FE_OFC707_n974      | A ^ -> ZN v  | INV_X2    | 0.105 | cipher[32]               |            |  52.297 | 0.205 |   2.794 | 
     | C15636              |              | AND2_X1   | 0.105 | cipher[32]               |       SPEF |  52.297 | 0.005 |   2.799 | 
     | C15636              | A2 v -> ZN v | AND2_X1   | 0.017 | N23786                   |            |   1.018 | 0.151 |   2.950 | 
     | C15637              |              | OR2_X1    | 0.017 | N23786                   |       SPEF |   1.018 | 0.000 |   2.950 | 
     | C15637              | A2 v -> ZN v | OR2_X1    | 0.043 | N23787                   |            |   7.149 | 0.215 |   3.165 | 
     | C15756              |              | AND2_X1   | 0.043 | N23787                   |       SPEF |   7.149 | 0.000 |   3.165 | 
     | C15756              | A2 v -> ZN v | AND2_X1   | 0.019 | N23903                   |            |   1.154 | 0.113 |   3.279 | 
     | C15757              |              | OR2_X1    | 0.019 | N23903                   |       SPEF |   1.154 | 0.000 |   3.279 | 
     | C15757              | A2 v -> ZN v | OR2_X1    | 0.029 | N23904                   |            |   1.191 | 0.180 |   3.458 | 
     | C15759              |              | AND2_X1   | 0.029 | N23904                   |       SPEF |   1.191 | 0.000 |   3.458 | 
     | C15759              | A2 v -> ZN v | AND2_X1   | 0.017 | N23906                   |            |   1.002 | 0.104 |   3.562 | 
     | C15760              |              | OR2_X1    | 0.017 | N23906                   |       SPEF |   1.002 | 0.000 |   3.562 | 
     | C15760              | A2 v -> ZN v | OR2_X1    | 0.030 | N23907                   |            |   1.371 | 0.181 |   3.743 | 
     | C15770              |              | AND2_X1   | 0.030 | N23907                   |       SPEF |   1.371 | 0.000 |   3.743 | 
     | C15770              | A2 v -> ZN v | AND2_X1   | 0.016 | N23917                   |            |   0.957 | 0.104 |   3.847 | 
     | C15772              |              | OR2_X1    | 0.016 | N23917                   |       SPEF |   0.957 | 0.000 |   3.847 | 
     | C15772              | A1 v -> ZN v | OR2_X1    | 0.029 | N23919                   |            |   1.189 | 0.161 |   4.008 | 
     | C15774              |              | AND2_X1   | 0.029 | N23919                   |       SPEF |   1.189 | 0.000 |   4.008 | 
     | C15774              | A2 v -> ZN v | AND2_X1   | 0.017 | N23921                   |            |   1.013 | 0.104 |   4.112 | 
     | C15775              |              | OR2_X1    | 0.017 | N23921                   |       SPEF |   1.013 | 0.000 |   4.112 | 
     | C15775              | A2 v -> ZN v | OR2_X1    | 0.034 | N23922                   |            |   2.701 | 0.191 |   4.303 | 
     | U481                |              | AOI222_X1 | 0.034 | N23922                   |       SPEF |   2.701 | 0.000 |   4.303 | 
     | U481                | C1 v -> ZN ^ | AOI222_X1 | 0.200 | n396                     |            |   2.294 | 0.353 |   4.656 | 
     | U480                |              | NAND2_X1  | 0.200 | n396                     |       SPEF |   2.294 | 0.000 |   4.656 | 
     | U480                | A2 ^ -> ZN v | NAND2_X1  | 0.035 | n642                     |            |   1.175 | 0.073 |   4.729 | 
     | sub_reg[36]         |              | DFF_X1    | 0.035 | n642                     |       SPEF |   1.175 | 0.000 |   4.729 | 
     +----------------------------------------------------------------------------------------------------------------------------+ 
Path 5: MET Setup Check with Pin sub_reg[99]/CK 
Endpoint:   sub_reg[99]/D         (v) checked with  leading edge of 'CLK'
Beginpoint: roundCounter_reg[5]/Q (v) triggered by  leading edge of 'CLK'
Path Groups: {CLK}
Analysis View: aes_av
Other End Arrival Time          0.000
- Setup                         0.168
+ Phase Shift                   5.000
= Required Time                 4.832
- Arrival Time                  4.725
= Slack Time                    0.107
     Clock Rise Edge                 0.000
     + Clock Network Latency (Ideal) 0.000
     = Beginpoint Arrival Time       0.000
     +-----------------------------------------------------------------------------------------------------------------------+ 
     |      Instance       |     Arc      |   Cell    |  Slew |         Net         |    Arc     |  Load   | Delay | Arrival | 
     |                     |              |           |       |                     | Annotation |         |       |  Time   | 
     |---------------------+--------------+-----------+-------+---------------------+------------+---------+-------+---------| 
     | roundCounter_reg[5] | CK ^         |           | 0.000 | clock               |            | 403.885 |       |   0.000 | 
     | roundCounter_reg[5] | CK ^ -> Q v  | DFF_X1    | 0.040 | roundCounter[5]     |            |  12.965 | 0.278 |   0.278 | 
     | C768                |              | OR2_X1    | 0.040 | roundCounter[5]     |       SPEF |  12.965 | 0.000 |   0.278 | 
     | C768                | A2 v -> ZN v | OR2_X1    | 0.029 | N10319              |            |   1.001 | 0.190 |   0.468 | 
     | C769                |              | OR2_X1    | 0.029 | N10319              |       SPEF |   1.001 | 0.000 |   0.468 | 
     | C769                | A2 v -> ZN v | OR2_X1    | 0.030 | N10320              |            |   1.281 | 0.186 |   0.654 | 
     | C770                |              | OR2_X1    | 0.030 | N10320              |       SPEF |   1.281 | 0.000 |   0.654 | 
     | C770                | A2 v -> ZN v | OR2_X1    | 0.029 | N10321              |            |   1.037 | 0.184 |   0.838 | 
     | C771                |              | OR2_X1    | 0.029 | N10321              |       SPEF |   1.037 | 0.000 |   0.838 | 
     | C771                | A2 v -> ZN v | OR2_X1    | 0.031 | N10322              |            |   1.818 | 0.191 |   1.029 | 
     | C772                |              | OR2_X2    | 0.031 | N10322              |       SPEF |   1.818 | 0.000 |   1.029 | 
     | C772                | A2 v -> ZN v | OR2_X2    | 0.042 | N10323              |            |  15.051 | 0.212 |   1.241 | 
     | I_7                 |              | INV_X4    | 0.042 | N10323              |       SPEF |  15.051 | 0.000 |   1.242 | 
     | I_7                 | A v -> ZN ^  | INV_X4    | 0.271 | N10324              |            | 126.708 | 0.303 |   1.544 | 
     | FE_OFC82_N10324     |              | CLKBUF_X3 | 0.271 | N10324              |       SPEF | 126.708 | 0.014 |   1.559 | 
     | FE_OFC82_N10324     | A ^ -> Z ^   | CLKBUF_X3 | 0.319 | FE_OFN82_N10324     |            | 113.173 | 0.486 |   2.045 | 
     | U1189               |              | AOI22_X1  | 0.319 | FE_OFN82_N10324     |       SPEF | 113.173 | 0.013 |   2.058 | 
     | U1189               | B2 ^ -> ZN v | AOI22_X1  | 0.101 | n903                |            |  12.765 | 0.226 |   2.283 | 
     | FE_OFC514_n903      |              | BUF_X2    | 0.101 | n903                |       SPEF |  12.765 | 0.002 |   2.285 | 
     | FE_OFC514_n903      | A v -> Z v   | BUF_X2    | 0.043 | FE_OFN92_n903       |            |  30.750 | 0.174 |   2.459 | 
     | FE_OFC517_n903      |              | INV_X1    | 0.043 | FE_OFN92_n903       |       SPEF |  30.750 | 0.006 |   2.465 | 
     | FE_OFC517_n903      | A v -> ZN ^  | INV_X1    | 0.156 | FE_OFN305_cipher_97 |            |  18.216 | 0.195 |   2.659 | 
     | FE_OFC518_n903      |              | INV_X1    | 0.156 | FE_OFN305_cipher_97 |       SPEF |  18.216 | 0.000 |   2.660 | 
     | FE_OFC518_n903      | A ^ -> ZN v  | INV_X1    | 0.079 | FE_OFN431_n903      |            |  30.663 | 0.169 |   2.829 | 
     | C27772              |              | AND2_X1   | 0.079 | FE_OFN431_n903      |       SPEF |  30.663 | 0.003 |   2.831 | 
     | C27772              | A1 v -> ZN v | AND2_X1   | 0.016 | N35535              |            |   0.916 | 0.125 |   2.957 | 
     | C27774              |              | OR2_X1    | 0.016 | N35535              |       SPEF |   0.916 | 0.000 |   2.957 | 
     | C27774              | A1 v -> ZN v | OR2_X1    | 0.045 | N35537              |            |   7.923 | 0.201 |   3.157 | 
     | C27889              |              | AND2_X1   | 0.045 | N35537              |       SPEF |   7.923 | 0.000 |   3.158 | 
     | C27889              | A2 v -> ZN v | AND2_X1   | 0.016 | N35650              |            |   1.000 | 0.113 |   3.271 | 
     | C27891              |              | OR2_X1    | 0.016 | N35650              |       SPEF |   1.000 | 0.000 |   3.271 | 
     | C27891              | A1 v -> ZN v | OR2_X1    | 0.029 | N35652              |            |   0.967 | 0.159 |   3.430 | 
     | C27893              |              | AND2_X1   | 0.029 | N35652              |       SPEF |   0.967 | 0.000 |   3.430 | 
     | C27893              | A2 v -> ZN v | AND2_X1   | 0.017 | N35654              |            |   1.069 | 0.104 |   3.534 | 
     | C27894              |              | OR2_X1    | 0.017 | N35654              |       SPEF |   1.069 | 0.000 |   3.534 | 
     | C27894              | A2 v -> ZN v | OR2_X1    | 0.030 | N35655              |            |   1.356 | 0.180 |   3.714 | 
     | C27896              |              | AND2_X1   | 0.030 | N35655              |       SPEF |   1.356 | 0.000 |   3.714 | 
     | C27896              | A2 v -> ZN v | AND2_X1   | 0.018 | N35657              |            |   0.985 | 0.104 |   3.819 | 
     | C27897              |              | OR2_X1    | 0.018 | N35657              |       SPEF |   0.985 | 0.000 |   3.819 | 
     | C27897              | A2 v -> ZN v | OR2_X1    | 0.029 | N35658              |            |   1.144 | 0.179 |   3.997 | 
     | C27899              |              | AND2_X1   | 0.029 | N35658              |       SPEF |   1.144 | 0.000 |   3.997 | 
     | C27899              | A2 v -> ZN v | AND2_X1   | 0.017 | N35660              |            |   1.172 | 0.105 |   4.102 | 
     | C27900              |              | OR2_X1    | 0.017 | N35660              |       SPEF |   1.172 | 0.000 |   4.102 | 
     | C27900              | A2 v -> ZN v | OR2_X1    | 0.032 | N35661              |            |   2.254 | 0.188 |   4.290 | 
     | U499                |              | AOI222_X1 | 0.032 | N35661              |       SPEF |   2.254 | 0.000 |   4.290 | 
     | U499                | C1 v -> ZN ^ | AOI222_X1 | 0.206 | n408                |            |   2.523 | 0.360 |   4.650 | 
     | U498                |              | NAND2_X1  | 0.206 | n408                |       SPEF |   2.523 | 0.000 |   4.650 | 
     | U498                | A2 ^ -> ZN v | NAND2_X1  | 0.036 | n648                |            |   1.301 | 0.075 |   4.725 | 
     | sub_reg[99]         |              | DFF_X1    | 0.036 | n648                |       SPEF |   1.301 | 0.000 |   4.725 | 
     +-----------------------------------------------------------------------------------------------------------------------+ 
Path 6: MET Setup Check with Pin sub_reg[6]/CK 
Endpoint:   sub_reg[6]/D          (v) checked with  leading edge of 'CLK'
Beginpoint: roundCounter_reg[2]/Q (^) triggered by  leading edge of 'CLK'
Path Groups: {CLK}
Analysis View: aes_av
Other End Arrival Time          0.000
- Setup                         0.166
+ Phase Shift                   5.000
= Required Time                 4.834
- Arrival Time                  4.720
= Slack Time                    0.113
     Clock Rise Edge                 0.000
     + Clock Network Latency (Ideal) 0.000
     = Beginpoint Arrival Time       0.000
     +----------------------------------------------------------------------------------------------------------------------------+ 
     |      Instance       |     Arc      |   Cell    |  Slew |           Net            |    Arc     |  Load   | Delay | Arrival | 
     |                     |              |           |       |                          | Annotation |         |       |  Time   | 
     |---------------------+--------------+-----------+-------+--------------------------+------------+---------+-------+---------| 
     | roundCounter_reg[2] | CK ^         |           | 0.000 | clock                    |            | 403.885 |       |   0.000 | 
     | roundCounter_reg[2] | CK ^ -> Q ^  | DFF_X1    | 0.182 | roundCounter[2]          |            |  21.290 | 0.451 |   0.451 | 
     | FE_RC_1_0           |              | OR2_X2    | 0.182 | roundCounter[2]          |       SPEF |  21.290 | 0.001 |   0.452 | 
     | FE_RC_1_0           | A1 ^ -> ZN ^ | OR2_X2    | 0.029 | FE_RN_0_0                |            |   3.924 | 0.118 |   0.570 | 
     | FE_RC_0_0           |              | OR2_X4    | 0.029 | FE_RN_0_0                |       SPEF |   3.924 | 0.000 |   0.570 | 
     | FE_RC_0_0           | A1 ^ -> ZN ^ | OR2_X4    | 0.286 | N11079                   |            | 131.112 | 0.316 |   0.886 | 
     | FE_OFC388_N11079    |              | INV_X2    | 0.287 | N11079                   |       SPEF | 131.112 | 0.032 |   0.917 | 
     | FE_OFC388_N11079    | A ^ -> ZN v  | INV_X2    | 0.108 | FE_OFN79_FE_DBTN0_N11079 |            |  52.415 | 0.209 |   1.126 | 
     | U1180               |              | AOI22_X1  | 0.108 | FE_OFN79_FE_DBTN0_N11079 |       SPEF |  52.415 | 0.001 |   1.127 | 
     | U1180               | A2 v -> ZN ^ | AOI22_X1  | 0.117 | n898                     |            |   3.037 | 0.204 |   1.331 | 
     | U1179               |              | INV_X1    | 0.117 | n898                     |       SPEF |   3.037 | 0.000 |   1.332 | 
     | U1179               | A ^ -> ZN v  | INV_X1    | 0.040 | mix[0]                   |            |   7.998 | 0.078 |   1.410 | 
     | C33650              |              | XOR2_X1   | 0.040 | mix[0]                   |       SPEF |   7.998 | 0.001 |   1.411 | 
     | C33650              | A v -> Z v   | XOR2_X1   | 0.033 | N10580                   |            |   1.828 | 0.188 |   1.599 | 
     | U1421               |              | AOI22_X1  | 0.033 | N10580                   |       SPEF |   1.828 | 0.000 |   1.599 | 
     | U1421               | A1 v -> ZN ^ | AOI22_X1  | 0.237 | n1027                    |            |   9.836 | 0.279 |   1.878 | 
     | FE_OFC281_n1027     |              | CLKBUF_X3 | 0.237 | n1027                    |       SPEF |   9.836 | 0.001 |   1.880 | 
     | FE_OFC281_n1027     | A ^ -> Z ^   | CLKBUF_X3 | 0.248 | FE_OFN281_n1027          |            |  87.325 | 0.405 |   2.284 | 
     | U2130               |              | INV_X2    | 0.248 | FE_OFN281_n1027          |       SPEF |  87.325 | 0.007 |   2.291 | 
     | U2130               | A ^ -> ZN v  | INV_X2    | 0.105 | cipher[0]                |            |  59.076 | 0.202 |   2.492 | 
     | FE_OFC384_cipher_0  |              | CLKBUF_X2 | 0.106 | cipher[0]                |       SPEF |  59.076 | 0.001 |   2.493 | 
     | FE_OFC384_cipher_0  | A v -> Z v   | CLKBUF_X2 | 0.143 | FE_OFN384_cipher_0       |            |  59.457 | 0.282 |   2.775 | 
     | C9858               |              | AND2_X1   | 0.143 | FE_OFN384_cipher_0       |       SPEF |  59.457 | 0.004 |   2.779 | 
     | C9858               | A2 v -> ZN v | AND2_X1   | 0.019 | N18189                   |            |   1.024 | 0.172 |   2.952 | 
     | C9859               |              | OR2_X1    | 0.019 | N18189                   |       SPEF |   1.024 | 0.000 |   2.952 | 
     | C9859               | A2 v -> ZN v | OR2_X1    | 0.051 | N18190                   |            |  10.696 | 0.231 |   3.183 | 
     | C9966               |              | AND2_X1   | 0.051 | N18190                   |       SPEF |  10.696 | 0.000 |   3.183 | 
     | C9966               | A2 v -> ZN v | AND2_X1   | 0.016 | N18296                   |            |   1.001 | 0.117 |   3.300 | 
     | C9967               |              | OR2_X1    | 0.016 | N18296                   |       SPEF |   1.001 | 0.000 |   3.300 | 
     | C9967               | A2 v -> ZN v | OR2_X1    | 0.029 | N18297                   |            |   0.995 | 0.177 |   3.477 | 
     | C9969               |              | AND2_X1   | 0.029 | N18297                   |       SPEF |   0.995 | 0.000 |   3.477 | 
     | C9969               | A2 v -> ZN v | AND2_X1   | 0.016 | N18299                   |            |   0.975 | 0.103 |   3.580 | 
     | C9970               |              | OR2_X1    | 0.016 | N18299                   |       SPEF |   0.975 | 0.000 |   3.580 | 
     | C9970               | A2 v -> ZN v | OR2_X1    | 0.029 | N18300                   |            |   1.102 | 0.178 |   3.758 | 
     | C9972               |              | AND2_X1   | 0.029 | N18300                   |       SPEF |   1.102 | 0.000 |   3.758 | 
     | C9972               | A2 v -> ZN v | AND2_X1   | 0.018 | N18302                   |            |   1.136 | 0.105 |   3.863 | 
     | C9973               |              | OR2_X1    | 0.018 | N18302                   |       SPEF |   1.136 | 0.000 |   3.863 | 
     | C9973               | A2 v -> ZN v | OR2_X1    | 0.029 | N18303                   |            |   1.044 | 0.178 |   4.041 | 
     | C9995               |              | AND2_X1   | 0.029 | N18303                   |       SPEF |   1.044 | 0.000 |   4.041 | 
     | C9995               | A2 v -> ZN v | AND2_X1   | 0.016 | N18324                   |            |   0.797 | 0.102 |   4.143 | 
     | C9997               |              | OR2_X1    | 0.016 | N18324                   |       SPEF |   0.797 | 0.000 |   4.143 | 
     | C9997               | A1 v -> ZN v | OR2_X1    | 0.031 | N18326                   |            |   1.663 | 0.165 |   4.308 | 
     | U403                |              | AOI222_X1 | 0.031 | N18326                   |       SPEF |   1.663 | 0.000 |   4.308 | 
     | U403                | C1 v -> ZN ^ | AOI222_X1 | 0.190 | n344                     |            |   1.945 | 0.340 |   4.649 | 
     | U402                |              | NAND2_X1  | 0.190 | n344                     |       SPEF |   1.945 | 0.000 |   4.649 | 
     | U402                | A2 ^ -> ZN v | NAND2_X1  | 0.034 | n616                     |            |   1.174 | 0.072 |   4.720 | 
     | sub_reg[6]          |              | DFF_X1    | 0.034 | n616                     |       SPEF |   1.174 | 0.000 |   4.720 | 
     +----------------------------------------------------------------------------------------------------------------------------+ 
Path 7: MET Setup Check with Pin sub_reg[38]/CK 
Endpoint:   sub_reg[38]/D         (v) checked with  leading edge of 'CLK'
Beginpoint: roundCounter_reg[2]/Q (^) triggered by  leading edge of 'CLK'
Path Groups: {CLK}
Analysis View: aes_av
Other End Arrival Time          0.000
- Setup                         0.166
+ Phase Shift                   5.000
= Required Time                 4.834
- Arrival Time                  4.716
= Slack Time                    0.117
     Clock Rise Edge                 0.000
     + Clock Network Latency (Ideal) 0.000
     = Beginpoint Arrival Time       0.000
     +----------------------------------------------------------------------------------------------------------------------------+ 
     |      Instance       |     Arc      |   Cell    |  Slew |           Net            |    Arc     |  Load   | Delay | Arrival | 
     |                     |              |           |       |                          | Annotation |         |       |  Time   | 
     |---------------------+--------------+-----------+-------+--------------------------+------------+---------+-------+---------| 
     | roundCounter_reg[2] | CK ^         |           | 0.000 | clock                    |            | 403.885 |       |   0.000 | 
     | roundCounter_reg[2] | CK ^ -> Q ^  | DFF_X1    | 0.182 | roundCounter[2]          |            |  21.290 | 0.451 |   0.451 | 
     | FE_RC_1_0           |              | OR2_X2    | 0.182 | roundCounter[2]          |       SPEF |  21.290 | 0.001 |   0.452 | 
     | FE_RC_1_0           | A1 ^ -> ZN ^ | OR2_X2    | 0.029 | FE_RN_0_0                |            |   3.924 | 0.118 |   0.570 | 
     | FE_RC_0_0           |              | OR2_X4    | 0.029 | FE_RN_0_0                |       SPEF |   3.924 | 0.000 |   0.570 | 
     | FE_RC_0_0           | A1 ^ -> ZN ^ | OR2_X4    | 0.286 | N11079                   |            | 131.112 | 0.316 |   0.886 | 
     | FE_OFC389_N11079    |              | INV_X2    | 0.287 | N11079                   |       SPEF | 131.112 | 0.031 |   0.917 | 
     | FE_OFC389_N11079    | A ^ -> ZN v  | INV_X2    | 0.095 | FE_OFN78_FE_DBTN0_N11079 |            |  36.253 | 0.173 |   1.090 | 
     | FE_OFC390_N11079    |              | BUF_X8    | 0.095 | FE_OFN78_FE_DBTN0_N11079 |       SPEF |  36.253 | 0.003 |   1.093 | 
     | FE_OFC390_N11079    | A v -> Z v   | BUF_X8    | 0.040 | FE_OFN385_N11079         |            | 111.929 | 0.151 |   1.243 | 
     | U1074               |              | AOI22_X1  | 0.042 | FE_OFN385_N11079         |       SPEF | 111.929 | 0.004 |   1.247 | 
     | U1074               | A2 v -> ZN ^ | AOI22_X1  | 0.150 | n845                     |            |   4.881 | 0.206 |   1.453 | 
     | U1073               |              | INV_X1    | 0.150 | n845                     |       SPEF |   4.881 | 0.000 |   1.454 | 
     | U1073               | A ^ -> ZN v  | INV_X1    | 0.040 | mix[32]                  |            |   4.063 | 0.063 |   1.517 | 
     | C33618              |              | XOR2_X1   | 0.040 | mix[32]                  |       SPEF |   4.063 | 0.000 |   1.517 | 
     | C33618              | A v -> Z v   | XOR2_X1   | 0.035 | N10548                   |            |   1.947 | 0.189 |   1.706 | 
     | U1322               |              | AOI22_X1  | 0.035 | N10548                   |       SPEF |   1.947 | 0.000 |   1.706 | 
     | U1322               | A1 v -> ZN ^ | AOI22_X1  | 0.411 | n974                     |            |  19.553 | 0.469 |   2.175 | 
     | FE_OFC704_n974      |              | BUF_X2    | 0.411 | n974                     |       SPEF |  19.553 | 0.004 |   2.179 | 
     | FE_OFC704_n974      | A ^ -> Z ^   | BUF_X2    | 0.278 | FE_OFN200_n974           |            |  65.030 | 0.395 |   2.574 | 
     | FE_OFC706_n974      |              | INV_X2    | 0.278 | FE_OFN200_n974           |       SPEF |  65.030 | 0.014 |   2.588 | 
     | FE_OFC706_n974      | A ^ -> ZN v  | INV_X2    | 0.102 | FE_OFN514_n974           |            |  46.878 | 0.193 |   2.782 | 
     | C16018              |              | AND2_X1   | 0.102 | FE_OFN514_n974           |       SPEF |  46.878 | 0.006 |   2.787 | 
     | C16018              | A2 v -> ZN v | AND2_X1   | 0.017 | N24153                   |            |   0.989 | 0.149 |   2.936 | 
     | C16019              |              | OR2_X1    | 0.017 | N24153                   |       SPEF |   0.989 | 0.000 |   2.936 | 
     | C16019              | A2 v -> ZN v | OR2_X1    | 0.052 | N24154                   |            |  11.662 | 0.234 |   3.170 | 
     | C16126              |              | AND2_X1   | 0.052 | N24154                   |       SPEF |  11.662 | 0.001 |   3.171 | 
     | C16126              | A2 v -> ZN v | AND2_X1   | 0.017 | N24260                   |            |   1.066 | 0.118 |   3.290 | 
     | C16127              |              | OR2_X1    | 0.017 | N24260                   |       SPEF |   1.066 | 0.000 |   3.290 | 
     | C16127              | A2 v -> ZN v | OR2_X1    | 0.029 | N24261                   |            |   1.082 | 0.178 |   3.468 | 
     | C16129              |              | AND2_X1   | 0.029 | N24261                   |       SPEF |   1.082 | 0.000 |   3.468 | 
     | C16129              | A2 v -> ZN v | AND2_X1   | 0.017 | N24263                   |            |   1.013 | 0.104 |   3.571 | 
     | C16130              |              | OR2_X1    | 0.017 | N24263                   |       SPEF |   1.013 | 0.000 |   3.571 | 
     | C16130              | A2 v -> ZN v | OR2_X1    | 0.030 | N24264                   |            |   1.368 | 0.180 |   3.752 | 
     | C16132              |              | AND2_X1   | 0.030 | N24264                   |       SPEF |   1.368 | 0.000 |   3.752 | 
     | C16132              | A2 v -> ZN v | AND2_X1   | 0.019 | N24266                   |            |   1.030 | 0.105 |   3.856 | 
     | C16133              |              | OR2_X1    | 0.019 | N24266                   |       SPEF |   1.030 | 0.000 |   3.856 | 
     | C16133              | A2 v -> ZN v | OR2_X1    | 0.029 | N24267                   |            |   1.006 | 0.178 |   4.034 | 
     | C16155              |              | AND2_X1   | 0.029 | N24267                   |       SPEF |   1.006 | 0.000 |   4.034 | 
     | C16155              | A2 v -> ZN v | AND2_X1   | 0.017 | N24288                   |            |   0.944 | 0.103 |   4.138 | 
     | C16157              |              | OR2_X1    | 0.017 | N24288                   |       SPEF |   0.944 | 0.000 |   4.138 | 
     | C16157              | A1 v -> ZN v | OR2_X1    | 0.031 | N24290                   |            |   1.673 | 0.166 |   4.303 | 
     | U391                |              | AOI222_X1 | 0.031 | N24290                   |       SPEF |   1.673 | 0.000 |   4.303 | 
     | U391                | C1 v -> ZN ^ | AOI222_X1 | 0.189 | n336                     |            |   1.934 | 0.340 |   4.643 | 
     | U390                |              | NAND2_X1  | 0.189 | n336                     |       SPEF |   1.934 | 0.000 |   4.644 | 
     | U390                | A2 ^ -> ZN v | NAND2_X1  | 0.034 | n612                     |            |   1.262 | 0.073 |   4.716 | 
     | sub_reg[38]         |              | DFF_X1    | 0.034 | n612                     |       SPEF |   1.262 | 0.000 |   4.716 | 
     +----------------------------------------------------------------------------------------------------------------------------+ 
Path 8: MET Setup Check with Pin sub_reg[67]/CK 
Endpoint:   sub_reg[67]/D         (v) checked with  leading edge of 'CLK'
Beginpoint: roundCounter_reg[5]/Q (v) triggered by  leading edge of 'CLK'
Path Groups: {CLK}
Analysis View: aes_av
Other End Arrival Time          0.000
- Setup                         0.170
+ Phase Shift                   5.000
= Required Time                 4.830
- Arrival Time                  4.711
= Slack Time                    0.119
     Clock Rise Edge                 0.000
     + Clock Network Latency (Ideal) 0.000
     = Beginpoint Arrival Time       0.000
     +-----------------------------------------------------------------------------------------------------------------------+ 
     |      Instance       |     Arc      |   Cell    |  Slew |         Net         |    Arc     |  Load   | Delay | Arrival | 
     |                     |              |           |       |                     | Annotation |         |       |  Time   | 
     |---------------------+--------------+-----------+-------+---------------------+------------+---------+-------+---------| 
     | roundCounter_reg[5] | CK ^         |           | 0.000 | clock               |            | 403.885 |       |   0.000 | 
     | roundCounter_reg[5] | CK ^ -> Q v  | DFF_X1    | 0.040 | roundCounter[5]     |            |  12.965 | 0.278 |   0.278 | 
     | C768                |              | OR2_X1    | 0.040 | roundCounter[5]     |       SPEF |  12.965 | 0.000 |   0.278 | 
     | C768                | A2 v -> ZN v | OR2_X1    | 0.029 | N10319              |            |   1.001 | 0.190 |   0.468 | 
     | C769                |              | OR2_X1    | 0.029 | N10319              |       SPEF |   1.001 | 0.000 |   0.468 | 
     | C769                | A2 v -> ZN v | OR2_X1    | 0.030 | N10320              |            |   1.281 | 0.186 |   0.654 | 
     | C770                |              | OR2_X1    | 0.030 | N10320              |       SPEF |   1.281 | 0.000 |   0.654 | 
     | C770                | A2 v -> ZN v | OR2_X1    | 0.029 | N10321              |            |   1.037 | 0.184 |   0.838 | 
     | C771                |              | OR2_X1    | 0.029 | N10321              |       SPEF |   1.037 | 0.000 |   0.838 | 
     | C771                | A2 v -> ZN v | OR2_X1    | 0.031 | N10322              |            |   1.818 | 0.191 |   1.029 | 
     | C772                |              | OR2_X2    | 0.031 | N10322              |       SPEF |   1.818 | 0.000 |   1.029 | 
     | C772                | A2 v -> ZN v | OR2_X2    | 0.042 | N10323              |            |  15.051 | 0.212 |   1.241 | 
     | FE_OFC864_N10323    |              | BUF_X4    | 0.042 | N10323              |       SPEF |  15.051 | 0.000 |   1.242 | 
     | FE_OFC864_N10323    | A v -> Z v   | BUF_X4    | 0.065 | FE_OFN11082_N10323  |            | 106.207 | 0.153 |   1.395 | 
     | FE_OFC865_N10323    |              | BUF_X1    | 0.067 | FE_OFN11082_N10323  |       SPEF | 106.207 | 0.013 |   1.408 | 
     | FE_OFC865_N10323    | A v -> Z v   | BUF_X1    | 0.061 | FE_OFN11083_N10323  |            |  24.558 | 0.184 |   1.592 | 
     | U1256               |              | AOI22_X1  | 0.061 | FE_OFN11083_N10323  |       SPEF |  24.558 | 0.001 |   1.594 | 
     | U1256               | A2 v -> ZN ^ | AOI22_X1  | 0.196 | n939                |            |   7.424 | 0.265 |   1.859 | 
     | FE_OFC147_n939      |              | CLKBUF_X3 | 0.196 | n939                |       SPEF |   7.424 | 0.001 |   1.860 | 
     | FE_OFC147_n939      | A ^ -> Z ^   | CLKBUF_X3 | 0.261 | FE_OFN147_n939      |            |  89.293 | 0.385 |   2.245 | 
     | U2118               |              | INV_X1    | 0.262 | FE_OFN147_n939      |       SPEF |  89.293 | 0.027 |   2.273 | 
     | U2118               | A ^ -> ZN v  | INV_X1    | 0.117 | FE_OFN333_cipher_64 |            |  38.312 | 0.245 |   2.517 | 
     | FE_OFC333_cipher_64 |              | BUF_X2    | 0.117 | FE_OFN333_cipher_64 |       SPEF |  38.312 | 0.000 |   2.518 | 
     | FE_OFC333_cipher_64 | A v -> Z v   | BUF_X2    | 0.085 | cipher[64]          |            |  71.972 | 0.225 |   2.743 | 
     | C21613              |              | AND2_X1   | 0.087 | cipher[64]          |       SPEF |  71.972 | 0.017 |   2.760 | 
     | C21613              | A2 v -> ZN v | AND2_X1   | 0.017 | N29572              |            |   0.983 | 0.139 |   2.899 | 
     | C21614              |              | OR2_X1    | 0.017 | N29572              |       SPEF |   0.983 | 0.000 |   2.899 | 
     | C21614              | A2 v -> ZN v | OR2_X1    | 0.045 | N29573              |            |   7.936 | 0.219 |   3.118 | 
     | C21729              |              | AND2_X1   | 0.045 | N29573              |       SPEF |   7.936 | 0.000 |   3.118 | 
     | C21729              | A2 v -> ZN v | AND2_X1   | 0.016 | N29686              |            |   0.878 | 0.112 |   3.231 | 
     | C21731              |              | OR2_X1    | 0.016 | N29686              |       SPEF |   0.878 | 0.000 |   3.231 | 
     | C21731              | A1 v -> ZN v | OR2_X1    | 0.029 | N29688              |            |   0.979 | 0.159 |   3.389 | 
     | C21733              |              | AND2_X1   | 0.029 | N29688              |       SPEF |   0.979 | 0.000 |   3.389 | 
     | C21733              | A2 v -> ZN v | AND2_X1   | 0.016 | N29690              |            |   0.987 | 0.104 |   3.493 | 
     | C21734              |              | OR2_X1    | 0.016 | N29690              |       SPEF |   0.987 | 0.000 |   3.493 | 
     | C21734              | A2 v -> ZN v | OR2_X1    | 0.029 | N29691              |            |   1.096 | 0.178 |   3.671 | 
     | C21736              |              | AND2_X1   | 0.029 | N29691              |       SPEF |   1.096 | 0.000 |   3.671 | 
     | C21736              | A2 v -> ZN v | AND2_X1   | 0.017 | N29693              |            |   1.172 | 0.105 |   3.776 | 
     | C21737              |              | OR2_X1    | 0.017 | N29693              |       SPEF |   1.172 | 0.000 |   3.776 | 
     | C21737              | A2 v -> ZN v | OR2_X1    | 0.029 | N29694              |            |   1.034 | 0.177 |   3.953 | 
     | C21739              |              | AND2_X1   | 0.029 | N29694              |       SPEF |   1.034 | 0.000 |   3.953 | 
     | C21739              | A2 v -> ZN v | AND2_X1   | 0.017 | N29696              |            |   1.009 | 0.104 |   4.057 | 
     | C21740              |              | OR2_X1    | 0.017 | N29696              |       SPEF |   1.009 | 0.000 |   4.057 | 
     | C21740              | A2 v -> ZN v | OR2_X1    | 0.032 | N29697              |            |   2.005 | 0.186 |   4.243 | 
     | U289                |              | AOI222_X1 | 0.032 | N29697              |       SPEF |   2.005 | 0.000 |   4.243 | 
     | U289                | C1 v -> ZN ^ | AOI222_X1 | 0.233 | n203                |            |   3.446 | 0.389 |   4.632 | 
     | U288                |              | NAND2_X1  | 0.233 | n203                |       SPEF |   3.446 | 0.000 |   4.632 | 
     | U288                | A2 ^ -> ZN v | NAND2_X1  | 0.040 | n578                |            |   1.386 | 0.079 |   4.711 | 
     | sub_reg[67]         |              | DFF_X1    | 0.040 | n578                |       SPEF |   1.386 | 0.000 |   4.711 | 
     +-----------------------------------------------------------------------------------------------------------------------+ 
Path 9: MET Setup Check with Pin sub_reg[0]/CK 
Endpoint:   sub_reg[0]/D          (v) checked with  leading edge of 'CLK'
Beginpoint: roundCounter_reg[2]/Q (^) triggered by  leading edge of 'CLK'
Path Groups: {CLK}
Analysis View: aes_av
Other End Arrival Time          0.000
- Setup                         0.166
+ Phase Shift                   5.000
= Required Time                 4.834
- Arrival Time                  4.708
= Slack Time                    0.126
     Clock Rise Edge                 0.000
     + Clock Network Latency (Ideal) 0.000
     = Beginpoint Arrival Time       0.000
     +----------------------------------------------------------------------------------------------------------------------------+ 
     |      Instance       |     Arc      |   Cell    |  Slew |           Net            |    Arc     |  Load   | Delay | Arrival | 
     |                     |              |           |       |                          | Annotation |         |       |  Time   | 
     |---------------------+--------------+-----------+-------+--------------------------+------------+---------+-------+---------| 
     | roundCounter_reg[2] | CK ^         |           | 0.000 | clock                    |            | 403.885 |       |   0.000 | 
     | roundCounter_reg[2] | CK ^ -> Q ^  | DFF_X1    | 0.182 | roundCounter[2]          |            |  21.290 | 0.451 |   0.451 | 
     | FE_RC_1_0           |              | OR2_X2    | 0.182 | roundCounter[2]          |       SPEF |  21.290 | 0.001 |   0.452 | 
     | FE_RC_1_0           | A1 ^ -> ZN ^ | OR2_X2    | 0.029 | FE_RN_0_0                |            |   3.924 | 0.118 |   0.570 | 
     | FE_RC_0_0           |              | OR2_X4    | 0.029 | FE_RN_0_0                |       SPEF |   3.924 | 0.000 |   0.570 | 
     | FE_RC_0_0           | A1 ^ -> ZN ^ | OR2_X4    | 0.286 | N11079                   |            | 131.112 | 0.316 |   0.886 | 
     | FE_OFC388_N11079    |              | INV_X2    | 0.287 | N11079                   |       SPEF | 131.112 | 0.032 |   0.917 | 
     | FE_OFC388_N11079    | A ^ -> ZN v  | INV_X2    | 0.108 | FE_OFN79_FE_DBTN0_N11079 |            |  52.415 | 0.209 |   1.126 | 
     | U1180               |              | AOI22_X1  | 0.108 | FE_OFN79_FE_DBTN0_N11079 |       SPEF |  52.415 | 0.001 |   1.128 | 
     | U1180               | A2 v -> ZN ^ | AOI22_X1  | 0.117 | n898                     |            |   3.037 | 0.204 |   1.331 | 
     | U1179               |              | INV_X1    | 0.117 | n898                     |       SPEF |   3.037 | 0.000 |   1.332 | 
     | U1179               | A ^ -> ZN v  | INV_X1    | 0.040 | mix[0]                   |            |   7.998 | 0.078 |   1.410 | 
     | C33650              |              | XOR2_X1   | 0.040 | mix[0]                   |       SPEF |   7.998 | 0.001 |   1.411 | 
     | C33650              | A v -> Z v   | XOR2_X1   | 0.033 | N10580                   |            |   1.828 | 0.188 |   1.599 | 
     | U1421               |              | AOI22_X1  | 0.033 | N10580                   |       SPEF |   1.828 | 0.000 |   1.599 | 
     | U1421               | A1 v -> ZN ^ | AOI22_X1  | 0.237 | n1027                    |            |   9.836 | 0.279 |   1.878 | 
     | FE_OFC281_n1027     |              | CLKBUF_X3 | 0.237 | n1027                    |       SPEF |   9.836 | 0.001 |   1.880 | 
     | FE_OFC281_n1027     | A ^ -> Z ^   | CLKBUF_X3 | 0.248 | FE_OFN281_n1027          |            |  87.325 | 0.405 |   2.284 | 
     | U2130               |              | INV_X2    | 0.248 | FE_OFN281_n1027          |       SPEF |  87.325 | 0.007 |   2.291 | 
     | U2130               | A ^ -> ZN v  | INV_X2    | 0.105 | cipher[0]                |            |  59.076 | 0.202 |   2.492 | 
     | FE_OFC384_cipher_0  |              | CLKBUF_X2 | 0.106 | cipher[0]                |       SPEF |  59.076 | 0.001 |   2.493 | 
     | FE_OFC384_cipher_0  | A v -> Z v   | CLKBUF_X2 | 0.143 | FE_OFN384_cipher_0       |            |  59.457 | 0.282 |   2.775 | 
     | C8740               |              | AND2_X1   | 0.143 | FE_OFN384_cipher_0       |       SPEF |  59.457 | 0.008 |   2.783 | 
     | C8740               | A2 v -> ZN v | AND2_X1   | 0.019 | N17108                   |            |   1.006 | 0.172 |   2.956 | 
     | C8741               |              | OR2_X1    | 0.019 | N17108                   |       SPEF |   1.006 | 0.000 |   2.956 | 
     | C8741               | A2 v -> ZN v | OR2_X1    | 0.045 | N17109                   |            |   7.906 | 0.220 |   3.175 | 
     | C8829               |              | AND2_X1   | 0.045 | N17109                   |       SPEF |   7.906 | 0.000 |   3.175 | 
     | C8829               | A2 v -> ZN v | AND2_X1   | 0.016 | N17196                   |            |   0.966 | 0.113 |   3.288 | 
     | C8830               |              | OR2_X1    | 0.016 | N17196                   |       SPEF |   0.966 | 0.000 |   3.288 | 
     | C8830               | A2 v -> ZN v | OR2_X1    | 0.029 | N17197                   |            |   1.149 | 0.178 |   3.467 | 
     | C8831               |              | AND2_X1   | 0.029 | N17197                   |       SPEF |   1.149 | 0.000 |   3.467 | 
     | C8831               | A2 v -> ZN v | AND2_X1   | 0.017 | N17198                   |            |   1.027 | 0.104 |   3.571 | 
     | C8833               |              | OR2_X1    | 0.017 | N17198                   |       SPEF |   1.027 | 0.000 |   3.571 | 
     | C8833               | A1 v -> ZN v | OR2_X1    | 0.029 | N17200                   |            |   0.979 | 0.159 |   3.730 | 
     | C8835               |              | AND2_X1   | 0.029 | N17200                   |       SPEF |   0.979 | 0.000 |   3.730 | 
     | C8835               | A2 v -> ZN v | AND2_X1   | 0.018 | N17202                   |            |   0.997 | 0.104 |   3.833 | 
     | C8836               |              | OR2_X1    | 0.018 | N17202                   |       SPEF |   0.997 | 0.000 |   3.833 | 
     | C8836               | A2 v -> ZN v | OR2_X1    | 0.029 | N17203                   |            |   0.974 | 0.177 |   4.010 | 
     | C8838               |              | AND2_X1   | 0.029 | N17203                   |       SPEF |   0.974 | 0.000 |   4.010 | 
     | C8838               | A2 v -> ZN v | AND2_X1   | 0.016 | N17205                   |            |   0.983 | 0.103 |   4.114 | 
     | C8839               |              | OR2_X1    | 0.016 | N17205                   |       SPEF |   0.983 | 0.000 |   4.114 | 
     | C8839               | A2 v -> ZN v | OR2_X1    | 0.031 | N17206                   |            |   1.758 | 0.184 |   4.298 | 
     | U732                |              | AOI222_X1 | 0.031 | N17206                   |       SPEF |   1.758 | 0.000 |   4.298 | 
     | U732                | C1 v -> ZN ^ | AOI222_X1 | 0.187 | n545                     |            |   1.868 | 0.338 |   4.636 | 
     | U731                |              | NAND2_X1  | 0.187 | n545                     |       SPEF |   1.868 | 0.000 |   4.636 | 
     | U731                | A2 ^ -> ZN v | NAND2_X1  | 0.034 | n700                     |            |   1.239 | 0.072 |   4.708 | 
     | sub_reg[0]          |              | DFF_X1    | 0.034 | n700                     |       SPEF |   1.239 | 0.000 |   4.708 | 
     +----------------------------------------------------------------------------------------------------------------------------+ 
Path 10: MET Setup Check with Pin sub_reg[1]/CK 
Endpoint:   sub_reg[1]/D          (v) checked with  leading edge of 'CLK'
Beginpoint: roundCounter_reg[2]/Q (^) triggered by  leading edge of 'CLK'
Path Groups: {CLK}
Analysis View: aes_av
Other End Arrival Time          0.000
- Setup                         0.168
+ Phase Shift                   5.000
= Required Time                 4.832
- Arrival Time                  4.705
= Slack Time                    0.127
     Clock Rise Edge                 0.000
     + Clock Network Latency (Ideal) 0.000
     = Beginpoint Arrival Time       0.000
     +----------------------------------------------------------------------------------------------------------------------------+ 
     |      Instance       |     Arc      |   Cell    |  Slew |           Net            |    Arc     |  Load   | Delay | Arrival | 
     |                     |              |           |       |                          | Annotation |         |       |  Time   | 
     |---------------------+--------------+-----------+-------+--------------------------+------------+---------+-------+---------| 
     | roundCounter_reg[2] | CK ^         |           | 0.000 | clock                    |            | 403.885 |       |   0.000 | 
     | roundCounter_reg[2] | CK ^ -> Q ^  | DFF_X1    | 0.182 | roundCounter[2]          |            |  21.290 | 0.451 |   0.451 | 
     | FE_RC_1_0           |              | OR2_X2    | 0.182 | roundCounter[2]          |       SPEF |  21.290 | 0.001 |   0.452 | 
     | FE_RC_1_0           | A1 ^ -> ZN ^ | OR2_X2    | 0.029 | FE_RN_0_0                |            |   3.924 | 0.118 |   0.570 | 
     | FE_RC_0_0           |              | OR2_X4    | 0.029 | FE_RN_0_0                |       SPEF |   3.924 | 0.000 |   0.570 | 
     | FE_RC_0_0           | A1 ^ -> ZN ^ | OR2_X4    | 0.286 | N11079                   |            | 131.112 | 0.316 |   0.886 | 
     | FE_OFC388_N11079    |              | INV_X2    | 0.287 | N11079                   |       SPEF | 131.112 | 0.032 |   0.917 | 
     | FE_OFC388_N11079    | A ^ -> ZN v  | INV_X2    | 0.108 | FE_OFN79_FE_DBTN0_N11079 |            |  52.415 | 0.209 |   1.126 | 
     | U1180               |              | AOI22_X1  | 0.108 | FE_OFN79_FE_DBTN0_N11079 |       SPEF |  52.415 | 0.001 |   1.128 | 
     | U1180               | A2 v -> ZN ^ | AOI22_X1  | 0.117 | n898                     |            |   3.037 | 0.204 |   1.331 | 
     | U1179               |              | INV_X1    | 0.117 | n898                     |       SPEF |   3.037 | 0.000 |   1.332 | 
     | U1179               | A ^ -> ZN v  | INV_X1    | 0.040 | mix[0]                   |            |   7.998 | 0.078 |   1.410 | 
     | C33650              |              | XOR2_X1   | 0.040 | mix[0]                   |       SPEF |   7.998 | 0.001 |   1.411 | 
     | C33650              | A v -> Z v   | XOR2_X1   | 0.033 | N10580                   |            |   1.828 | 0.188 |   1.599 | 
     | U1421               |              | AOI22_X1  | 0.033 | N10580                   |       SPEF |   1.828 | 0.000 |   1.599 | 
     | U1421               | A1 v -> ZN ^ | AOI22_X1  | 0.237 | n1027                    |            |   9.836 | 0.279 |   1.878 | 
     | FE_OFC281_n1027     |              | CLKBUF_X3 | 0.237 | n1027                    |       SPEF |   9.836 | 0.001 |   1.880 | 
     | FE_OFC281_n1027     | A ^ -> Z ^   | CLKBUF_X3 | 0.248 | FE_OFN281_n1027          |            |  87.325 | 0.405 |   2.284 | 
     | U2130               |              | INV_X2    | 0.248 | FE_OFN281_n1027          |       SPEF |  87.325 | 0.007 |   2.291 | 
     | U2130               | A ^ -> ZN v  | INV_X2    | 0.105 | cipher[0]                |            |  59.076 | 0.202 |   2.492 | 
     | FE_OFC384_cipher_0  |              | CLKBUF_X2 | 0.106 | cipher[0]                |       SPEF |  59.076 | 0.001 |   2.493 | 
     | FE_OFC384_cipher_0  | A v -> Z v   | CLKBUF_X2 | 0.143 | FE_OFN384_cipher_0       |            |  59.457 | 0.282 |   2.775 | 
     | C8938               |              | AND2_X1   | 0.143 | FE_OFN384_cipher_0       |       SPEF |  59.457 | 0.003 |   2.778 | 
     | C8938               | A2 v -> ZN v | AND2_X1   | 0.018 | N17299                   |            |   0.921 | 0.171 |   2.950 | 
     | C8940               |              | OR2_X1    | 0.018 | N17299                   |       SPEF |   0.921 | 0.000 |   2.950 | 
     | C8940               | A1 v -> ZN v | OR2_X1    | 0.036 | N17301                   |            |   3.904 | 0.181 |   3.131 | 
     | C9020               |              | AND2_X1   | 0.036 | N17301                   |       SPEF |   3.904 | 0.000 |   3.131 | 
     | C9020               | A2 v -> ZN v | AND2_X1   | 0.017 | N17380                   |            |   1.006 | 0.108 |   3.239 | 
     | C9021               |              | OR2_X1    | 0.017 | N17380                   |       SPEF |   1.006 | 0.000 |   3.239 | 
     | C9021               | A2 v -> ZN v | OR2_X1    | 0.029 | N17381                   |            |   1.044 | 0.177 |   3.417 | 
     | C9023               |              | AND2_X1   | 0.029 | N17381                   |       SPEF |   1.044 | 0.000 |   3.417 | 
     | C9023               | A2 v -> ZN v | AND2_X1   | 0.017 | N17383                   |            |   1.260 | 0.106 |   3.522 | 
     | C9024               |              | OR2_X1    | 0.017 | N17383                   |       SPEF |   1.260 | 0.000 |   3.522 | 
     | C9024               | A2 v -> ZN v | OR2_X1    | 0.029 | N17384                   |            |   0.994 | 0.177 |   3.699 | 
     | C9026               |              | AND2_X1   | 0.029 | N17384                   |       SPEF |   0.994 | 0.000 |   3.699 | 
     | C9026               | A2 v -> ZN v | AND2_X1   | 0.017 | N17386                   |            |   0.954 | 0.103 |   3.803 | 
     | C9027               |              | OR2_X1    | 0.017 | N17386                   |       SPEF |   0.954 | 0.000 |   3.803 | 
     | C9027               | A2 v -> ZN v | OR2_X1    | 0.029 | N17387                   |            |   1.090 | 0.178 |   3.981 | 
     | C9029               |              | AND2_X1   | 0.029 | N17387                   |       SPEF |   1.090 | 0.000 |   3.981 | 
     | C9029               | A2 v -> ZN v | AND2_X1   | 0.016 | N17389                   |            |   0.989 | 0.104 |   4.085 | 
     | C9030               |              | OR2_X1    | 0.016 | N17389                   |       SPEF |   0.989 | 0.000 |   4.085 | 
     | C9030               | A2 v -> ZN v | OR2_X1    | 0.032 | N17390                   |            |   1.893 | 0.185 |   4.270 | 
     | U651                |              | AOI222_X1 | 0.032 | N17390                   |       SPEF |   1.893 | 0.000 |   4.270 | 
     | U651                | C1 v -> ZN ^ | AOI222_X1 | 0.207 | n501                     |            |   2.536 | 0.360 |   4.630 | 
     | U650                |              | NAND2_X1  | 0.207 | n501                     |       SPEF |   2.536 | 0.000 |   4.630 | 
     | U650                | A2 ^ -> ZN v | NAND2_X1  | 0.037 | n687                     |            |   1.322 | 0.075 |   4.705 | 
     | sub_reg[1]          |              | DFF_X1    | 0.037 | n687                     |       SPEF |   1.322 | 0.000 |   4.705 | 
     +----------------------------------------------------------------------------------------------------------------------------+ 

