###############################################################
#  Generated by:      Cadence Innovus 18.10-p002_1
#  OS:                Linux x86_64(Host ID ensc-esil-01)
#  Generated on:      Fri Apr  2 20:41:23 2021
#  Design:            aes128key
#  Command:           report_timing -net -format {instance arc cell slew net annotation load delay arrival} -max_paths 10 > results/timing/09-finishing.hold.rpt
###############################################################
Path 1: MET Hold Check with Pin w_reg[3][24]/CK 
Endpoint:   w_reg[3][24]/D (^) checked with  leading edge of 'CLK'
Beginpoint: w_reg[3][24]/Q (^) triggered by  leading edge of 'CLK'
Path Groups: {CLK}
Analysis View: aes_av
Other End Arrival Time          0.000
+ Hold                          0.021
+ Phase Shift                   0.000
= Required Time                 0.021
  Arrival Time                  0.425
  Slack Time                    0.405
     Clock Rise Edge                 0.000
     + Clock Network Latency (Ideal) 0.000
     = Beginpoint Arrival Time       0.000
     +--------------------------------------------------------------------------------------------------+ 
     |   Instance   |     Arc     |  Cell   |  Slew |   Net    |    Arc     |  Load   | Delay | Arrival | 
     |              |             |         |       |          | Annotation |         |       |  Time   | 
     |--------------+-------------+---------+-------+----------+------------+---------+-------+---------| 
     | w_reg[3][24] | CK ^        |         | 0.000 | clock    |            | 403.885 |       |   0.000 | 
     | w_reg[3][24] | CK ^ -> Q ^ | DFF_X1  | 0.045 | w[3][24] |            |   4.157 | 0.317 |   0.317 | 
     | U1849        |             | MUX2_X1 | 0.045 | w[3][24] |       SPEF |   4.157 | 0.000 |   0.317 | 
     | U1849        | A ^ -> Z ^  | MUX2_X1 | 0.025 | n1267    |            |   1.304 | 0.109 |   0.425 | 
     | w_reg[3][24] |             | DFF_X1  | 0.025 | n1267    |       SPEF |   1.304 | 0.000 |   0.425 | 
     +--------------------------------------------------------------------------------------------------+ 
Path 2: MET Hold Check with Pin w_reg[3][26]/CK 
Endpoint:   w_reg[3][26]/D (^) checked with  leading edge of 'CLK'
Beginpoint: w_reg[3][26]/Q (^) triggered by  leading edge of 'CLK'
Path Groups: {CLK}
Analysis View: aes_av
Other End Arrival Time          0.000
+ Hold                          0.021
+ Phase Shift                   0.000
= Required Time                 0.021
  Arrival Time                  0.450
  Slack Time                    0.429
     Clock Rise Edge                 0.000
     + Clock Network Latency (Ideal) 0.000
     = Beginpoint Arrival Time       0.000
     +--------------------------------------------------------------------------------------------------+ 
     |   Instance   |     Arc     |  Cell   |  Slew |   Net    |    Arc     |  Load   | Delay | Arrival | 
     |              |             |         |       |          | Annotation |         |       |  Time   | 
     |--------------+-------------+---------+-------+----------+------------+---------+-------+---------| 
     | w_reg[3][26] | CK ^        |         | 0.000 | clock    |            | 403.885 |       |   0.000 | 
     | w_reg[3][26] | CK ^ -> Q ^ | DFF_X1  | 0.062 | w[3][26] |            |   6.421 | 0.332 |   0.332 | 
     | U1851        |             | MUX2_X1 | 0.062 | w[3][26] |       SPEF |   6.421 | 0.000 |   0.332 | 
     | U1851        | A ^ -> Z ^  | MUX2_X1 | 0.025 | n1265    |            |   1.393 | 0.117 |   0.450 | 
     | w_reg[3][26] |             | DFF_X1  | 0.025 | n1265    |       SPEF |   1.393 | 0.000 |   0.450 | 
     +--------------------------------------------------------------------------------------------------+ 
Path 3: MET Hold Check with Pin w_reg[2][30]/CK 
Endpoint:   w_reg[2][30]/D  (^) checked with  leading edge of 'CLK'
Beginpoint: w_reg[3][30]/QN (v) triggered by  leading edge of 'CLK'
Path Groups: {CLK}
Analysis View: aes_av
Other End Arrival Time          0.000
+ Hold                          0.021
+ Phase Shift                   0.000
= Required Time                 0.021
  Arrival Time                  0.457
  Slack Time                    0.436
     Clock Rise Edge                 0.000
     + Clock Network Latency (Ideal) 0.000
     = Beginpoint Arrival Time       0.000
     +--------------------------------------------------------------------------------------------------+ 
     |   Instance   |     Arc      |   Cell   |  Slew |  Net   |    Arc     |  Load   | Delay | Arrival | 
     |              |              |          |       |        | Annotation |         |       |  Time   | 
     |--------------+--------------+----------+-------+--------+------------+---------+-------+---------| 
     | w_reg[3][30] | CK ^         |          | 0.000 | clock  |            | 403.885 |       |   0.000 | 
     | w_reg[3][30] | CK ^ -> QN v | DFF_X1   | 0.047 | n722   |            |   3.634 | 0.238 |   0.238 | 
     | U1561        |              | OAI21_X1 | 0.047 | n722   |       SPEF |   3.634 | 0.000 |   0.238 | 
     | U1561        | B2 v -> ZN ^ | OAI21_X1 | 0.032 | N10223 |            |   1.106 | 0.117 |   0.356 | 
     | U1887        |              | MUX2_X1  | 0.032 | N10223 |       SPEF |   1.106 | 0.000 |   0.356 | 
     | U1887        | B ^ -> Z ^   | MUX2_X1  | 0.025 | n1229  |            |   1.391 | 0.101 |   0.457 | 
     | w_reg[2][30] |              | DFF_X1   | 0.025 | n1229  |       SPEF |   1.391 | 0.000 |   0.457 | 
     +--------------------------------------------------------------------------------------------------+ 
Path 4: MET Hold Check with Pin w_reg[2][28]/CK 
Endpoint:   w_reg[2][28]/D  (^) checked with  leading edge of 'CLK'
Beginpoint: w_reg[3][28]/QN (v) triggered by  leading edge of 'CLK'
Path Groups: {CLK}
Analysis View: aes_av
Other End Arrival Time          0.000
+ Hold                          0.021
+ Phase Shift                   0.000
= Required Time                 0.021
  Arrival Time                  0.457
  Slack Time                    0.436
     Clock Rise Edge                 0.000
     + Clock Network Latency (Ideal) 0.000
     = Beginpoint Arrival Time       0.000
     +--------------------------------------------------------------------------------------------------+ 
     |   Instance   |     Arc      |   Cell   |  Slew |  Net   |    Arc     |  Load   | Delay | Arrival | 
     |              |              |          |       |        | Annotation |         |       |  Time   | 
     |--------------+--------------+----------+-------+--------+------------+---------+-------+---------| 
     | w_reg[3][28] | CK ^         |          | 0.000 | clock  |            | 403.885 |       |   0.000 | 
     | w_reg[3][28] | CK ^ -> QN v | DFF_X1   | 0.047 | n728   |            |   3.718 | 0.239 |   0.239 | 
     | U1565        |              | OAI21_X1 | 0.047 | n728   |       SPEF |   3.718 | 0.000 |   0.239 | 
     | U1565        | B2 v -> ZN ^ | OAI21_X1 | 0.032 | N10221 |            |   1.099 | 0.117 |   0.356 | 
     | U1885        |              | MUX2_X1  | 0.032 | N10221 |       SPEF |   1.099 | 0.000 |   0.356 | 
     | U1885        | B ^ -> Z ^   | MUX2_X1  | 0.025 | n1231  |            |   1.354 | 0.101 |   0.457 | 
     | w_reg[2][28] |              | DFF_X1   | 0.025 | n1231  |       SPEF |   1.354 | 0.000 |   0.457 | 
     +--------------------------------------------------------------------------------------------------+ 
Path 5: MET Hold Check with Pin w_reg[2][7]/CK 
Endpoint:   w_reg[2][7]/D  (^) checked with  leading edge of 'CLK'
Beginpoint: w_reg[3][7]/QN (v) triggered by  leading edge of 'CLK'
Path Groups: {CLK}
Analysis View: aes_av
Other End Arrival Time          0.000
+ Hold                          0.021
+ Phase Shift                   0.000
= Required Time                 0.021
  Arrival Time                  0.458
  Slack Time                    0.437
     Clock Rise Edge                 0.000
     + Clock Network Latency (Ideal) 0.000
     = Beginpoint Arrival Time       0.000
     +-------------------------------------------------------------------------------------------------+ 
     |  Instance   |     Arc      |   Cell   |  Slew |  Net   |    Arc     |  Load   | Delay | Arrival | 
     |             |              |          |       |        | Annotation |         |       |  Time   | 
     |-------------+--------------+----------+-------+--------+------------+---------+-------+---------| 
     | w_reg[3][7] | CK ^         |          | 0.000 | clock  |            | 403.885 |       |   0.000 | 
     | w_reg[3][7] | CK ^ -> QN v | DFF_X1   | 0.047 | n710   |            |   3.803 | 0.240 |   0.240 | 
     | U1607       |              | OAI21_X1 | 0.047 | n710   |       SPEF |   3.803 | 0.000 |   0.240 | 
     | U1607       | B2 v -> ZN ^ | OAI21_X1 | 0.032 | N10200 |            |   1.080 | 0.117 |   0.357 | 
     | U1864       |              | MUX2_X1  | 0.032 | N10200 |       SPEF |   1.080 | 0.000 |   0.357 | 
     | U1864       | B ^ -> Z ^   | MUX2_X1  | 0.026 | n1252  |            |   1.420 | 0.102 |   0.458 | 
     | w_reg[2][7] |              | DFF_X1   | 0.026 | n1252  |       SPEF |   1.420 | 0.000 |   0.458 | 
     +-------------------------------------------------------------------------------------------------+ 
Path 6: MET Hold Check with Pin w_reg[2][29]/CK 
Endpoint:   w_reg[2][29]/D  (^) checked with  leading edge of 'CLK'
Beginpoint: w_reg[3][29]/QN (v) triggered by  leading edge of 'CLK'
Path Groups: {CLK}
Analysis View: aes_av
Other End Arrival Time          0.000
+ Hold                          0.020
+ Phase Shift                   0.000
= Required Time                 0.020
  Arrival Time                  0.458
  Slack Time                    0.438
     Clock Rise Edge                 0.000
     + Clock Network Latency (Ideal) 0.000
     = Beginpoint Arrival Time       0.000
     +--------------------------------------------------------------------------------------------------+ 
     |   Instance   |     Arc      |   Cell   |  Slew |  Net   |    Arc     |  Load   | Delay | Arrival | 
     |              |              |          |       |        | Annotation |         |       |  Time   | 
     |--------------+--------------+----------+-------+--------+------------+---------+-------+---------| 
     | w_reg[3][29] | CK ^         |          | 0.000 | clock  |            | 403.885 |       |   0.000 | 
     | w_reg[3][29] | CK ^ -> QN v | DFF_X1   | 0.047 | n726   |            |   3.815 | 0.240 |   0.240 | 
     | U1563        |              | OAI21_X1 | 0.047 | n726   |       SPEF |   3.815 | 0.000 |   0.240 | 
     | U1563        | B2 v -> ZN ^ | OAI21_X1 | 0.033 | N10222 |            |   1.158 | 0.119 |   0.358 | 
     | U1886        |              | MUX2_X1  | 0.033 | N10222 |       SPEF |   1.158 | 0.000 |   0.358 | 
     | U1886        | B ^ -> Z ^   | MUX2_X1  | 0.024 | n1230  |            |   1.230 | 0.100 |   0.458 | 
     | w_reg[2][29] |              | DFF_X1   | 0.024 | n1230  |       SPEF |   1.230 | 0.000 |   0.458 | 
     +--------------------------------------------------------------------------------------------------+ 
Path 7: MET Hold Check with Pin w_reg[2][31]/CK 
Endpoint:   w_reg[2][31]/D  (^) checked with  leading edge of 'CLK'
Beginpoint: w_reg[3][31]/QN (v) triggered by  leading edge of 'CLK'
Path Groups: {CLK}
Analysis View: aes_av
Other End Arrival Time          0.000
+ Hold                          0.020
+ Phase Shift                   0.000
= Required Time                 0.020
  Arrival Time                  0.458
  Slack Time                    0.438
     Clock Rise Edge                 0.000
     + Clock Network Latency (Ideal) 0.000
     = Beginpoint Arrival Time       0.000
     +--------------------------------------------------------------------------------------------------+ 
     |   Instance   |     Arc      |   Cell   |  Slew |  Net   |    Arc     |  Load   | Delay | Arrival | 
     |              |              |          |       |        | Annotation |         |       |  Time   | 
     |--------------+--------------+----------+-------+--------+------------+---------+-------+---------| 
     | w_reg[3][31] | CK ^         |          | 0.000 | clock  |            | 403.885 |       |   0.000 | 
     | w_reg[3][31] | CK ^ -> QN v | DFF_X1   | 0.048 | n720   |            |   4.191 | 0.243 |   0.243 | 
     | U1559        |              | OAI21_X1 | 0.048 | n720   |       SPEF |   4.191 | 0.000 |   0.243 | 
     | U1559        | B2 v -> ZN ^ | OAI21_X1 | 0.032 | N10224 |            |   1.025 | 0.116 |   0.359 | 
     | U1888        |              | MUX2_X1  | 0.032 | N10224 |       SPEF |   1.025 | 0.000 |   0.359 | 
     | U1888        | B ^ -> Z ^   | MUX2_X1  | 0.024 | n1228  |            |   1.245 | 0.100 |   0.458 | 
     | w_reg[2][31] |              | DFF_X1   | 0.024 | n1228  |       SPEF |   1.245 | 0.000 |   0.458 | 
     +--------------------------------------------------------------------------------------------------+ 
Path 8: MET Hold Check with Pin w_reg[2][5]/CK 
Endpoint:   w_reg[2][5]/D  (^) checked with  leading edge of 'CLK'
Beginpoint: w_reg[3][5]/QN (v) triggered by  leading edge of 'CLK'
Path Groups: {CLK}
Analysis View: aes_av
Other End Arrival Time          0.000
+ Hold                          0.021
+ Phase Shift                   0.000
= Required Time                 0.021
  Arrival Time                  0.459
  Slack Time                    0.438
     Clock Rise Edge                 0.000
     + Clock Network Latency (Ideal) 0.000
     = Beginpoint Arrival Time       0.000
     +-------------------------------------------------------------------------------------------------+ 
     |  Instance   |     Arc      |   Cell   |  Slew |  Net   |    Arc     |  Load   | Delay | Arrival | 
     |             |              |          |       |        | Annotation |         |       |  Time   | 
     |-------------+--------------+----------+-------+--------+------------+---------+-------+---------| 
     | w_reg[3][5] | CK ^         |          | 0.000 | clock  |            | 403.885 |       |   0.000 | 
     | w_reg[3][5] | CK ^ -> QN v | DFF_X1   | 0.046 | n714   |            |   3.278 | 0.236 |   0.236 | 
     | U1611       |              | OAI21_X1 | 0.046 | n714   |       SPEF |   3.278 | 0.000 |   0.236 | 
     | U1611       | B2 v -> ZN ^ | OAI21_X1 | 0.034 | N10198 |            |   1.355 | 0.122 |   0.357 | 
     | U1862       |              | MUX2_X1  | 0.034 | N10198 |       SPEF |   1.355 | 0.000 |   0.357 | 
     | U1862       | B ^ -> Z ^   | MUX2_X1  | 0.025 | n1254  |            |   1.290 | 0.101 |   0.459 | 
     | w_reg[2][5] |              | DFF_X1   | 0.025 | n1254  |       SPEF |   1.290 | 0.000 |   0.459 | 
     +-------------------------------------------------------------------------------------------------+ 
Path 9: MET Hold Check with Pin w_reg[2][2]/CK 
Endpoint:   w_reg[2][2]/D  (^) checked with  leading edge of 'CLK'
Beginpoint: w_reg[3][2]/QN (v) triggered by  leading edge of 'CLK'
Path Groups: {CLK}
Analysis View: aes_av
Other End Arrival Time          0.000
+ Hold                          0.020
+ Phase Shift                   0.000
= Required Time                 0.020
  Arrival Time                  0.459
  Slack Time                    0.438
     Clock Rise Edge                 0.000
     + Clock Network Latency (Ideal) 0.000
     = Beginpoint Arrival Time       0.000
     +-------------------------------------------------------------------------------------------------+ 
     |  Instance   |     Arc      |   Cell   |  Slew |  Net   |    Arc     |  Load   | Delay | Arrival | 
     |             |              |          |       |        | Annotation |         |       |  Time   | 
     |-------------+--------------+----------+-------+--------+------------+---------+-------+---------| 
     | w_reg[3][2] | CK ^         |          | 0.000 | clock  |            | 403.885 |       |   0.000 | 
     | w_reg[3][2] | CK ^ -> QN v | DFF_X1   | 0.048 | n724   |            |   4.055 | 0.242 |   0.242 | 
     | U1617       |              | OAI21_X1 | 0.048 | n724   |       SPEF |   4.055 | 0.000 |   0.242 | 
     | U1617       | B2 v -> ZN ^ | OAI21_X1 | 0.032 | N10195 |            |   1.084 | 0.118 |   0.359 | 
     | U1859       |              | MUX2_X1  | 0.032 | N10195 |       SPEF |   1.084 | 0.000 |   0.359 | 
     | U1859       | B ^ -> Z ^   | MUX2_X1  | 0.024 | n1257  |            |   1.219 | 0.100 |   0.459 | 
     | w_reg[2][2] |              | DFF_X1   | 0.024 | n1257  |       SPEF |   1.219 | 0.000 |   0.459 | 
     +-------------------------------------------------------------------------------------------------+ 
Path 10: MET Hold Check with Pin w_reg[2][27]/CK 
Endpoint:   w_reg[2][27]/D  (^) checked with  leading edge of 'CLK'
Beginpoint: w_reg[3][27]/QN (v) triggered by  leading edge of 'CLK'
Path Groups: {CLK}
Analysis View: aes_av
Other End Arrival Time          0.000
+ Hold                          0.021
+ Phase Shift                   0.000
= Required Time                 0.021
  Arrival Time                  0.460
  Slack Time                    0.439
     Clock Rise Edge                 0.000
     + Clock Network Latency (Ideal) 0.000
     = Beginpoint Arrival Time       0.000
     +--------------------------------------------------------------------------------------------------+ 
     |   Instance   |     Arc      |   Cell   |  Slew |  Net   |    Arc     |  Load   | Delay | Arrival | 
     |              |              |          |       |        | Annotation |         |       |  Time   | 
     |--------------+--------------+----------+-------+--------+------------+---------+-------+---------| 
     | w_reg[3][27] | CK ^         |          | 0.000 | clock  |            | 403.885 |       |   0.000 | 
     | w_reg[3][27] | CK ^ -> QN v | DFF_X1   | 0.047 | n730   |            |   3.690 | 0.239 |   0.239 | 
     | U1567        |              | OAI21_X1 | 0.047 | n730   |       SPEF |   3.690 | 0.000 |   0.239 | 
     | U1567        | B2 v -> ZN ^ | OAI21_X1 | 0.033 | N10220 |            |   1.156 | 0.118 |   0.357 | 
     | U1884        |              | MUX2_X1  | 0.033 | N10220 |       SPEF |   1.156 | 0.000 |   0.357 | 
     | U1884        | B ^ -> Z ^   | MUX2_X1  | 0.026 | n1232  |            |   1.527 | 0.103 |   0.460 | 
     | w_reg[2][27] |              | DFF_X1   | 0.026 | n1232  |       SPEF |   1.527 | 0.000 |   0.460 | 
     +--------------------------------------------------------------------------------------------------+ 

